0 verbose cli /usr/local/bin/node /usr/local/bin/npm
1 info using npm@10.2.0
2 info using node@v21.1.0
3 timing npm:load:whichnode Completed in 2ms
4 timing config:load:defaults Completed in 1ms
5 timing config:load:file:/usr/local/lib/node_modules/npm/npmrc Completed in 0ms
6 timing config:load:builtin Completed in 0ms
7 timing config:load:cli Completed in 1ms
8 timing config:load:env Completed in 0ms
9 timing config:load:file:/Users/khantnyarkoko/Library/Caches/typescript/5.3/.npmrc Completed in 0ms
10 timing config:load:project Completed in 1ms
11 timing config:load:file:/Users/khantnyarkoko/.npmrc Completed in 0ms
12 timing config:load:user Completed in 1ms
13 timing config:load:file:/usr/local/etc/npmrc Completed in 0ms
14 timing config:load:global Completed in 0ms
15 timing config:load:setEnvs Completed in 0ms
16 timing config:load Completed in 5ms
17 timing npm:load:configload Completed in 5ms
18 timing config:load:flatten Completed in 2ms
19 timing npm:load:mkdirpcache Completed in 0ms
20 timing npm:load:mkdirplogs Completed in 3ms
21 verbose title npm install types-registry@latest
22 verbose argv "install" "--ignore-scripts" "types-registry@latest"
23 timing npm:load:setTitle Completed in 6ms
24 timing npm:load:display Completed in 0ms
25 verbose logfile logs-max:10 dir:/Users/khantnyarkoko/.npm/_logs/2024-02-02T18_08_02_690Z-
26 verbose logfile /Users/khantnyarkoko/.npm/_logs/2024-02-02T18_08_02_690Z-debug-0.log
27 timing npm:load:logFile Completed in 6ms
28 timing npm:load:timers Completed in 0ms
29 timing npm:load:configScope Completed in 0ms
30 timing npm:load Completed in 30ms
31 timing arborist:ctor Completed in 0ms
32 silly logfile done cleaning log files
33 timing idealTree:init Completed in 15ms
34 timing arborist:ctor Completed in 0ms
35 http fetch GET 200 https://registry.npmjs.org/types-registry 362ms (cache miss)
36 timing idealTree:userRequests Completed in 366ms
37 silly idealTree buildDeps
38 silly fetch manifest types-registry@0.1.681
39 silly placeDep ROOT types-registry@0.1.681 REPLACE for:  want: 0.1.681
40 timing idealTree:#root Completed in 3ms
41 timing idealTree:node_modules/types-registry Completed in 0ms
42 timing idealTree:buildDeps Completed in 4ms
43 timing idealTree:fixDepFlags Completed in 0ms
44 timing idealTree Completed in 385ms
45 timing reify:loadTrees Completed in 385ms
46 timing reify:diffTrees Completed in 1ms
47 silly reify mark retired [
47 silly reify   '/Users/khantnyarkoko/Library/Caches/typescript/5.3/node_modules/types-registry'
47 silly reify ]
48 silly reify moves {
48 silly reify   '/Users/khantnyarkoko/Library/Caches/typescript/5.3/node_modules/types-registry': '/Users/khantnyarkoko/Library/Caches/typescript/5.3/node_modules/.types-registry-35X3oc8i'
48 silly reify }
49 timing reify:retireShallow Completed in 2ms
50 timing reify:createSparse Completed in 0ms
51 timing reify:loadBundles Completed in 0ms
52 silly audit bulk request {
52 silly audit   '@babel/runtime': [ '7.23.6' ],
52 silly audit   '@popperjs/core': [ '2.11.8' ],
52 silly audit   '@types/body-parser': [ '1.19.5' ],
52 silly audit   '@types/bootstrap': [ '5.2.10' ],
52 silly audit   '@types/bytes': [ '3.1.4' ],
52 silly audit   '@types/chart.js': [ '2.9.41' ],
52 silly audit   '@types/connect': [ '3.4.38' ],
52 silly audit   '@types/content-type': [ '1.1.8' ],
52 silly audit   '@types/debug': [ '4.1.12' ],
52 silly audit   '@types/depd': [ '1.1.36' ],
52 silly audit   '@types/eslint': [ '8.56.2' ],
52 silly audit   '@types/estree': [ '1.0.5' ],
52 silly audit   '@types/express': [ '4.17.21' ],
52 silly audit   '@types/express-serve-static-core': [ '4.17.41' ],
52 silly audit   '@types/hoist-non-react-statics': [ '3.3.5' ],
52 silly audit   '@types/http-errors': [ '2.0.4' ],
52 silly audit   '@types/jquery': [ '3.5.29' ],
52 silly audit   '@types/js-cookie': [ '3.0.6' ],
52 silly audit   '@types/json-schema': [ '7.0.15' ],
52 silly audit   '@types/lodash': [ '4.14.202' ],
52 silly audit   '@types/lodash.throttle': [ '4.1.9' ],
52 silly audit   '@types/merge-descriptors': [ '1.0.3' ],
52 silly audit   '@types/mime': [ '1.3.5' ],
52 silly audit   '@types/ms': [ '0.7.34' ],
52 silly audit   '@types/node': [ '20.10.4' ],
52 silly audit   '@types/prop-types': [ '15.7.11' ],
52 silly audit   '@types/qs': [ '6.9.10' ],
52 silly audit   '@types/range-parser': [ '1.2.7' ],
52 silly audit   '@types/react': [ '18.2.48' ],
52 silly audit   '@types/react-dom': [ '18.2.18' ],
52 silly audit   '@types/react-redux': [ '7.1.33' ],
52 silly audit   '@types/react-slick': [ '0.23.13' ],
52 silly audit   '@types/scheduler': [ '0.16.8' ],
52 silly audit   '@types/send': [ '0.17.4' ],
52 silly audit   '@types/serve-static': [ '1.15.5' ],
52 silly audit   '@types/sizzle': [ '2.3.8' ],
52 silly audit   '@types/slick-carousel': [ '1.6.40' ],
52 silly audit   '@types/type-is': [ '1.6.6' ],
52 silly audit   '@types/uuid': [ '9.0.7' ],
52 silly audit   '@types/ws': [ '8.5.10' ],
52 silly audit   csstype: [ '3.1.3' ],
52 silly audit   'hoist-non-react-statics': [ '3.3.2' ],
52 silly audit   moment: [ '2.29.4' ],
52 silly audit   'react-is': [ '16.13.1' ],
52 silly audit   redux: [ '4.2.1' ],
52 silly audit   'regenerator-runtime': [ '0.14.1' ],
52 silly audit   'undici-types': [ '5.26.5' ],
52 silly audit   'types-registry': [ '0.1.681' ]
52 silly audit }
53 silly tarball no local data for types-registry@https://registry.npmjs.org/types-registry/-/types-registry-0.1.681.tgz. Extracting by manifest.
54 http fetch POST 200 https://registry.npmjs.org/-/npm/v1/security/advisories/bulk 263ms
55 timing auditReport:getReport Completed in 264ms
56 silly audit report {}
57 timing auditReport:init Completed in 0ms
58 timing reify:audit Completed in 265ms
59 http fetch GET 200 https://registry.npmjs.org/types-registry/-/types-registry-0.1.681.tgz 335ms (cache miss)
60 timing reifyNode:node_modules/types-registry Completed in 338ms
61 timing reify:unpack Completed in 338ms
62 timing reify:unretire Completed in 0ms
63 timing build:queue Completed in 0ms
64 timing build:deps Completed in 0ms
65 timing build Completed in 1ms
66 timing reify:build Completed in 1ms
67 timing reify:trash Completed in 3ms
68 timing reify:save Completed in 10ms
69 timing reify Completed in 751ms
70 silly CHANGE node_modules/types-registry
71 timing command:install Completed in 754ms
72 verbose exit 0
73 timing npm Completed in 903ms
74 info ok
