0 verbose cli /usr/local/bin/node /usr/local/bin/npm
1 info using npm@10.2.0
2 info using node@v21.1.0
3 timing npm:load:whichnode Completed in 0ms
4 timing config:load:defaults Completed in 1ms
5 timing config:load:file:/usr/local/lib/node_modules/npm/npmrc Completed in 0ms
6 timing config:load:builtin Completed in 0ms
7 timing config:load:cli Completed in 1ms
8 timing config:load:env Completed in 0ms
9 timing config:load:file:/Users/khantnyarkoko/Library/Caches/typescript/5.3/.npmrc Completed in 0ms
10 timing config:load:project Completed in 1ms
11 timing config:load:file:/Users/khantnyarkoko/.npmrc Completed in 0ms
12 timing config:load:user Completed in 0ms
13 timing config:load:file:/usr/local/etc/npmrc Completed in 0ms
14 timing config:load:global Completed in 0ms
15 timing config:load:setEnvs Completed in 0ms
16 timing config:load Completed in 4ms
17 timing npm:load:configload Completed in 4ms
18 timing config:load:flatten Completed in 1ms
19 timing npm:load:mkdirpcache Completed in 0ms
20 timing npm:load:mkdirplogs Completed in 0ms
21 verbose title npm install @types/react@ts5.3 @types/react-dom@ts5.3 @types/eslint@ts5.3
22 verbose argv "install" "--ignore-scripts" "@types/react@ts5.3" "@types/react-dom@ts5.3" "@types/eslint@ts5.3" "--save-dev" "--user-agent" "typesInstaller/5.3.2"
23 timing npm:load:setTitle Completed in 6ms
24 timing npm:load:display Completed in 0ms
25 verbose logfile logs-max:10 dir:/Users/khantnyarkoko/.npm/_logs/2024-02-02T18_16_07_574Z-
26 verbose logfile /Users/khantnyarkoko/.npm/_logs/2024-02-02T18_16_07_574Z-debug-0.log
27 timing npm:load:logFile Completed in 4ms
28 timing npm:load:timers Completed in 0ms
29 timing npm:load:configScope Completed in 0ms
30 timing npm:load Completed in 21ms
31 timing arborist:ctor Completed in 0ms
32 silly logfile done cleaning log files
33 timing idealTree:init Completed in 13ms
34 timing arborist:ctor Completed in 0ms
35 http fetch GET 200 https://registry.npmjs.org/@types%2feslint 278ms (cache miss)
36 http fetch GET 200 https://registry.npmjs.org/@types%2freact-dom 323ms (cache miss)
37 http fetch GET 200 https://registry.npmjs.org/@types%2freact 352ms (cache miss)
38 timing idealTree:userRequests Completed in 355ms
39 silly idealTree buildDeps
40 silly fetch manifest @types/eslint@8.56.2
41 silly fetch manifest @types/react@18.2.51
42 silly fetch manifest @types/react-dom@18.2.18
43 silly placeDep ROOT @types/eslint@8.56.2 REPLACE for:  want: 8.56.2
44 silly placeDep ROOT @types/react@18.2.51 REPLACE for:  want: 18.2.51
45 silly placeDep ROOT @types/react-dom@18.2.18 REPLACE for:  want: 18.2.18
46 timing idealTree:#root Completed in 6ms
47 timing idealTree:node_modules/@types/eslint Completed in 0ms
48 timing idealTree:node_modules/@types/react Completed in 0ms
49 timing idealTree:node_modules/@types/react-dom Completed in 0ms
50 timing idealTree:buildDeps Completed in 6ms
51 timing idealTree:fixDepFlags Completed in 0ms
52 timing idealTree Completed in 375ms
53 timing reify:loadTrees Completed in 376ms
54 timing reify:diffTrees Completed in 1ms
55 silly reify mark retired [
55 silly reify   '/Users/khantnyarkoko/Library/Caches/typescript/5.3/node_modules/@types/react'
55 silly reify ]
56 silly reify moves {
56 silly reify   '/Users/khantnyarkoko/Library/Caches/typescript/5.3/node_modules/@types/react': '/Users/khantnyarkoko/Library/Caches/typescript/5.3/node_modules/@types/.react-gpkUiSpv'
56 silly reify }
57 timing reify:retireShallow Completed in 1ms
58 timing reify:createSparse Completed in 0ms
59 timing reify:loadBundles Completed in 0ms
60 silly audit bulk request {
60 silly audit   '@babel/runtime': [ '7.23.6' ],
60 silly audit   '@popperjs/core': [ '2.11.8' ],
60 silly audit   '@types/body-parser': [ '1.19.5' ],
60 silly audit   '@types/bootstrap': [ '5.2.10' ],
60 silly audit   '@types/bytes': [ '3.1.4' ],
60 silly audit   '@types/chart.js': [ '2.9.41' ],
60 silly audit   '@types/connect': [ '3.4.38' ],
60 silly audit   '@types/content-type': [ '1.1.8' ],
60 silly audit   '@types/debug': [ '4.1.12' ],
60 silly audit   '@types/depd': [ '1.1.36' ],
60 silly audit   '@types/estree': [ '1.0.5' ],
60 silly audit   '@types/express': [ '4.17.21' ],
60 silly audit   '@types/express-serve-static-core': [ '4.17.41' ],
60 silly audit   '@types/hoist-non-react-statics': [ '3.3.5' ],
60 silly audit   '@types/http-errors': [ '2.0.4' ],
60 silly audit   '@types/jquery': [ '3.5.29' ],
60 silly audit   '@types/js-cookie': [ '3.0.6' ],
60 silly audit   '@types/json-schema': [ '7.0.15' ],
60 silly audit   '@types/lodash': [ '4.14.202' ],
60 silly audit   '@types/lodash.throttle': [ '4.1.9' ],
60 silly audit   '@types/merge-descriptors': [ '1.0.3' ],
60 silly audit   '@types/mime': [ '1.3.5' ],
60 silly audit   '@types/ms': [ '0.7.34' ],
60 silly audit   '@types/node': [ '20.10.4' ],
60 silly audit   '@types/prop-types': [ '15.7.11' ],
60 silly audit   '@types/qs': [ '6.9.10' ],
60 silly audit   '@types/range-parser': [ '1.2.7' ],
60 silly audit   '@types/react-redux': [ '7.1.33' ],
60 silly audit   '@types/react-slick': [ '0.23.13' ],
60 silly audit   '@types/scheduler': [ '0.16.8' ],
60 silly audit   '@types/send': [ '0.17.4' ],
60 silly audit   '@types/serve-static': [ '1.15.5' ],
60 silly audit   '@types/sizzle': [ '2.3.8' ],
60 silly audit   '@types/slick-carousel': [ '1.6.40' ],
60 silly audit   '@types/type-is': [ '1.6.6' ],
60 silly audit   '@types/uuid': [ '9.0.7' ],
60 silly audit   '@types/ws': [ '8.5.10' ],
60 silly audit   csstype: [ '3.1.3' ],
60 silly audit   'hoist-non-react-statics': [ '3.3.2' ],
60 silly audit   moment: [ '2.29.4' ],
60 silly audit   'react-is': [ '16.13.1' ],
60 silly audit   redux: [ '4.2.1' ],
60 silly audit   'regenerator-runtime': [ '0.14.1' ],
60 silly audit   'types-registry': [ '0.1.681' ],
60 silly audit   'undici-types': [ '5.26.5' ],
60 silly audit   '@types/eslint': [ '8.56.2' ],
60 silly audit   '@types/react': [ '18.2.51' ],
60 silly audit   '@types/react-dom': [ '18.2.18' ]
60 silly audit }
61 silly tarball no local data for @types/react@https://registry.npmjs.org/@types/react/-/react-18.2.51.tgz. Extracting by manifest.
62 http fetch GET 200 https://registry.npmjs.org/@types/react/-/react-18.2.51.tgz 137ms (cache miss)
63 timing reifyNode:node_modules/@types/react Completed in 141ms
64 timing reify:unpack Completed in 141ms
65 timing reify:unretire Completed in 0ms
66 timing build:queue Completed in 0ms
67 timing build:deps Completed in 0ms
68 timing build Completed in 0ms
69 timing reify:build Completed in 1ms
70 timing reify:trash Completed in 6ms
71 timing reify:save Completed in 13ms
72 http fetch POST 200 https://registry.npmjs.org/-/npm/v1/security/advisories/bulk 265ms
73 timing auditReport:getReport Completed in 266ms
74 silly audit report {}
75 timing auditReport:init Completed in 0ms
76 timing reify:audit Completed in 267ms
77 timing reify Completed in 651ms
78 silly CHANGE node_modules/@types/react
79 timing command:install Completed in 653ms
80 verbose exit 0
81 timing npm Completed in 733ms
82 info ok
