0 verbose cli /usr/local/bin/node /usr/local/bin/npm
1 info using npm@10.2.0
2 info using node@v21.1.0
3 timing npm:load:whichnode Completed in 0ms
4 timing config:load:defaults Completed in 0ms
5 timing config:load:file:/usr/local/lib/node_modules/npm/npmrc Completed in 0ms
6 timing config:load:builtin Completed in 0ms
7 timing config:load:cli Completed in 1ms
8 timing config:load:env Completed in 0ms
9 timing config:load:file:/Users/khantnyarkoko/Desktop/birthday-project/.npmrc Completed in 0ms
10 timing config:load:project Completed in 1ms
11 timing config:load:file:/Users/khantnyarkoko/.npmrc Completed in 0ms
12 timing config:load:user Completed in 0ms
13 timing config:load:file:/usr/local/etc/npmrc Completed in 0ms
14 timing config:load:global Completed in 0ms
15 timing config:load:setEnvs Completed in 0ms
16 timing config:load Completed in 3ms
17 timing npm:load:configload Completed in 4ms
18 timing config:load:flatten Completed in 1ms
19 timing npm:load:mkdirpcache Completed in 1ms
20 timing npm:load:mkdirplogs Completed in 0ms
21 verbose title npm i
22 verbose argv "i"
23 timing npm:load:setTitle Completed in 5ms
24 timing npm:load:display Completed in 1ms
25 verbose logfile logs-max:10 dir:/Users/khantnyarkoko/.npm/_logs/2024-02-02T18_16_16_714Z-
26 verbose logfile /Users/khantnyarkoko/.npm/_logs/2024-02-02T18_16_16_714Z-debug-0.log
27 timing npm:load:logFile Completed in 4ms
28 timing npm:load:timers Completed in 0ms
29 timing npm:load:configScope Completed in 0ms
30 timing npm:load Completed in 21ms
31 timing arborist:ctor Completed in 0ms
32 silly logfile done cleaning log files
33 timing idealTree:init Completed in 60ms
34 timing idealTree:userRequests Completed in 0ms
35 silly idealTree buildDeps
36 timing idealTree:#root Completed in 0ms
37 timing idealTree:buildDeps Completed in 1ms
38 timing idealTree:fixDepFlags Completed in 0ms
39 timing idealTree Completed in 62ms
40 timing arborist:ctor Completed in 0ms
41 timing reify:loadTrees Completed in 90ms
42 timing reify:diffTrees Completed in 12ms
43 silly reify moves {}
44 timing reify:retireShallow Completed in 1ms
45 timing reify:createSparse Completed in 1ms
46 timing reify:loadBundles Completed in 0ms
47 silly audit bulk request {
47 silly audit   '@aashutoshrathi/word-wrap': [ '1.2.6' ],
47 silly audit   '@alloc/quick-lru': [ '5.2.0' ],
47 silly audit   '@ampproject/remapping': [ '2.2.1' ],
47 silly audit   '@babel/code-frame': [ '7.23.5' ],
47 silly audit   '@babel/compat-data': [ '7.23.5' ],
47 silly audit   '@babel/core': [ '7.23.6' ],
47 silly audit   '@babel/generator': [ '7.23.6' ],
47 silly audit   '@babel/helper-compilation-targets': [ '7.23.6' ],
47 silly audit   '@babel/helper-environment-visitor': [ '7.22.20' ],
47 silly audit   '@babel/helper-function-name': [ '7.23.0' ],
47 silly audit   '@babel/helper-hoist-variables': [ '7.22.5' ],
47 silly audit   '@babel/helper-module-imports': [ '7.22.15' ],
47 silly audit   '@babel/helper-module-transforms': [ '7.23.3' ],
47 silly audit   '@babel/helper-plugin-utils': [ '7.22.5' ],
47 silly audit   '@babel/helper-simple-access': [ '7.22.5' ],
47 silly audit   '@babel/helper-split-export-declaration': [ '7.22.6' ],
47 silly audit   '@babel/helper-string-parser': [ '7.23.4' ],
47 silly audit   '@babel/helper-validator-identifier': [ '7.22.20' ],
47 silly audit   '@babel/helper-validator-option': [ '7.23.5' ],
47 silly audit   '@babel/helpers': [ '7.23.6' ],
47 silly audit   '@babel/highlight': [ '7.23.4' ],
47 silly audit   '@babel/parser': [ '7.23.6' ],
47 silly audit   '@babel/plugin-transform-react-jsx-self': [ '7.23.3' ],
47 silly audit   '@babel/plugin-transform-react-jsx-source': [ '7.23.3' ],
47 silly audit   '@babel/template': [ '7.22.15' ],
47 silly audit   '@babel/traverse': [ '7.23.6' ],
47 silly audit   '@babel/types': [ '7.23.6' ],
47 silly audit   '@esbuild/android-arm': [ '0.18.20' ],
47 silly audit   '@esbuild/android-arm64': [ '0.18.20' ],
47 silly audit   '@esbuild/android-x64': [ '0.18.20' ],
47 silly audit   '@esbuild/darwin-arm64': [ '0.18.20' ],
47 silly audit   '@esbuild/darwin-x64': [ '0.18.20' ],
47 silly audit   '@esbuild/freebsd-arm64': [ '0.18.20' ],
47 silly audit   '@esbuild/freebsd-x64': [ '0.18.20' ],
47 silly audit   '@esbuild/linux-arm': [ '0.18.20' ],
47 silly audit   '@esbuild/linux-arm64': [ '0.18.20' ],
47 silly audit   '@esbuild/linux-ia32': [ '0.18.20' ],
47 silly audit   '@esbuild/linux-loong64': [ '0.18.20' ],
47 silly audit   '@esbuild/linux-mips64el': [ '0.18.20' ],
47 silly audit   '@esbuild/linux-ppc64': [ '0.18.20' ],
47 silly audit   '@esbuild/linux-riscv64': [ '0.18.20' ],
47 silly audit   '@esbuild/linux-s390x': [ '0.18.20' ],
47 silly audit   '@esbuild/linux-x64': [ '0.18.20' ],
47 silly audit   '@esbuild/netbsd-x64': [ '0.18.20' ],
47 silly audit   '@esbuild/openbsd-x64': [ '0.18.20' ],
47 silly audit   '@esbuild/sunos-x64': [ '0.18.20' ],
47 silly audit   '@esbuild/win32-arm64': [ '0.18.20' ],
47 silly audit   '@esbuild/win32-ia32': [ '0.18.20' ],
47 silly audit   '@esbuild/win32-x64': [ '0.18.20' ],
47 silly audit   '@eslint-community/eslint-utils': [ '4.4.0' ],
47 silly audit   '@eslint-community/regexpp': [ '4.10.0' ],
47 silly audit   '@eslint/eslintrc': [ '2.1.4' ],
47 silly audit   globals: [ '13.24.0', '11.12.0' ],
47 silly audit   '@eslint/js': [ '8.56.0' ],
47 silly audit   '@humanwhocodes/config-array': [ '0.11.13' ],
47 silly audit   '@humanwhocodes/module-importer': [ '1.0.1' ],
47 silly audit   '@humanwhocodes/object-schema': [ '2.0.1' ],
47 silly audit   '@jridgewell/gen-mapping': [ '0.3.3' ],
47 silly audit   '@jridgewell/resolve-uri': [ '3.1.1' ],
47 silly audit   '@jridgewell/set-array': [ '1.1.2' ],
47 silly audit   '@jridgewell/sourcemap-codec': [ '1.4.15' ],
47 silly audit   '@jridgewell/trace-mapping': [ '0.3.20' ],
47 silly audit   '@nodelib/fs.scandir': [ '2.1.5' ],
47 silly audit   '@nodelib/fs.stat': [ '2.0.5' ],
47 silly audit   '@nodelib/fs.walk': [ '1.2.8' ],
47 silly audit   '@remix-run/router': [ '1.14.0' ],
47 silly audit   '@tsparticles/basic': [ '3.0.2' ],
47 silly audit   '@tsparticles/engine': [ '3.0.2' ],
47 silly audit   '@tsparticles/interaction-external-attract': [ '3.0.2' ],
47 silly audit   '@tsparticles/interaction-external-bounce': [ '3.0.2' ],
47 silly audit   '@tsparticles/interaction-external-bubble': [ '3.0.2' ],
47 silly audit   '@tsparticles/interaction-external-connect': [ '3.0.2' ],
47 silly audit   '@tsparticles/interaction-external-grab': [ '3.0.2' ],
47 silly audit   '@tsparticles/interaction-external-pause': [ '3.0.2' ],
47 silly audit   '@tsparticles/interaction-external-push': [ '3.0.2' ],
47 silly audit   '@tsparticles/interaction-external-remove': [ '3.0.2' ],
47 silly audit   '@tsparticles/interaction-external-repulse': [ '3.0.2' ],
47 silly audit   '@tsparticles/interaction-external-slow': [ '3.0.2' ],
47 silly audit   '@tsparticles/interaction-particles-attract': [ '3.0.2' ],
47 silly audit   '@tsparticles/interaction-particles-collisions': [ '3.0.2' ],
47 silly audit   '@tsparticles/interaction-particles-links': [ '3.0.2' ],
47 silly audit   '@tsparticles/move-base': [ '3.0.2' ],
47 silly audit   '@tsparticles/move-parallax': [ '3.0.2' ],
47 silly audit   '@tsparticles/plugin-easing-quad': [ '3.0.2' ],
47 silly audit   '@tsparticles/react': [ '3.0.0' ],
47 silly audit   '@tsparticles/shape-circle': [ '3.0.2' ],
47 silly audit   '@tsparticles/shape-emoji': [ '3.0.2' ],
47 silly audit   '@tsparticles/shape-image': [ '3.0.2' ],
47 silly audit   '@tsparticles/shape-line': [ '3.0.2' ],
47 silly audit   '@tsparticles/shape-polygon': [ '3.0.2' ],
47 silly audit   '@tsparticles/shape-square': [ '3.0.2' ],
47 silly audit   '@tsparticles/shape-star': [ '3.0.2' ],
47 silly audit   '@tsparticles/slim': [ '3.0.2' ],
47 silly audit   '@tsparticles/updater-color': [ '3.0.2' ],
47 silly audit   '@tsparticles/updater-life': [ '3.0.2' ],
47 silly audit   '@tsparticles/updater-opacity': [ '3.0.2' ],
47 silly audit   '@tsparticles/updater-out-modes': [ '3.0.2' ],
47 silly audit   '@tsparticles/updater-rotate': [ '3.0.2' ],
47 silly audit   '@tsparticles/updater-size': [ '3.0.2' ],
47 silly audit   '@tsparticles/updater-stroke-color': [ '3.0.2' ],
47 silly audit   '@types/babel__core': [ '7.20.5' ],
47 silly audit   '@types/babel__generator': [ '7.6.8' ],
47 silly audit   '@types/babel__template': [ '7.4.4' ],
47 silly audit   '@types/babel__traverse': [ '7.20.4' ],
47 silly audit   '@types/prop-types': [ '15.7.11' ],
47 silly audit   '@types/react': [ '18.2.45' ],
47 silly audit   '@types/react-dom': [ '18.2.18' ],
47 silly audit   '@types/scheduler': [ '0.16.8' ],
47 silly audit   '@ungap/structured-clone': [ '1.2.0' ],
47 silly audit   '@vitejs/plugin-react': [ '4.2.1' ],
47 silly audit   acorn: [ '8.11.2' ],
47 silly audit   'acorn-jsx': [ '5.3.2' ],
47 silly audit   ajv: [ '6.12.6' ],
47 silly audit   'ansi-regex': [ '5.0.1' ],
47 silly audit   'ansi-styles': [ '3.2.1', '4.3.0' ],
47 silly audit   'any-promise': [ '1.3.0' ],
47 silly audit   anymatch: [ '3.1.3' ],
47 silly audit   arg: [ '5.0.2' ],
47 silly audit   argparse: [ '2.0.1' ],
47 silly audit   'array-buffer-byte-length': [ '1.0.0' ],
47 silly audit   'array-includes': [ '3.1.7' ],
47 silly audit   'array.prototype.flat': [ '1.3.2' ],
47 silly audit   'array.prototype.flatmap': [ '1.3.2' ],
47 silly audit   'array.prototype.tosorted': [ '1.1.2' ],
47 silly audit   'arraybuffer.prototype.slice': [ '1.0.2' ],
47 silly audit   'asynciterator.prototype': [ '1.0.0' ],
47 silly audit   autoprefixer: [ '10.4.16' ],
47 silly audit   'available-typed-arrays': [ '1.0.5' ],
47 silly audit   'balanced-match': [ '1.0.2' ],
47 silly audit   'binary-extensions': [ '2.2.0' ],
47 silly audit   'brace-expansion': [ '1.1.11' ],
47 silly audit   braces: [ '3.0.2' ],
47 silly audit   browserslist: [ '4.22.2' ],
47 silly audit   'call-bind': [ '1.0.5' ],
47 silly audit   callsites: [ '3.1.0' ],
47 silly audit   'camelcase-css': [ '2.0.1' ],
47 silly audit   'caniuse-lite': [ '1.0.30001570' ],
47 silly audit   chalk: [ '2.4.2', '4.1.2' ],
47 silly audit   chokidar: [ '3.5.3' ],
47 silly audit   'glob-parent': [ '5.1.2', '6.0.2' ],
47 silly audit   'color-convert': [ '1.9.3', '2.0.1' ],
47 silly audit   'color-name': [ '1.1.3', '1.1.4' ],
47 silly audit   commander: [ '4.1.1' ],
47 silly audit   'concat-map': [ '0.0.1' ],
47 silly audit   'convert-source-map': [ '2.0.0' ],
47 silly audit   'cross-spawn': [ '7.0.3' ],
47 silly audit   cssesc: [ '3.0.0' ],
47 silly audit   csstype: [ '3.1.3' ],
47 silly audit   debug: [ '4.3.4' ],
47 silly audit   'deep-is': [ '0.1.4' ],
47 silly audit   'define-data-property': [ '1.1.1' ],
47 silly audit   'define-properties': [ '1.2.1' ],
47 silly audit   didyoumean: [ '1.2.2' ],
47 silly audit   dlv: [ '1.1.3' ],
47 silly audit   doctrine: [ '3.0.0', '2.1.0' ],
47 silly audit   'electron-to-chromium': [ '1.4.615' ],
47 silly audit   'es-abstract': [ '1.22.3' ],
47 silly audit   'es-iterator-helpers': [ '1.0.15' ],
47 silly audit   'es-set-tostringtag': [ '2.0.2' ],
47 silly audit   'es-shim-unscopables': [ '1.0.2' ],
47 silly audit   'es-to-primitive': [ '1.2.1' ],
47 silly audit   esbuild: [ '0.18.20' ],
47 silly audit   escalade: [ '3.1.1' ],
47 silly audit   'escape-string-regexp': [ '1.0.5', '4.0.0' ],
47 silly audit   eslint: [ '8.56.0' ],
47 silly audit   'eslint-plugin-react': [ '7.33.2' ],
47 silly audit   'eslint-plugin-react-hooks': [ '4.6.0' ],
47 silly audit   'eslint-plugin-react-refresh': [ '0.4.5' ],
47 silly audit   'eslint-scope': [ '7.2.2' ],
47 silly audit   'eslint-visitor-keys': [ '3.4.3' ],
47 silly audit   'has-flag': [ '4.0.0', '3.0.0' ],
47 silly audit   'supports-color': [ '7.2.0', '5.5.0' ],
47 silly audit   espree: [ '9.6.1' ],
47 silly audit   esquery: [ '1.5.0' ],
47 silly audit   esrecurse: [ '4.3.0' ],
47 silly audit   estraverse: [ '5.3.0' ],
47 silly audit   esutils: [ '2.0.3' ],
47 silly audit   'fast-deep-equal': [ '3.1.3' ],
47 silly audit   'fast-glob': [ '3.3.2' ],
47 silly audit   'fast-json-stable-stringify': [ '2.1.0' ],
47 silly audit   'fast-levenshtein': [ '2.0.6' ],
47 silly audit   fastq: [ '1.16.0' ],
47 silly audit   'file-entry-cache': [ '6.0.1' ],
47 silly audit   'fill-range': [ '7.0.1' ],
47 silly audit   'find-up': [ '5.0.0' ],
47 silly audit   'flat-cache': [ '3.2.0' ],
47 silly audit   flatted: [ '3.2.9' ],
47 silly audit   'for-each': [ '0.3.3' ],
47 silly audit   'fraction.js': [ '4.3.7' ],
47 silly audit   'fs.realpath': [ '1.0.0' ],
47 silly audit   fsevents: [ '2.3.3' ],
47 silly audit   'function-bind': [ '1.1.2' ],
47 silly audit   'function.prototype.name': [ '1.1.6' ],
47 silly audit   'functions-have-names': [ '1.2.3' ],
47 silly audit   gensync: [ '1.0.0-beta.2' ],
47 silly audit   'get-intrinsic': [ '1.2.2' ],
47 silly audit   'get-symbol-description': [ '1.0.0' ],
47 silly audit   glob: [ '7.2.3', '7.1.6' ],
47 silly audit   globalthis: [ '1.0.3' ],
47 silly audit   gopd: [ '1.0.1' ],
47 silly audit   graphemer: [ '1.4.0' ],
47 silly audit   'has-bigints': [ '1.0.2' ],
47 silly audit   'has-property-descriptors': [ '1.0.1' ],
47 silly audit   'has-proto': [ '1.0.1' ],
47 silly audit   'has-symbols': [ '1.0.3' ],
47 silly audit   'has-tostringtag': [ '1.0.0' ],
47 silly audit   hasown: [ '2.0.0' ],
47 silly audit   ignore: [ '5.3.0' ],
47 silly audit   'import-fresh': [ '3.3.0' ],
47 silly audit   imurmurhash: [ '0.1.4' ],
47 silly audit   inflight: [ '1.0.6' ],
47 silly audit   inherits: [ '2.0.4' ],
47 silly audit   'internal-slot': [ '1.0.6' ],
47 silly audit   'is-array-buffer': [ '3.0.2' ],
47 silly audit   'is-async-function': [ '2.0.0' ],
47 silly audit   'is-bigint': [ '1.0.4' ],
47 silly audit   'is-binary-path': [ '2.1.0' ],
47 silly audit   'is-boolean-object': [ '1.1.2' ],
47 silly audit   'is-callable': [ '1.2.7' ],
47 silly audit   'is-core-module': [ '2.13.1' ],
47 silly audit   'is-date-object': [ '1.0.5' ],
47 silly audit   'is-extglob': [ '2.1.1' ],
47 silly audit   'is-finalizationregistry': [ '1.0.2' ],
47 silly audit   'is-generator-function': [ '1.0.10' ],
47 silly audit   'is-glob': [ '4.0.3' ],
47 silly audit   'is-map': [ '2.0.2' ],
47 silly audit   'is-negative-zero': [ '2.0.2' ],
47 silly audit   'is-number': [ '7.0.0' ],
47 silly audit   'is-number-object': [ '1.0.7' ],
47 silly audit   'is-path-inside': [ '3.0.3' ],
47 silly audit   'is-regex': [ '1.1.4' ],
47 silly audit   'is-set': [ '2.0.2' ],
47 silly audit   'is-shared-array-buffer': [ '1.0.2' ],
47 silly audit   'is-string': [ '1.0.7' ],
47 silly audit   'is-symbol': [ '1.0.4' ],
47 silly audit   'is-typed-array': [ '1.1.12' ],
47 silly audit   'is-weakmap': [ '2.0.1' ],
47 silly audit   'is-weakref': [ '1.0.2' ],
47 silly audit   'is-weakset': [ '2.0.2' ],
47 silly audit   isarray: [ '2.0.5' ],
47 silly audit   isexe: [ '2.0.0' ],
47 silly audit   'iterator.prototype': [ '1.1.2' ],
47 silly audit   jiti: [ '1.21.0' ],
47 silly audit   'js-tokens': [ '4.0.0' ],
47 silly audit   'js-yaml': [ '4.1.0' ],
47 silly audit   jsesc: [ '2.5.2' ],
47 silly audit   'json-buffer': [ '3.0.1' ],
47 silly audit   'json-schema-traverse': [ '0.4.1' ],
47 silly audit   'json-stable-stringify-without-jsonify': [ '1.0.1' ],
47 silly audit   json5: [ '2.2.3' ],
47 silly audit   'jsx-ast-utils': [ '3.3.5' ],
47 silly audit   keyv: [ '4.5.4' ],
47 silly audit   levn: [ '0.4.1' ],
47 silly audit   lilconfig: [ '2.1.0', '3.0.0' ],
47 silly audit   'lines-and-columns': [ '1.2.4' ],
47 silly audit   'locate-path': [ '6.0.0' ],
47 silly audit   'lodash.merge': [ '4.6.2' ],
47 silly audit   'loose-envify': [ '1.4.0' ],
47 silly audit   'lru-cache': [ '5.1.1' ],
47 silly audit   merge2: [ '1.4.1' ],
47 silly audit   micromatch: [ '4.0.5' ],
47 silly audit   minimatch: [ '3.1.2' ],
47 silly audit   ms: [ '2.1.2' ],
47 silly audit   mz: [ '2.7.0' ],
47 silly audit   nanoid: [ '3.3.7' ],
47 silly audit   'natural-compare': [ '1.4.0' ],
47 silly audit   'node-releases': [ '2.0.14' ],
47 silly audit   'normalize-path': [ '3.0.0' ],
47 silly audit   'normalize-range': [ '0.1.2' ],
47 silly audit   'object-assign': [ '4.1.1' ],
47 silly audit   'object-hash': [ '3.0.0' ],
47 silly audit   'object-inspect': [ '1.13.1' ],
47 silly audit   'object-keys': [ '1.1.1' ],
47 silly audit   'object.assign': [ '4.1.5' ],
47 silly audit   'object.entries': [ '1.1.7' ],
47 silly audit   'object.fromentries': [ '2.0.7' ],
47 silly audit   'object.hasown': [ '1.1.3' ],
47 silly audit   'object.values': [ '1.1.7' ],
47 silly audit   once: [ '1.4.0' ],
47 silly audit   optionator: [ '0.9.3' ],
47 silly audit   'p-limit': [ '3.1.0' ],
47 silly audit   'p-locate': [ '5.0.0' ],
47 silly audit   'parent-module': [ '1.0.1' ],
47 silly audit   'path-exists': [ '4.0.0' ],
47 silly audit   'path-is-absolute': [ '1.0.1' ],
47 silly audit   'path-key': [ '3.1.1' ],
47 silly audit   'path-parse': [ '1.0.7' ],
47 silly audit   picocolors: [ '1.0.0' ],
47 silly audit   picomatch: [ '2.3.1' ],
47 silly audit   pify: [ '2.3.0' ],
47 silly audit   pirates: [ '4.0.6' ],
47 silly audit   postcss: [ '8.4.32' ],
47 silly audit   'postcss-import': [ '15.1.0' ],
47 silly audit   resolve: [ '1.22.8', '2.0.0-next.5' ],
47 silly audit   'postcss-js': [ '4.0.1' ],
47 silly audit   'postcss-load-config': [ '4.0.2' ],
47 silly audit   'postcss-nested': [ '6.0.1' ],
47 silly audit   'postcss-selector-parser': [ '6.0.13' ],
47 silly audit   'postcss-value-parser': [ '4.2.0' ],
47 silly audit   'prelude-ls': [ '1.2.1' ],
47 silly audit   'prop-types': [ '15.8.1' ],
47 silly audit   punycode: [ '2.3.1' ],
47 silly audit   'queue-microtask': [ '1.2.3' ],
47 silly audit   react: [ '18.2.0' ],
47 silly audit   'react-dom': [ '18.2.0' ],
47 silly audit   'react-icons': [ '4.12.0' ],
47 silly audit   'react-is': [ '16.13.1' ],
47 silly audit   'react-refresh': [ '0.14.0' ],
47 silly audit   'react-router': [ '6.21.0' ],
47 silly audit   'react-router-dom': [ '6.21.0' ],
47 silly audit   'read-cache': [ '1.0.0' ],
47 silly audit   readdirp: [ '3.6.0' ],
47 silly audit   'reflect.getprototypeof': [ '1.0.4' ],
47 silly audit   'regexp.prototype.flags': [ '1.5.1' ],
47 silly audit   'resolve-from': [ '4.0.0' ],
47 silly audit   reusify: [ '1.0.4' ],
47 silly audit   rimraf: [ '3.0.2' ],
47 silly audit   rollup: [ '3.29.4' ],
47 silly audit   'run-parallel': [ '1.2.0' ],
47 silly audit   'safe-array-concat': [ '1.0.1' ],
47 silly audit   'safe-regex-test': [ '1.0.0' ],
47 silly audit   scheduler: [ '0.23.0' ],
47 silly audit   semver: [ '6.3.1' ],
47 silly audit   'set-function-length': [ '1.1.1' ],
47 silly audit   'set-function-name': [ '2.0.1' ],
47 silly audit   'shebang-command': [ '2.0.0' ],
47 silly audit   'shebang-regex': [ '3.0.0' ],
47 silly audit   'side-channel': [ '1.0.4' ],
47 silly audit   'source-map-js': [ '1.0.2' ],
47 silly audit   'string.prototype.matchall': [ '4.0.10' ],
47 silly audit   'string.prototype.trim': [ '1.2.8' ],
47 silly audit   'string.prototype.trimend': [ '1.0.7' ],
47 silly audit   'string.prototype.trimstart': [ '1.0.7' ],
47 silly audit   'strip-ansi': [ '6.0.1' ],
47 silly audit   'strip-json-comments': [ '3.1.1' ],
47 silly audit   sucrase: [ '3.34.0' ],
47 silly audit   'supports-preserve-symlinks-flag': [ '1.0.0' ],
47 silly audit   tailwindcss: [ '3.4.0' ],
47 silly audit   'text-table': [ '0.2.0' ],
47 silly audit   thenify: [ '3.3.1' ],
47 silly audit   'thenify-all': [ '1.6.0' ],
47 silly audit   'to-fast-properties': [ '2.0.0' ],
47 silly audit   'to-regex-range': [ '5.0.1' ],
47 silly audit   'ts-interface-checker': [ '0.1.13' ],
47 silly audit   'type-check': [ '0.4.0' ],
47 silly audit   'type-fest': [ '0.20.2' ],
47 silly audit   'typed-array-buffer': [ '1.0.0' ],
47 silly audit   'typed-array-byte-length': [ '1.0.0' ],
47 silly audit   'typed-array-byte-offset': [ '1.0.0' ],
47 silly audit   'typed-array-length': [ '1.0.4' ],
47 silly audit   'unbox-primitive': [ '1.0.2' ],
47 silly audit   'update-browserslist-db': [ '1.0.13' ],
47 silly audit   'uri-js': [ '4.4.1' ],
47 silly audit   'util-deprecate': [ '1.0.2' ],
47 silly audit   vite: [ '4.5.1' ],
47 silly audit   which: [ '2.0.2' ],
47 silly audit   'which-boxed-primitive': [ '1.0.2' ],
47 silly audit   'which-builtin-type': [ '1.1.3' ],
47 silly audit   'which-collection': [ '1.0.1' ],
47 silly audit   'which-typed-array': [ '1.1.13' ],
47 silly audit   wrappy: [ '1.0.2' ],
47 silly audit   yallist: [ '3.1.1' ],
47 silly audit   yaml: [ '2.3.4' ],
47 silly audit   'yocto-queue': [ '0.1.0' ]
47 silly audit }
48 verbose reify failed optional dependency /Users/khantnyarkoko/Desktop/birthday-project/node_modules/@esbuild/win32-x64
49 silly reify mark deleted [
49 silly reify   '/Users/khantnyarkoko/Desktop/birthday-project/node_modules/@esbuild/win32-x64'
49 silly reify ]
50 verbose reify failed optional dependency /Users/khantnyarkoko/Desktop/birthday-project/node_modules/@esbuild/win32-ia32
51 silly reify mark deleted [
51 silly reify   '/Users/khantnyarkoko/Desktop/birthday-project/node_modules/@esbuild/win32-ia32'
51 silly reify ]
52 verbose reify failed optional dependency /Users/khantnyarkoko/Desktop/birthday-project/node_modules/@esbuild/win32-arm64
53 silly reify mark deleted [
53 silly reify   '/Users/khantnyarkoko/Desktop/birthday-project/node_modules/@esbuild/win32-arm64'
53 silly reify ]
54 verbose reify failed optional dependency /Users/khantnyarkoko/Desktop/birthday-project/node_modules/@esbuild/sunos-x64
55 silly reify mark deleted [
55 silly reify   '/Users/khantnyarkoko/Desktop/birthday-project/node_modules/@esbuild/sunos-x64'
55 silly reify ]
56 verbose reify failed optional dependency /Users/khantnyarkoko/Desktop/birthday-project/node_modules/@esbuild/openbsd-x64
57 silly reify mark deleted [
57 silly reify   '/Users/khantnyarkoko/Desktop/birthday-project/node_modules/@esbuild/openbsd-x64'
57 silly reify ]
58 verbose reify failed optional dependency /Users/khantnyarkoko/Desktop/birthday-project/node_modules/@esbuild/netbsd-x64
59 silly reify mark deleted [
59 silly reify   '/Users/khantnyarkoko/Desktop/birthday-project/node_modules/@esbuild/netbsd-x64'
59 silly reify ]
60 verbose reify failed optional dependency /Users/khantnyarkoko/Desktop/birthday-project/node_modules/@esbuild/linux-x64
61 silly reify mark deleted [
61 silly reify   '/Users/khantnyarkoko/Desktop/birthday-project/node_modules/@esbuild/linux-x64'
61 silly reify ]
62 verbose reify failed optional dependency /Users/khantnyarkoko/Desktop/birthday-project/node_modules/@esbuild/linux-s390x
63 silly reify mark deleted [
63 silly reify   '/Users/khantnyarkoko/Desktop/birthday-project/node_modules/@esbuild/linux-s390x'
63 silly reify ]
64 verbose reify failed optional dependency /Users/khantnyarkoko/Desktop/birthday-project/node_modules/@esbuild/linux-riscv64
65 silly reify mark deleted [
65 silly reify   '/Users/khantnyarkoko/Desktop/birthday-project/node_modules/@esbuild/linux-riscv64'
65 silly reify ]
66 verbose reify failed optional dependency /Users/khantnyarkoko/Desktop/birthday-project/node_modules/@esbuild/linux-ppc64
67 silly reify mark deleted [
67 silly reify   '/Users/khantnyarkoko/Desktop/birthday-project/node_modules/@esbuild/linux-ppc64'
67 silly reify ]
68 verbose reify failed optional dependency /Users/khantnyarkoko/Desktop/birthday-project/node_modules/@esbuild/linux-mips64el
69 silly reify mark deleted [
69 silly reify   '/Users/khantnyarkoko/Desktop/birthday-project/node_modules/@esbuild/linux-mips64el'
69 silly reify ]
70 verbose reify failed optional dependency /Users/khantnyarkoko/Desktop/birthday-project/node_modules/@esbuild/linux-loong64
71 silly reify mark deleted [
71 silly reify   '/Users/khantnyarkoko/Desktop/birthday-project/node_modules/@esbuild/linux-loong64'
71 silly reify ]
72 verbose reify failed optional dependency /Users/khantnyarkoko/Desktop/birthday-project/node_modules/@esbuild/linux-ia32
73 silly reify mark deleted [
73 silly reify   '/Users/khantnyarkoko/Desktop/birthday-project/node_modules/@esbuild/linux-ia32'
73 silly reify ]
74 verbose reify failed optional dependency /Users/khantnyarkoko/Desktop/birthday-project/node_modules/@esbuild/linux-arm64
75 silly reify mark deleted [
75 silly reify   '/Users/khantnyarkoko/Desktop/birthday-project/node_modules/@esbuild/linux-arm64'
75 silly reify ]
76 verbose reify failed optional dependency /Users/khantnyarkoko/Desktop/birthday-project/node_modules/@esbuild/linux-arm
77 silly reify mark deleted [
77 silly reify   '/Users/khantnyarkoko/Desktop/birthday-project/node_modules/@esbuild/linux-arm'
77 silly reify ]
78 verbose reify failed optional dependency /Users/khantnyarkoko/Desktop/birthday-project/node_modules/@esbuild/freebsd-x64
79 silly reify mark deleted [
79 silly reify   '/Users/khantnyarkoko/Desktop/birthday-project/node_modules/@esbuild/freebsd-x64'
79 silly reify ]
80 verbose reify failed optional dependency /Users/khantnyarkoko/Desktop/birthday-project/node_modules/@esbuild/freebsd-arm64
81 silly reify mark deleted [
81 silly reify   '/Users/khantnyarkoko/Desktop/birthday-project/node_modules/@esbuild/freebsd-arm64'
81 silly reify ]
82 verbose reify failed optional dependency /Users/khantnyarkoko/Desktop/birthday-project/node_modules/@esbuild/darwin-x64
83 silly reify mark deleted [
83 silly reify   '/Users/khantnyarkoko/Desktop/birthday-project/node_modules/@esbuild/darwin-x64'
83 silly reify ]
84 verbose reify failed optional dependency /Users/khantnyarkoko/Desktop/birthday-project/node_modules/@esbuild/android-x64
85 silly reify mark deleted [
85 silly reify   '/Users/khantnyarkoko/Desktop/birthday-project/node_modules/@esbuild/android-x64'
85 silly reify ]
86 verbose reify failed optional dependency /Users/khantnyarkoko/Desktop/birthday-project/node_modules/@esbuild/android-arm64
87 silly reify mark deleted [
87 silly reify   '/Users/khantnyarkoko/Desktop/birthday-project/node_modules/@esbuild/android-arm64'
87 silly reify ]
88 verbose reify failed optional dependency /Users/khantnyarkoko/Desktop/birthday-project/node_modules/@esbuild/android-arm
89 silly reify mark deleted [
89 silly reify   '/Users/khantnyarkoko/Desktop/birthday-project/node_modules/@esbuild/android-arm'
89 silly reify ]
90 timing reifyNode:node_modules/@esbuild/win32-x64 Completed in 26ms
91 timing reifyNode:node_modules/@esbuild/win32-ia32 Completed in 26ms
92 timing reifyNode:node_modules/@esbuild/win32-arm64 Completed in 26ms
93 timing reifyNode:node_modules/@esbuild/sunos-x64 Completed in 26ms
94 timing reifyNode:node_modules/@esbuild/openbsd-x64 Completed in 26ms
95 timing reifyNode:node_modules/@esbuild/netbsd-x64 Completed in 26ms
96 timing reifyNode:node_modules/@esbuild/linux-x64 Completed in 26ms
97 timing reifyNode:node_modules/@esbuild/linux-s390x Completed in 26ms
98 timing reifyNode:node_modules/@esbuild/linux-riscv64 Completed in 26ms
99 timing reifyNode:node_modules/@esbuild/linux-ppc64 Completed in 26ms
100 timing reifyNode:node_modules/@esbuild/linux-mips64el Completed in 26ms
101 timing reifyNode:node_modules/@esbuild/linux-loong64 Completed in 26ms
102 timing reifyNode:node_modules/@esbuild/linux-ia32 Completed in 26ms
103 timing reifyNode:node_modules/@esbuild/linux-arm64 Completed in 26ms
104 timing reifyNode:node_modules/@esbuild/linux-arm Completed in 26ms
105 timing reifyNode:node_modules/@esbuild/freebsd-x64 Completed in 25ms
106 timing reifyNode:node_modules/@esbuild/freebsd-arm64 Completed in 25ms
107 timing reifyNode:node_modules/@esbuild/darwin-x64 Completed in 25ms
108 timing reifyNode:node_modules/@esbuild/android-x64 Completed in 25ms
109 timing reifyNode:node_modules/@esbuild/android-arm64 Completed in 25ms
110 timing reifyNode:node_modules/@esbuild/android-arm Completed in 25ms
111 timing reify:unpack Completed in 26ms
112 timing reify:unretire Completed in 0ms
113 timing build:queue Completed in 1ms
114 timing build:deps Completed in 1ms
115 timing build Completed in 2ms
116 timing reify:build Completed in 2ms
117 timing reify:trash Completed in 1ms
118 timing reify:save Completed in 46ms
119 http fetch POST 200 https://registry.npmjs.org/-/npm/v1/security/advisories/bulk 584ms
120 timing auditReport:getReport Completed in 588ms
121 silly audit report {
121 silly audit report   vite: [
121 silly audit report     {
121 silly audit report       id: 1095467,
121 silly audit report       url: 'https://github.com/advisories/GHSA-c24v-8rfc-w8vw',
121 silly audit report       title: 'Vite dev server option `server.fs.deny` can be bypassed when hosted on case-insensitive filesystem',
121 silly audit report       severity: 'high',
121 silly audit report       vulnerable_versions: '>=4.0.0 <=4.5.1',
121 silly audit report       cwe: [Array],
121 silly audit report       cvss: [Object]
121 silly audit report     }
121 silly audit report   ]
121 silly audit report }
122 timing metavuln:cache:get:security-advisory:vite:fU6zTsbG/TVz4mDff0xp/qrVoEz306MLuCN0eLtJuW6O9CCQmtQoeau/QDnCCXbwFfZKuWfMV15go18SfIKYww== Completed in 3ms
123 http fetch GET 200 https://registry.npmjs.org/vite 187ms (cache miss)
124 timing metavuln:packument:vite Completed in 199ms
125 timing metavuln:load:security-advisory:vite:1095467 Completed in 9ms
126 timing metavuln:cache:put:security-advisory:vite:fU6zTsbG/TVz4mDff0xp/qrVoEz306MLuCN0eLtJuW6O9CCQmtQoeau/QDnCCXbwFfZKuWfMV15go18SfIKYww== Completed in 1ms
127 timing metavuln:calculate:security-advisory:vite:1095467 Completed in 210ms
128 timing metavuln:cache:get:security-advisory:@vitejs/plugin-react:yD32xfDsyWpcw56H3RkGk8SDsyM/gQVoyAfmfzQ8/hx93sYePHLkPaMcbeyw1DnUjPBvaxQ4MR1Zu48RiSGR1w== Completed in 0ms
129 http fetch GET 200 https://registry.npmjs.org/@vitejs%2fplugin-react 501ms (cache miss)
130 timing metavuln:packument:@vitejs/plugin-react Completed in 501ms
131 timing metavuln:load:security-advisory:@vitejs/plugin-react:fU6zTsbG/TVz4mDff0xp/qrVoEz306MLuCN0eLtJuW6O9CCQmtQoeau/QDnCCXbwFfZKuWfMV15go18SfIKYww== Completed in 12ms
132 timing metavuln:cache:put:security-advisory:@vitejs/plugin-react:yD32xfDsyWpcw56H3RkGk8SDsyM/gQVoyAfmfzQ8/hx93sYePHLkPaMcbeyw1DnUjPBvaxQ4MR1Zu48RiSGR1w== Completed in 3ms
133 timing metavuln:calculate:security-advisory:@vitejs/plugin-react:fU6zTsbG/TVz4mDff0xp/qrVoEz306MLuCN0eLtJuW6O9CCQmtQoeau/QDnCCXbwFfZKuWfMV15go18SfIKYww== Completed in 516ms
134 timing auditReport:init Completed in 727ms
135 timing reify:audit Completed in 1317ms
136 timing reify Completed in 1424ms
137 silly ADD
138 silly ADD
139 silly ADD
140 silly ADD
141 silly ADD
142 silly ADD
143 silly ADD
144 silly ADD
145 silly ADD
146 silly ADD
147 silly ADD
148 silly ADD
149 silly ADD
150 silly ADD
151 silly ADD
152 silly ADD
153 silly ADD
154 silly ADD
155 silly ADD
156 silly ADD
157 silly ADD
158 timing command:i Completed in 1433ms
159 verbose exit 0
160 timing npm Completed in 1517ms
161 info ok
