0 verbose cli /usr/local/bin/node /usr/local/bin/npm
1 info using npm@10.2.0
2 info using node@v21.1.0
3 timing npm:load:whichnode Completed in 1ms
4 timing config:load:defaults Completed in 1ms
5 timing config:load:file:/usr/local/lib/node_modules/npm/npmrc Completed in 0ms
6 timing config:load:builtin Completed in 0ms
7 timing config:load:cli Completed in 1ms
8 timing config:load:env Completed in 0ms
9 timing config:load:file:/Users/khantnyarkoko/Desktop/test_php/phpProjects/.npmrc Completed in 0ms
10 timing config:load:project Completed in 1ms
11 timing config:load:file:/Users/khantnyarkoko/.npmrc Completed in 0ms
12 timing config:load:user Completed in 0ms
13 timing config:load:file:/usr/local/etc/npmrc Completed in 0ms
14 timing config:load:global Completed in 0ms
15 timing config:load:setEnvs Completed in 1ms
16 timing config:load Completed in 5ms
17 timing npm:load:configload Completed in 5ms
18 timing config:load:flatten Completed in 1ms
19 timing npm:load:mkdirpcache Completed in 0ms
20 timing npm:load:mkdirplogs Completed in 0ms
21 verbose title npm install tailwindcss
22 verbose argv "install" "--save-dev" "tailwindcss"
23 timing npm:load:setTitle Completed in 6ms
24 timing npm:load:display Completed in 0ms
25 verbose logfile logs-max:10 dir:/Users/khantnyarkoko/.npm/_logs/2024-02-02T18_07_20_547Z-
26 verbose logfile /Users/khantnyarkoko/.npm/_logs/2024-02-02T18_07_20_547Z-debug-0.log
27 timing npm:load:logFile Completed in 5ms
28 timing npm:load:timers Completed in 0ms
29 timing npm:load:configScope Completed in 0ms
30 timing npm:load Completed in 26ms
31 timing arborist:ctor Completed in 0ms
32 silly logfile done cleaning log files
33 timing arborist:ctor Completed in 0ms
34 timing idealTree:init Completed in 5ms
35 timing idealTree:userRequests Completed in 1ms
36 silly idealTree buildDeps
37 silly fetch manifest tailwindcss@*
38 http fetch GET 200 https://registry.npmjs.org/npm 362ms (cache miss)
39 http fetch GET 200 https://registry.npmjs.org/tailwindcss 396ms (cache miss)
40 silly placeDep ROOT tailwindcss@3.4.1 OK for: phpprojects@1.0.0 want: *
41 silly fetch manifest @alloc/quick-lru@^5.2.0
42 silly fetch manifest arg@^5.0.2
43 silly fetch manifest chokidar@^3.5.3
44 silly fetch manifest didyoumean@^1.2.2
45 silly fetch manifest dlv@^1.1.3
46 silly fetch manifest fast-glob@^3.3.0
47 silly fetch manifest glob-parent@^6.0.2
48 silly fetch manifest is-glob@^4.0.3
49 silly fetch manifest jiti@^1.19.1
50 silly fetch manifest lilconfig@^2.1.0
51 silly fetch manifest micromatch@^4.0.5
52 silly fetch manifest normalize-path@^3.0.0
53 silly fetch manifest object-hash@^3.0.0
54 silly fetch manifest picocolors@^1.0.0
55 silly fetch manifest postcss@^8.4.23
56 silly fetch manifest postcss-import@^15.1.0
57 silly fetch manifest postcss-js@^4.0.1
58 silly fetch manifest postcss-load-config@^4.0.1
59 silly fetch manifest postcss-nested@^6.0.1
60 silly fetch manifest postcss-selector-parser@^6.0.11
61 silly fetch manifest resolve@^1.22.2
62 silly fetch manifest sucrase@^3.32.0
63 http fetch GET 200 https://registry.npmjs.org/arg 217ms (cache miss)
64 http fetch GET 200 https://registry.npmjs.org/picocolors 232ms (cache miss)
65 http fetch GET 200 https://registry.npmjs.org/chokidar 241ms (cache miss)
66 http fetch GET 200 https://registry.npmjs.org/jiti 241ms (cache miss)
67 http fetch GET 200 https://registry.npmjs.org/glob-parent 245ms (cache miss)
68 http fetch GET 200 https://registry.npmjs.org/normalize-path 246ms (cache miss)
69 http fetch GET 200 https://registry.npmjs.org/postcss-selector-parser 245ms (cache miss)
70 http fetch GET 200 https://registry.npmjs.org/is-glob 248ms (cache miss)
71 http fetch GET 200 https://registry.npmjs.org/resolve 250ms (cache miss)
72 http fetch GET 200 https://registry.npmjs.org/postcss 253ms (cache miss)
73 http fetch GET 200 https://registry.npmjs.org/lilconfig 256ms (cache miss)
74 http fetch GET 200 https://registry.npmjs.org/fast-glob 258ms (cache miss)
75 http fetch GET 200 https://registry.npmjs.org/dlv 266ms (cache miss)
76 http fetch GET 200 https://registry.npmjs.org/didyoumean 267ms (cache miss)
77 http fetch GET 200 https://registry.npmjs.org/object-hash 266ms (cache miss)
78 http fetch GET 200 https://registry.npmjs.org/postcss-js 266ms (cache miss)
79 http fetch GET 200 https://registry.npmjs.org/sucrase 269ms (cache miss)
80 http fetch GET 200 https://registry.npmjs.org/postcss-import 271ms (cache miss)
81 http fetch GET 200 https://registry.npmjs.org/postcss-load-config 272ms (cache miss)
82 http fetch GET 200 https://registry.npmjs.org/micromatch 276ms (cache miss)
83 http fetch GET 200 https://registry.npmjs.org/postcss-nested 282ms (cache miss)
84 http fetch GET 200 https://registry.npmjs.org/@alloc%2fquick-lru 419ms (cache miss)
85 timing idealTree:#root Completed in 830ms
86 silly fetch manifest ts-node@>=9.0.0
87 http fetch GET 200 https://registry.npmjs.org/ts-node 117ms (cache miss)
88 silly fetch manifest @swc/core@>=1.2.50
89 http fetch GET 200 https://registry.npmjs.org/@swc%2fcore 538ms (cache miss)
90 silly fetch manifest @swc/helpers@^0.5.0
91 http fetch GET 200 https://registry.npmjs.org/@swc%2fhelpers 94ms (cache miss)
92 silly fetch manifest @swc/wasm@>=1.2.50
93 http fetch GET 200 https://registry.npmjs.org/@swc%2fwasm 476ms (cache miss)
94 silly fetch manifest @types/node@*
95 http fetch GET 200 https://registry.npmjs.org/@types%2fnode 242ms (cache miss)
96 silly fetch manifest typescript@>=2.7
97 http fetch GET 200 https://registry.npmjs.org/typescript 298ms (cache miss)
98 silly placeDep ROOT @alloc/quick-lru@5.2.0 OK for: tailwindcss@3.4.1 want: ^5.2.0
99 silly placeDep ROOT arg@5.0.2 OK for: tailwindcss@3.4.1 want: ^5.0.2
100 silly placeDep ROOT chokidar@3.5.3 OK for: tailwindcss@3.4.1 want: ^3.5.3
101 silly fetch manifest anymatch@~3.1.2
102 silly fetch manifest braces@~3.0.2
103 silly fetch manifest glob-parent@~5.1.2
104 silly fetch manifest is-binary-path@~2.1.0
105 silly fetch manifest is-glob@~4.0.1
106 silly fetch manifest normalize-path@~3.0.0
107 silly fetch manifest readdirp@~3.6.0
108 silly fetch manifest fsevents@~2.3.2
109 silly placeDep ROOT didyoumean@1.2.2 OK for: tailwindcss@3.4.1 want: ^1.2.2
110 silly placeDep ROOT dlv@1.1.3 OK for: tailwindcss@3.4.1 want: ^1.1.3
111 silly placeDep ROOT fast-glob@3.3.2 OK for: tailwindcss@3.4.1 want: ^3.3.0
112 silly fetch manifest @nodelib/fs.stat@^2.0.2
113 silly fetch manifest @nodelib/fs.walk@^1.2.3
114 silly fetch manifest glob-parent@^5.1.2
115 silly fetch manifest merge2@^1.3.0
116 silly fetch manifest micromatch@^4.0.4
117 silly placeDep ROOT glob-parent@6.0.2 OK for: tailwindcss@3.4.1 want: ^6.0.2
118 silly placeDep ROOT is-glob@4.0.3 OK for: tailwindcss@3.4.1 want: ^4.0.3
119 silly fetch manifest is-extglob@^2.1.1
120 silly placeDep ROOT jiti@1.21.0 OK for: tailwindcss@3.4.1 want: ^1.19.1
121 silly placeDep ROOT lilconfig@2.1.0 OK for: tailwindcss@3.4.1 want: ^2.1.0
122 silly placeDep ROOT micromatch@4.0.5 OK for: tailwindcss@3.4.1 want: ^4.0.5
123 silly fetch manifest braces@^3.0.2
124 silly fetch manifest picomatch@^2.3.1
125 silly placeDep ROOT normalize-path@3.0.0 OK for: tailwindcss@3.4.1 want: ^3.0.0
126 silly placeDep ROOT object-hash@3.0.0 OK for: tailwindcss@3.4.1 want: ^3.0.0
127 silly placeDep ROOT picocolors@1.0.0 OK for: tailwindcss@3.4.1 want: ^1.0.0
128 silly placeDep ROOT postcss@8.4.33 OK for: tailwindcss@3.4.1 want: ^8.4.23
129 silly fetch manifest nanoid@^3.3.7
130 silly fetch manifest source-map-js@^1.0.2
131 silly placeDep ROOT postcss-import@15.1.0 OK for: tailwindcss@3.4.1 want: ^15.1.0
132 silly fetch manifest postcss-value-parser@^4.0.0
133 silly fetch manifest read-cache@^1.0.0
134 silly fetch manifest resolve@^1.1.7
135 silly placeDep ROOT postcss-js@4.0.1 OK for: tailwindcss@3.4.1 want: ^4.0.1
136 silly fetch manifest camelcase-css@^2.0.1
137 silly placeDep ROOT postcss-load-config@4.0.2 OK for: tailwindcss@3.4.1 want: ^4.0.1
138 silly fetch manifest lilconfig@^3.0.0
139 silly fetch manifest yaml@^2.3.4
140 silly placeDep ROOT postcss-nested@6.0.1 OK for: tailwindcss@3.4.1 want: ^6.0.1
141 silly placeDep ROOT postcss-selector-parser@6.0.15 OK for: tailwindcss@3.4.1 want: ^6.0.11
142 silly fetch manifest cssesc@^3.0.0
143 silly fetch manifest util-deprecate@^1.0.2
144 silly placeDep ROOT resolve@1.22.8 OK for: tailwindcss@3.4.1 want: ^1.22.2
145 silly fetch manifest is-core-module@^2.13.0
146 silly fetch manifest path-parse@^1.0.7
147 silly fetch manifest supports-preserve-symlinks-flag@^1.0.0
148 silly placeDep ROOT sucrase@3.35.0 OK for: tailwindcss@3.4.1 want: ^3.32.0
149 silly fetch manifest @jridgewell/gen-mapping@^0.3.2
150 silly fetch manifest commander@^4.0.0
151 silly fetch manifest glob@^10.3.10
152 silly fetch manifest lines-and-columns@^1.1.6
153 silly fetch manifest mz@^2.7.0
154 silly fetch manifest pirates@^4.0.1
155 silly fetch manifest ts-interface-checker@^0.1.9
156 http fetch GET 200 https://registry.npmjs.org/postcss-value-parser 77ms (cache miss)
157 http fetch GET 200 https://registry.npmjs.org/picomatch 81ms (cache miss)
158 http fetch GET 200 https://registry.npmjs.org/braces 86ms (cache miss)
159 http fetch GET 200 https://registry.npmjs.org/is-extglob 86ms (cache miss)
160 http fetch GET 200 https://registry.npmjs.org/readdirp 90ms (cache miss)
161 http fetch GET 200 https://registry.npmjs.org/anymatch 90ms (cache miss)
162 http fetch GET 200 https://registry.npmjs.org/nanoid 86ms (cache miss)
163 http fetch GET 200 https://registry.npmjs.org/braces 88ms (cache miss)
164 http fetch GET 200 https://registry.npmjs.org/fsevents 93ms (cache miss)
165 http fetch GET 200 https://registry.npmjs.org/source-map-js 96ms (cache miss)
166 http fetch GET 200 https://registry.npmjs.org/is-binary-path 102ms (cache miss)
167 http fetch GET 200 https://registry.npmjs.org/merge2 113ms (cache miss)
168 http fetch GET 200 https://registry.npmjs.org/@nodelib%2ffs.stat 121ms (cache miss)
169 http fetch GET 200 https://registry.npmjs.org/read-cache 124ms (cache miss)
170 http fetch GET 200 https://registry.npmjs.org/@nodelib%2ffs.walk 129ms (cache miss)
171 http fetch GET 200 https://registry.npmjs.org/util-deprecate 139ms (cache miss)
172 http fetch GET 200 https://registry.npmjs.org/cssesc 147ms (cache miss)
173 http fetch GET 200 https://registry.npmjs.org/glob 146ms (cache miss)
174 http fetch GET 200 https://registry.npmjs.org/yaml 150ms (cache miss)
175 http fetch GET 200 https://registry.npmjs.org/supports-preserve-symlinks-flag 155ms (cache miss)
176 http fetch GET 200 https://registry.npmjs.org/path-parse 155ms (cache miss)
177 http fetch GET 200 https://registry.npmjs.org/is-core-module 156ms (cache miss)
178 http fetch GET 200 https://registry.npmjs.org/commander 156ms (cache miss)
179 http fetch GET 200 https://registry.npmjs.org/camelcase-css 176ms (cache miss)
180 http fetch GET 200 https://registry.npmjs.org/@jridgewell%2fgen-mapping 194ms (cache miss)
181 http fetch GET 200 https://registry.npmjs.org/lines-and-columns 198ms (cache miss)
182 http fetch GET 200 https://registry.npmjs.org/mz 201ms (cache miss)
183 http fetch GET 200 https://registry.npmjs.org/pirates 232ms (cache miss)
184 http fetch GET 200 https://registry.npmjs.org/ts-interface-checker 1123ms (cache miss)
185 timing idealTree:node_modules/tailwindcss Completed in 2942ms
186 timing idealTree:node_modules/@alloc/quick-lru Completed in 0ms
187 timing idealTree:node_modules/arg Completed in 0ms
188 silly placeDep ROOT anymatch@3.1.3 OK for: chokidar@3.5.3 want: ~3.1.2
189 silly fetch manifest picomatch@^2.0.4
190 silly placeDep ROOT braces@3.0.2 OK for: chokidar@3.5.3 want: ~3.0.2
191 silly fetch manifest fill-range@^7.0.1
192 silly placeDep ROOT fsevents@2.3.3 OK for: chokidar@3.5.3 want: ~2.3.2
193 silly placeDep node_modules/chokidar glob-parent@5.1.2 OK for: chokidar@3.5.3 want: ~5.1.2
194 silly placeDep ROOT is-binary-path@2.1.0 OK for: chokidar@3.5.3 want: ~2.1.0
195 silly fetch manifest binary-extensions@^2.0.0
196 silly placeDep ROOT readdirp@3.6.0 OK for: chokidar@3.5.3 want: ~3.6.0
197 silly fetch manifest picomatch@^2.2.1
198 http fetch GET 200 https://registry.npmjs.org/binary-extensions 72ms (cache miss)
199 http fetch GET 200 https://registry.npmjs.org/fill-range 84ms (cache miss)
200 timing idealTree:node_modules/chokidar Completed in 87ms
201 silly placeDep ROOT picomatch@2.3.1 OK for: anymatch@3.1.3 want: ^2.0.4
202 timing idealTree:node_modules/anymatch Completed in 1ms
203 silly placeDep ROOT fill-range@7.0.1 OK for: braces@3.0.2 want: ^7.0.1
204 silly fetch manifest to-regex-range@^5.0.1
205 http fetch GET 200 https://registry.npmjs.org/to-regex-range 76ms (cache miss)
206 timing idealTree:node_modules/braces Completed in 78ms
207 timing idealTree:node_modules/didyoumean Completed in 0ms
208 timing idealTree:node_modules/dlv Completed in 0ms
209 silly placeDep ROOT @nodelib/fs.stat@2.0.5 OK for: fast-glob@3.3.2 want: ^2.0.2
210 silly placeDep ROOT @nodelib/fs.walk@1.2.8 OK for: fast-glob@3.3.2 want: ^1.2.3
211 silly fetch manifest @nodelib/fs.scandir@2.1.5
212 silly fetch manifest fastq@^1.6.0
213 silly placeDep node_modules/fast-glob glob-parent@5.1.2 OK for: fast-glob@3.3.2 want: ^5.1.2
214 silly placeDep ROOT merge2@1.4.1 OK for: fast-glob@3.3.2 want: ^1.3.0
215 http fetch GET 200 https://registry.npmjs.org/fastq 69ms (cache miss)
216 http fetch GET 200 https://registry.npmjs.org/@nodelib%2ffs.scandir 104ms (cache miss)
217 timing idealTree:node_modules/fast-glob Completed in 107ms
218 timing idealTree:node_modules/@nodelib/fs.stat Completed in 0ms
219 silly placeDep ROOT @nodelib/fs.scandir@2.1.5 OK for: @nodelib/fs.walk@1.2.8 want: 2.1.5
220 silly fetch manifest run-parallel@^1.1.9
221 silly placeDep ROOT fastq@1.17.0 OK for: @nodelib/fs.walk@1.2.8 want: ^1.6.0
222 silly fetch manifest reusify@^1.0.4
223 http fetch GET 200 https://registry.npmjs.org/reusify 74ms (cache miss)
224 http fetch GET 200 https://registry.npmjs.org/run-parallel 75ms (cache miss)
225 timing idealTree:node_modules/@nodelib/fs.walk Completed in 77ms
226 silly placeDep ROOT run-parallel@1.2.0 OK for: @nodelib/fs.scandir@2.1.5 want: ^1.1.9
227 silly fetch manifest queue-microtask@^1.2.2
228 http fetch GET 200 https://registry.npmjs.org/queue-microtask 70ms (cache miss)
229 timing idealTree:node_modules/@nodelib/fs.scandir Completed in 72ms
230 silly placeDep ROOT reusify@1.0.4 OK for: fastq@1.17.0 want: ^1.0.4
231 timing idealTree:node_modules/fastq Completed in 1ms
232 silly placeDep ROOT to-regex-range@5.0.1 OK for: fill-range@7.0.1 want: ^5.0.1
233 silly fetch manifest is-number@^7.0.0
234 http fetch GET 200 https://registry.npmjs.org/is-number 69ms (cache miss)
235 timing idealTree:node_modules/fill-range Completed in 72ms
236 timing idealTree:node_modules/fsevents Completed in 0ms
237 timing idealTree:node_modules/glob-parent Completed in 0ms
238 silly placeDep ROOT binary-extensions@2.2.0 OK for: is-binary-path@2.1.0 want: ^2.0.0
239 timing idealTree:node_modules/is-binary-path Completed in 2ms
240 timing idealTree:node_modules/binary-extensions Completed in 0ms
241 silly placeDep ROOT is-extglob@2.1.1 OK for: is-glob@4.0.3 want: ^2.1.1
242 timing idealTree:node_modules/is-glob Completed in 2ms
243 timing idealTree:node_modules/is-extglob Completed in 0ms
244 timing idealTree:node_modules/jiti Completed in 0ms
245 timing idealTree:node_modules/lilconfig Completed in 0ms
246 timing idealTree:node_modules/merge2 Completed in 0ms
247 timing idealTree:node_modules/micromatch Completed in 0ms
248 timing idealTree:node_modules/normalize-path Completed in 0ms
249 timing idealTree:node_modules/object-hash Completed in 0ms
250 timing idealTree:node_modules/picocolors Completed in 0ms
251 timing idealTree:node_modules/picomatch Completed in 0ms
252 silly placeDep ROOT nanoid@3.3.7 OK for: postcss@8.4.33 want: ^3.3.7
253 silly placeDep ROOT source-map-js@1.0.2 OK for: postcss@8.4.33 want: ^1.0.2
254 timing idealTree:node_modules/postcss Completed in 1ms
255 timing idealTree:node_modules/nanoid Completed in 0ms
256 silly placeDep ROOT postcss-value-parser@4.2.0 OK for: postcss-import@15.1.0 want: ^4.0.0
257 silly placeDep ROOT read-cache@1.0.0 OK for: postcss-import@15.1.0 want: ^1.0.0
258 silly fetch manifest pify@^2.3.0
259 http fetch GET 200 https://registry.npmjs.org/pify 99ms (cache miss)
260 timing idealTree:node_modules/postcss-import Completed in 100ms
261 silly placeDep ROOT camelcase-css@2.0.1 OK for: postcss-js@4.0.1 want: ^2.0.1
262 timing idealTree:node_modules/postcss-js Completed in 0ms
263 timing idealTree:node_modules/camelcase-css Completed in 0ms
264 silly placeDep node_modules/postcss-load-config lilconfig@3.0.0 OK for: postcss-load-config@4.0.2 want: ^3.0.0
265 silly placeDep ROOT yaml@2.3.4 OK for: postcss-load-config@4.0.2 want: ^2.3.4
266 timing idealTree:node_modules/postcss-load-config Completed in 1ms
267 timing idealTree:node_modules/postcss-nested Completed in 0ms
268 silly placeDep ROOT cssesc@3.0.0 OK for: postcss-selector-parser@6.0.15 want: ^3.0.0
269 silly placeDep ROOT util-deprecate@1.0.2 OK for: postcss-selector-parser@6.0.15 want: ^1.0.2
270 timing idealTree:node_modules/postcss-selector-parser Completed in 1ms
271 timing idealTree:node_modules/cssesc Completed in 0ms
272 timing idealTree:node_modules/postcss-value-parser Completed in 0ms
273 silly placeDep ROOT pify@2.3.0 OK for: read-cache@1.0.0 want: ^2.3.0
274 timing idealTree:node_modules/read-cache Completed in 0ms
275 timing idealTree:node_modules/pify Completed in 0ms
276 timing idealTree:node_modules/readdirp Completed in 0ms
277 silly placeDep ROOT is-core-module@2.13.1 OK for: resolve@1.22.8 want: ^2.13.0
278 silly fetch manifest hasown@^2.0.0
279 silly placeDep ROOT path-parse@1.0.7 OK for: resolve@1.22.8 want: ^1.0.7
280 silly placeDep ROOT supports-preserve-symlinks-flag@1.0.0 OK for: resolve@1.22.8 want: ^1.0.0
281 http fetch GET 200 https://registry.npmjs.org/hasown 71ms (cache miss)
282 timing idealTree:node_modules/resolve Completed in 73ms
283 silly placeDep ROOT hasown@2.0.0 OK for: is-core-module@2.13.1 want: ^2.0.0
284 silly fetch manifest function-bind@^1.1.2
285 http fetch GET 200 https://registry.npmjs.org/function-bind 76ms (cache miss)
286 timing idealTree:node_modules/is-core-module Completed in 77ms
287 silly placeDep ROOT function-bind@1.1.2 OK for: hasown@2.0.0 want: ^1.1.2
288 timing idealTree:node_modules/hasown Completed in 1ms
289 timing idealTree:node_modules/function-bind Completed in 0ms
290 timing idealTree:node_modules/path-parse Completed in 0ms
291 timing idealTree:node_modules/reusify Completed in 0ms
292 silly placeDep ROOT queue-microtask@1.2.3 OK for: run-parallel@1.2.0 want: ^1.2.2
293 timing idealTree:node_modules/run-parallel Completed in 0ms
294 timing idealTree:node_modules/queue-microtask Completed in 0ms
295 timing idealTree:node_modules/source-map-js Completed in 0ms
296 silly placeDep ROOT @jridgewell/gen-mapping@0.3.3 OK for: sucrase@3.35.0 want: ^0.3.2
297 silly fetch manifest @jridgewell/set-array@^1.0.1
298 silly fetch manifest @jridgewell/sourcemap-codec@^1.4.10
299 silly fetch manifest @jridgewell/trace-mapping@^0.3.9
300 silly placeDep ROOT commander@4.1.1 OK for: sucrase@3.35.0 want: ^4.0.0
301 silly placeDep ROOT glob@10.3.10 OK for: sucrase@3.35.0 want: ^10.3.10
302 silly fetch manifest foreground-child@^3.1.0
303 silly fetch manifest jackspeak@^2.3.5
304 silly fetch manifest minimatch@^9.0.1
305 silly fetch manifest minipass@^5.0.0 || ^6.0.2 || ^7.0.0
306 silly fetch manifest path-scurry@^1.10.1
307 silly placeDep ROOT lines-and-columns@1.2.4 OK for: sucrase@3.35.0 want: ^1.1.6
308 silly placeDep ROOT mz@2.7.0 OK for: sucrase@3.35.0 want: ^2.7.0
309 silly fetch manifest any-promise@^1.0.0
310 silly fetch manifest object-assign@^4.0.1
311 silly fetch manifest thenify-all@^1.0.0
312 silly placeDep ROOT pirates@4.0.6 OK for: sucrase@3.35.0 want: ^4.0.1
313 silly placeDep ROOT ts-interface-checker@0.1.13 OK for: sucrase@3.35.0 want: ^0.1.9
314 http fetch GET 200 https://registry.npmjs.org/minipass 79ms (cache miss)
315 http fetch GET 200 https://registry.npmjs.org/minimatch 80ms (cache miss)
316 http fetch GET 200 https://registry.npmjs.org/object-assign 79ms (cache miss)
317 http fetch GET 200 https://registry.npmjs.org/path-scurry 81ms (cache miss)
318 http fetch GET 200 https://registry.npmjs.org/foreground-child 81ms (cache miss)
319 http fetch GET 200 https://registry.npmjs.org/@jridgewell%2fset-array 104ms (cache miss)
320 http fetch GET 200 https://registry.npmjs.org/thenify-all 105ms (cache miss)
321 http fetch GET 200 https://registry.npmjs.org/@jridgewell%2fsourcemap-codec 107ms (cache miss)
322 http fetch GET 200 https://registry.npmjs.org/jackspeak 106ms (cache miss)
323 http fetch GET 200 https://registry.npmjs.org/any-promise 106ms (cache miss)
324 http fetch GET 200 https://registry.npmjs.org/@jridgewell%2ftrace-mapping 117ms (cache miss)
325 timing idealTree:node_modules/sucrase Completed in 119ms
326 silly placeDep ROOT @jridgewell/set-array@1.1.2 OK for: @jridgewell/gen-mapping@0.3.3 want: ^1.0.1
327 silly placeDep ROOT @jridgewell/sourcemap-codec@1.4.15 OK for: @jridgewell/gen-mapping@0.3.3 want: ^1.4.10
328 silly placeDep ROOT @jridgewell/trace-mapping@0.3.22 OK for: @jridgewell/gen-mapping@0.3.3 want: ^0.3.9
329 silly fetch manifest @jridgewell/resolve-uri@^3.1.0
330 http fetch GET 200 https://registry.npmjs.org/@jridgewell%2fresolve-uri 106ms (cache miss)
331 timing idealTree:node_modules/@jridgewell/gen-mapping Completed in 108ms
332 timing idealTree:node_modules/@jridgewell/set-array Completed in 0ms
333 timing idealTree:node_modules/@jridgewell/sourcemap-codec Completed in 0ms
334 silly placeDep ROOT @jridgewell/resolve-uri@3.1.1 OK for: @jridgewell/trace-mapping@0.3.22 want: ^3.1.0
335 timing idealTree:node_modules/@jridgewell/trace-mapping Completed in 1ms
336 timing idealTree:node_modules/@jridgewell/resolve-uri Completed in 0ms
337 timing idealTree:node_modules/commander Completed in 0ms
338 silly placeDep ROOT foreground-child@3.1.1 OK for: glob@10.3.10 want: ^3.1.0
339 silly fetch manifest cross-spawn@^7.0.0
340 silly fetch manifest signal-exit@^4.0.1
341 silly placeDep ROOT jackspeak@2.3.6 OK for: glob@10.3.10 want: ^2.3.5
342 silly fetch manifest @isaacs/cliui@^8.0.2
343 silly fetch manifest @pkgjs/parseargs@^0.11.0
344 silly placeDep ROOT minimatch@9.0.3 OK for: glob@10.3.10 want: ^9.0.1
345 silly fetch manifest brace-expansion@^2.0.1
346 silly placeDep ROOT minipass@7.0.4 OK for: glob@10.3.10 want: ^5.0.0 || ^6.0.2 || ^7.0.0
347 silly placeDep ROOT path-scurry@1.10.1 OK for: glob@10.3.10 want: ^1.10.1
348 silly fetch manifest lru-cache@^9.1.1 || ^10.0.0
349 http fetch GET 200 https://registry.npmjs.org/cross-spawn 72ms (cache miss)
350 http fetch GET 200 https://registry.npmjs.org/brace-expansion 72ms (cache miss)
351 http fetch GET 200 https://registry.npmjs.org/signal-exit 77ms (cache miss)
352 http fetch GET 200 https://registry.npmjs.org/lru-cache 81ms (cache miss)
353 http fetch GET 200 https://registry.npmjs.org/@isaacs%2fcliui 100ms (cache miss)
354 http fetch GET 200 https://registry.npmjs.org/@pkgjs%2fparseargs 356ms (cache miss)
355 timing idealTree:node_modules/glob Completed in 358ms
356 silly placeDep ROOT cross-spawn@7.0.3 OK for: foreground-child@3.1.1 want: ^7.0.0
357 silly fetch manifest path-key@^3.1.0
358 silly fetch manifest shebang-command@^2.0.0
359 silly fetch manifest which@^2.0.1
360 silly placeDep ROOT signal-exit@4.1.0 OK for: foreground-child@3.1.1 want: ^4.0.1
361 http fetch GET 200 https://registry.npmjs.org/path-key 69ms (cache miss)
362 http fetch GET 200 https://registry.npmjs.org/shebang-command 69ms (cache miss)
363 http fetch GET 200 https://registry.npmjs.org/which 76ms (cache miss)
364 timing idealTree:node_modules/foreground-child Completed in 81ms
365 silly placeDep ROOT path-key@3.1.1 OK for: cross-spawn@7.0.3 want: ^3.1.0
366 silly placeDep ROOT shebang-command@2.0.0 OK for: cross-spawn@7.0.3 want: ^2.0.0
367 silly fetch manifest shebang-regex@^3.0.0
368 silly placeDep ROOT which@2.0.2 OK for: cross-spawn@7.0.3 want: ^2.0.1
369 silly fetch manifest isexe@^2.0.0
370 http fetch GET 200 https://registry.npmjs.org/isexe 69ms (cache miss)
371 http fetch GET 200 https://registry.npmjs.org/shebang-regex 73ms (cache miss)
372 timing idealTree:node_modules/cross-spawn Completed in 77ms
373 silly placeDep ROOT @isaacs/cliui@8.0.2 OK for: jackspeak@2.3.6 want: ^8.0.2
374 silly fetch manifest string-width@^5.1.2
375 silly fetch manifest string-width-cjs@npm:string-width@^4.2.0
376 silly fetch manifest strip-ansi@^7.0.1
377 silly fetch manifest strip-ansi-cjs@npm:strip-ansi@^6.0.1
378 silly fetch manifest wrap-ansi@^8.1.0
379 silly fetch manifest wrap-ansi-cjs@npm:wrap-ansi@^7.0.0
380 silly placeDep ROOT @pkgjs/parseargs@0.11.0 OK for: jackspeak@2.3.6 want: ^0.11.0
381 http fetch GET 200 https://registry.npmjs.org/string-width 75ms (cache miss)
382 http fetch GET 200 https://registry.npmjs.org/strip-ansi 76ms (cache miss)
383 http fetch GET 200 https://registry.npmjs.org/string-width 77ms (cache miss)
384 http fetch GET 200 https://registry.npmjs.org/wrap-ansi 77ms (cache miss)
385 http fetch GET 200 https://registry.npmjs.org/wrap-ansi 77ms (cache miss)
386 http fetch GET 200 https://registry.npmjs.org/strip-ansi 92ms (cache miss)
387 timing idealTree:node_modules/jackspeak Completed in 93ms
388 silly placeDep ROOT string-width@5.1.2 OK for: @isaacs/cliui@8.0.2 want: ^5.1.2
389 silly fetch manifest eastasianwidth@^0.2.0
390 silly fetch manifest emoji-regex@^9.2.2
391 silly placeDep ROOT string-width-cjs@4.2.3 OK for: @isaacs/cliui@8.0.2 want: npm:string-width@^4.2.0
392 silly fetch manifest emoji-regex@^8.0.0
393 silly fetch manifest is-fullwidth-code-point@^3.0.0
394 silly fetch manifest strip-ansi@^6.0.1
395 silly placeDep ROOT strip-ansi@7.1.0 OK for: @isaacs/cliui@8.0.2 want: ^7.0.1
396 silly fetch manifest ansi-regex@^6.0.1
397 silly placeDep ROOT strip-ansi-cjs@6.0.1 OK for: @isaacs/cliui@8.0.2 want: npm:strip-ansi@^6.0.1
398 silly fetch manifest ansi-regex@^5.0.1
399 silly placeDep ROOT wrap-ansi@8.1.0 OK for: @isaacs/cliui@8.0.2 want: ^8.1.0
400 silly fetch manifest ansi-styles@^6.1.0
401 silly placeDep ROOT wrap-ansi-cjs@7.0.0 OK for: @isaacs/cliui@8.0.2 want: npm:wrap-ansi@^7.0.0
402 silly fetch manifest ansi-styles@^4.0.0
403 silly fetch manifest string-width@^4.1.0
404 silly fetch manifest strip-ansi@^6.0.0
405 http fetch GET 200 https://registry.npmjs.org/ansi-regex 85ms (cache miss)
406 http fetch GET 200 https://registry.npmjs.org/ansi-styles 85ms (cache miss)
407 http fetch GET 200 https://registry.npmjs.org/is-fullwidth-code-point 87ms (cache miss)
408 http fetch GET 200 https://registry.npmjs.org/eastasianwidth 90ms (cache miss)
409 http fetch GET 200 https://registry.npmjs.org/ansi-regex 87ms (cache miss)
410 http fetch GET 200 https://registry.npmjs.org/ansi-styles 85ms (cache miss)
411 http fetch GET 200 https://registry.npmjs.org/emoji-regex 90ms (cache miss)
412 http fetch GET 200 https://registry.npmjs.org/emoji-regex 96ms (cache miss)
413 timing idealTree:node_modules/@isaacs/cliui Completed in 101ms
414 timing idealTree:node_modules/@pkgjs/parseargs Completed in 1ms
415 timing idealTree:node_modules/lines-and-columns Completed in 0ms
416 silly placeDep ROOT brace-expansion@2.0.1 OK for: minimatch@9.0.3 want: ^2.0.1
417 silly fetch manifest balanced-match@^1.0.0
418 http fetch GET 200 https://registry.npmjs.org/balanced-match 79ms (cache miss)
419 timing idealTree:node_modules/minimatch Completed in 80ms
420 silly placeDep ROOT balanced-match@1.0.2 OK for: brace-expansion@2.0.1 want: ^1.0.0
421 timing idealTree:node_modules/brace-expansion Completed in 1ms
422 timing idealTree:node_modules/balanced-match Completed in 0ms
423 timing idealTree:node_modules/minipass Completed in 0ms
424 silly placeDep ROOT any-promise@1.3.0 OK for: mz@2.7.0 want: ^1.0.0
425 silly placeDep ROOT object-assign@4.1.1 OK for: mz@2.7.0 want: ^4.0.1
426 silly placeDep ROOT thenify-all@1.6.0 OK for: mz@2.7.0 want: ^1.0.0
427 silly fetch manifest thenify@>= 3.1.0 < 4
428 http fetch GET 200 https://registry.npmjs.org/thenify 193ms (cache miss)
429 timing idealTree:node_modules/mz Completed in 198ms
430 timing idealTree:node_modules/any-promise Completed in 0ms
431 timing idealTree:node_modules/object-assign Completed in 0ms
432 timing idealTree:node_modules/path-key Completed in 0ms
433 silly placeDep ROOT lru-cache@10.2.0 OK for: path-scurry@1.10.1 want: ^9.1.1 || ^10.0.0
434 timing idealTree:node_modules/path-scurry Completed in 1ms
435 timing idealTree:node_modules/lru-cache Completed in 0ms
436 timing idealTree:node_modules/pirates Completed in 0ms
437 silly placeDep ROOT shebang-regex@3.0.0 OK for: shebang-command@2.0.0 want: ^3.0.0
438 timing idealTree:node_modules/shebang-command Completed in 1ms
439 timing idealTree:node_modules/shebang-regex Completed in 0ms
440 timing idealTree:node_modules/signal-exit Completed in 0ms
441 silly placeDep ROOT eastasianwidth@0.2.0 OK for: string-width@5.1.2 want: ^0.2.0
442 silly placeDep ROOT emoji-regex@9.2.2 OK for: string-width@5.1.2 want: ^9.2.2
443 timing idealTree:node_modules/string-width Completed in 1ms
444 timing idealTree:node_modules/eastasianwidth Completed in 0ms
445 timing idealTree:node_modules/emoji-regex Completed in 0ms
446 silly placeDep node_modules/string-width-cjs emoji-regex@8.0.0 OK for: string-width@4.2.3 want: ^8.0.0
447 silly placeDep ROOT is-fullwidth-code-point@3.0.0 OK for: string-width@4.2.3 want: ^3.0.0
448 silly placeDep node_modules/string-width-cjs strip-ansi@6.0.1 OK for: string-width@4.2.3 want: ^6.0.1
449 timing idealTree:node_modules/string-width-cjs Completed in 3ms
450 timing idealTree:node_modules/is-fullwidth-code-point Completed in 0ms
451 silly placeDep ROOT ansi-regex@6.0.1 OK for: strip-ansi@7.1.0 want: ^6.0.1
452 timing idealTree:node_modules/strip-ansi Completed in 1ms
453 timing idealTree:node_modules/ansi-regex Completed in 0ms
454 silly placeDep node_modules/strip-ansi-cjs ansi-regex@5.0.1 OK for: strip-ansi@6.0.1 want: ^5.0.1
455 timing idealTree:node_modules/strip-ansi-cjs Completed in 1ms
456 timing idealTree:node_modules/supports-preserve-symlinks-flag Completed in 0ms
457 silly placeDep ROOT thenify@3.3.1 OK for: thenify-all@1.6.0 want: >= 3.1.0 < 4
458 timing idealTree:node_modules/thenify-all Completed in 1ms
459 timing idealTree:node_modules/thenify Completed in 0ms
460 silly placeDep ROOT is-number@7.0.0 OK for: to-regex-range@5.0.1 want: ^7.0.0
461 timing idealTree:node_modules/to-regex-range Completed in 0ms
462 timing idealTree:node_modules/is-number Completed in 0ms
463 timing idealTree:node_modules/ts-interface-checker Completed in 0ms
464 timing idealTree:node_modules/util-deprecate Completed in 0ms
465 silly placeDep ROOT isexe@2.0.0 OK for: which@2.0.2 want: ^2.0.0
466 timing idealTree:node_modules/which Completed in 1ms
467 timing idealTree:node_modules/isexe Completed in 0ms
468 silly placeDep ROOT ansi-styles@6.2.1 OK for: wrap-ansi@8.1.0 want: ^6.1.0
469 timing idealTree:node_modules/wrap-ansi Completed in 0ms
470 timing idealTree:node_modules/ansi-styles Completed in 0ms
471 silly placeDep node_modules/wrap-ansi-cjs ansi-styles@4.3.0 OK for: wrap-ansi@7.0.0 want: ^4.0.0
472 silly fetch manifest color-convert@^2.0.1
473 silly placeDep node_modules/wrap-ansi-cjs string-width@4.2.3 OK for: wrap-ansi@7.0.0 want: ^4.1.0
474 silly placeDep node_modules/wrap-ansi-cjs strip-ansi@6.0.1 OK for: wrap-ansi@7.0.0 want: ^6.0.0
475 http fetch GET 200 https://registry.npmjs.org/color-convert 72ms (cache miss)
476 timing idealTree:node_modules/wrap-ansi-cjs Completed in 73ms
477 timing idealTree:node_modules/yaml Completed in 0ms
478 timing idealTree:node_modules/chokidar/node_modules/glob-parent Completed in 0ms
479 timing idealTree:node_modules/fast-glob/node_modules/glob-parent Completed in 0ms
480 timing idealTree:node_modules/postcss-load-config/node_modules/lilconfig Completed in 0ms
481 timing idealTree:node_modules/string-width-cjs/node_modules/emoji-regex Completed in 0ms
482 silly placeDep node_modules/string-width-cjs ansi-regex@5.0.1 OK for: strip-ansi@6.0.1 want: ^5.0.1
483 timing idealTree:node_modules/string-width-cjs/node_modules/strip-ansi Completed in 1ms
484 timing idealTree:node_modules/string-width-cjs/node_modules/ansi-regex Completed in 1ms
485 timing idealTree:node_modules/strip-ansi-cjs/node_modules/ansi-regex Completed in 0ms
486 silly placeDep ROOT color-convert@2.0.1 OK for: ansi-styles@4.3.0 want: ^2.0.1
487 silly fetch manifest color-name@~1.1.4
488 http fetch GET 200 https://registry.npmjs.org/color-name 73ms (cache miss)
489 timing idealTree:node_modules/wrap-ansi-cjs/node_modules/ansi-styles Completed in 75ms
490 silly placeDep ROOT color-name@1.1.4 OK for: color-convert@2.0.1 want: ~1.1.4
491 timing idealTree:node_modules/color-convert Completed in 2ms
492 timing idealTree:node_modules/color-name Completed in 0ms
493 silly placeDep node_modules/wrap-ansi-cjs emoji-regex@8.0.0 OK for: string-width@4.2.3 want: ^8.0.0
494 timing idealTree:node_modules/wrap-ansi-cjs/node_modules/string-width Completed in 1ms
495 timing idealTree:node_modules/wrap-ansi-cjs/node_modules/emoji-regex Completed in 0ms
496 silly placeDep node_modules/wrap-ansi-cjs ansi-regex@5.0.1 OK for: strip-ansi@6.0.1 want: ^5.0.1
497 timing idealTree:node_modules/wrap-ansi-cjs/node_modules/strip-ansi Completed in 2ms
498 timing idealTree:node_modules/wrap-ansi-cjs/node_modules/ansi-regex Completed in 0ms
499 timing idealTree:buildDeps Completed in 5916ms
500 timing idealTree:fixDepFlags Completed in 2ms
501 timing idealTree Completed in 5927ms
502 timing reify:loadTrees Completed in 5928ms
503 timing reify:diffTrees Completed in 4ms
504 silly reify moves {}
505 timing reify:retireShallow Completed in 1ms
506 timing reify:createSparse Completed in 6ms
507 timing reify:loadBundles Completed in 0ms
508 silly audit bulk request {
508 silly audit   tailwindcss: [ '3.4.1' ],
508 silly audit   '@alloc/quick-lru': [ '5.2.0' ],
508 silly audit   arg: [ '5.0.2' ],
508 silly audit   chokidar: [ '3.5.3' ],
508 silly audit   didyoumean: [ '1.2.2' ],
508 silly audit   dlv: [ '1.1.3' ],
508 silly audit   'fast-glob': [ '3.3.2' ],
508 silly audit   'glob-parent': [ '6.0.2', '5.1.2' ],
508 silly audit   'is-glob': [ '4.0.3' ],
508 silly audit   jiti: [ '1.21.0' ],
508 silly audit   lilconfig: [ '2.1.0', '3.0.0' ],
508 silly audit   micromatch: [ '4.0.5' ],
508 silly audit   'normalize-path': [ '3.0.0' ],
508 silly audit   'object-hash': [ '3.0.0' ],
508 silly audit   picocolors: [ '1.0.0' ],
508 silly audit   postcss: [ '8.4.33' ],
508 silly audit   'postcss-import': [ '15.1.0' ],
508 silly audit   'postcss-js': [ '4.0.1' ],
508 silly audit   'postcss-load-config': [ '4.0.2' ],
508 silly audit   'postcss-nested': [ '6.0.1' ],
508 silly audit   'postcss-selector-parser': [ '6.0.15' ],
508 silly audit   resolve: [ '1.22.8' ],
508 silly audit   sucrase: [ '3.35.0' ],
508 silly audit   anymatch: [ '3.1.3' ],
508 silly audit   braces: [ '3.0.2' ],
508 silly audit   fsevents: [ '2.3.3' ],
508 silly audit   'is-binary-path': [ '2.1.0' ],
508 silly audit   readdirp: [ '3.6.0' ],
508 silly audit   picomatch: [ '2.3.1' ],
508 silly audit   'fill-range': [ '7.0.1' ],
508 silly audit   '@nodelib/fs.stat': [ '2.0.5' ],
508 silly audit   '@nodelib/fs.walk': [ '1.2.8' ],
508 silly audit   merge2: [ '1.4.1' ],
508 silly audit   '@nodelib/fs.scandir': [ '2.1.5' ],
508 silly audit   fastq: [ '1.17.0' ],
508 silly audit   'run-parallel': [ '1.2.0' ],
508 silly audit   reusify: [ '1.0.4' ],
508 silly audit   'to-regex-range': [ '5.0.1' ],
508 silly audit   'binary-extensions': [ '2.2.0' ],
508 silly audit   'is-extglob': [ '2.1.1' ],
508 silly audit   nanoid: [ '3.3.7' ],
508 silly audit   'source-map-js': [ '1.0.2' ],
508 silly audit   'postcss-value-parser': [ '4.2.0' ],
508 silly audit   'read-cache': [ '1.0.0' ],
508 silly audit   'camelcase-css': [ '2.0.1' ],
508 silly audit   yaml: [ '2.3.4' ],
508 silly audit   cssesc: [ '3.0.0' ],
508 silly audit   'util-deprecate': [ '1.0.2' ],
508 silly audit   pify: [ '2.3.0' ],
508 silly audit   'is-core-module': [ '2.13.1' ],
508 silly audit   'path-parse': [ '1.0.7' ],
508 silly audit   'supports-preserve-symlinks-flag': [ '1.0.0' ],
508 silly audit   hasown: [ '2.0.0' ],
508 silly audit   'function-bind': [ '1.1.2' ],
508 silly audit   'queue-microtask': [ '1.2.3' ],
508 silly audit   '@jridgewell/gen-mapping': [ '0.3.3' ],
508 silly audit   commander: [ '4.1.1' ],
508 silly audit   glob: [ '10.3.10' ],
508 silly audit   'lines-and-columns': [ '1.2.4' ],
508 silly audit   mz: [ '2.7.0' ],
508 silly audit   pirates: [ '4.0.6' ],
508 silly audit   'ts-interface-checker': [ '0.1.13' ],
508 silly audit   '@jridgewell/set-array': [ '1.1.2' ],
508 silly audit   '@jridgewell/sourcemap-codec': [ '1.4.15' ],
508 silly audit   '@jridgewell/trace-mapping': [ '0.3.22' ],
508 silly audit   '@jridgewell/resolve-uri': [ '3.1.1' ],
508 silly audit   'foreground-child': [ '3.1.1' ],
508 silly audit   jackspeak: [ '2.3.6' ],
508 silly audit   minimatch: [ '9.0.3' ],
508 silly audit   minipass: [ '7.0.4' ],
508 silly audit   'path-scurry': [ '1.10.1' ],
508 silly audit   'cross-spawn': [ '7.0.3' ],
508 silly audit   'signal-exit': [ '4.1.0' ],
508 silly audit   'path-key': [ '3.1.1' ],
508 silly audit   'shebang-command': [ '2.0.0' ],
508 silly audit   which: [ '2.0.2' ],
508 silly audit   '@isaacs/cliui': [ '8.0.2' ],
508 silly audit   '@pkgjs/parseargs': [ '0.11.0' ],
508 silly audit   'string-width': [ '5.1.2', '4.2.3' ],
508 silly audit   'strip-ansi': [ '7.1.0', '6.0.1' ],
508 silly audit   'wrap-ansi': [ '8.1.0', '7.0.0' ],
508 silly audit   'brace-expansion': [ '2.0.1' ],
508 silly audit   'balanced-match': [ '1.0.2' ],
508 silly audit   'any-promise': [ '1.3.0' ],
508 silly audit   'object-assign': [ '4.1.1' ],
508 silly audit   'thenify-all': [ '1.6.0' ],
508 silly audit   'lru-cache': [ '10.2.0' ],
508 silly audit   'shebang-regex': [ '3.0.0' ],
508 silly audit   eastasianwidth: [ '0.2.0' ],
508 silly audit   'emoji-regex': [ '9.2.2', '8.0.0' ],
508 silly audit   'is-fullwidth-code-point': [ '3.0.0' ],
508 silly audit   'ansi-regex': [ '6.0.1', '5.0.1' ],
508 silly audit   thenify: [ '3.3.1' ],
508 silly audit   'is-number': [ '7.0.0' ],
508 silly audit   isexe: [ '2.0.0' ],
508 silly audit   'ansi-styles': [ '6.2.1', '4.3.0' ],
508 silly audit   'color-convert': [ '2.0.1' ],
508 silly audit   'color-name': [ '1.1.4' ]
508 silly audit }
509 silly tarball no local data for ansi-styles@https://registry.npmjs.org/ansi-styles/-/ansi-styles-6.2.1.tgz. Extracting by manifest.
510 silly tarball no local data for is-number@https://registry.npmjs.org/is-number/-/is-number-7.0.0.tgz. Extracting by manifest.
511 silly tarball no local data for color-name@https://registry.npmjs.org/color-name/-/color-name-1.1.4.tgz. Extracting by manifest.
512 silly tarball no local data for emoji-regex@https://registry.npmjs.org/emoji-regex/-/emoji-regex-9.2.2.tgz. Extracting by manifest.
513 silly tarball no local data for ansi-regex@https://registry.npmjs.org/ansi-regex/-/ansi-regex-6.0.1.tgz. Extracting by manifest.
514 silly tarball no local data for eastasianwidth@https://registry.npmjs.org/eastasianwidth/-/eastasianwidth-0.2.0.tgz. Extracting by manifest.
515 silly tarball no local data for shebang-regex@https://registry.npmjs.org/shebang-regex/-/shebang-regex-3.0.0.tgz. Extracting by manifest.
516 silly tarball no local data for color-convert@https://registry.npmjs.org/color-convert/-/color-convert-2.0.1.tgz. Extracting by manifest.
517 silly tarball no local data for isexe@https://registry.npmjs.org/isexe/-/isexe-2.0.0.tgz. Extracting by manifest.
518 silly tarball no local data for lru-cache@https://registry.npmjs.org/lru-cache/-/lru-cache-10.2.0.tgz. Extracting by manifest.
519 silly tarball no local data for object-assign@https://registry.npmjs.org/object-assign/-/object-assign-4.1.1.tgz. Extracting by manifest.
520 silly tarball no local data for thenify-all@https://registry.npmjs.org/thenify-all/-/thenify-all-1.6.0.tgz. Extracting by manifest.
521 silly tarball no local data for any-promise@https://registry.npmjs.org/any-promise/-/any-promise-1.3.0.tgz. Extracting by manifest.
522 silly tarball no local data for wrap-ansi-cjs@https://registry.npmjs.org/wrap-ansi/-/wrap-ansi-7.0.0.tgz. Extracting by manifest.
523 silly tarball no local data for is-fullwidth-code-point@https://registry.npmjs.org/is-fullwidth-code-point/-/is-fullwidth-code-point-3.0.0.tgz. Extracting by manifest.
524 silly tarball no local data for wrap-ansi@https://registry.npmjs.org/wrap-ansi/-/wrap-ansi-8.1.0.tgz. Extracting by manifest.
525 silly tarball no local data for strip-ansi@https://registry.npmjs.org/strip-ansi/-/strip-ansi-7.1.0.tgz. Extracting by manifest.
526 silly tarball no local data for balanced-match@https://registry.npmjs.org/balanced-match/-/balanced-match-1.0.2.tgz. Extracting by manifest.
527 silly tarball no local data for string-width-cjs@https://registry.npmjs.org/string-width/-/string-width-4.2.3.tgz. Extracting by manifest.
528 silly tarball no local data for strip-ansi-cjs@https://registry.npmjs.org/strip-ansi/-/strip-ansi-6.0.1.tgz. Extracting by manifest.
529 silly tarball no local data for string-width@https://registry.npmjs.org/string-width/-/string-width-5.1.2.tgz. Extracting by manifest.
530 silly tarball no local data for brace-expansion@https://registry.npmjs.org/brace-expansion/-/brace-expansion-2.0.1.tgz. Extracting by manifest.
531 silly tarball no local data for @pkgjs/parseargs@https://registry.npmjs.org/@pkgjs/parseargs/-/parseargs-0.11.0.tgz. Extracting by manifest.
532 silly tarball no local data for @isaacs/cliui@https://registry.npmjs.org/@isaacs/cliui/-/cliui-8.0.2.tgz. Extracting by manifest.
533 silly tarball no local data for which@https://registry.npmjs.org/which/-/which-2.0.2.tgz. Extracting by manifest.
534 silly tarball no local data for shebang-command@https://registry.npmjs.org/shebang-command/-/shebang-command-2.0.0.tgz. Extracting by manifest.
535 silly tarball no local data for cross-spawn@https://registry.npmjs.org/cross-spawn/-/cross-spawn-7.0.3.tgz. Extracting by manifest.
536 silly tarball no local data for signal-exit@https://registry.npmjs.org/signal-exit/-/signal-exit-4.1.0.tgz. Extracting by manifest.
537 silly tarball no local data for thenify@https://registry.npmjs.org/thenify/-/thenify-3.3.1.tgz. Extracting by manifest.
538 silly tarball no local data for minipass@https://registry.npmjs.org/minipass/-/minipass-7.0.4.tgz. Extracting by manifest.
539 silly tarball no local data for path-key@https://registry.npmjs.org/path-key/-/path-key-3.1.1.tgz. Extracting by manifest.
540 silly tarball no local data for path-scurry@https://registry.npmjs.org/path-scurry/-/path-scurry-1.10.1.tgz. Extracting by manifest.
541 silly tarball no local data for minimatch@https://registry.npmjs.org/minimatch/-/minimatch-9.0.3.tgz. Extracting by manifest.
542 silly tarball no local data for foreground-child@https://registry.npmjs.org/foreground-child/-/foreground-child-3.1.1.tgz. Extracting by manifest.
543 silly tarball no local data for @jridgewell/trace-mapping@https://registry.npmjs.org/@jridgewell/trace-mapping/-/trace-mapping-0.3.22.tgz. Extracting by manifest.
544 silly tarball no local data for jackspeak@https://registry.npmjs.org/jackspeak/-/jackspeak-2.3.6.tgz. Extracting by manifest.
545 silly tarball no local data for @jridgewell/sourcemap-codec@https://registry.npmjs.org/@jridgewell/sourcemap-codec/-/sourcemap-codec-1.4.15.tgz. Extracting by manifest.
546 silly tarball no local data for ts-interface-checker@https://registry.npmjs.org/ts-interface-checker/-/ts-interface-checker-0.1.13.tgz. Extracting by manifest.
547 silly tarball no local data for pirates@https://registry.npmjs.org/pirates/-/pirates-4.0.6.tgz. Extracting by manifest.
548 silly tarball no local data for @jridgewell/resolve-uri@https://registry.npmjs.org/@jridgewell/resolve-uri/-/resolve-uri-3.1.1.tgz. Extracting by manifest.
549 silly tarball no local data for mz@https://registry.npmjs.org/mz/-/mz-2.7.0.tgz. Extracting by manifest.
550 silly tarball no local data for lines-and-columns@https://registry.npmjs.org/lines-and-columns/-/lines-and-columns-1.2.4.tgz. Extracting by manifest.
551 silly tarball no local data for queue-microtask@https://registry.npmjs.org/queue-microtask/-/queue-microtask-1.2.3.tgz. Extracting by manifest.
552 silly tarball no local data for @jridgewell/set-array@https://registry.npmjs.org/@jridgewell/set-array/-/set-array-1.1.2.tgz. Extracting by manifest.
553 silly tarball no local data for commander@https://registry.npmjs.org/commander/-/commander-4.1.1.tgz. Extracting by manifest.
554 silly tarball no local data for @jridgewell/gen-mapping@https://registry.npmjs.org/@jridgewell/gen-mapping/-/gen-mapping-0.3.3.tgz. Extracting by manifest.
555 silly tarball no local data for glob@https://registry.npmjs.org/glob/-/glob-10.3.10.tgz. Extracting by manifest.
556 silly tarball no local data for supports-preserve-symlinks-flag@https://registry.npmjs.org/supports-preserve-symlinks-flag/-/supports-preserve-symlinks-flag-1.0.0.tgz. Extracting by manifest.
557 silly tarball no local data for function-bind@https://registry.npmjs.org/function-bind/-/function-bind-1.1.2.tgz. Extracting by manifest.
558 silly tarball no local data for path-parse@https://registry.npmjs.org/path-parse/-/path-parse-1.0.7.tgz. Extracting by manifest.
559 silly tarball no local data for hasown@https://registry.npmjs.org/hasown/-/hasown-2.0.0.tgz. Extracting by manifest.
560 silly tarball no local data for is-core-module@https://registry.npmjs.org/is-core-module/-/is-core-module-2.13.1.tgz. Extracting by manifest.
561 silly tarball no local data for pify@https://registry.npmjs.org/pify/-/pify-2.3.0.tgz. Extracting by manifest.
562 silly tarball no local data for yaml@https://registry.npmjs.org/yaml/-/yaml-2.3.4.tgz. Extracting by manifest.
563 silly tarball no local data for cssesc@https://registry.npmjs.org/cssesc/-/cssesc-3.0.0.tgz. Extracting by manifest.
564 silly tarball no local data for read-cache@https://registry.npmjs.org/read-cache/-/read-cache-1.0.0.tgz. Extracting by manifest.
565 silly tarball no local data for camelcase-css@https://registry.npmjs.org/camelcase-css/-/camelcase-css-2.0.1.tgz. Extracting by manifest.
566 silly tarball no local data for nanoid@https://registry.npmjs.org/nanoid/-/nanoid-3.3.7.tgz. Extracting by manifest.
567 silly tarball no local data for is-extglob@https://registry.npmjs.org/is-extglob/-/is-extglob-2.1.1.tgz. Extracting by manifest.
568 silly tarball no local data for binary-extensions@https://registry.npmjs.org/binary-extensions/-/binary-extensions-2.2.0.tgz. Extracting by manifest.
569 silly tarball no local data for to-regex-range@https://registry.npmjs.org/to-regex-range/-/to-regex-range-5.0.1.tgz. Extracting by manifest.
570 silly tarball no local data for reusify@https://registry.npmjs.org/reusify/-/reusify-1.0.4.tgz. Extracting by manifest.
571 silly tarball no local data for run-parallel@https://registry.npmjs.org/run-parallel/-/run-parallel-1.2.0.tgz. Extracting by manifest.
572 silly tarball no local data for fastq@https://registry.npmjs.org/fastq/-/fastq-1.17.0.tgz. Extracting by manifest.
573 silly tarball no local data for @nodelib/fs.scandir@https://registry.npmjs.org/@nodelib/fs.scandir/-/fs.scandir-2.1.5.tgz. Extracting by manifest.
574 silly tarball no local data for merge2@https://registry.npmjs.org/merge2/-/merge2-1.4.1.tgz. Extracting by manifest.
575 silly tarball no local data for @nodelib/fs.walk@https://registry.npmjs.org/@nodelib/fs.walk/-/fs.walk-1.2.8.tgz. Extracting by manifest.
576 silly tarball no local data for @nodelib/fs.stat@https://registry.npmjs.org/@nodelib/fs.stat/-/fs.stat-2.0.5.tgz. Extracting by manifest.
577 silly tarball no local data for fill-range@https://registry.npmjs.org/fill-range/-/fill-range-7.0.1.tgz. Extracting by manifest.
578 silly tarball no local data for picomatch@https://registry.npmjs.org/picomatch/-/picomatch-2.3.1.tgz. Extracting by manifest.
579 silly tarball no local data for is-binary-path@https://registry.npmjs.org/is-binary-path/-/is-binary-path-2.1.0.tgz. Extracting by manifest.
580 silly tarball no local data for fsevents@https://registry.npmjs.org/fsevents/-/fsevents-2.3.3.tgz. Extracting by manifest.
581 silly tarball no local data for braces@https://registry.npmjs.org/braces/-/braces-3.0.2.tgz. Extracting by manifest.
582 silly tarball no local data for anymatch@https://registry.npmjs.org/anymatch/-/anymatch-3.1.3.tgz. Extracting by manifest.
583 silly tarball no local data for sucrase@https://registry.npmjs.org/sucrase/-/sucrase-3.35.0.tgz. Extracting by manifest.
584 silly tarball no local data for resolve@https://registry.npmjs.org/resolve/-/resolve-1.22.8.tgz. Extracting by manifest.
585 silly tarball no local data for postcss-selector-parser@https://registry.npmjs.org/postcss-selector-parser/-/postcss-selector-parser-6.0.15.tgz. Extracting by manifest.
586 silly tarball no local data for readdirp@https://registry.npmjs.org/readdirp/-/readdirp-3.6.0.tgz. Extracting by manifest.
587 silly tarball no local data for postcss-nested@https://registry.npmjs.org/postcss-nested/-/postcss-nested-6.0.1.tgz. Extracting by manifest.
588 silly tarball no local data for postcss-load-config@https://registry.npmjs.org/postcss-load-config/-/postcss-load-config-4.0.2.tgz. Extracting by manifest.
589 silly tarball no local data for postcss-js@https://registry.npmjs.org/postcss-js/-/postcss-js-4.0.1.tgz. Extracting by manifest.
590 silly tarball no local data for postcss@https://registry.npmjs.org/postcss/-/postcss-8.4.33.tgz. Extracting by manifest.
591 silly tarball no local data for postcss-import@https://registry.npmjs.org/postcss-import/-/postcss-import-15.1.0.tgz. Extracting by manifest.
592 silly tarball no local data for normalize-path@https://registry.npmjs.org/normalize-path/-/normalize-path-3.0.0.tgz. Extracting by manifest.
593 silly tarball no local data for picocolors@https://registry.npmjs.org/picocolors/-/picocolors-1.0.0.tgz. Extracting by manifest.
594 silly tarball no local data for object-hash@https://registry.npmjs.org/object-hash/-/object-hash-3.0.0.tgz. Extracting by manifest.
595 silly tarball no local data for lilconfig@https://registry.npmjs.org/lilconfig/-/lilconfig-2.1.0.tgz. Extracting by manifest.
596 silly tarball no local data for micromatch@https://registry.npmjs.org/micromatch/-/micromatch-4.0.5.tgz. Extracting by manifest.
597 silly tarball no local data for is-glob@https://registry.npmjs.org/is-glob/-/is-glob-4.0.3.tgz. Extracting by manifest.
598 silly tarball no local data for fast-glob@https://registry.npmjs.org/fast-glob/-/fast-glob-3.3.2.tgz. Extracting by manifest.
599 silly tarball no local data for chokidar@https://registry.npmjs.org/chokidar/-/chokidar-3.5.3.tgz. Extracting by manifest.
600 silly tarball no local data for dlv@https://registry.npmjs.org/dlv/-/dlv-1.1.3.tgz. Extracting by manifest.
601 silly tarball no local data for glob-parent@https://registry.npmjs.org/glob-parent/-/glob-parent-6.0.2.tgz. Extracting by manifest.
602 silly tarball no local data for didyoumean@https://registry.npmjs.org/didyoumean/-/didyoumean-1.2.2.tgz. Extracting by manifest.
603 silly tarball no local data for postcss-value-parser@https://registry.npmjs.org/postcss-value-parser/-/postcss-value-parser-4.2.0.tgz. Extracting by manifest.
604 silly tarball no local data for jiti@https://registry.npmjs.org/jiti/-/jiti-1.21.0.tgz. Extracting by manifest.
605 silly tarball no local data for emoji-regex@https://registry.npmjs.org/emoji-regex/-/emoji-regex-8.0.0.tgz. Extracting by manifest.
606 silly tarball no local data for arg@https://registry.npmjs.org/arg/-/arg-5.0.2.tgz. Extracting by manifest.
607 silly tarball no local data for @alloc/quick-lru@https://registry.npmjs.org/@alloc/quick-lru/-/quick-lru-5.2.0.tgz. Extracting by manifest.
608 silly tarball no local data for tailwindcss@https://registry.npmjs.org/tailwindcss/-/tailwindcss-3.4.1.tgz. Extracting by manifest.
609 silly tarball no local data for strip-ansi@https://registry.npmjs.org/strip-ansi/-/strip-ansi-6.0.1.tgz. Extracting by manifest.
610 silly tarball no local data for ansi-regex@https://registry.npmjs.org/ansi-regex/-/ansi-regex-5.0.1.tgz. Extracting by manifest.
611 silly tarball no local data for ansi-regex@https://registry.npmjs.org/ansi-regex/-/ansi-regex-5.0.1.tgz. Extracting by manifest.
612 silly tarball no local data for emoji-regex@https://registry.npmjs.org/emoji-regex/-/emoji-regex-8.0.0.tgz. Extracting by manifest.
613 silly tarball no local data for strip-ansi@https://registry.npmjs.org/strip-ansi/-/strip-ansi-6.0.1.tgz. Extracting by manifest.
614 silly tarball no local data for ansi-regex@https://registry.npmjs.org/ansi-regex/-/ansi-regex-5.0.1.tgz. Extracting by manifest.
615 silly tarball no local data for string-width@https://registry.npmjs.org/string-width/-/string-width-4.2.3.tgz. Extracting by manifest.
616 silly tarball no local data for ansi-styles@https://registry.npmjs.org/ansi-styles/-/ansi-styles-4.3.0.tgz. Extracting by manifest.
617 silly tarball no local data for lilconfig@https://registry.npmjs.org/lilconfig/-/lilconfig-3.0.0.tgz. Extracting by manifest.
618 silly tarball no local data for util-deprecate@https://registry.npmjs.org/util-deprecate/-/util-deprecate-1.0.2.tgz. Extracting by manifest.
619 silly tarball no local data for glob-parent@https://registry.npmjs.org/glob-parent/-/glob-parent-5.1.2.tgz. Extracting by manifest.
620 silly tarball no local data for source-map-js@https://registry.npmjs.org/source-map-js/-/source-map-js-1.0.2.tgz. Extracting by manifest.
621 silly tarball no local data for glob-parent@https://registry.npmjs.org/glob-parent/-/glob-parent-5.1.2.tgz. Extracting by manifest.
622 http fetch GET 200 https://registry.npmjs.org/eastasianwidth/-/eastasianwidth-0.2.0.tgz 105ms (cache miss)
623 timing reifyNode:node_modules/eastasianwidth Completed in 121ms
624 http fetch GET 200 https://registry.npmjs.org/emoji-regex/-/emoji-regex-9.2.2.tgz 106ms (cache miss)
625 http fetch GET 200 https://registry.npmjs.org/shebang-regex/-/shebang-regex-3.0.0.tgz 106ms (cache miss)
626 timing reifyNode:node_modules/shebang-regex Completed in 121ms
627 http fetch GET 200 https://registry.npmjs.org/ansi-styles/-/ansi-styles-6.2.1.tgz 107ms (cache miss)
628 timing reifyNode:node_modules/ansi-styles Completed in 122ms
629 http fetch GET 200 https://registry.npmjs.org/color-name/-/color-name-1.1.4.tgz 107ms (cache miss)
630 timing reifyNode:node_modules/color-name Completed in 122ms
631 http fetch GET 200 https://registry.npmjs.org/thenify-all/-/thenify-all-1.6.0.tgz 104ms (cache miss)
632 timing reifyNode:node_modules/thenify-all Completed in 122ms
633 http fetch GET 200 https://registry.npmjs.org/ansi-regex/-/ansi-regex-6.0.1.tgz 108ms (cache miss)
634 timing reifyNode:node_modules/ansi-regex Completed in 123ms
635 http fetch GET 200 https://registry.npmjs.org/any-promise/-/any-promise-1.3.0.tgz 104ms (cache miss)
636 http fetch GET 200 https://registry.npmjs.org/object-assign/-/object-assign-4.1.1.tgz 105ms (cache miss)
637 timing reifyNode:node_modules/object-assign Completed in 123ms
638 http fetch GET 200 https://registry.npmjs.org/wrap-ansi/-/wrap-ansi-7.0.0.tgz 105ms (cache miss)
639 timing reifyNode:node_modules/wrap-ansi-cjs Completed in 123ms
640 http fetch GET 200 https://registry.npmjs.org/isexe/-/isexe-2.0.0.tgz 106ms (cache miss)
641 timing reifyNode:node_modules/isexe Completed in 124ms
642 http fetch GET 200 https://registry.npmjs.org/color-convert/-/color-convert-2.0.1.tgz 109ms (cache miss)
643 timing reifyNode:node_modules/color-convert Completed in 125ms
644 http fetch GET 200 https://registry.npmjs.org/is-number/-/is-number-7.0.0.tgz 110ms (cache miss)
645 timing reifyNode:node_modules/is-number Completed in 125ms
646 timing reifyNode:node_modules/emoji-regex Completed in 127ms
647 timing reifyNode:node_modules/any-promise Completed in 127ms
648 http fetch GET 200 https://registry.npmjs.org/lru-cache/-/lru-cache-10.2.0.tgz 111ms (cache miss)
649 timing reifyNode:node_modules/lru-cache Completed in 129ms
650 http fetch GET 200 https://registry.npmjs.org/is-fullwidth-code-point/-/is-fullwidth-code-point-3.0.0.tgz 142ms (cache miss)
651 timing reifyNode:node_modules/is-fullwidth-code-point Completed in 161ms
652 http fetch GET 200 https://registry.npmjs.org/wrap-ansi/-/wrap-ansi-8.1.0.tgz 145ms (cache miss)
653 timing reifyNode:node_modules/wrap-ansi Completed in 163ms
654 http fetch GET 200 https://registry.npmjs.org/string-width/-/string-width-4.2.3.tgz 146ms (cache miss)
655 timing reifyNode:node_modules/string-width-cjs Completed in 165ms
656 http fetch GET 200 https://registry.npmjs.org/balanced-match/-/balanced-match-1.0.2.tgz 148ms (cache miss)
657 timing reifyNode:node_modules/balanced-match Completed in 167ms
658 http fetch GET 200 https://registry.npmjs.org/string-width/-/string-width-5.1.2.tgz 154ms (cache miss)
659 timing reifyNode:node_modules/string-width Completed in 173ms
660 http fetch GET 200 https://registry.npmjs.org/brace-expansion/-/brace-expansion-2.0.1.tgz 154ms (cache miss)
661 timing reifyNode:node_modules/brace-expansion Completed in 173ms
662 http fetch GET 200 https://registry.npmjs.org/strip-ansi/-/strip-ansi-7.1.0.tgz 156ms (cache miss)
663 timing reifyNode:node_modules/strip-ansi Completed in 174ms
664 http fetch GET 200 https://registry.npmjs.org/strip-ansi/-/strip-ansi-6.0.1.tgz 157ms (cache miss)
665 timing reifyNode:node_modules/strip-ansi-cjs Completed in 176ms
666 http fetch GET 200 https://registry.npmjs.org/shebang-command/-/shebang-command-2.0.0.tgz 162ms (cache miss)
667 timing reifyNode:node_modules/shebang-command Completed in 181ms
668 http fetch GET 200 https://registry.npmjs.org/which/-/which-2.0.2.tgz 167ms (cache miss)
669 timing reifyNode:node_modules/which Completed in 186ms
670 http fetch GET 200 https://registry.npmjs.org/cross-spawn/-/cross-spawn-7.0.3.tgz 168ms (cache miss)
671 timing reifyNode:node_modules/cross-spawn Completed in 187ms
672 http fetch GET 200 https://registry.npmjs.org/signal-exit/-/signal-exit-4.1.0.tgz 174ms (cache miss)
673 timing reifyNode:node_modules/signal-exit Completed in 193ms
674 http fetch GET 200 https://registry.npmjs.org/@isaacs/cliui/-/cliui-8.0.2.tgz 185ms (cache miss)
675 timing reifyNode:node_modules/@isaacs/cliui Completed in 204ms
676 http fetch GET 200 https://registry.npmjs.org/thenify/-/thenify-3.3.1.tgz 203ms (cache miss)
677 timing reifyNode:node_modules/thenify Completed in 224ms
678 http fetch GET 200 https://registry.npmjs.org/path-key/-/path-key-3.1.1.tgz 209ms (cache miss)
679 timing reifyNode:node_modules/path-key Completed in 229ms
680 http fetch GET 200 https://registry.npmjs.org/@pkgjs/parseargs/-/parseargs-0.11.0.tgz 212ms (cache miss)
681 timing reifyNode:node_modules/@pkgjs/parseargs Completed in 232ms
682 http fetch GET 200 https://registry.npmjs.org/minipass/-/minipass-7.0.4.tgz 214ms (cache miss)
683 timing reifyNode:node_modules/minipass Completed in 234ms
684 http fetch GET 200 https://registry.npmjs.org/path-scurry/-/path-scurry-1.10.1.tgz 218ms (cache miss)
685 timing reifyNode:node_modules/path-scurry Completed in 238ms
686 http fetch GET 200 https://registry.npmjs.org/foreground-child/-/foreground-child-3.1.1.tgz 223ms (cache miss)
687 timing reifyNode:node_modules/foreground-child Completed in 246ms
688 http fetch GET 200 https://registry.npmjs.org/minimatch/-/minimatch-9.0.3.tgz 229ms (cache miss)
689 timing reifyNode:node_modules/minimatch Completed in 250ms
690 http fetch POST 200 https://registry.npmjs.org/-/npm/v1/security/advisories/bulk 279ms
691 timing auditReport:getReport Completed in 282ms
692 silly audit report {}
693 timing auditReport:init Completed in 1ms
694 timing reify:audit Completed in 285ms
695 http fetch GET 200 https://registry.npmjs.org/pirates/-/pirates-4.0.6.tgz 301ms (cache miss)
696 timing reifyNode:node_modules/pirates Completed in 321ms
697 http fetch GET 200 https://registry.npmjs.org/mz/-/mz-2.7.0.tgz 310ms (cache miss)
698 timing reifyNode:node_modules/mz Completed in 331ms
699 http fetch GET 200 https://registry.npmjs.org/lines-and-columns/-/lines-and-columns-1.2.4.tgz 312ms (cache miss)
700 timing reifyNode:node_modules/lines-and-columns Completed in 334ms
701 http fetch GET 200 https://registry.npmjs.org/queue-microtask/-/queue-microtask-1.2.3.tgz 316ms (cache miss)
702 timing reifyNode:node_modules/queue-microtask Completed in 337ms
703 http fetch GET 200 https://registry.npmjs.org/@jridgewell/sourcemap-codec/-/sourcemap-codec-1.4.15.tgz 319ms (cache miss)
704 http fetch GET 200 https://registry.npmjs.org/ts-interface-checker/-/ts-interface-checker-0.1.13.tgz 320ms (cache miss)
705 timing reifyNode:node_modules/ts-interface-checker Completed in 341ms
706 timing reifyNode:node_modules/@jridgewell/sourcemap-codec Completed in 341ms
707 http fetch GET 200 https://registry.npmjs.org/commander/-/commander-4.1.1.tgz 324ms (cache miss)
708 timing reifyNode:node_modules/commander Completed in 344ms
709 http fetch GET 200 https://registry.npmjs.org/supports-preserve-symlinks-flag/-/supports-preserve-symlinks-flag-1.0.0.tgz 324ms (cache miss)
710 http fetch GET 200 https://registry.npmjs.org/@jridgewell/resolve-uri/-/resolve-uri-3.1.1.tgz 324ms (cache miss)
711 timing reifyNode:node_modules/@jridgewell/resolve-uri Completed in 346ms
712 timing reifyNode:node_modules/supports-preserve-symlinks-flag Completed in 345ms
713 http fetch GET 200 https://registry.npmjs.org/@jridgewell/set-array/-/set-array-1.1.2.tgz 326ms (cache miss)
714 timing reifyNode:node_modules/@jridgewell/set-array Completed in 347ms
715 http fetch GET 200 https://registry.npmjs.org/@jridgewell/gen-mapping/-/gen-mapping-0.3.3.tgz 327ms (cache miss)
716 http fetch GET 200 https://registry.npmjs.org/@jridgewell/trace-mapping/-/trace-mapping-0.3.22.tgz 329ms (cache miss)
717 timing reifyNode:node_modules/@jridgewell/trace-mapping Completed in 352ms
718 http fetch GET 200 https://registry.npmjs.org/pify/-/pify-2.3.0.tgz 330ms (cache miss)
719 timing reifyNode:node_modules/pify Completed in 351ms
720 http fetch GET 200 https://registry.npmjs.org/function-bind/-/function-bind-1.1.2.tgz 331ms (cache miss)
721 timing reifyNode:node_modules/function-bind Completed in 353ms
722 http fetch GET 200 https://registry.npmjs.org/is-core-module/-/is-core-module-2.13.1.tgz 333ms (cache miss)
723 timing reifyNode:node_modules/is-core-module Completed in 354ms
724 timing reifyNode:node_modules/@jridgewell/gen-mapping Completed in 355ms
725 http fetch GET 200 https://registry.npmjs.org/path-parse/-/path-parse-1.0.7.tgz 335ms (cache miss)
726 timing reifyNode:node_modules/path-parse Completed in 356ms
727 http fetch GET 200 https://registry.npmjs.org/jackspeak/-/jackspeak-2.3.6.tgz 337ms (cache miss)
728 timing reifyNode:node_modules/jackspeak Completed in 357ms
729 http fetch GET 200 https://registry.npmjs.org/hasown/-/hasown-2.0.0.tgz 336ms (cache miss)
730 timing reifyNode:node_modules/hasown Completed in 358ms
731 http fetch GET 200 https://registry.npmjs.org/cssesc/-/cssesc-3.0.0.tgz 337ms (cache miss)
732 timing reifyNode:node_modules/cssesc Completed in 358ms
733 http fetch GET 200 https://registry.npmjs.org/read-cache/-/read-cache-1.0.0.tgz 337ms (cache miss)
734 timing reifyNode:node_modules/read-cache Completed in 359ms
735 http fetch GET 200 https://registry.npmjs.org/camelcase-css/-/camelcase-css-2.0.1.tgz 340ms (cache miss)
736 timing reifyNode:node_modules/camelcase-css Completed in 361ms
737 http fetch GET 200 https://registry.npmjs.org/nanoid/-/nanoid-3.3.7.tgz 344ms (cache miss)
738 timing reifyNode:node_modules/nanoid Completed in 367ms
739 http fetch GET 200 https://registry.npmjs.org/glob/-/glob-10.3.10.tgz 352ms (cache miss)
740 timing reifyNode:node_modules/glob Completed in 373ms
741 http fetch GET 200 https://registry.npmjs.org/is-extglob/-/is-extglob-2.1.1.tgz 355ms (cache miss)
742 timing reifyNode:node_modules/is-extglob Completed in 377ms
743 http fetch GET 200 https://registry.npmjs.org/to-regex-range/-/to-regex-range-5.0.1.tgz 363ms (cache miss)
744 timing reifyNode:node_modules/to-regex-range Completed in 385ms
745 http fetch GET 200 https://registry.npmjs.org/reusify/-/reusify-1.0.4.tgz 383ms (cache miss)
746 timing reifyNode:node_modules/reusify Completed in 405ms
747 http fetch GET 200 https://registry.npmjs.org/binary-extensions/-/binary-extensions-2.2.0.tgz 384ms (cache miss)
748 timing reifyNode:node_modules/binary-extensions Completed in 406ms
749 http fetch GET 200 https://registry.npmjs.org/run-parallel/-/run-parallel-1.2.0.tgz 384ms (cache miss)
750 timing reifyNode:node_modules/run-parallel Completed in 406ms
751 http fetch GET 200 https://registry.npmjs.org/merge2/-/merge2-1.4.1.tgz 389ms (cache miss)
752 timing reifyNode:node_modules/merge2 Completed in 411ms
753 http fetch GET 200 https://registry.npmjs.org/fill-range/-/fill-range-7.0.1.tgz 405ms (cache miss)
754 timing reifyNode:node_modules/fill-range Completed in 427ms
755 http fetch GET 200 https://registry.npmjs.org/is-binary-path/-/is-binary-path-2.1.0.tgz 405ms (cache miss)
756 timing reifyNode:node_modules/is-binary-path Completed in 427ms
757 http fetch GET 200 https://registry.npmjs.org/fastq/-/fastq-1.17.0.tgz 405ms (cache miss)
758 timing reifyNode:node_modules/fastq Completed in 429ms
759 http fetch GET 200 https://registry.npmjs.org/picomatch/-/picomatch-2.3.1.tgz 407ms (cache miss)
760 timing reifyNode:node_modules/picomatch Completed in 429ms
761 http fetch GET 200 https://registry.npmjs.org/fsevents/-/fsevents-2.3.3.tgz 408ms (cache miss)
762 timing reifyNode:node_modules/fsevents Completed in 430ms
763 http fetch GET 200 https://registry.npmjs.org/yaml/-/yaml-2.3.4.tgz 413ms (cache miss)
764 timing reifyNode:node_modules/yaml Completed in 435ms
765 http fetch GET 200 https://registry.npmjs.org/braces/-/braces-3.0.2.tgz 414ms (cache miss)
766 timing reifyNode:node_modules/braces Completed in 437ms
767 http fetch GET 200 https://registry.npmjs.org/@nodelib/fs.scandir/-/fs.scandir-2.1.5.tgz 419ms (cache miss)
768 timing reifyNode:node_modules/@nodelib/fs.scandir Completed in 442ms
769 http fetch GET 200 https://registry.npmjs.org/@nodelib/fs.stat/-/fs.stat-2.0.5.tgz 434ms (cache miss)
770 timing reifyNode:node_modules/@nodelib/fs.stat Completed in 457ms
771 http fetch GET 200 https://registry.npmjs.org/anymatch/-/anymatch-3.1.3.tgz 447ms (cache miss)
772 timing reifyNode:node_modules/anymatch Completed in 470ms
773 http fetch GET 200 https://registry.npmjs.org/@nodelib/fs.walk/-/fs.walk-1.2.8.tgz 449ms (cache miss)
774 timing reifyNode:node_modules/@nodelib/fs.walk Completed in 471ms
775 http fetch GET 200 https://registry.npmjs.org/postcss-nested/-/postcss-nested-6.0.1.tgz 453ms (cache miss)
776 timing reifyNode:node_modules/postcss-nested Completed in 476ms
777 http fetch GET 200 https://registry.npmjs.org/postcss-selector-parser/-/postcss-selector-parser-6.0.15.tgz 460ms (cache miss)
778 timing reifyNode:node_modules/postcss-selector-parser Completed in 484ms
779 http fetch GET 200 https://registry.npmjs.org/readdirp/-/readdirp-3.6.0.tgz 463ms (cache miss)
780 timing reifyNode:node_modules/readdirp Completed in 486ms
781 http fetch GET 200 https://registry.npmjs.org/postcss-js/-/postcss-js-4.0.1.tgz 466ms (cache miss)
782 timing reifyNode:node_modules/postcss-js Completed in 489ms
783 http fetch GET 200 https://registry.npmjs.org/postcss-import/-/postcss-import-15.1.0.tgz 471ms (cache miss)
784 http fetch GET 200 https://registry.npmjs.org/postcss-load-config/-/postcss-load-config-4.0.2.tgz 472ms (cache miss)
785 timing reifyNode:node_modules/postcss-load-config Completed in 496ms
786 timing reifyNode:node_modules/postcss-import Completed in 496ms
787 http fetch GET 200 https://registry.npmjs.org/resolve/-/resolve-1.22.8.tgz 477ms (cache miss)
788 timing reifyNode:node_modules/resolve Completed in 501ms
789 http fetch GET 200 https://registry.npmjs.org/normalize-path/-/normalize-path-3.0.0.tgz 478ms (cache miss)
790 timing reifyNode:node_modules/normalize-path Completed in 501ms
791 http fetch GET 200 https://registry.npmjs.org/postcss/-/postcss-8.4.33.tgz 479ms (cache miss)
792 timing reifyNode:node_modules/postcss Completed in 503ms
793 http fetch GET 200 https://registry.npmjs.org/picocolors/-/picocolors-1.0.0.tgz 482ms (cache miss)
794 timing reifyNode:node_modules/picocolors Completed in 506ms
795 http fetch GET 200 https://registry.npmjs.org/object-hash/-/object-hash-3.0.0.tgz 489ms (cache miss)
796 timing reifyNode:node_modules/object-hash Completed in 512ms
797 http fetch GET 200 https://registry.npmjs.org/sucrase/-/sucrase-3.35.0.tgz 493ms (cache miss)
798 timing reifyNode:node_modules/sucrase Completed in 516ms
799 http fetch GET 200 https://registry.npmjs.org/lilconfig/-/lilconfig-2.1.0.tgz 499ms (cache miss)
800 timing reifyNode:node_modules/lilconfig Completed in 522ms
801 http fetch GET 200 https://registry.npmjs.org/micromatch/-/micromatch-4.0.5.tgz 506ms (cache miss)
802 timing reifyNode:node_modules/micromatch Completed in 530ms
803 http fetch GET 200 https://registry.npmjs.org/is-glob/-/is-glob-4.0.3.tgz 507ms (cache miss)
804 timing reifyNode:node_modules/is-glob Completed in 530ms
805 http fetch GET 200 https://registry.npmjs.org/glob-parent/-/glob-parent-6.0.2.tgz 515ms (cache miss)
806 timing reifyNode:node_modules/glob-parent Completed in 539ms
807 http fetch GET 200 https://registry.npmjs.org/dlv/-/dlv-1.1.3.tgz 520ms (cache miss)
808 timing reifyNode:node_modules/dlv Completed in 543ms
809 http fetch GET 200 https://registry.npmjs.org/didyoumean/-/didyoumean-1.2.2.tgz 520ms (cache miss)
810 timing reifyNode:node_modules/didyoumean Completed in 544ms
811 http fetch GET 200 https://registry.npmjs.org/chokidar/-/chokidar-3.5.3.tgz 521ms (cache miss)
812 timing reifyNode:node_modules/chokidar Completed in 544ms
813 http fetch GET 200 https://registry.npmjs.org/postcss-value-parser/-/postcss-value-parser-4.2.0.tgz 527ms (cache miss)
814 timing reifyNode:node_modules/postcss-value-parser Completed in 552ms
815 http fetch GET 200 https://registry.npmjs.org/fast-glob/-/fast-glob-3.3.2.tgz 535ms (cache miss)
816 timing reifyNode:node_modules/fast-glob Completed in 558ms
817 http fetch GET 200 https://registry.npmjs.org/arg/-/arg-5.0.2.tgz 539ms (cache miss)
818 timing reifyNode:node_modules/arg Completed in 563ms
819 http fetch GET 200 https://registry.npmjs.org/emoji-regex/-/emoji-regex-8.0.0.tgz 551ms (cache miss)
820 timing reifyNode:node_modules/wrap-ansi-cjs/node_modules/emoji-regex Completed in 577ms
821 http fetch GET 200 https://registry.npmjs.org/strip-ansi/-/strip-ansi-6.0.1.tgz 569ms (cache miss)
822 timing reifyNode:node_modules/wrap-ansi-cjs/node_modules/strip-ansi Completed in 595ms
823 http fetch GET 200 https://registry.npmjs.org/ansi-regex/-/ansi-regex-5.0.1.tgz 569ms (cache miss)
824 timing reifyNode:node_modules/strip-ansi-cjs/node_modules/ansi-regex Completed in 595ms
825 http fetch GET 200 https://registry.npmjs.org/ansi-regex/-/ansi-regex-5.0.1.tgz 570ms (cache miss)
826 timing reifyNode:node_modules/wrap-ansi-cjs/node_modules/ansi-regex Completed in 596ms
827 http fetch GET 200 https://registry.npmjs.org/emoji-regex/-/emoji-regex-8.0.0.tgz 581ms (cache miss)
828 timing reifyNode:node_modules/string-width-cjs/node_modules/emoji-regex Completed in 607ms
829 http fetch GET 200 https://registry.npmjs.org/ansi-styles/-/ansi-styles-4.3.0.tgz 589ms (cache miss)
830 timing reifyNode:node_modules/wrap-ansi-cjs/node_modules/ansi-styles Completed in 616ms
831 http fetch GET 200 https://registry.npmjs.org/strip-ansi/-/strip-ansi-6.0.1.tgz 590ms (cache miss)
832 timing reifyNode:node_modules/string-width-cjs/node_modules/strip-ansi Completed in 617ms
833 http fetch GET 200 https://registry.npmjs.org/lilconfig/-/lilconfig-3.0.0.tgz 591ms (cache miss)
834 timing reifyNode:node_modules/postcss-load-config/node_modules/lilconfig Completed in 617ms
835 http fetch GET 200 https://registry.npmjs.org/jiti/-/jiti-1.21.0.tgz 596ms (cache miss)
836 timing reifyNode:node_modules/jiti Completed in 620ms
837 http fetch GET 200 https://registry.npmjs.org/string-width/-/string-width-4.2.3.tgz 598ms (cache miss)
838 timing reifyNode:node_modules/wrap-ansi-cjs/node_modules/string-width Completed in 625ms
839 http fetch GET 200 https://registry.npmjs.org/ansi-regex/-/ansi-regex-5.0.1.tgz 600ms (cache miss)
840 timing reifyNode:node_modules/string-width-cjs/node_modules/ansi-regex Completed in 627ms
841 http fetch GET 200 https://registry.npmjs.org/glob-parent/-/glob-parent-5.1.2.tgz 610ms (cache miss)
842 timing reifyNode:node_modules/chokidar/node_modules/glob-parent Completed in 635ms
843 http fetch GET 200 https://registry.npmjs.org/util-deprecate/-/util-deprecate-1.0.2.tgz 620ms (cache miss)
844 timing reifyNode:node_modules/util-deprecate Completed in 646ms
845 http fetch GET 200 https://registry.npmjs.org/source-map-js/-/source-map-js-1.0.2.tgz 625ms (cache miss)
846 timing reifyNode:node_modules/source-map-js Completed in 652ms
847 http fetch GET 200 https://registry.npmjs.org/glob-parent/-/glob-parent-5.1.2.tgz 632ms (cache miss)
848 timing reifyNode:node_modules/fast-glob/node_modules/glob-parent Completed in 658ms
849 http fetch GET 200 https://registry.npmjs.org/tailwindcss/-/tailwindcss-3.4.1.tgz 664ms (cache miss)
850 timing reifyNode:node_modules/tailwindcss Completed in 688ms
851 http fetch GET 200 https://registry.npmjs.org/@alloc/quick-lru/-/quick-lru-5.2.0.tgz 1658ms (cache miss)
852 timing reifyNode:node_modules/@alloc/quick-lru Completed in 1682ms
853 timing reify:unpack Completed in 1685ms
854 timing reify:unretire Completed in 1ms
855 timing build:queue Completed in 2ms
856 timing build:link:node_modules/glob Completed in 2ms
857 timing build:link:node_modules/resolve Completed in 2ms
858 timing build:link:node_modules/sucrase Completed in 2ms
859 timing build:link:node_modules/tailwindcss Completed in 2ms
860 timing build:link:node_modules/nanoid Completed in 2ms
861 timing build:link:node_modules/cssesc Completed in 2ms
862 timing build:link:node_modules/jiti Completed in 2ms
863 timing build:link:node_modules/which Completed in 2ms
864 timing build:link Completed in 2ms
865 timing build:deps Completed in 4ms
866 timing build Completed in 4ms
867 timing reify:build Completed in 4ms
868 timing reify:trash Completed in 0ms
869 timing reify:save Completed in 14ms
870 timing reify Completed in 7698ms
871 silly ADD node_modules/color-name
872 silly ADD node_modules/color-convert
873 silly ADD node_modules/ansi-styles
874 silly ADD node_modules/isexe
875 silly ADD node_modules/is-number
876 silly ADD node_modules/thenify
877 silly ADD node_modules/ansi-regex
878 silly ADD node_modules/is-fullwidth-code-point
879 silly ADD node_modules/emoji-regex
880 silly ADD node_modules/eastasianwidth
881 silly ADD node_modules/shebang-regex
882 silly ADD node_modules/lru-cache
883 silly ADD node_modules/thenify-all
884 silly ADD node_modules/object-assign
885 silly ADD node_modules/any-promise
886 silly ADD node_modules/balanced-match
887 silly ADD node_modules/brace-expansion
888 silly ADD node_modules/wrap-ansi-cjs
889 silly ADD node_modules/wrap-ansi-cjs/node_modules/ansi-regex
890 silly ADD node_modules/wrap-ansi-cjs/node_modules/emoji-regex
891 silly ADD node_modules/wrap-ansi-cjs/node_modules/strip-ansi
892 silly ADD node_modules/wrap-ansi-cjs/node_modules/string-width
893 silly ADD node_modules/wrap-ansi-cjs/node_modules/ansi-styles
894 silly ADD node_modules/wrap-ansi
895 silly ADD node_modules/strip-ansi-cjs
896 silly ADD node_modules/strip-ansi-cjs/node_modules/ansi-regex
897 silly ADD node_modules/strip-ansi
898 silly ADD node_modules/string-width-cjs
899 silly ADD node_modules/string-width-cjs/node_modules/ansi-regex
900 silly ADD node_modules/string-width-cjs/node_modules/strip-ansi
901 silly ADD node_modules/string-width-cjs/node_modules/emoji-regex
902 silly ADD node_modules/string-width
903 silly ADD node_modules/@pkgjs/parseargs
904 silly ADD node_modules/@isaacs/cliui
905 silly ADD node_modules/which
906 silly ADD node_modules/shebang-command
907 silly ADD node_modules/path-key
908 silly ADD node_modules/signal-exit
909 silly ADD node_modules/cross-spawn
910 silly ADD node_modules/path-scurry
911 silly ADD node_modules/minipass
912 silly ADD node_modules/minimatch
913 silly ADD node_modules/jackspeak
914 silly ADD node_modules/foreground-child
915 silly ADD node_modules/@jridgewell/resolve-uri
916 silly ADD node_modules/@jridgewell/trace-mapping
917 silly ADD node_modules/@jridgewell/sourcemap-codec
918 silly ADD node_modules/@jridgewell/set-array
919 silly ADD node_modules/ts-interface-checker
920 silly ADD node_modules/pirates
921 silly ADD node_modules/mz
922 silly ADD node_modules/lines-and-columns
923 silly ADD node_modules/glob
924 silly ADD node_modules/commander
925 silly ADD node_modules/@jridgewell/gen-mapping
926 silly ADD node_modules/queue-microtask
927 silly ADD node_modules/function-bind
928 silly ADD node_modules/hasown
929 silly ADD node_modules/supports-preserve-symlinks-flag
930 silly ADD node_modules/path-parse
931 silly ADD node_modules/is-core-module
932 silly ADD node_modules/pify
933 silly ADD node_modules/util-deprecate
934 silly ADD node_modules/cssesc
935 silly ADD node_modules/yaml
936 silly ADD node_modules/camelcase-css
937 silly ADD node_modules/read-cache
938 silly ADD node_modules/postcss-value-parser
939 silly ADD node_modules/source-map-js
940 silly ADD node_modules/nanoid
941 silly ADD node_modules/is-extglob
942 silly ADD node_modules/binary-extensions
943 silly ADD node_modules/to-regex-range
944 silly ADD node_modules/reusify
945 silly ADD node_modules/run-parallel
946 silly ADD node_modules/fastq
947 silly ADD node_modules/@nodelib/fs.scandir
948 silly ADD node_modules/merge2
949 silly ADD node_modules/@nodelib/fs.walk
950 silly ADD node_modules/@nodelib/fs.stat
951 silly ADD node_modules/fill-range
952 silly ADD node_modules/picomatch
953 silly ADD node_modules/readdirp
954 silly ADD node_modules/is-binary-path
955 silly ADD node_modules/fsevents
956 silly ADD node_modules/braces
957 silly ADD node_modules/anymatch
958 silly ADD node_modules/sucrase
959 silly ADD node_modules/resolve
960 silly ADD node_modules/postcss-selector-parser
961 silly ADD node_modules/postcss-nested
962 silly ADD node_modules/postcss-load-config
963 silly ADD node_modules/postcss-load-config/node_modules/lilconfig
964 silly ADD node_modules/postcss-js
965 silly ADD node_modules/postcss-import
966 silly ADD node_modules/postcss
967 silly ADD node_modules/picocolors
968 silly ADD node_modules/object-hash
969 silly ADD node_modules/normalize-path
970 silly ADD node_modules/micromatch
971 silly ADD node_modules/lilconfig
972 silly ADD node_modules/jiti
973 silly ADD node_modules/is-glob
974 silly ADD node_modules/glob-parent
975 silly ADD node_modules/fast-glob
976 silly ADD node_modules/fast-glob/node_modules/glob-parent
977 silly ADD node_modules/dlv
978 silly ADD node_modules/didyoumean
979 silly ADD node_modules/chokidar
980 silly ADD node_modules/chokidar/node_modules/glob-parent
981 silly ADD node_modules/arg
982 silly ADD node_modules/@alloc/quick-lru
983 silly ADD node_modules/tailwindcss
984 timing command:install Completed in 7702ms
985 notice
985 notice New [33mminor[39m version of npm available! [31m10.2.0[39m -> [32m10.4.0[39m
985 notice Changelog: [36mhttps://github.com/npm/cli/releases/tag/v10.4.0[39m
985 notice Run [32mnpm install -g npm@10.4.0[39m to update!
985 notice
986 verbose exit 0
987 timing npm Completed in 7835ms
988 info ok
