%!Adobe-FontList 1.24
%Locale:0x409

%BeginFont
Handler:DirectoryHandler
FontType:CMap
CMapName:83pv-RKSJ-H
Registry:Adobe
Ordering:Japan1
OutlineFileName:/Applications/Adobe Acrobat Reader.app/Contents/Resources/Resource/CMap/83pv-RKSJ-H
FileLength:7149
FileModTime:704964336
%EndFont

%BeginFont
Handler:DirectoryHandler
FontType:CMap
CMapName:90ms-RKSJ-H
Registry:Adobe
Ordering:Japan1
OutlineFileName:/Applications/Adobe Acrobat Reader.app/Contents/Resources/Resource/CMap/90ms-RKSJ-H
FileLength:6139
FileModTime:704964336
%EndFont

%BeginFont
Handler:DirectoryHandler
FontType:CMap
CMapName:90ms-RKSJ-UCS2
Registry:Adobe
Ordering:90ms_RKSJ_UCS2
OutlineFileName:/Applications/Adobe Acrobat Reader.app/Contents/Resources/Resource/CMap/90ms-RKSJ-UCS2
FileLength:104726
FileModTime:704964336
%EndFont

%BeginFont
Handler:DirectoryHandler
FontType:CMap
CMapName:90ms-RKSJ-V
Registry:Adobe
Ordering:Japan1
UseCMap:90ms-RKSJ-H
OutlineFileName:/Applications/Adobe Acrobat Reader.app/Contents/Resources/Resource/CMap/90ms-RKSJ-V
FileLength:4298
FileModTime:704964336
%EndFont

%BeginFont
Handler:DirectoryHandler
FontType:CMap
CMapName:90msp-RKSJ-H
Registry:Adobe
Ordering:Japan1
OutlineFileName:/Applications/Adobe Acrobat Reader.app/Contents/Resources/Resource/CMap/90msp-RKSJ-H
FileLength:6070
FileModTime:704964336
%EndFont

%BeginFont
Handler:DirectoryHandler
FontType:CMap
CMapName:90msp-RKSJ-V
Registry:Adobe
Ordering:Japan1
UseCMap:90msp-RKSJ-H
OutlineFileName:/Applications/Adobe Acrobat Reader.app/Contents/Resources/Resource/CMap/90msp-RKSJ-V
FileLength:4281
FileModTime:704964336
%EndFont

%BeginFont
Handler:DirectoryHandler
FontType:CMap
CMapName:90pv-RKSJ-H
Registry:Adobe
Ordering:Japan1
OutlineFileName:/Applications/Adobe Acrobat Reader.app/Contents/Resources/Resource/CMap/90pv-RKSJ-H
FileLength:7884
FileModTime:704964336
%EndFont

%BeginFont
Handler:DirectoryHandler
FontType:CMap
CMapName:90pv-RKSJ-UCS2
Registry:Adobe
Ordering:90pv_RKSJ_UCS2
UseCMap:90pv-RKSJ-UCS2C
OutlineFileName:/Applications/Adobe Acrobat Reader.app/Contents/Resources/Resource/CMap/90pv-RKSJ-UCS2
FileLength:1787
FileModTime:704964336
%EndFont

%BeginFont
Handler:DirectoryHandler
FontType:CMap
CMapName:90pv-RKSJ-UCS2C
Registry:Adobe
Ordering:90pv_RKSJ_UCS2C
OutlineFileName:/Applications/Adobe Acrobat Reader.app/Contents/Resources/Resource/CMap/90pv-RKSJ-UCS2C
FileLength:95824
FileModTime:704964336
%EndFont

%BeginFont
Handler:DirectoryHandler
FontType:CMap
CMapName:Add-RKSJ-H
Registry:Adobe
Ordering:Japan1
OutlineFileName:/Applications/Adobe Acrobat Reader.app/Contents/Resources/Resource/CMap/Add-RKSJ-H
FileLength:15107
FileModTime:704964336
%EndFont

%BeginFont
Handler:DirectoryHandler
FontType:CMap
CMapName:Add-RKSJ-V
Registry:Adobe
Ordering:Japan1
UseCMap:Add-RKSJ-H
OutlineFileName:/Applications/Adobe Acrobat Reader.app/Contents/Resources/Resource/CMap/Add-RKSJ-V
FileLength:3892
FileModTime:704964336
%EndFont

%BeginFont
Handler:DirectoryHandler
FontType:CMap
CMapName:Adobe-CNS1-0
Registry:Adobe
Ordering:CNS1
OutlineFileName:/Applications/Adobe Acrobat Reader.app/Contents/Resources/Resource/CMap/Adobe-CNS1-0
FileLength:3898
FileModTime:704964336
%EndFont

%BeginFont
Handler:DirectoryHandler
FontType:CMap
CMapName:Adobe-CNS1-1
Registry:Adobe
Ordering:CNS1
OutlineFileName:/Applications/Adobe Acrobat Reader.app/Contents/Resources/Resource/CMap/Adobe-CNS1-1
FileLength:4071
FileModTime:704964336
%EndFont

%BeginFont
Handler:DirectoryHandler
FontType:CMap
CMapName:Adobe-CNS1-2
Registry:Adobe
Ordering:CNS1
OutlineFileName:/Applications/Adobe Acrobat Reader.app/Contents/Resources/Resource/CMap/Adobe-CNS1-2
FileLength:4091
FileModTime:704964336
%EndFont

%BeginFont
Handler:DirectoryHandler
FontType:CMap
CMapName:Adobe-CNS1-3
Registry:Adobe
Ordering:CNS1
OutlineFileName:/Applications/Adobe Acrobat Reader.app/Contents/Resources/Resource/CMap/Adobe-CNS1-3
FileLength:4191
FileModTime:704964336
%EndFont

%BeginFont
Handler:DirectoryHandler
FontType:CMap
CMapName:Adobe-CNS1-4
Registry:Adobe
Ordering:CNS1
OutlineFileName:/Applications/Adobe Acrobat Reader.app/Contents/Resources/Resource/CMap/Adobe-CNS1-4
FileLength:4211
FileModTime:704964336
%EndFont

%BeginFont
Handler:DirectoryHandler
FontType:CMap
CMapName:Adobe-CNS1-5
Registry:Adobe
Ordering:CNS1
OutlineFileName:/Applications/Adobe Acrobat Reader.app/Contents/Resources/Resource/CMap/Adobe-CNS1-5
FileLength:4211
FileModTime:704964336
%EndFont

%BeginFont
Handler:DirectoryHandler
FontType:CMap
CMapName:Adobe-CNS1-6
Registry:Adobe
Ordering:CNS1
OutlineFileName:/Applications/Adobe Acrobat Reader.app/Contents/Resources/Resource/CMap/Adobe-CNS1-6
FileLength:4211
FileModTime:704964336
%EndFont

%BeginFont
Handler:DirectoryHandler
FontType:CMap
CMapName:Adobe-CNS1-B5pc
Registry:Adobe
Ordering:Adobe_CNS1_B5pc
OutlineFileName:/Applications/Adobe Acrobat Reader.app/Contents/Resources/Resource/CMap/Adobe-CNS1-B5pc
FileLength:7594
FileModTime:704964336
%EndFont

%BeginFont
Handler:DirectoryHandler
FontType:CMap
CMapName:Adobe-CNS1-ETenms-B5
Registry:Adobe
Ordering:Adobe_CNS1_ETenms_B5
OutlineFileName:/Applications/Adobe Acrobat Reader.app/Contents/Resources/Resource/CMap/Adobe-CNS1-ETen-B5
FileLength:7995
FileModTime:704964336
%EndFont

%BeginFont
Handler:DirectoryHandler
FontType:CMap
CMapName:Adobe-CNS1-H-CID
Registry:Adobe
Ordering:Adobe_CNS1_H_CID
OutlineFileName:/Applications/Adobe Acrobat Reader.app/Contents/Resources/Resource/CMap/Adobe-CNS1-H-CID
FileLength:1888
FileModTime:704964336
%EndFont

%BeginFont
Handler:DirectoryHandler
FontType:CMap
CMapName:Adobe-CNS1-H-Host
Registry:Adobe
Ordering:Adobe_CNS1_H_Host
OutlineFileName:/Applications/Adobe Acrobat Reader.app/Contents/Resources/Resource/CMap/Adobe-CNS1-H-Host
FileLength:8103
FileModTime:704964336
%EndFont

%BeginFont
Handler:DirectoryHandler
FontType:CMap
CMapName:Adobe-CNS1-H-Mac
Registry:Adobe
Ordering:Adobe_CNS1_H_Mac
OutlineFileName:/Applications/Adobe Acrobat Reader.app/Contents/Resources/Resource/CMap/Adobe-CNS1-H-Mac
FileLength:7659
FileModTime:704964336
%EndFont

%BeginFont
Handler:DirectoryHandler
FontType:CMap
CMapName:Adobe-CNS1-UCS2
Registry:Adobe
Ordering:Adobe_CNS1_UCS2
OutlineFileName:/Applications/Adobe Acrobat Reader.app/Contents/Resources/Resource/CMap/Adobe-CNS1-UCS2
FileLength:263610
FileModTime:704964336
%EndFont

%BeginFont
Handler:DirectoryHandler
FontType:CMap
CMapName:Adobe-GB1-0
Registry:Adobe
Ordering:GB1
OutlineFileName:/Applications/Adobe Acrobat Reader.app/Contents/Resources/Resource/CMap/Adobe-GB1-0
FileLength:3361
FileModTime:704964336
%EndFont

%BeginFont
Handler:DirectoryHandler
FontType:CMap
CMapName:Adobe-GB1-1
Registry:Adobe
Ordering:GB1
OutlineFileName:/Applications/Adobe Acrobat Reader.app/Contents/Resources/Resource/CMap/Adobe-GB1-1
FileLength:3515
FileModTime:704964336
%EndFont

%BeginFont
Handler:DirectoryHandler
FontType:CMap
CMapName:Adobe-GB1-2
Registry:Adobe
Ordering:GB1
OutlineFileName:/Applications/Adobe Acrobat Reader.app/Contents/Resources/Resource/CMap/Adobe-GB1-2
FileLength:4469
FileModTime:704964336
%EndFont

%BeginFont
Handler:DirectoryHandler
FontType:CMap
CMapName:Adobe-GB1-3
Registry:Adobe
Ordering:GB1
OutlineFileName:/Applications/Adobe Acrobat Reader.app/Contents/Resources/Resource/CMap/Adobe-GB1-3
FileLength:4468
FileModTime:704964336
%EndFont

%BeginFont
Handler:DirectoryHandler
FontType:CMap
CMapName:Adobe-GB1-4
Registry:Adobe
Ordering:GB1
OutlineFileName:/Applications/Adobe Acrobat Reader.app/Contents/Resources/Resource/CMap/Adobe-GB1-4
FileLength:5020
FileModTime:704964336
%EndFont

%BeginFont
Handler:DirectoryHandler
FontType:CMap
CMapName:Adobe-GB1-5
Registry:Adobe
Ordering:GB1
OutlineFileName:/Applications/Adobe Acrobat Reader.app/Contents/Resources/Resource/CMap/Adobe-GB1-5
FileLength:5120
FileModTime:704964336
%EndFont

%BeginFont
Handler:DirectoryHandler
FontType:CMap
CMapName:Adobe-GB1-GBK-EUC
Registry:Adobe
Ordering:Adobe_GB1_GBK_EUC
OutlineFileName:/Applications/Adobe Acrobat Reader.app/Contents/Resources/Resource/CMap/Adobe-GB1-GBK-EUC
FileLength:89504
FileModTime:704964336
%EndFont

%BeginFont
Handler:DirectoryHandler
FontType:CMap
CMapName:Adobe-GB1-GBpc-EUC
Registry:Adobe
Ordering:Adobe_GB1_GBpc_EUC
OutlineFileName:/Applications/Adobe Acrobat Reader.app/Contents/Resources/Resource/CMap/Adobe-GB1-GBpc-EUC
FileLength:4036
FileModTime:704964336
%EndFont

%BeginFont
Handler:DirectoryHandler
FontType:CMap
CMapName:Adobe-GB1-H-CID
Registry:Adobe
Ordering:Adobe_GB1_H_CID
OutlineFileName:/Applications/Adobe Acrobat Reader.app/Contents/Resources/Resource/CMap/Adobe-GB1-H-CID
FileLength:2003
FileModTime:704964336
%EndFont

%BeginFont
Handler:DirectoryHandler
FontType:CMap
CMapName:Adobe-GB1-H-Host
Registry:Adobe
Ordering:Adobe_GB1_H_Host
OutlineFileName:/Applications/Adobe Acrobat Reader.app/Contents/Resources/Resource/CMap/Adobe-GB1-H-Host
FileLength:90082
FileModTime:704964336
%EndFont

%BeginFont
Handler:DirectoryHandler
FontType:CMap
CMapName:Adobe-GB1-H-Mac
Registry:Adobe
Ordering:Adobe_GB1_H_Mac
OutlineFileName:/Applications/Adobe Acrobat Reader.app/Contents/Resources/Resource/CMap/Adobe-GB1-H-Mac
FileLength:4017
FileModTime:704964336
%EndFont

%BeginFont
Handler:DirectoryHandler
FontType:CMap
CMapName:Adobe-GB1-UCS2
Registry:Adobe
Ordering:Adobe_GB1_UCS2
OutlineFileName:/Applications/Adobe Acrobat Reader.app/Contents/Resources/Resource/CMap/Adobe-GB1-UCS2
FileLength:230377
FileModTime:704964336
%EndFont

%BeginFont
Handler:DirectoryHandler
FontType:CMap
CMapName:Adobe-Japan1-0
Registry:Adobe
Ordering:Japan1
OutlineFileName:/Applications/Adobe Acrobat Reader.app/Contents/Resources/Resource/CMap/Adobe-Japan1-0
FileLength:3410
FileModTime:704964336
%EndFont

%BeginFont
Handler:DirectoryHandler
FontType:CMap
CMapName:Adobe-Japan1-1
Registry:Adobe
Ordering:Japan1
OutlineFileName:/Applications/Adobe Acrobat Reader.app/Contents/Resources/Resource/CMap/Adobe-Japan1-1
FileLength:3411
FileModTime:704964336
%EndFont

%BeginFont
Handler:DirectoryHandler
FontType:CMap
CMapName:Adobe-Japan1-2
Registry:Adobe
Ordering:Japan1
OutlineFileName:/Applications/Adobe Acrobat Reader.app/Contents/Resources/Resource/CMap/Adobe-Japan1-2
FileLength:3449
FileModTime:704964336
%EndFont

%BeginFont
Handler:DirectoryHandler
FontType:CMap
CMapName:Adobe-Japan1-3
Registry:Adobe
Ordering:Japan1
OutlineFileName:/Applications/Adobe Acrobat Reader.app/Contents/Resources/Resource/CMap/Adobe-Japan1-3
FileLength:3459
FileModTime:704964336
%EndFont

%BeginFont
Handler:DirectoryHandler
FontType:CMap
CMapName:Adobe-Japan1-4
Registry:Adobe
Ordering:Japan1
OutlineFileName:/Applications/Adobe Acrobat Reader.app/Contents/Resources/Resource/CMap/Adobe-Japan1-4
FileLength:3937
FileModTime:704964336
%EndFont

%BeginFont
Handler:DirectoryHandler
FontType:CMap
CMapName:Adobe-Japan1-5
Registry:Adobe
Ordering:Japan1
OutlineFileName:/Applications/Adobe Acrobat Reader.app/Contents/Resources/Resource/CMap/Adobe-Japan1-5
FileLength:4317
FileModTime:704964336
%EndFont

%BeginFont
Handler:DirectoryHandler
FontType:CMap
CMapName:Adobe-Japan1-6
Registry:Adobe
Ordering:Japan1
OutlineFileName:/Applications/Adobe Acrobat Reader.app/Contents/Resources/Resource/CMap/Adobe-Japan1-6
FileLength:4537
FileModTime:704964336
%EndFont

%BeginFont
Handler:DirectoryHandler
FontType:CMap
CMapName:Adobe-Japan1-7
Registry:Adobe
Ordering:Japan1
OutlineFileName:/Applications/Adobe Acrobat Reader.app/Contents/Resources/Resource/CMap/Adobe-Japan1-7
FileLength:4513
FileModTime:704964336
%EndFont

%BeginFont
Handler:DirectoryHandler
FontType:CMap
CMapName:Adobe-Japan1-90ms-RKSJ
Registry:Adobe
Ordering:Adobe_Japan1_90ms_RKSJ
OutlineFileName:/Applications/Adobe Acrobat Reader.app/Contents/Resources/Resource/CMap/Adobe-Japan1-90ms-RKSJ
FileLength:6069
FileModTime:704964336
%EndFont

%BeginFont
Handler:DirectoryHandler
FontType:CMap
CMapName:Adobe-Japan1-90pv-RKSJ
Registry:Adobe
Ordering:Adobe_Japan1_90pv_RKSJ
OutlineFileName:/Applications/Adobe Acrobat Reader.app/Contents/Resources/Resource/CMap/Adobe-Japan1-90pv-RKSJ
FileLength:8060
FileModTime:704964336
%EndFont

%BeginFont
Handler:DirectoryHandler
FontType:CMap
CMapName:Adobe-Japan1-H-CID
Registry:Adobe
Ordering:Adobe_Japan1_H_CID
OutlineFileName:/Applications/Adobe Acrobat Reader.app/Contents/Resources/Resource/CMap/Adobe-Japan1-H-CID
FileLength:2187
FileModTime:704964336
%EndFont

%BeginFont
Handler:DirectoryHandler
FontType:CMap
CMapName:Adobe-Japan1-H-Host
Registry:Adobe
Ordering:Adobe_Japan1_H_Host
OutlineFileName:/Applications/Adobe Acrobat Reader.app/Contents/Resources/Resource/CMap/Adobe-Japan1-H-Host
FileLength:6320
FileModTime:704964336
%EndFont

%BeginFont
Handler:DirectoryHandler
FontType:CMap
CMapName:Adobe-Japan1-H-Mac
Registry:Adobe
Ordering:Adobe_Japan1_H_Mac
OutlineFileName:/Applications/Adobe Acrobat Reader.app/Contents/Resources/Resource/CMap/Adobe-Japan1-H-Mac
FileLength:5246
FileModTime:704964336
%EndFont

%BeginFont
Handler:DirectoryHandler
FontType:CMap
CMapName:Adobe-Japan1-PS-H
Registry:Adobe
Ordering:Adobe_Japan1_PS_H
OutlineFileName:/Applications/Adobe Acrobat Reader.app/Contents/Resources/Resource/CMap/Adobe-Japan1-PS-H
FileLength:21967
FileModTime:704964336
%EndFont

%BeginFont
Handler:DirectoryHandler
FontType:CMap
CMapName:Adobe-Japan1-PS-V
Registry:Adobe
Ordering:Adobe_Japan1_PS_V
OutlineFileName:/Applications/Adobe Acrobat Reader.app/Contents/Resources/Resource/CMap/Adobe-Japan1-PS-V
FileLength:12747
FileModTime:704964336
%EndFont

%BeginFont
Handler:DirectoryHandler
FontType:CMap
CMapName:Adobe-Japan1-UCS2
Registry:Adobe
Ordering:Adobe_Japan1_UCS2
OutlineFileName:/Applications/Adobe Acrobat Reader.app/Contents/Resources/Resource/CMap/Adobe-Japan1-UCS2
FileLength:284152
FileModTime:704964336
%EndFont

%BeginFont
Handler:DirectoryHandler
FontType:CMap
CMapName:Adobe-Korea1-0
Registry:Adobe
Ordering:Korea1
OutlineFileName:/Applications/Adobe Acrobat Reader.app/Contents/Resources/Resource/CMap/Adobe-Korea1-0
FileLength:3502
FileModTime:704964336
%EndFont

%BeginFont
Handler:DirectoryHandler
FontType:CMap
CMapName:Adobe-Korea1-1
Registry:Adobe
Ordering:Korea1
OutlineFileName:/Applications/Adobe Acrobat Reader.app/Contents/Resources/Resource/CMap/Adobe-Korea1-1
FileLength:4158
FileModTime:704964336
%EndFont

%BeginFont
Handler:DirectoryHandler
FontType:CMap
CMapName:Adobe-Korea1-2
Registry:Adobe
Ordering:Korea1
OutlineFileName:/Applications/Adobe Acrobat Reader.app/Contents/Resources/Resource/CMap/Adobe-Korea1-2
FileLength:4157
FileModTime:704964336
%EndFont

%BeginFont
Handler:DirectoryHandler
FontType:CMap
CMapName:Adobe-Korea1-H-CID
Registry:Adobe
Ordering:Adobe_Korea1_H_CID
OutlineFileName:/Applications/Adobe Acrobat Reader.app/Contents/Resources/Resource/CMap/Adobe-Korea1-H-CID
FileLength:1572
FileModTime:704964336
%EndFont

%BeginFont
Handler:DirectoryHandler
FontType:CMap
CMapName:Adobe-Korea1-H-Host
Registry:Adobe
Ordering:Adobe_Korea1_H_Host
OutlineFileName:/Applications/Adobe Acrobat Reader.app/Contents/Resources/Resource/CMap/Adobe-Korea1-H-Host
FileLength:15333
FileModTime:704964336
%EndFont

%BeginFont
Handler:DirectoryHandler
FontType:CMap
CMapName:Adobe-Korea1-H-Mac
Registry:Adobe
Ordering:Adobe_Korea1_H_Mac
OutlineFileName:/Applications/Adobe Acrobat Reader.app/Contents/Resources/Resource/CMap/Adobe-Korea1-H-Mac
FileLength:10901
FileModTime:704964336
%EndFont

%BeginFont
Handler:DirectoryHandler
FontType:CMap
CMapName:Adobe-Korea1-KSCms-UHC
Registry:Adobe
Ordering:Adobe_Korea1_KSCms_UHC
OutlineFileName:/Applications/Adobe Acrobat Reader.app/Contents/Resources/Resource/CMap/Adobe-Korea1-KSCms-UHC
FileLength:15138
FileModTime:704964336
%EndFont

%BeginFont
Handler:DirectoryHandler
FontType:CMap
CMapName:Adobe-Korea1-KSCpc-EUC
Registry:Adobe
Ordering:Adobe_Korea1_KSCpc_EUC
OutlineFileName:/Applications/Adobe Acrobat Reader.app/Contents/Resources/Resource/CMap/Adobe-Korea1-KSCpc-EUC
FileLength:10985
FileModTime:704964336
%EndFont

%BeginFont
Handler:DirectoryHandler
FontType:CMap
CMapName:Adobe-Korea1-UCS2
Registry:Adobe
Ordering:Adobe_Korea1_UCS2
OutlineFileName:/Applications/Adobe Acrobat Reader.app/Contents/Resources/Resource/CMap/Adobe-Korea1-UCS2
FileLength:145344
FileModTime:704964336
%EndFont

%BeginFont
Handler:DirectoryHandler
FontType:CMap
CMapName:B5pc-H
Registry:Adobe
Ordering:CNS1
OutlineFileName:/Applications/Adobe Acrobat Reader.app/Contents/Resources/Resource/CMap/B5pc-H
FileLength:7616
FileModTime:704964336
%EndFont

%BeginFont
Handler:DirectoryHandler
FontType:CMap
CMapName:B5pc-UCS2
Registry:Adobe
Ordering:B5pc_UCS2
UseCMap:B5pc-UCS2C
OutlineFileName:/Applications/Adobe Acrobat Reader.app/Contents/Resources/Resource/CMap/B5pc-UCS2
FileLength:1180
FileModTime:704964336
%EndFont

%BeginFont
Handler:DirectoryHandler
FontType:CMap
CMapName:B5pc-UCS2C
Registry:Adobe
Ordering:B5pc_UCS2C
OutlineFileName:/Applications/Adobe Acrobat Reader.app/Contents/Resources/Resource/CMap/B5pc-UCS2C
FileLength:271478
FileModTime:704964336
%EndFont

%BeginFont
Handler:DirectoryHandler
FontType:CMap
CMapName:CNS-EUC-H
Registry:Adobe
Ordering:CNS1
OutlineFileName:/Applications/Adobe Acrobat Reader.app/Contents/Resources/Resource/CMap/CNS-EUC-H
FileLength:12315
FileModTime:704964336
%EndFont

%BeginFont
Handler:DirectoryHandler
FontType:CMap
CMapName:CNS-EUC-V
Registry:Adobe
Ordering:CNS1
OutlineFileName:/Applications/Adobe Acrobat Reader.app/Contents/Resources/Resource/CMap/CNS-EUC-V
FileLength:13347
FileModTime:704964336
%EndFont

%BeginFont
Handler:DirectoryHandler
FontType:CMap
CMapName:ETHK-B5-H
Registry:Adobe
Ordering:CNS1
OutlineFileName:/Applications/Adobe Acrobat Reader.app/Contents/Resources/Resource/CMap/ETHK-B5-H
FileLength:23271
FileModTime:704964336
%EndFont

%BeginFont
Handler:DirectoryHandler
FontType:CMap
CMapName:ETHK-B5-V
Registry:Adobe
Ordering:CNS1
UseCMap:ETHK-B5-H
OutlineFileName:/Applications/Adobe Acrobat Reader.app/Contents/Resources/Resource/CMap/ETHK-B5-V
FileLength:3024
FileModTime:704964336
%EndFont

%BeginFont
Handler:DirectoryHandler
FontType:CMap
CMapName:ETen-B5-H
Registry:Adobe
Ordering:CNS1
OutlineFileName:/Applications/Adobe Acrobat Reader.app/Contents/Resources/Resource/CMap/ETen-B5-H
FileLength:7772
FileModTime:704964336
%EndFont

%BeginFont
Handler:DirectoryHandler
FontType:CMap
CMapName:ETen-B5-UCS2
Registry:Adobe
Ordering:ETen_B5_UCS2
OutlineFileName:/Applications/Adobe Acrobat Reader.app/Contents/Resources/Resource/CMap/ETen-B5-UCS2
FileLength:275158
FileModTime:704964336
%EndFont

%BeginFont
Handler:DirectoryHandler
FontType:CMap
CMapName:ETen-B5-V
Registry:Adobe
Ordering:CNS1
UseCMap:ETen-B5-H
OutlineFileName:/Applications/Adobe Acrobat Reader.app/Contents/Resources/Resource/CMap/ETen-B5-V
FileLength:3043
FileModTime:704964336
%EndFont

%BeginFont
Handler:DirectoryHandler
FontType:CMap
CMapName:ETenms-B5-H
Registry:Adobe
Ordering:CNS1
UseCMap:ETen-B5-H
OutlineFileName:/Applications/Adobe Acrobat Reader.app/Contents/Resources/Resource/CMap/ETenms-B5-H
FileLength:2798
FileModTime:704964336
%EndFont

%BeginFont
Handler:DirectoryHandler
FontType:CMap
CMapName:ETenms-B5-V
Registry:Adobe
Ordering:CNS1
UseCMap:ETenms-B5-H
OutlineFileName:/Applications/Adobe Acrobat Reader.app/Contents/Resources/Resource/CMap/ETenms-B5-V
FileLength:3110
FileModTime:704964336
%EndFont

%BeginFont
Handler:DirectoryHandler
FontType:CMap
CMapName:EUC-H
Registry:Adobe
Ordering:Japan1
OutlineFileName:/Applications/Adobe Acrobat Reader.app/Contents/Resources/Resource/CMap/EUC-H
FileLength:5144
FileModTime:704964336
%EndFont

%BeginFont
Handler:DirectoryHandler
FontType:CMap
CMapName:EUC-V
Registry:Adobe
Ordering:Japan1
UseCMap:EUC-H
OutlineFileName:/Applications/Adobe Acrobat Reader.app/Contents/Resources/Resource/CMap/EUC-V
FileLength:3292
FileModTime:704964336
%EndFont

%BeginFont
Handler:DirectoryHandler
FontType:CMap
CMapName:Ext-RKSJ-H
Registry:Adobe
Ordering:Japan1
OutlineFileName:/Applications/Adobe Acrobat Reader.app/Contents/Resources/Resource/CMap/Ext-RKSJ-H
FileLength:15676
FileModTime:704964336
%EndFont

%BeginFont
Handler:DirectoryHandler
FontType:CMap
CMapName:Ext-RKSJ-V
Registry:Adobe
Ordering:Japan1
UseCMap:Ext-RKSJ-H
OutlineFileName:/Applications/Adobe Acrobat Reader.app/Contents/Resources/Resource/CMap/Ext-RKSJ-V
FileLength:3550
FileModTime:704964336
%EndFont

%BeginFont
Handler:DirectoryHandler
FontType:CMap
CMapName:GB-EUC-H
Registry:Adobe
Ordering:GB1
OutlineFileName:/Applications/Adobe Acrobat Reader.app/Contents/Resources/Resource/CMap/GB-EUC-H
FileLength:4496
FileModTime:704964336
%EndFont

%BeginFont
Handler:DirectoryHandler
FontType:CMap
CMapName:GB-EUC-V
Registry:Adobe
Ordering:GB1
UseCMap:GB-EUC-H
OutlineFileName:/Applications/Adobe Acrobat Reader.app/Contents/Resources/Resource/CMap/GB-EUC-V
FileLength:3169
FileModTime:704964336
%EndFont

%BeginFont
Handler:DirectoryHandler
FontType:CMap
CMapName:GBK-EUC-H
Registry:Adobe
Ordering:GB1
OutlineFileName:/Applications/Adobe Acrobat Reader.app/Contents/Resources/Resource/CMap/GBK-EUC-H
FileLength:83171
FileModTime:704964336
%EndFont

%BeginFont
Handler:DirectoryHandler
FontType:CMap
CMapName:GBK-EUC-UCS2
Registry:Adobe
Ordering:GBK_EUC_UCS2
OutlineFileName:/Applications/Adobe Acrobat Reader.app/Contents/Resources/Resource/CMap/GBK-EUC-UCS2
FileLength:222780
FileModTime:704964336
%EndFont

%BeginFont
Handler:DirectoryHandler
FontType:CMap
CMapName:GBK-EUC-V
Registry:Adobe
Ordering:GB1
UseCMap:GBK-EUC-H
OutlineFileName:/Applications/Adobe Acrobat Reader.app/Contents/Resources/Resource/CMap/GBK-EUC-V
FileLength:3158
FileModTime:704964336
%EndFont

%BeginFont
Handler:DirectoryHandler
FontType:CMap
CMapName:GBK2K-H
Registry:Adobe
Ordering:GB1
OutlineFileName:/Applications/Adobe Acrobat Reader.app/Contents/Resources/Resource/CMap/GBK2K-H
FileLength:90995
FileModTime:704964336
%EndFont

%BeginFont
Handler:DirectoryHandler
FontType:CMap
CMapName:GBK2K-V
Registry:Adobe
Ordering:GB1
UseCMap:GBK2K-H
OutlineFileName:/Applications/Adobe Acrobat Reader.app/Contents/Resources/Resource/CMap/GBK2K-V
FileLength:3551
FileModTime:704964336
%EndFont

%BeginFont
Handler:DirectoryHandler
FontType:CMap
CMapName:GBKp-EUC-H
Registry:Adobe
Ordering:GB1
OutlineFileName:/Applications/Adobe Acrobat Reader.app/Contents/Resources/Resource/CMap/GBKp-EUC-H
FileLength:83152
FileModTime:704964336
%EndFont

%BeginFont
Handler:DirectoryHandler
FontType:CMap
CMapName:GBKp-EUC-V
Registry:Adobe
Ordering:GB1
UseCMap:GBKp-EUC-H
OutlineFileName:/Applications/Adobe Acrobat Reader.app/Contents/Resources/Resource/CMap/GBKp-EUC-V
FileLength:3164
FileModTime:704964336
%EndFont

%BeginFont
Handler:DirectoryHandler
FontType:CMap
CMapName:GBT-EUC-H
Registry:Adobe
Ordering:GB1
OutlineFileName:/Applications/Adobe Acrobat Reader.app/Contents/Resources/Resource/CMap/GBT-EUC-H
FileLength:46842
FileModTime:704964336
%EndFont

%BeginFont
Handler:DirectoryHandler
FontType:CMap
CMapName:GBT-EUC-V
Registry:Adobe
Ordering:GB1
UseCMap:GBT-EUC-H
OutlineFileName:/Applications/Adobe Acrobat Reader.app/Contents/Resources/Resource/CMap/GBT-EUC-V
FileLength:3177
FileModTime:704964336
%EndFont

%BeginFont
Handler:DirectoryHandler
FontType:CMap
CMapName:GBpc-EUC-H
Registry:Adobe
Ordering:GB1
OutlineFileName:/Applications/Adobe Acrobat Reader.app/Contents/Resources/Resource/CMap/GBpc-EUC-H
FileLength:4524
FileModTime:704964336
%EndFont

%BeginFont
Handler:DirectoryHandler
FontType:CMap
CMapName:GBpc-EUC-UCS2
Registry:Adobe
Ordering:GBpc_EUC_UCS2
UseCMap:GBpc-EUC-UCS2C
OutlineFileName:/Applications/Adobe Acrobat Reader.app/Contents/Resources/Resource/CMap/GBpc-EUC-UCS2
FileLength:1262
FileModTime:704964336
%EndFont

%BeginFont
Handler:DirectoryHandler
FontType:CMap
CMapName:GBpc-EUC-UCS2C
Registry:Adobe
Ordering:GBpc_EUC_UCS2C
OutlineFileName:/Applications/Adobe Acrobat Reader.app/Contents/Resources/Resource/CMap/GBpc-EUC-UCS2C
FileLength:141289
FileModTime:704964336
%EndFont

%BeginFont
Handler:DirectoryHandler
FontType:CMap
CMapName:GBpc-EUC-V
Registry:Adobe
Ordering:GB1
UseCMap:GBpc-EUC-H
OutlineFileName:/Applications/Adobe Acrobat Reader.app/Contents/Resources/Resource/CMap/GBpc-EUC-V
FileLength:3181
FileModTime:704964336
%EndFont

%BeginFont
Handler:DirectoryHandler
FontType:CMap
CMapName:H
Registry:Adobe
Ordering:Japan1
OutlineFileName:/Applications/Adobe Acrobat Reader.app/Contents/Resources/Resource/CMap/H
FileLength:5010
FileModTime:704964336
%EndFont

%BeginFont
Handler:DirectoryHandler
FontType:CMap
CMapName:HKdla-B5-H
Registry:Adobe
Ordering:CNS1
OutlineFileName:/Applications/Adobe Acrobat Reader.app/Contents/Resources/Resource/CMap/HKdla-B5-H
FileLength:23337
FileModTime:704964336
%EndFont

%BeginFont
Handler:DirectoryHandler
FontType:CMap
CMapName:HKdla-B5-V
Registry:Adobe
Ordering:CNS1
UseCMap:HKdla-B5-H
OutlineFileName:/Applications/Adobe Acrobat Reader.app/Contents/Resources/Resource/CMap/HKdla-B5-V
FileLength:3010
FileModTime:704964336
%EndFont

%BeginFont
Handler:DirectoryHandler
FontType:CMap
CMapName:HKdlb-B5-H
Registry:Adobe
Ordering:CNS1
OutlineFileName:/Applications/Adobe Acrobat Reader.app/Contents/Resources/Resource/CMap/HKdlb-B5-H
FileLength:20997
FileModTime:704964336
%EndFont

%BeginFont
Handler:DirectoryHandler
FontType:CMap
CMapName:HKdlb-B5-V
Registry:Adobe
Ordering:CNS1
UseCMap:HKdlb-B5-H
OutlineFileName:/Applications/Adobe Acrobat Reader.app/Contents/Resources/Resource/CMap/HKdlb-B5-V
FileLength:3010
FileModTime:704964336
%EndFont

%BeginFont
Handler:DirectoryHandler
FontType:CMap
CMapName:HKgccs-B5-H
Registry:Adobe
Ordering:CNS1
OutlineFileName:/Applications/Adobe Acrobat Reader.app/Contents/Resources/Resource/CMap/HKgccs-B5-H
FileLength:13793
FileModTime:704964336
%EndFont

%BeginFont
Handler:DirectoryHandler
FontType:CMap
CMapName:HKgccs-B5-V
Registry:Adobe
Ordering:CNS1
UseCMap:HKgccs-B5-H
OutlineFileName:/Applications/Adobe Acrobat Reader.app/Contents/Resources/Resource/CMap/HKgccs-B5-V
FileLength:3016
FileModTime:704964336
%EndFont

%BeginFont
Handler:DirectoryHandler
FontType:CMap
CMapName:HKm314-B5-H
Registry:Adobe
Ordering:CNS1
OutlineFileName:/Applications/Adobe Acrobat Reader.app/Contents/Resources/Resource/CMap/HKm314-B5-H
FileLength:13606
FileModTime:704964336
%EndFont

%BeginFont
Handler:DirectoryHandler
FontType:CMap
CMapName:HKm314-B5-V
Registry:Adobe
Ordering:CNS1
UseCMap:HKm314-B5-H
OutlineFileName:/Applications/Adobe Acrobat Reader.app/Contents/Resources/Resource/CMap/HKm314-B5-V
FileLength:3016
FileModTime:704964336
%EndFont

%BeginFont
Handler:DirectoryHandler
FontType:CMap
CMapName:HKm471-B5-H
Registry:Adobe
Ordering:CNS1
OutlineFileName:/Applications/Adobe Acrobat Reader.app/Contents/Resources/Resource/CMap/HKm471-B5-H
FileLength:16576
FileModTime:704964336
%EndFont

%BeginFont
Handler:DirectoryHandler
FontType:CMap
CMapName:HKm471-B5-V
Registry:Adobe
Ordering:CNS1
UseCMap:HKm471-B5-H
OutlineFileName:/Applications/Adobe Acrobat Reader.app/Contents/Resources/Resource/CMap/HKm471-B5-V
FileLength:3016
FileModTime:704964336
%EndFont

%BeginFont
Handler:DirectoryHandler
FontType:CMap
CMapName:HKscs-B5-H
Registry:Adobe
Ordering:CNS1
OutlineFileName:/Applications/Adobe Acrobat Reader.app/Contents/Resources/Resource/CMap/HKscs-B5-H
FileLength:23322
FileModTime:704964336
%EndFont

%BeginFont
Handler:DirectoryHandler
FontType:CMap
CMapName:HKscs-B5-V
Registry:Adobe
Ordering:CNS1
UseCMap:HKscs-B5-H
OutlineFileName:/Applications/Adobe Acrobat Reader.app/Contents/Resources/Resource/CMap/HKscs-B5-V
FileLength:3030
FileModTime:704964336
%EndFont

%BeginFont
Handler:DirectoryHandler
FontType:CMap
CMapName:Identity-H
Registry:Adobe
Ordering:Identity
OutlineFileName:/Applications/Adobe Acrobat Reader.app/Contents/Resources/Resource/CMap/Identity-H
FileLength:7889
FileModTime:704964336
%EndFont

%BeginFont
Handler:DirectoryHandler
FontType:CMap
CMapName:Identity-V
Registry:Adobe
Ordering:Identity
UseCMap:Identity-H
OutlineFileName:/Applications/Adobe Acrobat Reader.app/Contents/Resources/Resource/CMap/Identity-V
FileLength:2688
FileModTime:704964336
%EndFont

%BeginFont
Handler:DirectoryHandler
FontType:CMap
CMapName:KSC-EUC-H
Registry:Adobe
Ordering:Korea1
OutlineFileName:/Applications/Adobe Acrobat Reader.app/Contents/Resources/Resource/CMap/KSC-EUC-H
FileLength:11797
FileModTime:704964336
%EndFont

%BeginFont
Handler:DirectoryHandler
FontType:CMap
CMapName:KSC-EUC-V
Registry:Adobe
Ordering:Korea1
UseCMap:KSC-EUC-H
OutlineFileName:/Applications/Adobe Acrobat Reader.app/Contents/Resources/Resource/CMap/KSC-EUC-V
FileLength:3105
FileModTime:704964336
%EndFont

%BeginFont
Handler:DirectoryHandler
FontType:CMap
CMapName:KSCms-UHC-H
Registry:Adobe
Ordering:Korea1
OutlineFileName:/Applications/Adobe Acrobat Reader.app/Contents/Resources/Resource/CMap/KSCms-UHC-H
FileLength:16009
FileModTime:704964336
%EndFont

%BeginFont
Handler:DirectoryHandler
FontType:CMap
CMapName:KSCms-UHC-HW-H
Registry:Adobe
Ordering:Korea1
OutlineFileName:/Applications/Adobe Acrobat Reader.app/Contents/Resources/Resource/CMap/KSCms-UHC-HW-H
FileLength:16005
FileModTime:704964336
%EndFont

%BeginFont
Handler:DirectoryHandler
FontType:CMap
CMapName:KSCms-UHC-HW-V
Registry:Adobe
Ordering:Korea1
UseCMap:KSCms-UHC-HW-H
OutlineFileName:/Applications/Adobe Acrobat Reader.app/Contents/Resources/Resource/CMap/KSCms-UHC-HW-V
FileLength:3118
FileModTime:704964336
%EndFont

%BeginFont
Handler:DirectoryHandler
FontType:CMap
CMapName:KSCms-UHC-UCS2
Registry:Adobe
Ordering:KSCms_UHC_UCS2
OutlineFileName:/Applications/Adobe Acrobat Reader.app/Contents/Resources/Resource/CMap/KSCms-UHC-UCS2
FileLength:181093
FileModTime:704964336
%EndFont

%BeginFont
Handler:DirectoryHandler
FontType:CMap
CMapName:KSCms-UHC-V
Registry:Adobe
Ordering:Korea1
UseCMap:KSCms-UHC-H
OutlineFileName:/Applications/Adobe Acrobat Reader.app/Contents/Resources/Resource/CMap/KSCms-UHC-V
FileLength:3119
FileModTime:704964336
%EndFont

%BeginFont
Handler:DirectoryHandler
FontType:CMap
CMapName:KSCpc-EUC-H
Registry:Adobe
Ordering:Korea1
OutlineFileName:/Applications/Adobe Acrobat Reader.app/Contents/Resources/Resource/CMap/KSCpc-EUC-H
FileLength:12624
FileModTime:704964336
%EndFont

%BeginFont
Handler:DirectoryHandler
FontType:CMap
CMapName:KSCpc-EUC-UCS2
Registry:Adobe
Ordering:KSCpc_EUC_UCS2
UseCMap:KSCpc-EUC-UCS2C
OutlineFileName:/Applications/Adobe Acrobat Reader.app/Contents/Resources/Resource/CMap/KSCpc-EUC-UCS2
FileLength:15733
FileModTime:704964336
%EndFont

%BeginFont
Handler:DirectoryHandler
FontType:CMap
CMapName:KSCpc-EUC-UCS2C
Registry:Adobe
Ordering:KSCpc_EUC_UCS2C
OutlineFileName:/Applications/Adobe Acrobat Reader.app/Contents/Resources/Resource/CMap/KSCpc-EUC-UCS2C
FileLength:149594
FileModTime:704964336
%EndFont

%BeginFont
Handler:DirectoryHandler
FontType:CMap
CMapName:KSCpc-EUC-V
Registry:Adobe
Ordering:Korea1
UseCMap:KSCpc-EUC-H
OutlineFileName:/Applications/Adobe Acrobat Reader.app/Contents/Resources/Resource/CMap/KSCpc-EUC-V
FileLength:3117
FileModTime:704964336
%EndFont

%BeginFont
Handler:DirectoryHandler
FontType:CMap
CMapName:UCS2-90ms-RKSJ
Registry:Adobe
Ordering:UCS2_90ms_RKSJ
OutlineFileName:/Applications/Adobe Acrobat Reader.app/Contents/Resources/Resource/CMap/UCS2-90ms-RKSJ
FileLength:148228
FileModTime:704964336
%EndFont

%BeginFont
Handler:DirectoryHandler
FontType:CMap
CMapName:UCS2-90pv-RKSJ
Registry:Adobe
Ordering:UCS2_90pv_RKSJ
OutlineFileName:/Applications/Adobe Acrobat Reader.app/Contents/Resources/Resource/CMap/UCS2-90pv-RKSJ
FileLength:141501
FileModTime:704964336
%EndFont

%BeginFont
Handler:DirectoryHandler
FontType:CMap
CMapName:UCS2-B5pc
Registry:Adobe
Ordering:UCS2_B5pc
OutlineFileName:/Applications/Adobe Acrobat Reader.app/Contents/Resources/Resource/CMap/UCS2-B5pc
FileLength:271788
FileModTime:704964336
%EndFont

%BeginFont
Handler:DirectoryHandler
FontType:CMap
CMapName:UCS2-ETen-B5
Registry:Adobe
Ordering:UCS2_ETen_B5
OutlineFileName:/Applications/Adobe Acrobat Reader.app/Contents/Resources/Resource/CMap/UCS2-ETen-B5
FileLength:285473
FileModTime:704964336
%EndFont

%BeginFont
Handler:DirectoryHandler
FontType:CMap
CMapName:UCS2-GBK-EUC
Registry:Adobe
Ordering:UCS2_GBK_EUC
OutlineFileName:/Applications/Adobe Acrobat Reader.app/Contents/Resources/Resource/CMap/UCS2-GBK-EUC
FileLength:232589
FileModTime:704964336
%EndFont

%BeginFont
Handler:DirectoryHandler
FontType:CMap
CMapName:UCS2-GBpc-EUC
Registry:Adobe
Ordering:UCS2_GBpc_EUC
OutlineFileName:/Applications/Adobe Acrobat Reader.app/Contents/Resources/Resource/CMap/UCS2-GBpc-EUC
FileLength:188072
FileModTime:704964336
%EndFont

%BeginFont
Handler:DirectoryHandler
FontType:CMap
CMapName:UCS2-KSCms-UHC
Registry:Adobe
Ordering:UCS2_KCSms_UHC
OutlineFileName:/Applications/Adobe Acrobat Reader.app/Contents/Resources/Resource/CMap/UCS2-KSCms-UHC
FileLength:187386
FileModTime:704964336
%EndFont

%BeginFont
Handler:DirectoryHandler
FontType:CMap
CMapName:UCS2-KSCpc-EUC
Registry:Adobe
Ordering:UCS2_KSCpc_EUC
OutlineFileName:/Applications/Adobe Acrobat Reader.app/Contents/Resources/Resource/CMap/UCS2-KSCpc-EUC
FileLength:146329
FileModTime:704964336
%EndFont

%BeginFont
Handler:DirectoryHandler
FontType:CMap
CMapName:UniCNS-UCS2-H
Registry:Adobe
Ordering:CNS1
OutlineFileName:/Applications/Adobe Acrobat Reader.app/Contents/Resources/Resource/CMap/UniCNS-UCS2-H
FileLength:326418
FileModTime:704964336
%EndFont

%BeginFont
Handler:DirectoryHandler
FontType:CMap
CMapName:UniCNS-UCS2-V
Registry:Adobe
Ordering:CNS1
UseCMap:UniCNS-UCS2-H
OutlineFileName:/Applications/Adobe Acrobat Reader.app/Contents/Resources/Resource/CMap/UniCNS-UCS2-V
FileLength:3040
FileModTime:704964336
%EndFont

%BeginFont
Handler:DirectoryHandler
FontType:CMap
CMapName:UniCNS-UTF16-H
Registry:Adobe
Ordering:CNS1
OutlineFileName:/Applications/Adobe Acrobat Reader.app/Contents/Resources/Resource/CMap/UniCNS-UTF16-H
FileLength:252751
FileModTime:704964336
%EndFont

%BeginFont
Handler:DirectoryHandler
FontType:CMap
CMapName:UniCNS-UTF16-V
Registry:Adobe
Ordering:CNS1
UseCMap:UniCNS-UTF16-H
OutlineFileName:/Applications/Adobe Acrobat Reader.app/Contents/Resources/Resource/CMap/UniCNS-UTF16-V
FileLength:3029
FileModTime:704964336
%EndFont

%BeginFont
Handler:DirectoryHandler
FontType:CMap
CMapName:UniGB-UCS2-H
Registry:Adobe
Ordering:GB1
OutlineFileName:/Applications/Adobe Acrobat Reader.app/Contents/Resources/Resource/CMap/UniGB-UCS2-H
FileLength:274452
FileModTime:704964336
%EndFont

%BeginFont
Handler:DirectoryHandler
FontType:CMap
CMapName:UniGB-UCS2-V
Registry:Adobe
Ordering:GB1
UseCMap:UniGB-UCS2-H
OutlineFileName:/Applications/Adobe Acrobat Reader.app/Contents/Resources/Resource/CMap/UniGB-UCS2-V
FileLength:3236
FileModTime:704964336
%EndFont

%BeginFont
Handler:DirectoryHandler
FontType:CMap
CMapName:UniGB-UTF16-H
Registry:Adobe
Ordering:GB1
OutlineFileName:/Applications/Adobe Acrobat Reader.app/Contents/Resources/Resource/CMap/UniGB-UTF16-H
FileLength:199991
FileModTime:704964336
%EndFont

%BeginFont
Handler:DirectoryHandler
FontType:CMap
CMapName:UniGB-UTF16-V
Registry:Adobe
Ordering:GB1
UseCMap:UniGB-UTF16-H
OutlineFileName:/Applications/Adobe Acrobat Reader.app/Contents/Resources/Resource/CMap/UniGB-UTF16-V
FileLength:3130
FileModTime:704964336
%EndFont

%BeginFont
Handler:DirectoryHandler
FontType:CMap
CMapName:UniJIS-UCS2-H
Registry:Adobe
Ordering:Japan1
OutlineFileName:/Applications/Adobe Acrobat Reader.app/Contents/Resources/Resource/CMap/UniJIS-UCS2-H
FileLength:168666
FileModTime:704964336
%EndFont

%BeginFont
Handler:DirectoryHandler
FontType:CMap
CMapName:UniJIS-UCS2-HW-H
Registry:Adobe
Ordering:Japan1
UseCMap:UniJIS-UCS2-H
OutlineFileName:/Applications/Adobe Acrobat Reader.app/Contents/Resources/Resource/CMap/UniJIS-UCS2-HW-H
FileLength:2889
FileModTime:704964336
%EndFont

%BeginFont
Handler:DirectoryHandler
FontType:CMap
CMapName:UniJIS-UCS2-HW-V
Registry:Adobe
Ordering:Japan1
UseCMap:UniJIS-UCS2-H
OutlineFileName:/Applications/Adobe Acrobat Reader.app/Contents/Resources/Resource/CMap/UniJIS-UCS2-HW-V
FileLength:6660
FileModTime:704964336
%EndFont

%BeginFont
Handler:DirectoryHandler
FontType:CMap
CMapName:UniJIS-UCS2-V
Registry:Adobe
Ordering:Japan1
UseCMap:UniJIS-UCS2-H
OutlineFileName:/Applications/Adobe Acrobat Reader.app/Contents/Resources/Resource/CMap/UniJIS-UCS2-V
FileLength:6578
FileModTime:704964336
%EndFont

%BeginFont
Handler:DirectoryHandler
FontType:CMap
CMapName:UniJIS-UTF16-H
Registry:Adobe
Ordering:Japan1
OutlineFileName:/Applications/Adobe Acrobat Reader.app/Contents/Resources/Resource/CMap/UniJIS-UTF16-H
FileLength:188153
FileModTime:704964336
%EndFont

%BeginFont
Handler:DirectoryHandler
FontType:CMap
CMapName:UniJIS-UTF16-V
Registry:Adobe
Ordering:Japan1
UseCMap:UniJIS-UTF16-H
OutlineFileName:/Applications/Adobe Acrobat Reader.app/Contents/Resources/Resource/CMap/UniJIS-UTF16-V
FileLength:5840
FileModTime:704964336
%EndFont

%BeginFont
Handler:DirectoryHandler
FontType:CMap
CMapName:UniJIS-UTF32-H
Registry:Adobe
Ordering:Japan1
OutlineFileName:/Applications/Adobe Acrobat Reader.app/Contents/Resources/Resource/CMap/UniJIS-UTF32-H
FileLength:245349
FileModTime:704964336
%EndFont

%BeginFont
Handler:DirectoryHandler
FontType:CMap
CMapName:UniJIS-UTF32-V
Registry:Adobe
Ordering:Japan1
UseCMap:UniJIS-UTF32-H
OutlineFileName:/Applications/Adobe Acrobat Reader.app/Contents/Resources/Resource/CMap/UniJIS-UTF32-V
FileLength:6872
FileModTime:704964336
%EndFont

%BeginFont
Handler:DirectoryHandler
FontType:CMap
CMapName:UniJIS-UTF8-H
Registry:Adobe
Ordering:Japan1
OutlineFileName:/Applications/Adobe Acrobat Reader.app/Contents/Resources/Resource/CMap/UniJIS-UTF8-H
FileLength:216384
FileModTime:704964336
%EndFont

%BeginFont
Handler:DirectoryHandler
FontType:CMap
CMapName:UniJIS-UTF8-V
Registry:Adobe
Ordering:Japan1
UseCMap:UniJIS-UTF8-H
OutlineFileName:/Applications/Adobe Acrobat Reader.app/Contents/Resources/Resource/CMap/UniJIS-UTF8-V
FileLength:6365
FileModTime:704964336
%EndFont

%BeginFont
Handler:DirectoryHandler
FontType:CMap
CMapName:UniJIS2004-UTF16-H
Registry:Adobe
Ordering:Japan1
OutlineFileName:/Applications/Adobe Acrobat Reader.app/Contents/Resources/Resource/CMap/UniJIS2004-UTF16-H
FileLength:188233
FileModTime:704964336
%EndFont

%BeginFont
Handler:DirectoryHandler
FontType:CMap
CMapName:UniJIS2004-UTF16-V
Registry:Adobe
Ordering:Japan1
UseCMap:UniJIS2004-UTF16-H
OutlineFileName:/Applications/Adobe Acrobat Reader.app/Contents/Resources/Resource/CMap/UniJIS2004-UTF16-V
FileLength:5864
FileModTime:704964336
%EndFont

%BeginFont
Handler:DirectoryHandler
FontType:CMap
CMapName:UniJIS2004-UTF32-H
Registry:Adobe
Ordering:Japan1
OutlineFileName:/Applications/Adobe Acrobat Reader.app/Contents/Resources/Resource/CMap/UniJIS2004-UTF32-H
FileLength:245429
FileModTime:704964336
%EndFont

%BeginFont
Handler:DirectoryHandler
FontType:CMap
CMapName:UniJIS2004-UTF32-V
Registry:Adobe
Ordering:Japan1
UseCMap:UniJIS2004-UTF32-H
OutlineFileName:/Applications/Adobe Acrobat Reader.app/Contents/Resources/Resource/CMap/UniJIS2004-UTF32-V
FileLength:6896
FileModTime:704964336
%EndFont

%BeginFont
Handler:DirectoryHandler
FontType:CMap
CMapName:UniJIS2004-UTF8-H
Registry:Adobe
Ordering:Japan1
OutlineFileName:/Applications/Adobe Acrobat Reader.app/Contents/Resources/Resource/CMap/UniJIS2004-UTF8-H
FileLength:216462
FileModTime:704964336
%EndFont

%BeginFont
Handler:DirectoryHandler
FontType:CMap
CMapName:UniJIS2004-UTF8-V
Registry:Adobe
Ordering:Japan1
UseCMap:UniJIS2004-UTF8-H
OutlineFileName:/Applications/Adobe Acrobat Reader.app/Contents/Resources/Resource/CMap/UniJIS2004-UTF8-V
FileLength:6387
FileModTime:704964336
%EndFont

%BeginFont
Handler:DirectoryHandler
FontType:CMap
CMapName:UniJISX0213-UTF32-H
Registry:Adobe
Ordering:Japan1
OutlineFileName:/Applications/Adobe Acrobat Reader.app/Contents/Resources/Resource/CMap/UniJISX0213-UTF32-H
FileLength:245311
FileModTime:704964336
%EndFont

%BeginFont
Handler:DirectoryHandler
FontType:CMap
CMapName:UniJISX0213-UTF32-V
Registry:Adobe
Ordering:Japan1
UseCMap:UniJISX0213-UTF32-H
OutlineFileName:/Applications/Adobe Acrobat Reader.app/Contents/Resources/Resource/CMap/UniJISX0213-UTF32-V
FileLength:6838
FileModTime:704964336
%EndFont

%BeginFont
Handler:DirectoryHandler
FontType:CMap
CMapName:UniJISX02132004-UTF32-H
Registry:Adobe
Ordering:Japan1
OutlineFileName:/Applications/Adobe Acrobat Reader.app/Contents/Resources/Resource/CMap/UniJISX02132004-UTF32-H
FileLength:245419
FileModTime:704964336
%EndFont

%BeginFont
Handler:DirectoryHandler
FontType:CMap
CMapName:UniJISX02132004-UTF32-V
Registry:Adobe
Ordering:Japan1
UseCMap:UniJISX02132004-UTF32-H
OutlineFileName:/Applications/Adobe Acrobat Reader.app/Contents/Resources/Resource/CMap/UniJISX02132004-UTF32-V
FileLength:6862
FileModTime:704964336
%EndFont

%BeginFont
Handler:DirectoryHandler
FontType:CMap
CMapName:UniKS-UCS2-H
Registry:Adobe
Ordering:Korea1
OutlineFileName:/Applications/Adobe Acrobat Reader.app/Contents/Resources/Resource/CMap/UniKS-UCS2-H
FileLength:166078
FileModTime:704964336
%EndFont

%BeginFont
Handler:DirectoryHandler
FontType:CMap
CMapName:UniKS-UCS2-V
Registry:Adobe
Ordering:Korea1
UseCMap:UniKS-UCS2-H
OutlineFileName:/Applications/Adobe Acrobat Reader.app/Contents/Resources/Resource/CMap/UniKS-UCS2-V
FileLength:3145
FileModTime:704964336
%EndFont

%BeginFont
Handler:DirectoryHandler
FontType:CMap
CMapName:UniKS-UTF16-H
Registry:Adobe
Ordering:Korea1
OutlineFileName:/Applications/Adobe Acrobat Reader.app/Contents/Resources/Resource/CMap/UniKS-UTF16-H
FileLength:123007
FileModTime:704964336
%EndFont

%BeginFont
Handler:DirectoryHandler
FontType:CMap
CMapName:UniKS-UTF16-V
Registry:Adobe
Ordering:Korea1
UseCMap:UniKS-UTF16-H
OutlineFileName:/Applications/Adobe Acrobat Reader.app/Contents/Resources/Resource/CMap/UniKS-UTF16-V
FileLength:3099
FileModTime:704964336
%EndFont

%BeginFont
Handler:DirectoryHandler
FontType:CMap
CMapName:V
Registry:Adobe
Ordering:Japan1
UseCMap:H
OutlineFileName:/Applications/Adobe Acrobat Reader.app/Contents/Resources/Resource/CMap/V
FileLength:3268
FileModTime:704964336
%EndFont

