20240122-214514.193: t=6103: Info: app: Begin Starting up (AppController.cpp.startHandler.305)
20240122-214514.194: t=6103: Info: app: End Starting up (AppController.cpp.startHandler.305)
20240122-214514.194: t=0103: Info: AppShell: End start (AppShell.cpp.startup.173)
20240122-214514.194: t=0103: Info: Cosylib: getContext	 baseUrl: https://comments.adobe.io/sync/ (CosyLibImpl.h.getContext.181)
20240122-214514.194: t=0103: Info: Cosylib: getContext	 baseUrl: https://comments.adobe.io/sync/ (CosyLibImpl.h.getContext.181)
20240122-214514.194: t=0103: Info: Cosylib: getEntityClient (CosyLibImpl.h.getEntityClient.166)
20240122-214514.196: t=0103: Info: ES::cosylib: EntityClientImpl::getRegisteredLoginInfo :  (EntityClientImpl.cpp.getRegisteredLoginInfo.944)
20240122-214514.196: t=0103: Info: ES::cosylib: RequestHandle : f1d2f501-269c-49d1-8bf2-4e7df4fb19f7 (EntityClientImpl.cpp.getRegisteredLoginInfo.962)
20240122-214514.197: t=6003: Info: ES::cosylib: messageType :entitysync.out.response.get.register.login.info responseJSON : (EntityClientImpl.cpp.processEntitySyncResponse.1492)
20240122-214514.197: t=6003: Info: ES::cosylib: Dispatch callback for : entitysync.out.response.get.register.login.info (EntityClientImpl.cpp.processEntitySyncResponse.1580)
20240122-214514.197: t=0103: Info: ES::cosylib: EntityClientImpl::registerLoginInfo :  (EntityClientImpl.cpp.registerLoginInfo.866)
20240122-214514.197: t=0103: Info: ES::cosylib: RequestHandle : e20935ca-d95c-4ba4-978b-36c3431af811 (EntityClientImpl.cpp.registerLoginInfo.902)
20240122-214514.204: t=6003: Info: ES::esprovider: DB initialized (EntityStoreController.cpp.registerLoginInfoHandler.969)
20240122-214514.207: t=6003: Info: ES::cosylib: messageType :entitysync.out.response.register.login.info responseJSON : (EntityClientImpl.cpp.processEntitySyncResponse.1492)
20240122-214514.207: t=6003: Info: ES::cosylib: Dispatch callback for : entitysync.out.response.register.login.info (EntityClientImpl.cpp.processEntitySyncResponse.1580)
20240122-214515.321: t=6907: Info: ES::cosylib: EntityClientImpl::getRegisteredLoginInfo :  (EntityClientImpl.cpp.getRegisteredLoginInfo.944)
20240122-214515.322: t=6907: Info: ES::cosylib: RequestHandle : 686d241f-07e3-45b4-9d07-5a4207a90276 (EntityClientImpl.cpp.getRegisteredLoginInfo.962)
20240122-214515.322: t=6003: Info: ES::cosylib: messageType :entitysync.out.response.get.register.login.info responseJSON : (EntityClientImpl.cpp.processEntitySyncResponse.1492)
20240122-214515.322: t=6003: Info: ES::cosylib: Dispatch callback for : entitysync.out.response.get.register.login.info (EntityClientImpl.cpp.processEntitySyncResponse.1580)
20240122-214515.325: t=6907: Info: ES::cosylib: EntityClientImpl::getResourcesWithUnsyncedLocalChanges :  (EntityClientImpl.cpp.getResourcesWithUnsyncedLocalChanges.790)
20240122-214515.325: t=6907: Info: ES::cosylib: RequestHandle : d0a64209-cccc-4f29-9709-70b849c88ffb (EntityClientImpl.cpp.getResourcesWithUnsyncedLocalChanges.809)
20240122-214515.326: t=6003: Info: ES::cosylib: messageType :entitysync.out.response.resource.getresourceswithunsyncedlocalchanges responseJSON :{"responses":[{"responseType":0,"statusCode":200,"payload":{"code":"","message":"","collectionId":"","resourceId":""}}]} (EntityClientImpl.cpp.processEntitySyncResponse.1492)
20240122-214515.326: t=6003: Info: ES::cosylib: Cosylib GetResourcesWithUnsyncedLocalChanges Count: 0 (EntityClientImpl.cpp.handleGetResourcesWithUnsyncedLocalChanges.1445)
20240122-214515.326: t=6003: Info: ES::cosylib: Dispatch callback for : entitysync.out.response.resource.getresourceswithunsyncedlocalchanges (EntityClientImpl.cpp.processEntitySyncResponse.1580)
