20240202-081813.967: t=5903: Info: ES::cosylib: EntityClientImpl::getResourcesWithUnsyncedLocalChanges :  (EntityClientImpl.cpp.getResourcesWithUnsyncedLocalChanges.790)
20240202-081813.977: t=5903: Info: ES::cosylib: RequestHandle : 107260e9-346a-4504-87b5-461c6dbab4b2 (EntityClientImpl.cpp.getResourcesWithUnsyncedLocalChanges.809)
20240202-081813.982: t=6d03: Info: ES::cosylib: messageType :entitysync.out.response.resource.getresourceswithunsyncedlocalchanges responseJSON :{"responses":[{"responseType":0,"statusCode":200,"payload":{"code":"","message":"","collectionId":"","resourceId":""}}]} (EntityClientImpl.cpp.processEntitySyncResponse.1492)
20240202-081813.982: t=6d03: Info: ES::cosylib: Cosylib GetResourcesWithUnsyncedLocalChanges Count: 0 (EntityClientImpl.cpp.handleGetResourcesWithUnsyncedLocalChanges.1445)
20240202-081813.982: t=6d03: Info: ES::cosylib: Dispatch callback for : entitysync.out.response.resource.getresourceswithunsyncedlocalchanges (EntityClientImpl.cpp.processEntitySyncResponse.1580)
20240202-081816.955: t=5903: Info: ES::cosylib: EntityClientImpl::getResourcesWithUnsyncedLocalChanges :  (EntityClientImpl.cpp.getResourcesWithUnsyncedLocalChanges.790)
20240202-081816.960: t=5903: Info: ES::cosylib: RequestHandle : 8ae36b61-78c1-4607-a1ca-ae809612e828 (EntityClientImpl.cpp.getResourcesWithUnsyncedLocalChanges.809)
20240202-081816.963: t=6d03: Info: ES::cosylib: messageType :entitysync.out.response.resource.getresourceswithunsyncedlocalchanges responseJSON :{"responses":[{"responseType":0,"statusCode":200,"payload":{"code":"","message":"","collectionId":"","resourceId":""}}]} (EntityClientImpl.cpp.processEntitySyncResponse.1492)
20240202-081816.964: t=6d03: Info: ES::cosylib: Cosylib GetResourcesWithUnsyncedLocalChanges Count: 0 (EntityClientImpl.cpp.handleGetResourcesWithUnsyncedLocalChanges.1445)
20240202-081816.964: t=6d03: Info: ES::cosylib: Dispatch callback for : entitysync.out.response.resource.getresourceswithunsyncedlocalchanges (EntityClientImpl.cpp.processEntitySyncResponse.1580)
20240202-081854.554: t=5903: Info: ES::cosylib: EntityClientImpl::getResourcesWithUnsyncedLocalChanges :  (EntityClientImpl.cpp.getResourcesWithUnsyncedLocalChanges.790)
20240202-081854.557: t=5903: Info: ES::cosylib: RequestHandle : 0e0e90bf-14c5-48b1-b56e-2a0980e9d16f (EntityClientImpl.cpp.getResourcesWithUnsyncedLocalChanges.809)
20240202-081854.559: t=6d03: Info: ES::cosylib: messageType :entitysync.out.response.resource.getresourceswithunsyncedlocalchanges responseJSON :{"responses":[{"responseType":0,"statusCode":200,"payload":{"code":"","message":"","collectionId":"","resourceId":""}}]} (EntityClientImpl.cpp.processEntitySyncResponse.1492)
20240202-081854.560: t=6d03: Info: ES::cosylib: Cosylib GetResourcesWithUnsyncedLocalChanges Count: 0 (EntityClientImpl.cpp.handleGetResourcesWithUnsyncedLocalChanges.1445)
20240202-081854.560: t=6d03: Info: ES::cosylib: Dispatch callback for : entitysync.out.response.resource.getresourceswithunsyncedlocalchanges (EntityClientImpl.cpp.processEntitySyncResponse.1580)
20240202-081858.817: t=5903: Info: ES::cosylib: EntityClientImpl::getResourcesWithUnsyncedLocalChanges :  (EntityClientImpl.cpp.getResourcesWithUnsyncedLocalChanges.790)
20240202-081858.819: t=5903: Info: ES::cosylib: RequestHandle : 691420c9-2329-480a-b87b-59e56f88610c (EntityClientImpl.cpp.getResourcesWithUnsyncedLocalChanges.809)
20240202-081858.823: t=6d03: Info: ES::cosylib: messageType :entitysync.out.response.resource.getresourceswithunsyncedlocalchanges responseJSON :{"responses":[{"responseType":0,"statusCode":200,"payload":{"code":"","message":"","collectionId":"","resourceId":""}}]} (EntityClientImpl.cpp.processEntitySyncResponse.1492)
20240202-081858.823: t=6d03: Info: ES::cosylib: Cosylib GetResourcesWithUnsyncedLocalChanges Count: 0 (EntityClientImpl.cpp.handleGetResourcesWithUnsyncedLocalChanges.1445)
20240202-081858.823: t=6d03: Info: ES::cosylib: Dispatch callback for : entitysync.out.response.resource.getresourceswithunsyncedlocalchanges (EntityClientImpl.cpp.processEntitySyncResponse.1580)
20240202-081938.473: t=5903: Info: ES::cosylib: EntityClientImpl::getResourcesWithUnsyncedLocalChanges :  (EntityClientImpl.cpp.getResourcesWithUnsyncedLocalChanges.790)
20240202-081938.474: t=5903: Info: ES::cosylib: RequestHandle : c09b095e-c884-4bcb-b097-7f5757e19c95 (EntityClientImpl.cpp.getResourcesWithUnsyncedLocalChanges.809)
20240202-081938.479: t=6d03: Info: ES::cosylib: messageType :entitysync.out.response.resource.getresourceswithunsyncedlocalchanges responseJSON :{"responses":[{"responseType":0,"statusCode":200,"payload":{"code":"","message":"","collectionId":"","resourceId":""}}]} (EntityClientImpl.cpp.processEntitySyncResponse.1492)
20240202-081938.479: t=6d03: Info: ES::cosylib: Cosylib GetResourcesWithUnsyncedLocalChanges Count: 0 (EntityClientImpl.cpp.handleGetResourcesWithUnsyncedLocalChanges.1445)
20240202-081938.479: t=6d03: Info: ES::cosylib: Dispatch callback for : entitysync.out.response.resource.getresourceswithunsyncedlocalchanges (EntityClientImpl.cpp.processEntitySyncResponse.1580)
20240202-081942.455: t=5903: Info: ES::cosylib: EntityClientImpl::getResourcesWithUnsyncedLocalChanges :  (EntityClientImpl.cpp.getResourcesWithUnsyncedLocalChanges.790)
20240202-081942.456: t=5903: Info: ES::cosylib: RequestHandle : 31ddc011-b4b5-4d5b-acd4-f24617dd8d1b (EntityClientImpl.cpp.getResourcesWithUnsyncedLocalChanges.809)
20240202-081942.459: t=6d03: Info: ES::cosylib: messageType :entitysync.out.response.resource.getresourceswithunsyncedlocalchanges responseJSON :{"responses":[{"responseType":0,"statusCode":200,"payload":{"code":"","message":"","collectionId":"","resourceId":""}}]} (EntityClientImpl.cpp.processEntitySyncResponse.1492)
20240202-081942.459: t=6d03: Info: ES::cosylib: Cosylib GetResourcesWithUnsyncedLocalChanges Count: 0 (EntityClientImpl.cpp.handleGetResourcesWithUnsyncedLocalChanges.1445)
20240202-081942.459: t=6d03: Info: ES::cosylib: Dispatch callback for : entitysync.out.response.resource.getresourceswithunsyncedlocalchanges (EntityClientImpl.cpp.processEntitySyncResponse.1580)
20240202-081955.605: t=5903: Info: ES::cosylib: EntityClientImpl::getResourcesWithUnsyncedLocalChanges :  (EntityClientImpl.cpp.getResourcesWithUnsyncedLocalChanges.790)
20240202-081955.606: t=5903: Info: ES::cosylib: RequestHandle : 7ebd6c09-9b2a-476d-9483-816eea49e03a (EntityClientImpl.cpp.getResourcesWithUnsyncedLocalChanges.809)
20240202-081955.610: t=6d03: Info: ES::cosylib: messageType :entitysync.out.response.resource.getresourceswithunsyncedlocalchanges responseJSON :{"responses":[{"responseType":0,"statusCode":200,"payload":{"code":"","message":"","collectionId":"","resourceId":""}}]} (EntityClientImpl.cpp.processEntitySyncResponse.1492)
20240202-081955.611: t=6d03: Info: ES::cosylib: Cosylib GetResourcesWithUnsyncedLocalChanges Count: 0 (EntityClientImpl.cpp.handleGetResourcesWithUnsyncedLocalChanges.1445)
20240202-081955.611: t=6d03: Info: ES::cosylib: Dispatch callback for : entitysync.out.response.resource.getresourceswithunsyncedlocalchanges (EntityClientImpl.cpp.processEntitySyncResponse.1580)
20240202-082001.830: t=5903: Info: ES::cosylib: EntityClientImpl::getResourcesWithUnsyncedLocalChanges :  (EntityClientImpl.cpp.getResourcesWithUnsyncedLocalChanges.790)
20240202-082001.832: t=5903: Info: ES::cosylib: RequestHandle : 323c196a-710e-4ac3-871c-b7db5ea4f06a (EntityClientImpl.cpp.getResourcesWithUnsyncedLocalChanges.809)
20240202-082001.836: t=6d03: Info: ES::cosylib: messageType :entitysync.out.response.resource.getresourceswithunsyncedlocalchanges responseJSON :{"responses":[{"responseType":0,"statusCode":200,"payload":{"code":"","message":"","collectionId":"","resourceId":""}}]} (EntityClientImpl.cpp.processEntitySyncResponse.1492)
20240202-082001.836: t=6d03: Info: ES::cosylib: Cosylib GetResourcesWithUnsyncedLocalChanges Count: 0 (EntityClientImpl.cpp.handleGetResourcesWithUnsyncedLocalChanges.1445)
20240202-082001.836: t=6d03: Info: ES::cosylib: Dispatch callback for : entitysync.out.response.resource.getresourceswithunsyncedlocalchanges (EntityClientImpl.cpp.processEntitySyncResponse.1580)
20240202-082209.602: t=5903: Info: ES::cosylib: EntityClientImpl::getResourcesWithUnsyncedLocalChanges :  (EntityClientImpl.cpp.getResourcesWithUnsyncedLocalChanges.790)
20240202-082209.604: t=5903: Info: ES::cosylib: RequestHandle : 228f8742-86ea-4ae6-810c-ec77ec513331 (EntityClientImpl.cpp.getResourcesWithUnsyncedLocalChanges.809)
20240202-082209.609: t=6d03: Info: ES::cosylib: messageType :entitysync.out.response.resource.getresourceswithunsyncedlocalchanges responseJSON :{"responses":[{"responseType":0,"statusCode":200,"payload":{"code":"","message":"","collectionId":"","resourceId":""}}]} (EntityClientImpl.cpp.processEntitySyncResponse.1492)
20240202-082209.609: t=6d03: Info: ES::cosylib: Cosylib GetResourcesWithUnsyncedLocalChanges Count: 0 (EntityClientImpl.cpp.handleGetResourcesWithUnsyncedLocalChanges.1445)
20240202-082209.609: t=6d03: Info: ES::cosylib: Dispatch callback for : entitysync.out.response.resource.getresourceswithunsyncedlocalchanges (EntityClientImpl.cpp.processEntitySyncResponse.1580)
20240202-082213.999: t=5903: Info: ES::cosylib: EntityClientImpl::getResourcesWithUnsyncedLocalChanges :  (EntityClientImpl.cpp.getResourcesWithUnsyncedLocalChanges.790)
20240202-082214.000: t=5903: Info: ES::cosylib: RequestHandle : 53ba6748-53c8-4667-8df5-af3583ad7606 (EntityClientImpl.cpp.getResourcesWithUnsyncedLocalChanges.809)
20240202-082214.003: t=6d03: Info: ES::cosylib: messageType :entitysync.out.response.resource.getresourceswithunsyncedlocalchanges responseJSON :{"responses":[{"responseType":0,"statusCode":200,"payload":{"code":"","message":"","collectionId":"","resourceId":""}}]} (EntityClientImpl.cpp.processEntitySyncResponse.1492)
20240202-082214.003: t=6d03: Info: ES::cosylib: Cosylib GetResourcesWithUnsyncedLocalChanges Count: 0 (EntityClientImpl.cpp.handleGetResourcesWithUnsyncedLocalChanges.1445)
20240202-082214.003: t=6d03: Info: ES::cosylib: Dispatch callback for : entitysync.out.response.resource.getresourceswithunsyncedlocalchanges (EntityClientImpl.cpp.processEntitySyncResponse.1580)
20240202-082303.103: t=5903: Info: ES::cosylib: EntityClientImpl::getResourcesWithUnsyncedLocalChanges :  (EntityClientImpl.cpp.getResourcesWithUnsyncedLocalChanges.790)
20240202-082303.104: t=5903: Info: ES::cosylib: RequestHandle : 7aa186eb-cc34-44bf-8921-4450478ac45d (EntityClientImpl.cpp.getResourcesWithUnsyncedLocalChanges.809)
20240202-082303.107: t=6d03: Info: ES::cosylib: messageType :entitysync.out.response.resource.getresourceswithunsyncedlocalchanges responseJSON :{"responses":[{"responseType":0,"statusCode":200,"payload":{"code":"","message":"","collectionId":"","resourceId":""}}]} (EntityClientImpl.cpp.processEntitySyncResponse.1492)
20240202-082303.107: t=6d03: Info: ES::cosylib: Cosylib GetResourcesWithUnsyncedLocalChanges Count: 0 (EntityClientImpl.cpp.handleGetResourcesWithUnsyncedLocalChanges.1445)
20240202-082303.107: t=6d03: Info: ES::cosylib: Dispatch callback for : entitysync.out.response.resource.getresourceswithunsyncedlocalchanges (EntityClientImpl.cpp.processEntitySyncResponse.1580)
20240202-082307.453: t=5903: Info: ES::cosylib: EntityClientImpl::getResourcesWithUnsyncedLocalChanges :  (EntityClientImpl.cpp.getResourcesWithUnsyncedLocalChanges.790)
20240202-082307.457: t=5903: Info: ES::cosylib: RequestHandle : 3b08b051-5b5f-4aa5-b4ee-f08f9e6c34a8 (EntityClientImpl.cpp.getResourcesWithUnsyncedLocalChanges.809)
20240202-082307.462: t=6d03: Info: ES::cosylib: messageType :entitysync.out.response.resource.getresourceswithunsyncedlocalchanges responseJSON :{"responses":[{"responseType":0,"statusCode":200,"payload":{"code":"","message":"","collectionId":"","resourceId":""}}]} (EntityClientImpl.cpp.processEntitySyncResponse.1492)
20240202-082307.462: t=6d03: Info: ES::cosylib: Cosylib GetResourcesWithUnsyncedLocalChanges Count: 0 (EntityClientImpl.cpp.handleGetResourcesWithUnsyncedLocalChanges.1445)
20240202-082307.462: t=6d03: Info: ES::cosylib: Dispatch callback for : entitysync.out.response.resource.getresourceswithunsyncedlocalchanges (EntityClientImpl.cpp.processEntitySyncResponse.1580)
20240202-082636.537: t=5903: Info: ES::cosylib: EntityClientImpl::getResourcesWithUnsyncedLocalChanges :  (EntityClientImpl.cpp.getResourcesWithUnsyncedLocalChanges.790)
20240202-082636.539: t=5903: Info: ES::cosylib: RequestHandle : 2c855241-3b6d-4e36-bc26-0053daaacc8a (EntityClientImpl.cpp.getResourcesWithUnsyncedLocalChanges.809)
20240202-082636.543: t=6d03: Info: ES::cosylib: messageType :entitysync.out.response.resource.getresourceswithunsyncedlocalchanges responseJSON :{"responses":[{"responseType":0,"statusCode":200,"payload":{"code":"","message":"","collectionId":"","resourceId":""}}]} (EntityClientImpl.cpp.processEntitySyncResponse.1492)
20240202-082636.543: t=6d03: Info: ES::cosylib: Cosylib GetResourcesWithUnsyncedLocalChanges Count: 0 (EntityClientImpl.cpp.handleGetResourcesWithUnsyncedLocalChanges.1445)
20240202-082636.544: t=6d03: Info: ES::cosylib: Dispatch callback for : entitysync.out.response.resource.getresourceswithunsyncedlocalchanges (EntityClientImpl.cpp.processEntitySyncResponse.1580)
20240202-082640.735: t=5903: Info: ES::cosylib: EntityClientImpl::getResourcesWithUnsyncedLocalChanges :  (EntityClientImpl.cpp.getResourcesWithUnsyncedLocalChanges.790)
20240202-082640.737: t=5903: Info: ES::cosylib: RequestHandle : 0f76ce3b-3056-4f95-ab82-234ba838ee52 (EntityClientImpl.cpp.getResourcesWithUnsyncedLocalChanges.809)
20240202-082640.740: t=6d03: Info: ES::cosylib: messageType :entitysync.out.response.resource.getresourceswithunsyncedlocalchanges responseJSON :{"responses":[{"responseType":0,"statusCode":200,"payload":{"code":"","message":"","collectionId":"","resourceId":""}}]} (EntityClientImpl.cpp.processEntitySyncResponse.1492)
20240202-082640.740: t=6d03: Info: ES::cosylib: Cosylib GetResourcesWithUnsyncedLocalChanges Count: 0 (EntityClientImpl.cpp.handleGetResourcesWithUnsyncedLocalChanges.1445)
20240202-082640.740: t=6d03: Info: ES::cosylib: Dispatch callback for : entitysync.out.response.resource.getresourceswithunsyncedlocalchanges (EntityClientImpl.cpp.processEntitySyncResponse.1580)
20240202-082724.124: t=5903: Info: ES::cosylib: EntityClientImpl::getResourcesWithUnsyncedLocalChanges :  (EntityClientImpl.cpp.getResourcesWithUnsyncedLocalChanges.790)
20240202-082724.125: t=5903: Info: ES::cosylib: RequestHandle : d69f339f-ed3c-4315-bca5-f2e28b53dfa1 (EntityClientImpl.cpp.getResourcesWithUnsyncedLocalChanges.809)
20240202-082724.129: t=6d03: Info: ES::cosylib: messageType :entitysync.out.response.resource.getresourceswithunsyncedlocalchanges responseJSON :{"responses":[{"responseType":0,"statusCode":200,"payload":{"code":"","message":"","collectionId":"","resourceId":""}}]} (EntityClientImpl.cpp.processEntitySyncResponse.1492)
20240202-082724.129: t=6d03: Info: ES::cosylib: Cosylib GetResourcesWithUnsyncedLocalChanges Count: 0 (EntityClientImpl.cpp.handleGetResourcesWithUnsyncedLocalChanges.1445)
20240202-082724.129: t=6d03: Info: ES::cosylib: Dispatch callback for : entitysync.out.response.resource.getresourceswithunsyncedlocalchanges (EntityClientImpl.cpp.processEntitySyncResponse.1580)
20240202-084102.195: t=5903: Info: ES::cosylib: EntityClientImpl::getResourcesWithUnsyncedLocalChanges :  (EntityClientImpl.cpp.getResourcesWithUnsyncedLocalChanges.790)
20240202-084102.196: t=5903: Info: ES::cosylib: RequestHandle : f6fd41e5-83ad-4adf-88b0-ecfcc68bfda6 (EntityClientImpl.cpp.getResourcesWithUnsyncedLocalChanges.809)
20240202-084102.200: t=6d03: Info: ES::cosylib: messageType :entitysync.out.response.resource.getresourceswithunsyncedlocalchanges responseJSON :{"responses":[{"responseType":0,"statusCode":200,"payload":{"code":"","message":"","collectionId":"","resourceId":""}}]} (EntityClientImpl.cpp.processEntitySyncResponse.1492)
20240202-084102.200: t=6d03: Info: ES::cosylib: Cosylib GetResourcesWithUnsyncedLocalChanges Count: 0 (EntityClientImpl.cpp.handleGetResourcesWithUnsyncedLocalChanges.1445)
20240202-084102.200: t=6d03: Info: ES::cosylib: Dispatch callback for : entitysync.out.response.resource.getresourceswithunsyncedlocalchanges (EntityClientImpl.cpp.processEntitySyncResponse.1580)
20240202-084621.601: t=5903: Info: ES::cosylib: EntityClientImpl::getResourcesWithUnsyncedLocalChanges :  (EntityClientImpl.cpp.getResourcesWithUnsyncedLocalChanges.790)
20240202-084621.603: t=5903: Info: ES::cosylib: RequestHandle : 928e8a44-e989-4212-8ac9-7244256ed18b (EntityClientImpl.cpp.getResourcesWithUnsyncedLocalChanges.809)
20240202-084621.606: t=6d03: Info: ES::cosylib: messageType :entitysync.out.response.resource.getresourceswithunsyncedlocalchanges responseJSON :{"responses":[{"responseType":0,"statusCode":200,"payload":{"code":"","message":"","collectionId":"","resourceId":""}}]} (EntityClientImpl.cpp.processEntitySyncResponse.1492)
20240202-084621.606: t=6d03: Info: ES::cosylib: Cosylib GetResourcesWithUnsyncedLocalChanges Count: 0 (EntityClientImpl.cpp.handleGetResourcesWithUnsyncedLocalChanges.1445)
20240202-084621.606: t=6d03: Info: ES::cosylib: Dispatch callback for : entitysync.out.response.resource.getresourceswithunsyncedlocalchanges (EntityClientImpl.cpp.processEntitySyncResponse.1580)
20240202-084625.363: t=5903: Info: ES::cosylib: EntityClientImpl::getResourcesWithUnsyncedLocalChanges :  (EntityClientImpl.cpp.getResourcesWithUnsyncedLocalChanges.790)
20240202-084625.364: t=5903: Info: ES::cosylib: RequestHandle : 953a0cb8-4d78-4013-b820-c23d42f65f03 (EntityClientImpl.cpp.getResourcesWithUnsyncedLocalChanges.809)
20240202-084625.367: t=6d03: Info: ES::cosylib: messageType :entitysync.out.response.resource.getresourceswithunsyncedlocalchanges responseJSON :{"responses":[{"responseType":0,"statusCode":200,"payload":{"code":"","message":"","collectionId":"","resourceId":""}}]} (EntityClientImpl.cpp.processEntitySyncResponse.1492)
20240202-084625.367: t=6d03: Info: ES::cosylib: Cosylib GetResourcesWithUnsyncedLocalChanges Count: 0 (EntityClientImpl.cpp.handleGetResourcesWithUnsyncedLocalChanges.1445)
20240202-084625.367: t=6d03: Info: ES::cosylib: Dispatch callback for : entitysync.out.response.resource.getresourceswithunsyncedlocalchanges (EntityClientImpl.cpp.processEntitySyncResponse.1580)
20240202-095538.449: t=5903: Info: ES::cosylib: EntityClientImpl::getResourcesWithUnsyncedLocalChanges :  (EntityClientImpl.cpp.getResourcesWithUnsyncedLocalChanges.790)
20240202-095538.457: t=5903: Info: ES::cosylib: RequestHandle : 9669af85-c9f9-4ce2-a01c-04fbfd23e1eb (EntityClientImpl.cpp.getResourcesWithUnsyncedLocalChanges.809)
20240202-095538.463: t=6d03: Info: ES::cosylib: messageType :entitysync.out.response.resource.getresourceswithunsyncedlocalchanges responseJSON :{"responses":[{"responseType":0,"statusCode":200,"payload":{"code":"","message":"","collectionId":"","resourceId":""}}]} (EntityClientImpl.cpp.processEntitySyncResponse.1492)
20240202-095538.463: t=6d03: Info: ES::cosylib: Cosylib GetResourcesWithUnsyncedLocalChanges Count: 0 (EntityClientImpl.cpp.handleGetResourcesWithUnsyncedLocalChanges.1445)
20240202-095538.463: t=6d03: Info: ES::cosylib: Dispatch callback for : entitysync.out.response.resource.getresourceswithunsyncedlocalchanges (EntityClientImpl.cpp.processEntitySyncResponse.1580)
20240202-095544.774: t=5903: Info: ES::cosylib: EntityClientImpl::getResourcesWithUnsyncedLocalChanges :  (EntityClientImpl.cpp.getResourcesWithUnsyncedLocalChanges.790)
20240202-095544.775: t=5903: Info: ES::cosylib: RequestHandle : cec0caa5-3562-4050-a173-7da91c708204 (EntityClientImpl.cpp.getResourcesWithUnsyncedLocalChanges.809)
20240202-095544.778: t=6d03: Info: ES::cosylib: messageType :entitysync.out.response.resource.getresourceswithunsyncedlocalchanges responseJSON :{"responses":[{"responseType":0,"statusCode":200,"payload":{"code":"","message":"","collectionId":"","resourceId":""}}]} (EntityClientImpl.cpp.processEntitySyncResponse.1492)
20240202-095544.779: t=6d03: Info: ES::cosylib: Cosylib GetResourcesWithUnsyncedLocalChanges Count: 0 (EntityClientImpl.cpp.handleGetResourcesWithUnsyncedLocalChanges.1445)
20240202-095544.779: t=6d03: Info: ES::cosylib: Dispatch callback for : entitysync.out.response.resource.getresourceswithunsyncedlocalchanges (EntityClientImpl.cpp.processEntitySyncResponse.1580)
20240202-095648.532: t=5903: Info: ES::cosylib: EntityClientImpl::getResourcesWithUnsyncedLocalChanges :  (EntityClientImpl.cpp.getResourcesWithUnsyncedLocalChanges.790)
20240202-095648.534: t=5903: Info: ES::cosylib: RequestHandle : 62a0b663-e72d-45fc-8dcf-0f595bfcb9c7 (EntityClientImpl.cpp.getResourcesWithUnsyncedLocalChanges.809)
20240202-095648.537: t=6d03: Info: ES::cosylib: messageType :entitysync.out.response.resource.getresourceswithunsyncedlocalchanges responseJSON :{"responses":[{"responseType":0,"statusCode":200,"payload":{"code":"","message":"","collectionId":"","resourceId":""}}]} (EntityClientImpl.cpp.processEntitySyncResponse.1492)
20240202-095648.537: t=6d03: Info: ES::cosylib: Cosylib GetResourcesWithUnsyncedLocalChanges Count: 0 (EntityClientImpl.cpp.handleGetResourcesWithUnsyncedLocalChanges.1445)
20240202-095648.537: t=6d03: Info: ES::cosylib: Dispatch callback for : entitysync.out.response.resource.getresourceswithunsyncedlocalchanges (EntityClientImpl.cpp.processEntitySyncResponse.1580)
20240202-095652.493: t=5903: Info: ES::cosylib: EntityClientImpl::getResourcesWithUnsyncedLocalChanges :  (EntityClientImpl.cpp.getResourcesWithUnsyncedLocalChanges.790)
20240202-095652.495: t=5903: Info: ES::cosylib: RequestHandle : a7977e76-cc9d-43fb-a76c-c99481b2681b (EntityClientImpl.cpp.getResourcesWithUnsyncedLocalChanges.809)
20240202-095652.500: t=6d03: Info: ES::cosylib: messageType :entitysync.out.response.resource.getresourceswithunsyncedlocalchanges responseJSON :{"responses":[{"responseType":0,"statusCode":200,"payload":{"code":"","message":"","collectionId":"","resourceId":""}}]} (EntityClientImpl.cpp.processEntitySyncResponse.1492)
20240202-095652.501: t=6d03: Info: ES::cosylib: Cosylib GetResourcesWithUnsyncedLocalChanges Count: 0 (EntityClientImpl.cpp.handleGetResourcesWithUnsyncedLocalChanges.1445)
20240202-095652.501: t=6d03: Info: ES::cosylib: Dispatch callback for : entitysync.out.response.resource.getresourceswithunsyncedlocalchanges (EntityClientImpl.cpp.processEntitySyncResponse.1580)
20240202-095816.176: t=5903: Info: ES::cosylib: EntityClientImpl::getResourcesWithUnsyncedLocalChanges :  (EntityClientImpl.cpp.getResourcesWithUnsyncedLocalChanges.790)
20240202-095816.177: t=5903: Info: ES::cosylib: RequestHandle : d83aaf63-353a-4b28-83d3-b5709e00964c (EntityClientImpl.cpp.getResourcesWithUnsyncedLocalChanges.809)
20240202-095816.180: t=6d03: Info: ES::cosylib: messageType :entitysync.out.response.resource.getresourceswithunsyncedlocalchanges responseJSON :{"responses":[{"responseType":0,"statusCode":200,"payload":{"code":"","message":"","collectionId":"","resourceId":""}}]} (EntityClientImpl.cpp.processEntitySyncResponse.1492)
20240202-095816.180: t=6d03: Info: ES::cosylib: Cosylib GetResourcesWithUnsyncedLocalChanges Count: 0 (EntityClientImpl.cpp.handleGetResourcesWithUnsyncedLocalChanges.1445)
20240202-095816.180: t=6d03: Info: ES::cosylib: Dispatch callback for : entitysync.out.response.resource.getresourceswithunsyncedlocalchanges (EntityClientImpl.cpp.processEntitySyncResponse.1580)
20240202-095933.477: t=5903: Info: ES::cosylib: EntityClientImpl::getResourcesWithUnsyncedLocalChanges :  (EntityClientImpl.cpp.getResourcesWithUnsyncedLocalChanges.790)
20240202-095933.478: t=5903: Info: ES::cosylib: RequestHandle : fadeffcf-dff2-4f05-8e52-665af3d5b67c (EntityClientImpl.cpp.getResourcesWithUnsyncedLocalChanges.809)
20240202-095933.481: t=6d03: Info: ES::cosylib: messageType :entitysync.out.response.resource.getresourceswithunsyncedlocalchanges responseJSON :{"responses":[{"responseType":0,"statusCode":200,"payload":{"code":"","message":"","collectionId":"","resourceId":""}}]} (EntityClientImpl.cpp.processEntitySyncResponse.1492)
20240202-095933.482: t=6d03: Info: ES::cosylib: Cosylib GetResourcesWithUnsyncedLocalChanges Count: 0 (EntityClientImpl.cpp.handleGetResourcesWithUnsyncedLocalChanges.1445)
20240202-095933.482: t=6d03: Info: ES::cosylib: Dispatch callback for : entitysync.out.response.resource.getresourceswithunsyncedlocalchanges (EntityClientImpl.cpp.processEntitySyncResponse.1580)
20240202-115606.116: t=5903: Info: ES::cosylib: EntityClientImpl::getResourcesWithUnsyncedLocalChanges :  (EntityClientImpl.cpp.getResourcesWithUnsyncedLocalChanges.790)
20240202-115606.123: t=5903: Info: ES::cosylib: RequestHandle : 1a9a47fe-46b2-4faa-a570-d31cc7c826b0 (EntityClientImpl.cpp.getResourcesWithUnsyncedLocalChanges.809)
20240202-115606.126: t=6d03: Info: ES::cosylib: messageType :entitysync.out.response.resource.getresourceswithunsyncedlocalchanges responseJSON :{"responses":[{"responseType":0,"statusCode":200,"payload":{"code":"","message":"","collectionId":"","resourceId":""}}]} (EntityClientImpl.cpp.processEntitySyncResponse.1492)
20240202-115606.126: t=6d03: Info: ES::cosylib: Cosylib GetResourcesWithUnsyncedLocalChanges Count: 0 (EntityClientImpl.cpp.handleGetResourcesWithUnsyncedLocalChanges.1445)
20240202-115606.126: t=6d03: Info: ES::cosylib: Dispatch callback for : entitysync.out.response.resource.getresourceswithunsyncedlocalchanges (EntityClientImpl.cpp.processEntitySyncResponse.1580)
20240202-115655.620: t=5903: Info: ES::cosylib: EntityClientImpl::getResourcesWithUnsyncedLocalChanges :  (EntityClientImpl.cpp.getResourcesWithUnsyncedLocalChanges.790)
20240202-115655.622: t=5903: Info: ES::cosylib: RequestHandle : c562dc89-b99b-4c1f-be10-756e61c6bf20 (EntityClientImpl.cpp.getResourcesWithUnsyncedLocalChanges.809)
20240202-115655.625: t=6d03: Info: ES::cosylib: messageType :entitysync.out.response.resource.getresourceswithunsyncedlocalchanges responseJSON :{"responses":[{"responseType":0,"statusCode":200,"payload":{"code":"","message":"","collectionId":"","resourceId":""}}]} (EntityClientImpl.cpp.processEntitySyncResponse.1492)
20240202-115655.625: t=6d03: Info: ES::cosylib: Cosylib GetResourcesWithUnsyncedLocalChanges Count: 0 (EntityClientImpl.cpp.handleGetResourcesWithUnsyncedLocalChanges.1445)
20240202-115655.625: t=6d03: Info: ES::cosylib: Dispatch callback for : entitysync.out.response.resource.getresourceswithunsyncedlocalchanges (EntityClientImpl.cpp.processEntitySyncResponse.1580)
20240202-115659.721: t=5903: Info: ES::cosylib: EntityClientImpl::getResourcesWithUnsyncedLocalChanges :  (EntityClientImpl.cpp.getResourcesWithUnsyncedLocalChanges.790)
20240202-115659.731: t=5903: Info: ES::cosylib: RequestHandle : 17dcaca4-4232-4bad-af34-197eb0bbcfa4 (EntityClientImpl.cpp.getResourcesWithUnsyncedLocalChanges.809)
20240202-115659.739: t=6d03: Info: ES::cosylib: messageType :entitysync.out.response.resource.getresourceswithunsyncedlocalchanges responseJSON :{"responses":[{"responseType":0,"statusCode":200,"payload":{"code":"","message":"","collectionId":"","resourceId":""}}]} (EntityClientImpl.cpp.processEntitySyncResponse.1492)
20240202-115659.739: t=6d03: Info: ES::cosylib: Cosylib GetResourcesWithUnsyncedLocalChanges Count: 0 (EntityClientImpl.cpp.handleGetResourcesWithUnsyncedLocalChanges.1445)
20240202-115659.739: t=6d03: Info: ES::cosylib: Dispatch callback for : entitysync.out.response.resource.getresourceswithunsyncedlocalchanges (EntityClientImpl.cpp.processEntitySyncResponse.1580)
20240202-115718.134: t=5903: Info: ES::cosylib: EntityClientImpl::getResourcesWithUnsyncedLocalChanges :  (EntityClientImpl.cpp.getResourcesWithUnsyncedLocalChanges.790)
20240202-115718.135: t=5903: Info: ES::cosylib: RequestHandle : 98cf551f-27a8-4695-97e2-19e6e0856049 (EntityClientImpl.cpp.getResourcesWithUnsyncedLocalChanges.809)
20240202-115718.141: t=6d03: Info: ES::cosylib: messageType :entitysync.out.response.resource.getresourceswithunsyncedlocalchanges responseJSON :{"responses":[{"responseType":0,"statusCode":200,"payload":{"code":"","message":"","collectionId":"","resourceId":""}}]} (EntityClientImpl.cpp.processEntitySyncResponse.1492)
20240202-115718.141: t=6d03: Info: ES::cosylib: Cosylib GetResourcesWithUnsyncedLocalChanges Count: 0 (EntityClientImpl.cpp.handleGetResourcesWithUnsyncedLocalChanges.1445)
20240202-115718.141: t=6d03: Info: ES::cosylib: Dispatch callback for : entitysync.out.response.resource.getresourceswithunsyncedlocalchanges (EntityClientImpl.cpp.processEntitySyncResponse.1580)
20240202-115722.554: t=5903: Info: ES::cosylib: EntityClientImpl::getResourcesWithUnsyncedLocalChanges :  (EntityClientImpl.cpp.getResourcesWithUnsyncedLocalChanges.790)
20240202-115722.559: t=5903: Info: ES::cosylib: RequestHandle : 6094d8d9-3e53-4d10-9d0d-60e89dad7b28 (EntityClientImpl.cpp.getResourcesWithUnsyncedLocalChanges.809)
20240202-115722.562: t=6d03: Info: ES::cosylib: messageType :entitysync.out.response.resource.getresourceswithunsyncedlocalchanges responseJSON :{"responses":[{"responseType":0,"statusCode":200,"payload":{"code":"","message":"","collectionId":"","resourceId":""}}]} (EntityClientImpl.cpp.processEntitySyncResponse.1492)
20240202-115722.562: t=6d03: Info: ES::cosylib: Cosylib GetResourcesWithUnsyncedLocalChanges Count: 0 (EntityClientImpl.cpp.handleGetResourcesWithUnsyncedLocalChanges.1445)
20240202-115722.562: t=6d03: Info: ES::cosylib: Dispatch callback for : entitysync.out.response.resource.getresourceswithunsyncedlocalchanges (EntityClientImpl.cpp.processEntitySyncResponse.1580)
20240202-115742.586: t=5903: Info: ES::cosylib: EntityClientImpl::getResourcesWithUnsyncedLocalChanges :  (EntityClientImpl.cpp.getResourcesWithUnsyncedLocalChanges.790)
20240202-115742.589: t=5903: Info: ES::cosylib: RequestHandle : 72c6dc84-ccd4-458f-af45-18e0e470d6be (EntityClientImpl.cpp.getResourcesWithUnsyncedLocalChanges.809)
20240202-115742.593: t=6d03: Info: ES::cosylib: messageType :entitysync.out.response.resource.getresourceswithunsyncedlocalchanges responseJSON :{"responses":[{"responseType":0,"statusCode":200,"payload":{"code":"","message":"","collectionId":"","resourceId":""}}]} (EntityClientImpl.cpp.processEntitySyncResponse.1492)
20240202-115742.593: t=6d03: Info: ES::cosylib: Cosylib GetResourcesWithUnsyncedLocalChanges Count: 0 (EntityClientImpl.cpp.handleGetResourcesWithUnsyncedLocalChanges.1445)
20240202-115742.593: t=6d03: Info: ES::cosylib: Dispatch callback for : entitysync.out.response.resource.getresourceswithunsyncedlocalchanges (EntityClientImpl.cpp.processEntitySyncResponse.1580)
20240202-115751.727: t=5903: Info: ES::cosylib: EntityClientImpl::getResourcesWithUnsyncedLocalChanges :  (EntityClientImpl.cpp.getResourcesWithUnsyncedLocalChanges.790)
20240202-115751.728: t=5903: Info: ES::cosylib: RequestHandle : 40a2331a-0aa8-4153-9d78-7e30fbf0610c (EntityClientImpl.cpp.getResourcesWithUnsyncedLocalChanges.809)
20240202-115751.731: t=6d03: Info: ES::cosylib: messageType :entitysync.out.response.resource.getresourceswithunsyncedlocalchanges responseJSON :{"responses":[{"responseType":0,"statusCode":200,"payload":{"code":"","message":"","collectionId":"","resourceId":""}}]} (EntityClientImpl.cpp.processEntitySyncResponse.1492)
20240202-115751.732: t=6d03: Info: ES::cosylib: Cosylib GetResourcesWithUnsyncedLocalChanges Count: 0 (EntityClientImpl.cpp.handleGetResourcesWithUnsyncedLocalChanges.1445)
20240202-115751.732: t=6d03: Info: ES::cosylib: Dispatch callback for : entitysync.out.response.resource.getresourceswithunsyncedlocalchanges (EntityClientImpl.cpp.processEntitySyncResponse.1580)
20240202-115927.987: t=5903: Info: ES::cosylib: EntityClientImpl::getResourcesWithUnsyncedLocalChanges :  (EntityClientImpl.cpp.getResourcesWithUnsyncedLocalChanges.790)
20240202-115927.989: t=5903: Info: ES::cosylib: RequestHandle : 561e04ab-539a-4198-a41a-d86b75782872 (EntityClientImpl.cpp.getResourcesWithUnsyncedLocalChanges.809)
20240202-115927.992: t=6d03: Info: ES::cosylib: messageType :entitysync.out.response.resource.getresourceswithunsyncedlocalchanges responseJSON :{"responses":[{"responseType":0,"statusCode":200,"payload":{"code":"","message":"","collectionId":"","resourceId":""}}]} (EntityClientImpl.cpp.processEntitySyncResponse.1492)
20240202-115927.992: t=6d03: Info: ES::cosylib: Cosylib GetResourcesWithUnsyncedLocalChanges Count: 0 (EntityClientImpl.cpp.handleGetResourcesWithUnsyncedLocalChanges.1445)
20240202-115927.992: t=6d03: Info: ES::cosylib: Dispatch callback for : entitysync.out.response.resource.getresourceswithunsyncedlocalchanges (EntityClientImpl.cpp.processEntitySyncResponse.1580)
20240202-115939.936: t=5903: Info: ES::cosylib: EntityClientImpl::getResourcesWithUnsyncedLocalChanges :  (EntityClientImpl.cpp.getResourcesWithUnsyncedLocalChanges.790)
20240202-115939.938: t=5903: Info: ES::cosylib: RequestHandle : 4b1af9a8-7d02-4385-b3ac-cd961db3ff40 (EntityClientImpl.cpp.getResourcesWithUnsyncedLocalChanges.809)
20240202-115939.940: t=6d03: Info: ES::cosylib: messageType :entitysync.out.response.resource.getresourceswithunsyncedlocalchanges responseJSON :{"responses":[{"responseType":0,"statusCode":200,"payload":{"code":"","message":"","collectionId":"","resourceId":""}}]} (EntityClientImpl.cpp.processEntitySyncResponse.1492)
20240202-115939.940: t=6d03: Info: ES::cosylib: Cosylib GetResourcesWithUnsyncedLocalChanges Count: 0 (EntityClientImpl.cpp.handleGetResourcesWithUnsyncedLocalChanges.1445)
20240202-115939.941: t=6d03: Info: ES::cosylib: Dispatch callback for : entitysync.out.response.resource.getresourceswithunsyncedlocalchanges (EntityClientImpl.cpp.processEntitySyncResponse.1580)
20240202-122227.960: t=5903: Info: ES::cosylib: EntityClientImpl::getResourcesWithUnsyncedLocalChanges :  (EntityClientImpl.cpp.getResourcesWithUnsyncedLocalChanges.790)
20240202-122227.962: t=5903: Info: ES::cosylib: RequestHandle : 0989893f-795f-40af-aef7-46b4f497bc15 (EntityClientImpl.cpp.getResourcesWithUnsyncedLocalChanges.809)
20240202-122227.964: t=6d03: Info: ES::cosylib: messageType :entitysync.out.response.resource.getresourceswithunsyncedlocalchanges responseJSON :{"responses":[{"responseType":0,"statusCode":200,"payload":{"code":"","message":"","collectionId":"","resourceId":""}}]} (EntityClientImpl.cpp.processEntitySyncResponse.1492)
20240202-122227.964: t=6d03: Info: ES::cosylib: Cosylib GetResourcesWithUnsyncedLocalChanges Count: 0 (EntityClientImpl.cpp.handleGetResourcesWithUnsyncedLocalChanges.1445)
20240202-122227.964: t=6d03: Info: ES::cosylib: Dispatch callback for : entitysync.out.response.resource.getresourceswithunsyncedlocalchanges (EntityClientImpl.cpp.processEntitySyncResponse.1580)
20240202-122237.760: t=5903: Info: ES::cosylib: EntityClientImpl::getResourcesWithUnsyncedLocalChanges :  (EntityClientImpl.cpp.getResourcesWithUnsyncedLocalChanges.790)
20240202-122237.761: t=5903: Info: ES::cosylib: RequestHandle : 202d69f4-4812-47cc-be18-c52137cb0b09 (EntityClientImpl.cpp.getResourcesWithUnsyncedLocalChanges.809)
20240202-122237.764: t=6d03: Info: ES::cosylib: messageType :entitysync.out.response.resource.getresourceswithunsyncedlocalchanges responseJSON :{"responses":[{"responseType":0,"statusCode":200,"payload":{"code":"","message":"","collectionId":"","resourceId":""}}]} (EntityClientImpl.cpp.processEntitySyncResponse.1492)
20240202-122237.764: t=6d03: Info: ES::cosylib: Cosylib GetResourcesWithUnsyncedLocalChanges Count: 0 (EntityClientImpl.cpp.handleGetResourcesWithUnsyncedLocalChanges.1445)
20240202-122237.764: t=6d03: Info: ES::cosylib: Dispatch callback for : entitysync.out.response.resource.getresourceswithunsyncedlocalchanges (EntityClientImpl.cpp.processEntitySyncResponse.1580)
20240202-122421.855: t=5903: Info: ES::cosylib: EntityClientImpl::getResourcesWithUnsyncedLocalChanges :  (EntityClientImpl.cpp.getResourcesWithUnsyncedLocalChanges.790)
20240202-122421.857: t=5903: Info: ES::cosylib: RequestHandle : 1ad227cf-0188-4155-84e5-09478f2a5809 (EntityClientImpl.cpp.getResourcesWithUnsyncedLocalChanges.809)
20240202-122421.862: t=6d03: Info: ES::cosylib: messageType :entitysync.out.response.resource.getresourceswithunsyncedlocalchanges responseJSON :{"responses":[{"responseType":0,"statusCode":200,"payload":{"code":"","message":"","collectionId":"","resourceId":""}}]} (EntityClientImpl.cpp.processEntitySyncResponse.1492)
20240202-122421.862: t=6d03: Info: ES::cosylib: Cosylib GetResourcesWithUnsyncedLocalChanges Count: 0 (EntityClientImpl.cpp.handleGetResourcesWithUnsyncedLocalChanges.1445)
20240202-122421.862: t=6d03: Info: ES::cosylib: Dispatch callback for : entitysync.out.response.resource.getresourceswithunsyncedlocalchanges (EntityClientImpl.cpp.processEntitySyncResponse.1580)
20240202-122504.475: t=5903: Info: ES::cosylib: EntityClientImpl::getResourcesWithUnsyncedLocalChanges :  (EntityClientImpl.cpp.getResourcesWithUnsyncedLocalChanges.790)
20240202-122504.476: t=5903: Info: ES::cosylib: RequestHandle : 0259a90a-1c05-418a-8ba7-5a995482646e (EntityClientImpl.cpp.getResourcesWithUnsyncedLocalChanges.809)
20240202-122504.479: t=6d03: Info: ES::cosylib: messageType :entitysync.out.response.resource.getresourceswithunsyncedlocalchanges responseJSON :{"responses":[{"responseType":0,"statusCode":200,"payload":{"code":"","message":"","collectionId":"","resourceId":""}}]} (EntityClientImpl.cpp.processEntitySyncResponse.1492)
20240202-122504.479: t=6d03: Info: ES::cosylib: Cosylib GetResourcesWithUnsyncedLocalChanges Count: 0 (EntityClientImpl.cpp.handleGetResourcesWithUnsyncedLocalChanges.1445)
20240202-122504.479: t=6d03: Info: ES::cosylib: Dispatch callback for : entitysync.out.response.resource.getresourceswithunsyncedlocalchanges (EntityClientImpl.cpp.processEntitySyncResponse.1580)
20240202-142031.570: t=5903: Info: ES::cosylib: EntityClientImpl::getResourcesWithUnsyncedLocalChanges :  (EntityClientImpl.cpp.getResourcesWithUnsyncedLocalChanges.790)
20240202-142031.578: t=5903: Info: ES::cosylib: RequestHandle : 1fe56056-333d-4ed8-9e67-438e3d96888b (EntityClientImpl.cpp.getResourcesWithUnsyncedLocalChanges.809)
20240202-142031.582: t=6d03: Info: ES::cosylib: messageType :entitysync.out.response.resource.getresourceswithunsyncedlocalchanges responseJSON :{"responses":[{"responseType":0,"statusCode":200,"payload":{"code":"","message":"","collectionId":"","resourceId":""}}]} (EntityClientImpl.cpp.processEntitySyncResponse.1492)
20240202-142031.582: t=6d03: Info: ES::cosylib: Cosylib GetResourcesWithUnsyncedLocalChanges Count: 0 (EntityClientImpl.cpp.handleGetResourcesWithUnsyncedLocalChanges.1445)
20240202-142031.582: t=6d03: Info: ES::cosylib: Dispatch callback for : entitysync.out.response.resource.getresourceswithunsyncedlocalchanges (EntityClientImpl.cpp.processEntitySyncResponse.1580)
20240202-142035.798: t=5903: Info: ES::cosylib: EntityClientImpl::getResourcesWithUnsyncedLocalChanges :  (EntityClientImpl.cpp.getResourcesWithUnsyncedLocalChanges.790)
20240202-142035.800: t=5903: Info: ES::cosylib: RequestHandle : 3bccd148-19c6-4ccf-b959-f077fd972ce5 (EntityClientImpl.cpp.getResourcesWithUnsyncedLocalChanges.809)
20240202-142035.805: t=6d03: Info: ES::cosylib: messageType :entitysync.out.response.resource.getresourceswithunsyncedlocalchanges responseJSON :{"responses":[{"responseType":0,"statusCode":200,"payload":{"code":"","message":"","collectionId":"","resourceId":""}}]} (EntityClientImpl.cpp.processEntitySyncResponse.1492)
20240202-142035.805: t=6d03: Info: ES::cosylib: Cosylib GetResourcesWithUnsyncedLocalChanges Count: 0 (EntityClientImpl.cpp.handleGetResourcesWithUnsyncedLocalChanges.1445)
20240202-142035.805: t=6d03: Info: ES::cosylib: Dispatch callback for : entitysync.out.response.resource.getresourceswithunsyncedlocalchanges (EntityClientImpl.cpp.processEntitySyncResponse.1580)
20240202-142113.101: t=5903: Info: ES::cosylib: EntityClientImpl::getResourcesWithUnsyncedLocalChanges :  (EntityClientImpl.cpp.getResourcesWithUnsyncedLocalChanges.790)
20240202-142113.102: t=5903: Info: ES::cosylib: RequestHandle : c34a762d-5dcd-4eb4-ab16-22f421f32ca8 (EntityClientImpl.cpp.getResourcesWithUnsyncedLocalChanges.809)
20240202-142113.105: t=6d03: Info: ES::cosylib: messageType :entitysync.out.response.resource.getresourceswithunsyncedlocalchanges responseJSON :{"responses":[{"responseType":0,"statusCode":200,"payload":{"code":"","message":"","collectionId":"","resourceId":""}}]} (EntityClientImpl.cpp.processEntitySyncResponse.1492)
20240202-142113.106: t=6d03: Info: ES::cosylib: Cosylib GetResourcesWithUnsyncedLocalChanges Count: 0 (EntityClientImpl.cpp.handleGetResourcesWithUnsyncedLocalChanges.1445)
20240202-142113.106: t=6d03: Info: ES::cosylib: Dispatch callback for : entitysync.out.response.resource.getresourceswithunsyncedlocalchanges (EntityClientImpl.cpp.processEntitySyncResponse.1580)
20240202-142115.936: t=5903: Info: ES::cosylib: EntityClientImpl::getResourcesWithUnsyncedLocalChanges :  (EntityClientImpl.cpp.getResourcesWithUnsyncedLocalChanges.790)
20240202-142115.937: t=5903: Info: ES::cosylib: RequestHandle : 9de3022b-0ad3-40b9-9284-654848df68d4 (EntityClientImpl.cpp.getResourcesWithUnsyncedLocalChanges.809)
20240202-142115.941: t=6d03: Info: ES::cosylib: messageType :entitysync.out.response.resource.getresourceswithunsyncedlocalchanges responseJSON :{"responses":[{"responseType":0,"statusCode":200,"payload":{"code":"","message":"","collectionId":"","resourceId":""}}]} (EntityClientImpl.cpp.processEntitySyncResponse.1492)
20240202-142115.941: t=6d03: Info: ES::cosylib: Cosylib GetResourcesWithUnsyncedLocalChanges Count: 0 (EntityClientImpl.cpp.handleGetResourcesWithUnsyncedLocalChanges.1445)
20240202-142115.941: t=6d03: Info: ES::cosylib: Dispatch callback for : entitysync.out.response.resource.getresourceswithunsyncedlocalchanges (EntityClientImpl.cpp.processEntitySyncResponse.1580)
20240202-142124.713: t=5903: Info: ES::cosylib: EntityClientImpl::getResourcesWithUnsyncedLocalChanges :  (EntityClientImpl.cpp.getResourcesWithUnsyncedLocalChanges.790)
20240202-142124.714: t=5903: Info: ES::cosylib: RequestHandle : 32fe9d0e-7533-4fde-a188-fb6d0cfc9f9b (EntityClientImpl.cpp.getResourcesWithUnsyncedLocalChanges.809)
20240202-142124.718: t=6d03: Info: ES::cosylib: messageType :entitysync.out.response.resource.getresourceswithunsyncedlocalchanges responseJSON :{"responses":[{"responseType":0,"statusCode":200,"payload":{"code":"","message":"","collectionId":"","resourceId":""}}]} (EntityClientImpl.cpp.processEntitySyncResponse.1492)
20240202-142124.718: t=6d03: Info: ES::cosylib: Cosylib GetResourcesWithUnsyncedLocalChanges Count: 0 (EntityClientImpl.cpp.handleGetResourcesWithUnsyncedLocalChanges.1445)
20240202-142124.718: t=6d03: Info: ES::cosylib: Dispatch callback for : entitysync.out.response.resource.getresourceswithunsyncedlocalchanges (EntityClientImpl.cpp.processEntitySyncResponse.1580)
20240202-142357.961: t=5903: Info: ES::cosylib: EntityClientImpl::getResourcesWithUnsyncedLocalChanges :  (EntityClientImpl.cpp.getResourcesWithUnsyncedLocalChanges.790)
20240202-142357.962: t=5903: Info: ES::cosylib: RequestHandle : 3eff75eb-4bf6-47bd-9483-e0fced026b46 (EntityClientImpl.cpp.getResourcesWithUnsyncedLocalChanges.809)
20240202-142357.965: t=6d03: Info: ES::cosylib: messageType :entitysync.out.response.resource.getresourceswithunsyncedlocalchanges responseJSON :{"responses":[{"responseType":0,"statusCode":200,"payload":{"code":"","message":"","collectionId":"","resourceId":""}}]} (EntityClientImpl.cpp.processEntitySyncResponse.1492)
20240202-142357.965: t=6d03: Info: ES::cosylib: Cosylib GetResourcesWithUnsyncedLocalChanges Count: 0 (EntityClientImpl.cpp.handleGetResourcesWithUnsyncedLocalChanges.1445)
20240202-142357.965: t=6d03: Info: ES::cosylib: Dispatch callback for : entitysync.out.response.resource.getresourceswithunsyncedlocalchanges (EntityClientImpl.cpp.processEntitySyncResponse.1580)
20240202-142529.737: t=5903: Info: ES::cosylib: EntityClientImpl::getResourcesWithUnsyncedLocalChanges :  (EntityClientImpl.cpp.getResourcesWithUnsyncedLocalChanges.790)
20240202-142529.739: t=5903: Info: ES::cosylib: RequestHandle : 39a3e2f1-140f-441f-9975-84fe8825ce65 (EntityClientImpl.cpp.getResourcesWithUnsyncedLocalChanges.809)
20240202-142529.742: t=6d03: Info: ES::cosylib: messageType :entitysync.out.response.resource.getresourceswithunsyncedlocalchanges responseJSON :{"responses":[{"responseType":0,"statusCode":200,"payload":{"code":"","message":"","collectionId":"","resourceId":""}}]} (EntityClientImpl.cpp.processEntitySyncResponse.1492)
20240202-142529.743: t=6d03: Info: ES::cosylib: Cosylib GetResourcesWithUnsyncedLocalChanges Count: 0 (EntityClientImpl.cpp.handleGetResourcesWithUnsyncedLocalChanges.1445)
20240202-142529.743: t=6d03: Info: ES::cosylib: Dispatch callback for : entitysync.out.response.resource.getresourceswithunsyncedlocalchanges (EntityClientImpl.cpp.processEntitySyncResponse.1580)
20240202-161105.308: t=5903: Info: ES::cosylib: EntityClientImpl::getResourcesWithUnsyncedLocalChanges :  (EntityClientImpl.cpp.getResourcesWithUnsyncedLocalChanges.790)
20240202-161105.310: t=5903: Info: ES::cosylib: RequestHandle : 3de5aef6-7282-49c8-acbb-f55236661b5a (EntityClientImpl.cpp.getResourcesWithUnsyncedLocalChanges.809)
20240202-161105.313: t=6d03: Info: ES::cosylib: messageType :entitysync.out.response.resource.getresourceswithunsyncedlocalchanges responseJSON :{"responses":[{"responseType":0,"statusCode":200,"payload":{"code":"","message":"","collectionId":"","resourceId":""}}]} (EntityClientImpl.cpp.processEntitySyncResponse.1492)
20240202-161105.313: t=6d03: Info: ES::cosylib: Cosylib GetResourcesWithUnsyncedLocalChanges Count: 0 (EntityClientImpl.cpp.handleGetResourcesWithUnsyncedLocalChanges.1445)
20240202-161105.313: t=6d03: Info: ES::cosylib: Dispatch callback for : entitysync.out.response.resource.getresourceswithunsyncedlocalchanges (EntityClientImpl.cpp.processEntitySyncResponse.1580)
