20240131-083724.609: t=5903: Info: ES::cosylib: EntityClientImpl::getResourcesWithUnsyncedLocalChanges :  (EntityClientImpl.cpp.getResourcesWithUnsyncedLocalChanges.790)
20240131-083724.612: t=5903: Info: ES::cosylib: RequestHandle : 889b8294-c4cf-4db7-84f7-f1dfdd6fc624 (EntityClientImpl.cpp.getResourcesWithUnsyncedLocalChanges.809)
20240131-083724.622: t=6d03: Info: ES::cosylib: messageType :entitysync.out.response.resource.getresourceswithunsyncedlocalchanges responseJSON :{"responses":[{"responseType":0,"statusCode":200,"payload":{"code":"","message":"","collectionId":"","resourceId":""}}]} (EntityClientImpl.cpp.processEntitySyncResponse.1492)
20240131-083724.622: t=6d03: Info: ES::cosylib: Cosylib GetResourcesWithUnsyncedLocalChanges Count: 0 (EntityClientImpl.cpp.handleGetResourcesWithUnsyncedLocalChanges.1445)
20240131-083724.622: t=6d03: Info: ES::cosylib: Dispatch callback for : entitysync.out.response.resource.getresourceswithunsyncedlocalchanges (EntityClientImpl.cpp.processEntitySyncResponse.1580)
20240131-083728.636: t=5903: Info: ES::cosylib: EntityClientImpl::getResourcesWithUnsyncedLocalChanges :  (EntityClientImpl.cpp.getResourcesWithUnsyncedLocalChanges.790)
20240131-083728.638: t=5903: Info: ES::cosylib: RequestHandle : 83351e7e-6789-4862-ac52-f3da9b6462b9 (EntityClientImpl.cpp.getResourcesWithUnsyncedLocalChanges.809)
20240131-083728.641: t=6d03: Info: ES::cosylib: messageType :entitysync.out.response.resource.getresourceswithunsyncedlocalchanges responseJSON :{"responses":[{"responseType":0,"statusCode":200,"payload":{"code":"","message":"","collectionId":"","resourceId":""}}]} (EntityClientImpl.cpp.processEntitySyncResponse.1492)
20240131-083728.641: t=6d03: Info: ES::cosylib: Cosylib GetResourcesWithUnsyncedLocalChanges Count: 0 (EntityClientImpl.cpp.handleGetResourcesWithUnsyncedLocalChanges.1445)
20240131-083728.641: t=6d03: Info: ES::cosylib: Dispatch callback for : entitysync.out.response.resource.getresourceswithunsyncedlocalchanges (EntityClientImpl.cpp.processEntitySyncResponse.1580)
20240131-083846.011: t=5903: Info: ES::cosylib: EntityClientImpl::getResourcesWithUnsyncedLocalChanges :  (EntityClientImpl.cpp.getResourcesWithUnsyncedLocalChanges.790)
20240131-083846.013: t=5903: Info: ES::cosylib: RequestHandle : bc40ca2b-dc33-4ba0-8d2f-5f2c2100b2a6 (EntityClientImpl.cpp.getResourcesWithUnsyncedLocalChanges.809)
20240131-083846.016: t=6d03: Info: ES::cosylib: messageType :entitysync.out.response.resource.getresourceswithunsyncedlocalchanges responseJSON :{"responses":[{"responseType":0,"statusCode":200,"payload":{"code":"","message":"","collectionId":"","resourceId":""}}]} (EntityClientImpl.cpp.processEntitySyncResponse.1492)
20240131-083846.016: t=6d03: Info: ES::cosylib: Cosylib GetResourcesWithUnsyncedLocalChanges Count: 0 (EntityClientImpl.cpp.handleGetResourcesWithUnsyncedLocalChanges.1445)
20240131-083846.016: t=6d03: Info: ES::cosylib: Dispatch callback for : entitysync.out.response.resource.getresourceswithunsyncedlocalchanges (EntityClientImpl.cpp.processEntitySyncResponse.1580)
20240131-083850.813: t=5903: Info: ES::cosylib: EntityClientImpl::getResourcesWithUnsyncedLocalChanges :  (EntityClientImpl.cpp.getResourcesWithUnsyncedLocalChanges.790)
20240131-083850.814: t=5903: Info: ES::cosylib: RequestHandle : 775b5737-e2cd-4051-b6ba-f60023183a2f (EntityClientImpl.cpp.getResourcesWithUnsyncedLocalChanges.809)
20240131-083850.819: t=6d03: Info: ES::cosylib: messageType :entitysync.out.response.resource.getresourceswithunsyncedlocalchanges responseJSON :{"responses":[{"responseType":0,"statusCode":200,"payload":{"code":"","message":"","collectionId":"","resourceId":""}}]} (EntityClientImpl.cpp.processEntitySyncResponse.1492)
20240131-083850.819: t=6d03: Info: ES::cosylib: Cosylib GetResourcesWithUnsyncedLocalChanges Count: 0 (EntityClientImpl.cpp.handleGetResourcesWithUnsyncedLocalChanges.1445)
20240131-083850.819: t=6d03: Info: ES::cosylib: Dispatch callback for : entitysync.out.response.resource.getresourceswithunsyncedlocalchanges (EntityClientImpl.cpp.processEntitySyncResponse.1580)
20240131-083943.701: t=5903: Info: ES::cosylib: EntityClientImpl::getResourcesWithUnsyncedLocalChanges :  (EntityClientImpl.cpp.getResourcesWithUnsyncedLocalChanges.790)
20240131-083943.704: t=5903: Info: ES::cosylib: RequestHandle : 3726a5ef-368d-4117-bae6-c0e05106f691 (EntityClientImpl.cpp.getResourcesWithUnsyncedLocalChanges.809)
20240131-083943.707: t=6d03: Info: ES::cosylib: messageType :entitysync.out.response.resource.getresourceswithunsyncedlocalchanges responseJSON :{"responses":[{"responseType":0,"statusCode":200,"payload":{"code":"","message":"","collectionId":"","resourceId":""}}]} (EntityClientImpl.cpp.processEntitySyncResponse.1492)
20240131-083943.707: t=6d03: Info: ES::cosylib: Cosylib GetResourcesWithUnsyncedLocalChanges Count: 0 (EntityClientImpl.cpp.handleGetResourcesWithUnsyncedLocalChanges.1445)
20240131-083943.708: t=6d03: Info: ES::cosylib: Dispatch callback for : entitysync.out.response.resource.getresourceswithunsyncedlocalchanges (EntityClientImpl.cpp.processEntitySyncResponse.1580)
20240131-083947.773: t=5903: Info: ES::cosylib: EntityClientImpl::getResourcesWithUnsyncedLocalChanges :  (EntityClientImpl.cpp.getResourcesWithUnsyncedLocalChanges.790)
20240131-083947.774: t=5903: Info: ES::cosylib: RequestHandle : 6d17d01c-fa0f-4ef1-8b5d-17ad64dce1f6 (EntityClientImpl.cpp.getResourcesWithUnsyncedLocalChanges.809)
20240131-083947.778: t=6d03: Info: ES::cosylib: messageType :entitysync.out.response.resource.getresourceswithunsyncedlocalchanges responseJSON :{"responses":[{"responseType":0,"statusCode":200,"payload":{"code":"","message":"","collectionId":"","resourceId":""}}]} (EntityClientImpl.cpp.processEntitySyncResponse.1492)
20240131-083947.778: t=6d03: Info: ES::cosylib: Cosylib GetResourcesWithUnsyncedLocalChanges Count: 0 (EntityClientImpl.cpp.handleGetResourcesWithUnsyncedLocalChanges.1445)
20240131-083947.778: t=6d03: Info: ES::cosylib: Dispatch callback for : entitysync.out.response.resource.getresourceswithunsyncedlocalchanges (EntityClientImpl.cpp.processEntitySyncResponse.1580)
20240131-084033.933: t=5903: Info: ES::cosylib: EntityClientImpl::getResourcesWithUnsyncedLocalChanges :  (EntityClientImpl.cpp.getResourcesWithUnsyncedLocalChanges.790)
20240131-084033.935: t=5903: Info: ES::cosylib: RequestHandle : 6010c65a-3ab3-4783-9338-1ad215dc4645 (EntityClientImpl.cpp.getResourcesWithUnsyncedLocalChanges.809)
20240131-084033.938: t=6d03: Info: ES::cosylib: messageType :entitysync.out.response.resource.getresourceswithunsyncedlocalchanges responseJSON :{"responses":[{"responseType":0,"statusCode":200,"payload":{"code":"","message":"","collectionId":"","resourceId":""}}]} (EntityClientImpl.cpp.processEntitySyncResponse.1492)
20240131-084033.938: t=6d03: Info: ES::cosylib: Cosylib GetResourcesWithUnsyncedLocalChanges Count: 0 (EntityClientImpl.cpp.handleGetResourcesWithUnsyncedLocalChanges.1445)
20240131-084033.938: t=6d03: Info: ES::cosylib: Dispatch callback for : entitysync.out.response.resource.getresourceswithunsyncedlocalchanges (EntityClientImpl.cpp.processEntitySyncResponse.1580)
20240131-084037.707: t=5903: Info: ES::cosylib: EntityClientImpl::getResourcesWithUnsyncedLocalChanges :  (EntityClientImpl.cpp.getResourcesWithUnsyncedLocalChanges.790)
20240131-084037.709: t=5903: Info: ES::cosylib: RequestHandle : a62d70f7-ad4c-49d7-afb3-70444ebbba62 (EntityClientImpl.cpp.getResourcesWithUnsyncedLocalChanges.809)
20240131-084037.714: t=6d03: Info: ES::cosylib: messageType :entitysync.out.response.resource.getresourceswithunsyncedlocalchanges responseJSON :{"responses":[{"responseType":0,"statusCode":200,"payload":{"code":"","message":"","collectionId":"","resourceId":""}}]} (EntityClientImpl.cpp.processEntitySyncResponse.1492)
20240131-084037.714: t=6d03: Info: ES::cosylib: Cosylib GetResourcesWithUnsyncedLocalChanges Count: 0 (EntityClientImpl.cpp.handleGetResourcesWithUnsyncedLocalChanges.1445)
20240131-084037.714: t=6d03: Info: ES::cosylib: Dispatch callback for : entitysync.out.response.resource.getresourceswithunsyncedlocalchanges (EntityClientImpl.cpp.processEntitySyncResponse.1580)
20240131-084115.776: t=5903: Info: ES::cosylib: EntityClientImpl::getResourcesWithUnsyncedLocalChanges :  (EntityClientImpl.cpp.getResourcesWithUnsyncedLocalChanges.790)
20240131-084115.778: t=5903: Info: ES::cosylib: RequestHandle : 4bf6c5e0-8c12-4c6b-b643-94bd4c22d104 (EntityClientImpl.cpp.getResourcesWithUnsyncedLocalChanges.809)
20240131-084115.781: t=6d03: Info: ES::cosylib: messageType :entitysync.out.response.resource.getresourceswithunsyncedlocalchanges responseJSON :{"responses":[{"responseType":0,"statusCode":200,"payload":{"code":"","message":"","collectionId":"","resourceId":""}}]} (EntityClientImpl.cpp.processEntitySyncResponse.1492)
20240131-084115.781: t=6d03: Info: ES::cosylib: Cosylib GetResourcesWithUnsyncedLocalChanges Count: 0 (EntityClientImpl.cpp.handleGetResourcesWithUnsyncedLocalChanges.1445)
20240131-084115.781: t=6d03: Info: ES::cosylib: Dispatch callback for : entitysync.out.response.resource.getresourceswithunsyncedlocalchanges (EntityClientImpl.cpp.processEntitySyncResponse.1580)
20240131-084135.799: t=5903: Info: ES::cosylib: EntityClientImpl::getResourcesWithUnsyncedLocalChanges :  (EntityClientImpl.cpp.getResourcesWithUnsyncedLocalChanges.790)
20240131-084135.801: t=5903: Info: ES::cosylib: RequestHandle : 92ae9814-d5b9-4edc-9dd3-5656d35f31dc (EntityClientImpl.cpp.getResourcesWithUnsyncedLocalChanges.809)
20240131-084135.805: t=6d03: Info: ES::cosylib: messageType :entitysync.out.response.resource.getresourceswithunsyncedlocalchanges responseJSON :{"responses":[{"responseType":0,"statusCode":200,"payload":{"code":"","message":"","collectionId":"","resourceId":""}}]} (EntityClientImpl.cpp.processEntitySyncResponse.1492)
20240131-084135.805: t=6d03: Info: ES::cosylib: Cosylib GetResourcesWithUnsyncedLocalChanges Count: 0 (EntityClientImpl.cpp.handleGetResourcesWithUnsyncedLocalChanges.1445)
20240131-084135.805: t=6d03: Info: ES::cosylib: Dispatch callback for : entitysync.out.response.resource.getresourceswithunsyncedlocalchanges (EntityClientImpl.cpp.processEntitySyncResponse.1580)
20240131-084251.562: t=5903: Info: ES::cosylib: EntityClientImpl::getResourcesWithUnsyncedLocalChanges :  (EntityClientImpl.cpp.getResourcesWithUnsyncedLocalChanges.790)
20240131-084251.563: t=5903: Info: ES::cosylib: RequestHandle : f17c1cb6-eb02-40f7-981a-5f1e9387d002 (EntityClientImpl.cpp.getResourcesWithUnsyncedLocalChanges.809)
20240131-084251.567: t=6d03: Info: ES::cosylib: messageType :entitysync.out.response.resource.getresourceswithunsyncedlocalchanges responseJSON :{"responses":[{"responseType":0,"statusCode":200,"payload":{"code":"","message":"","collectionId":"","resourceId":""}}]} (EntityClientImpl.cpp.processEntitySyncResponse.1492)
20240131-084251.567: t=6d03: Info: ES::cosylib: Cosylib GetResourcesWithUnsyncedLocalChanges Count: 0 (EntityClientImpl.cpp.handleGetResourcesWithUnsyncedLocalChanges.1445)
20240131-084251.567: t=6d03: Info: ES::cosylib: Dispatch callback for : entitysync.out.response.resource.getresourceswithunsyncedlocalchanges (EntityClientImpl.cpp.processEntitySyncResponse.1580)
20240131-090101.494: t=5903: Info: ES::cosylib: EntityClientImpl::getResourcesWithUnsyncedLocalChanges :  (EntityClientImpl.cpp.getResourcesWithUnsyncedLocalChanges.790)
20240131-090101.496: t=5903: Info: ES::cosylib: RequestHandle : d748eddf-f0a8-41c3-8030-57e6a928645b (EntityClientImpl.cpp.getResourcesWithUnsyncedLocalChanges.809)
20240131-090101.499: t=6d03: Info: ES::cosylib: messageType :entitysync.out.response.resource.getresourceswithunsyncedlocalchanges responseJSON :{"responses":[{"responseType":0,"statusCode":200,"payload":{"code":"","message":"","collectionId":"","resourceId":""}}]} (EntityClientImpl.cpp.processEntitySyncResponse.1492)
20240131-090101.499: t=6d03: Info: ES::cosylib: Cosylib GetResourcesWithUnsyncedLocalChanges Count: 0 (EntityClientImpl.cpp.handleGetResourcesWithUnsyncedLocalChanges.1445)
20240131-090101.499: t=6d03: Info: ES::cosylib: Dispatch callback for : entitysync.out.response.resource.getresourceswithunsyncedlocalchanges (EntityClientImpl.cpp.processEntitySyncResponse.1580)
20240131-105233.962: t=5903: Info: ES::cosylib: EntityClientImpl::getResourcesWithUnsyncedLocalChanges :  (EntityClientImpl.cpp.getResourcesWithUnsyncedLocalChanges.790)
20240131-105233.964: t=5903: Info: ES::cosylib: RequestHandle : f2e5ab26-2bd4-4827-8771-1d26f74cbb79 (EntityClientImpl.cpp.getResourcesWithUnsyncedLocalChanges.809)
20240131-105233.967: t=6d03: Info: ES::cosylib: messageType :entitysync.out.response.resource.getresourceswithunsyncedlocalchanges responseJSON :{"responses":[{"responseType":0,"statusCode":200,"payload":{"code":"","message":"","collectionId":"","resourceId":""}}]} (EntityClientImpl.cpp.processEntitySyncResponse.1492)
20240131-105233.968: t=6d03: Info: ES::cosylib: Cosylib GetResourcesWithUnsyncedLocalChanges Count: 0 (EntityClientImpl.cpp.handleGetResourcesWithUnsyncedLocalChanges.1445)
20240131-105233.968: t=6d03: Info: ES::cosylib: Dispatch callback for : entitysync.out.response.resource.getresourceswithunsyncedlocalchanges (EntityClientImpl.cpp.processEntitySyncResponse.1580)
20240131-105239.041: t=5903: Info: ES::cosylib: EntityClientImpl::getResourcesWithUnsyncedLocalChanges :  (EntityClientImpl.cpp.getResourcesWithUnsyncedLocalChanges.790)
20240131-105239.042: t=5903: Info: ES::cosylib: RequestHandle : b2e498de-89ca-4060-ae9a-b29ad990a13c (EntityClientImpl.cpp.getResourcesWithUnsyncedLocalChanges.809)
20240131-105239.045: t=6d03: Info: ES::cosylib: messageType :entitysync.out.response.resource.getresourceswithunsyncedlocalchanges responseJSON :{"responses":[{"responseType":0,"statusCode":200,"payload":{"code":"","message":"","collectionId":"","resourceId":""}}]} (EntityClientImpl.cpp.processEntitySyncResponse.1492)
20240131-105239.046: t=6d03: Info: ES::cosylib: Cosylib GetResourcesWithUnsyncedLocalChanges Count: 0 (EntityClientImpl.cpp.handleGetResourcesWithUnsyncedLocalChanges.1445)
20240131-105239.046: t=6d03: Info: ES::cosylib: Dispatch callback for : entitysync.out.response.resource.getresourceswithunsyncedlocalchanges (EntityClientImpl.cpp.processEntitySyncResponse.1580)
20240131-170714.967: t=5903: Info: ES::cosylib: EntityClientImpl::getResourcesWithUnsyncedLocalChanges :  (EntityClientImpl.cpp.getResourcesWithUnsyncedLocalChanges.790)
20240131-170714.977: t=5903: Info: ES::cosylib: RequestHandle : d81f56c3-9fcd-46f7-9534-c929cfb3d207 (EntityClientImpl.cpp.getResourcesWithUnsyncedLocalChanges.809)
20240131-170714.982: t=6d03: Info: ES::cosylib: messageType :entitysync.out.response.resource.getresourceswithunsyncedlocalchanges responseJSON :{"responses":[{"responseType":0,"statusCode":200,"payload":{"code":"","message":"","collectionId":"","resourceId":""}}]} (EntityClientImpl.cpp.processEntitySyncResponse.1492)
20240131-170714.983: t=6d03: Info: ES::cosylib: Cosylib GetResourcesWithUnsyncedLocalChanges Count: 0 (EntityClientImpl.cpp.handleGetResourcesWithUnsyncedLocalChanges.1445)
20240131-170714.983: t=6d03: Info: ES::cosylib: Dispatch callback for : entitysync.out.response.resource.getresourceswithunsyncedlocalchanges (EntityClientImpl.cpp.processEntitySyncResponse.1580)
20240131-170717.274: t=5903: Info: ES::cosylib: EntityClientImpl::getResourcesWithUnsyncedLocalChanges :  (EntityClientImpl.cpp.getResourcesWithUnsyncedLocalChanges.790)
20240131-170717.276: t=5903: Info: ES::cosylib: RequestHandle : 03148fb6-c6ea-491d-b2fe-af4a4567173a (EntityClientImpl.cpp.getResourcesWithUnsyncedLocalChanges.809)
20240131-170717.280: t=6d03: Info: ES::cosylib: messageType :entitysync.out.response.resource.getresourceswithunsyncedlocalchanges responseJSON :{"responses":[{"responseType":0,"statusCode":200,"payload":{"code":"","message":"","collectionId":"","resourceId":""}}]} (EntityClientImpl.cpp.processEntitySyncResponse.1492)
20240131-170717.280: t=6d03: Info: ES::cosylib: Cosylib GetResourcesWithUnsyncedLocalChanges Count: 0 (EntityClientImpl.cpp.handleGetResourcesWithUnsyncedLocalChanges.1445)
20240131-170717.280: t=6d03: Info: ES::cosylib: Dispatch callback for : entitysync.out.response.resource.getresourceswithunsyncedlocalchanges (EntityClientImpl.cpp.processEntitySyncResponse.1580)
20240131-170744.231: t=5903: Info: ES::cosylib: EntityClientImpl::getResourcesWithUnsyncedLocalChanges :  (EntityClientImpl.cpp.getResourcesWithUnsyncedLocalChanges.790)
20240131-170744.234: t=5903: Info: ES::cosylib: RequestHandle : e9c210b3-c063-439c-a7b4-fcb664738572 (EntityClientImpl.cpp.getResourcesWithUnsyncedLocalChanges.809)
20240131-170744.238: t=6d03: Info: ES::cosylib: messageType :entitysync.out.response.resource.getresourceswithunsyncedlocalchanges responseJSON :{"responses":[{"responseType":0,"statusCode":200,"payload":{"code":"","message":"","collectionId":"","resourceId":""}}]} (EntityClientImpl.cpp.processEntitySyncResponse.1492)
20240131-170744.238: t=6d03: Info: ES::cosylib: Cosylib GetResourcesWithUnsyncedLocalChanges Count: 0 (EntityClientImpl.cpp.handleGetResourcesWithUnsyncedLocalChanges.1445)
20240131-170744.238: t=6d03: Info: ES::cosylib: Dispatch callback for : entitysync.out.response.resource.getresourceswithunsyncedlocalchanges (EntityClientImpl.cpp.processEntitySyncResponse.1580)
20240131-170842.679: t=5903: Info: ES::cosylib: EntityClientImpl::getResourcesWithUnsyncedLocalChanges :  (EntityClientImpl.cpp.getResourcesWithUnsyncedLocalChanges.790)
20240131-170842.681: t=5903: Info: ES::cosylib: RequestHandle : d4fd80bb-326e-4bf6-81db-37142fb7983e (EntityClientImpl.cpp.getResourcesWithUnsyncedLocalChanges.809)
20240131-170842.685: t=6d03: Info: ES::cosylib: messageType :entitysync.out.response.resource.getresourceswithunsyncedlocalchanges responseJSON :{"responses":[{"responseType":0,"statusCode":200,"payload":{"code":"","message":"","collectionId":"","resourceId":""}}]} (EntityClientImpl.cpp.processEntitySyncResponse.1492)
20240131-170842.685: t=6d03: Info: ES::cosylib: Cosylib GetResourcesWithUnsyncedLocalChanges Count: 0 (EntityClientImpl.cpp.handleGetResourcesWithUnsyncedLocalChanges.1445)
20240131-170842.685: t=6d03: Info: ES::cosylib: Dispatch callback for : entitysync.out.response.resource.getresourceswithunsyncedlocalchanges (EntityClientImpl.cpp.processEntitySyncResponse.1580)
20240131-171448.471: t=5903: Info: ES::cosylib: EntityClientImpl::getResourcesWithUnsyncedLocalChanges :  (EntityClientImpl.cpp.getResourcesWithUnsyncedLocalChanges.790)
20240131-171448.473: t=5903: Info: ES::cosylib: RequestHandle : e489c7a3-114e-4c17-9411-4e36a0e41663 (EntityClientImpl.cpp.getResourcesWithUnsyncedLocalChanges.809)
20240131-171448.477: t=6d03: Info: ES::cosylib: messageType :entitysync.out.response.resource.getresourceswithunsyncedlocalchanges responseJSON :{"responses":[{"responseType":0,"statusCode":200,"payload":{"code":"","message":"","collectionId":"","resourceId":""}}]} (EntityClientImpl.cpp.processEntitySyncResponse.1492)
20240131-171448.477: t=6d03: Info: ES::cosylib: Cosylib GetResourcesWithUnsyncedLocalChanges Count: 0 (EntityClientImpl.cpp.handleGetResourcesWithUnsyncedLocalChanges.1445)
20240131-171448.477: t=6d03: Info: ES::cosylib: Dispatch callback for : entitysync.out.response.resource.getresourceswithunsyncedlocalchanges (EntityClientImpl.cpp.processEntitySyncResponse.1580)
20240131-171452.521: t=5903: Info: ES::cosylib: EntityClientImpl::getResourcesWithUnsyncedLocalChanges :  (EntityClientImpl.cpp.getResourcesWithUnsyncedLocalChanges.790)
20240131-171452.523: t=5903: Info: ES::cosylib: RequestHandle : 58f96746-b266-49f7-88c5-4537ca4eeaaf (EntityClientImpl.cpp.getResourcesWithUnsyncedLocalChanges.809)
20240131-171452.526: t=6d03: Info: ES::cosylib: messageType :entitysync.out.response.resource.getresourceswithunsyncedlocalchanges responseJSON :{"responses":[{"responseType":0,"statusCode":200,"payload":{"code":"","message":"","collectionId":"","resourceId":""}}]} (EntityClientImpl.cpp.processEntitySyncResponse.1492)
20240131-171452.526: t=6d03: Info: ES::cosylib: Cosylib GetResourcesWithUnsyncedLocalChanges Count: 0 (EntityClientImpl.cpp.handleGetResourcesWithUnsyncedLocalChanges.1445)
20240131-171452.526: t=6d03: Info: ES::cosylib: Dispatch callback for : entitysync.out.response.resource.getresourceswithunsyncedlocalchanges (EntityClientImpl.cpp.processEntitySyncResponse.1580)
20240131-174332.136: t=5903: Info: ES::cosylib: EntityClientImpl::getResourcesWithUnsyncedLocalChanges :  (EntityClientImpl.cpp.getResourcesWithUnsyncedLocalChanges.790)
20240131-174332.139: t=5903: Info: ES::cosylib: RequestHandle : 60bd3ac0-2af2-4e33-957e-38a4f40d8ab3 (EntityClientImpl.cpp.getResourcesWithUnsyncedLocalChanges.809)
20240131-174332.142: t=6d03: Info: ES::cosylib: messageType :entitysync.out.response.resource.getresourceswithunsyncedlocalchanges responseJSON :{"responses":[{"responseType":0,"statusCode":200,"payload":{"code":"","message":"","collectionId":"","resourceId":""}}]} (EntityClientImpl.cpp.processEntitySyncResponse.1492)
20240131-174332.142: t=6d03: Info: ES::cosylib: Cosylib GetResourcesWithUnsyncedLocalChanges Count: 0 (EntityClientImpl.cpp.handleGetResourcesWithUnsyncedLocalChanges.1445)
20240131-174332.142: t=6d03: Info: ES::cosylib: Dispatch callback for : entitysync.out.response.resource.getresourceswithunsyncedlocalchanges (EntityClientImpl.cpp.processEntitySyncResponse.1580)
20240131-174333.887: t=5903: Info: ES::cosylib: EntityClientImpl::getResourcesWithUnsyncedLocalChanges :  (EntityClientImpl.cpp.getResourcesWithUnsyncedLocalChanges.790)
20240131-174333.889: t=5903: Info: ES::cosylib: RequestHandle : cabc7f2e-1ca0-46ec-95ba-bc3a364acfcc (EntityClientImpl.cpp.getResourcesWithUnsyncedLocalChanges.809)
20240131-174333.892: t=6d03: Info: ES::cosylib: messageType :entitysync.out.response.resource.getresourceswithunsyncedlocalchanges responseJSON :{"responses":[{"responseType":0,"statusCode":200,"payload":{"code":"","message":"","collectionId":"","resourceId":""}}]} (EntityClientImpl.cpp.processEntitySyncResponse.1492)
20240131-174333.893: t=6d03: Info: ES::cosylib: Cosylib GetResourcesWithUnsyncedLocalChanges Count: 0 (EntityClientImpl.cpp.handleGetResourcesWithUnsyncedLocalChanges.1445)
20240131-174333.893: t=6d03: Info: ES::cosylib: Dispatch callback for : entitysync.out.response.resource.getresourceswithunsyncedlocalchanges (EntityClientImpl.cpp.processEntitySyncResponse.1580)
20240131-184022.768: t=5903: Info: ES::cosylib: EntityClientImpl::getResourcesWithUnsyncedLocalChanges :  (EntityClientImpl.cpp.getResourcesWithUnsyncedLocalChanges.790)
20240131-184022.783: t=5903: Info: ES::cosylib: RequestHandle : 9cc0aa27-d6e1-4b9b-8ab6-35bc403d8eab (EntityClientImpl.cpp.getResourcesWithUnsyncedLocalChanges.809)
20240131-184022.790: t=6d03: Info: ES::cosylib: messageType :entitysync.out.response.resource.getresourceswithunsyncedlocalchanges responseJSON :{"responses":[{"responseType":0,"statusCode":200,"payload":{"code":"","message":"","collectionId":"","resourceId":""}}]} (EntityClientImpl.cpp.processEntitySyncResponse.1492)
20240131-184022.790: t=6d03: Info: ES::cosylib: Cosylib GetResourcesWithUnsyncedLocalChanges Count: 0 (EntityClientImpl.cpp.handleGetResourcesWithUnsyncedLocalChanges.1445)
20240131-184022.790: t=6d03: Info: ES::cosylib: Dispatch callback for : entitysync.out.response.resource.getresourceswithunsyncedlocalchanges (EntityClientImpl.cpp.processEntitySyncResponse.1580)
20240131-184023.845: t=5903: Info: ES::cosylib: EntityClientImpl::getResourcesWithUnsyncedLocalChanges :  (EntityClientImpl.cpp.getResourcesWithUnsyncedLocalChanges.790)
20240131-184023.847: t=5903: Info: ES::cosylib: RequestHandle : 8f60d33a-48fd-42f5-a93e-e71f5fd97a5b (EntityClientImpl.cpp.getResourcesWithUnsyncedLocalChanges.809)
20240131-184023.850: t=6d03: Info: ES::cosylib: messageType :entitysync.out.response.resource.getresourceswithunsyncedlocalchanges responseJSON :{"responses":[{"responseType":0,"statusCode":200,"payload":{"code":"","message":"","collectionId":"","resourceId":""}}]} (EntityClientImpl.cpp.processEntitySyncResponse.1492)
20240131-184023.850: t=6d03: Info: ES::cosylib: Cosylib GetResourcesWithUnsyncedLocalChanges Count: 0 (EntityClientImpl.cpp.handleGetResourcesWithUnsyncedLocalChanges.1445)
20240131-184023.850: t=6d03: Info: ES::cosylib: Dispatch callback for : entitysync.out.response.resource.getresourceswithunsyncedlocalchanges (EntityClientImpl.cpp.processEntitySyncResponse.1580)
20240131-190522.792: t=5903: Info: ES::cosylib: EntityClientImpl::getResourcesWithUnsyncedLocalChanges :  (EntityClientImpl.cpp.getResourcesWithUnsyncedLocalChanges.790)
20240131-190522.795: t=5903: Info: ES::cosylib: RequestHandle : 2424cac6-fdf3-4095-b0f3-ea1f905e7995 (EntityClientImpl.cpp.getResourcesWithUnsyncedLocalChanges.809)
20240131-190522.799: t=6d03: Info: ES::cosylib: messageType :entitysync.out.response.resource.getresourceswithunsyncedlocalchanges responseJSON :{"responses":[{"responseType":0,"statusCode":200,"payload":{"code":"","message":"","collectionId":"","resourceId":""}}]} (EntityClientImpl.cpp.processEntitySyncResponse.1492)
20240131-190522.799: t=6d03: Info: ES::cosylib: Cosylib GetResourcesWithUnsyncedLocalChanges Count: 0 (EntityClientImpl.cpp.handleGetResourcesWithUnsyncedLocalChanges.1445)
20240131-190522.799: t=6d03: Info: ES::cosylib: Dispatch callback for : entitysync.out.response.resource.getresourceswithunsyncedlocalchanges (EntityClientImpl.cpp.processEntitySyncResponse.1580)
20240131-190626.525: t=5903: Info: ES::cosylib: EntityClientImpl::getResourcesWithUnsyncedLocalChanges :  (EntityClientImpl.cpp.getResourcesWithUnsyncedLocalChanges.790)
20240131-190626.527: t=5903: Info: ES::cosylib: RequestHandle : fc4a71d5-6a70-4f9b-846b-b51d4dfb1747 (EntityClientImpl.cpp.getResourcesWithUnsyncedLocalChanges.809)
20240131-190626.529: t=6d03: Info: ES::cosylib: messageType :entitysync.out.response.resource.getresourceswithunsyncedlocalchanges responseJSON :{"responses":[{"responseType":0,"statusCode":200,"payload":{"code":"","message":"","collectionId":"","resourceId":""}}]} (EntityClientImpl.cpp.processEntitySyncResponse.1492)
20240131-190626.529: t=6d03: Info: ES::cosylib: Cosylib GetResourcesWithUnsyncedLocalChanges Count: 0 (EntityClientImpl.cpp.handleGetResourcesWithUnsyncedLocalChanges.1445)
20240131-190626.529: t=6d03: Info: ES::cosylib: Dispatch callback for : entitysync.out.response.resource.getresourceswithunsyncedlocalchanges (EntityClientImpl.cpp.processEntitySyncResponse.1580)
20240131-190800.939: t=5903: Info: ES::cosylib: EntityClientImpl::getResourcesWithUnsyncedLocalChanges :  (EntityClientImpl.cpp.getResourcesWithUnsyncedLocalChanges.790)
20240131-190800.941: t=5903: Info: ES::cosylib: RequestHandle : 6f46f161-b3a8-4446-9674-21e0c41582c1 (EntityClientImpl.cpp.getResourcesWithUnsyncedLocalChanges.809)
20240131-190800.943: t=6d03: Info: ES::cosylib: messageType :entitysync.out.response.resource.getresourceswithunsyncedlocalchanges responseJSON :{"responses":[{"responseType":0,"statusCode":200,"payload":{"code":"","message":"","collectionId":"","resourceId":""}}]} (EntityClientImpl.cpp.processEntitySyncResponse.1492)
20240131-190800.944: t=6d03: Info: ES::cosylib: Cosylib GetResourcesWithUnsyncedLocalChanges Count: 0 (EntityClientImpl.cpp.handleGetResourcesWithUnsyncedLocalChanges.1445)
20240131-190800.944: t=6d03: Info: ES::cosylib: Dispatch callback for : entitysync.out.response.resource.getresourceswithunsyncedlocalchanges (EntityClientImpl.cpp.processEntitySyncResponse.1580)
20240131-190804.774: t=5903: Info: ES::cosylib: EntityClientImpl::getResourcesWithUnsyncedLocalChanges :  (EntityClientImpl.cpp.getResourcesWithUnsyncedLocalChanges.790)
20240131-190804.775: t=5903: Info: ES::cosylib: RequestHandle : b1e9e304-5e17-4c31-bb2e-e351c85e0905 (EntityClientImpl.cpp.getResourcesWithUnsyncedLocalChanges.809)
20240131-190804.787: t=6d03: Info: ES::cosylib: messageType :entitysync.out.response.resource.getresourceswithunsyncedlocalchanges responseJSON :{"responses":[{"responseType":0,"statusCode":200,"payload":{"code":"","message":"","collectionId":"","resourceId":""}}]} (EntityClientImpl.cpp.processEntitySyncResponse.1492)
20240131-190804.787: t=6d03: Info: ES::cosylib: Cosylib GetResourcesWithUnsyncedLocalChanges Count: 0 (EntityClientImpl.cpp.handleGetResourcesWithUnsyncedLocalChanges.1445)
20240131-190804.787: t=6d03: Info: ES::cosylib: Dispatch callback for : entitysync.out.response.resource.getresourceswithunsyncedlocalchanges (EntityClientImpl.cpp.processEntitySyncResponse.1580)
20240131-190843.167: t=5903: Info: ES::cosylib: EntityClientImpl::getResourcesWithUnsyncedLocalChanges :  (EntityClientImpl.cpp.getResourcesWithUnsyncedLocalChanges.790)
20240131-190843.169: t=5903: Info: ES::cosylib: RequestHandle : 33c32982-88cd-413e-a565-24e249175233 (EntityClientImpl.cpp.getResourcesWithUnsyncedLocalChanges.809)
20240131-190843.172: t=6d03: Info: ES::cosylib: messageType :entitysync.out.response.resource.getresourceswithunsyncedlocalchanges responseJSON :{"responses":[{"responseType":0,"statusCode":200,"payload":{"code":"","message":"","collectionId":"","resourceId":""}}]} (EntityClientImpl.cpp.processEntitySyncResponse.1492)
20240131-190843.172: t=6d03: Info: ES::cosylib: Cosylib GetResourcesWithUnsyncedLocalChanges Count: 0 (EntityClientImpl.cpp.handleGetResourcesWithUnsyncedLocalChanges.1445)
20240131-190843.172: t=6d03: Info: ES::cosylib: Dispatch callback for : entitysync.out.response.resource.getresourceswithunsyncedlocalchanges (EntityClientImpl.cpp.processEntitySyncResponse.1580)
20240131-191717.898: t=5903: Info: ES::cosylib: EntityClientImpl::getResourcesWithUnsyncedLocalChanges :  (EntityClientImpl.cpp.getResourcesWithUnsyncedLocalChanges.790)
20240131-191717.899: t=5903: Info: ES::cosylib: RequestHandle : 0488f769-adce-4436-bfda-41a44c7b67be (EntityClientImpl.cpp.getResourcesWithUnsyncedLocalChanges.809)
20240131-191717.902: t=6d03: Info: ES::cosylib: messageType :entitysync.out.response.resource.getresourceswithunsyncedlocalchanges responseJSON :{"responses":[{"responseType":0,"statusCode":200,"payload":{"code":"","message":"","collectionId":"","resourceId":""}}]} (EntityClientImpl.cpp.processEntitySyncResponse.1492)
20240131-191717.903: t=6d03: Info: ES::cosylib: Cosylib GetResourcesWithUnsyncedLocalChanges Count: 0 (EntityClientImpl.cpp.handleGetResourcesWithUnsyncedLocalChanges.1445)
20240131-191717.903: t=6d03: Info: ES::cosylib: Dispatch callback for : entitysync.out.response.resource.getresourceswithunsyncedlocalchanges (EntityClientImpl.cpp.processEntitySyncResponse.1580)
20240131-191752.007: t=5903: Info: ES::cosylib: EntityClientImpl::getResourcesWithUnsyncedLocalChanges :  (EntityClientImpl.cpp.getResourcesWithUnsyncedLocalChanges.790)
20240131-191752.009: t=5903: Info: ES::cosylib: RequestHandle : 66210394-d843-444f-b777-4e11c03f38a9 (EntityClientImpl.cpp.getResourcesWithUnsyncedLocalChanges.809)
20240131-191752.016: t=6d03: Info: ES::cosylib: messageType :entitysync.out.response.resource.getresourceswithunsyncedlocalchanges responseJSON :{"responses":[{"responseType":0,"statusCode":200,"payload":{"code":"","message":"","collectionId":"","resourceId":""}}]} (EntityClientImpl.cpp.processEntitySyncResponse.1492)
20240131-191752.016: t=6d03: Info: ES::cosylib: Cosylib GetResourcesWithUnsyncedLocalChanges Count: 0 (EntityClientImpl.cpp.handleGetResourcesWithUnsyncedLocalChanges.1445)
20240131-191752.016: t=6d03: Info: ES::cosylib: Dispatch callback for : entitysync.out.response.resource.getresourceswithunsyncedlocalchanges (EntityClientImpl.cpp.processEntitySyncResponse.1580)
20240131-191756.372: t=5903: Info: ES::cosylib: EntityClientImpl::getResourcesWithUnsyncedLocalChanges :  (EntityClientImpl.cpp.getResourcesWithUnsyncedLocalChanges.790)
20240131-191756.374: t=5903: Info: ES::cosylib: RequestHandle : 9464a299-f196-4d1f-81b8-1be41495b9a3 (EntityClientImpl.cpp.getResourcesWithUnsyncedLocalChanges.809)
20240131-191756.377: t=6d03: Info: ES::cosylib: messageType :entitysync.out.response.resource.getresourceswithunsyncedlocalchanges responseJSON :{"responses":[{"responseType":0,"statusCode":200,"payload":{"code":"","message":"","collectionId":"","resourceId":""}}]} (EntityClientImpl.cpp.processEntitySyncResponse.1492)
20240131-191756.377: t=6d03: Info: ES::cosylib: Cosylib GetResourcesWithUnsyncedLocalChanges Count: 0 (EntityClientImpl.cpp.handleGetResourcesWithUnsyncedLocalChanges.1445)
20240131-191756.377: t=6d03: Info: ES::cosylib: Dispatch callback for : entitysync.out.response.resource.getresourceswithunsyncedlocalchanges (EntityClientImpl.cpp.processEntitySyncResponse.1580)
20240131-192328.029: t=5903: Info: ES::cosylib: EntityClientImpl::getResourcesWithUnsyncedLocalChanges :  (EntityClientImpl.cpp.getResourcesWithUnsyncedLocalChanges.790)
20240131-192328.030: t=5903: Info: ES::cosylib: RequestHandle : cc336116-43f9-4ff7-96dd-f5d66796734e (EntityClientImpl.cpp.getResourcesWithUnsyncedLocalChanges.809)
20240131-192328.033: t=6d03: Info: ES::cosylib: messageType :entitysync.out.response.resource.getresourceswithunsyncedlocalchanges responseJSON :{"responses":[{"responseType":0,"statusCode":200,"payload":{"code":"","message":"","collectionId":"","resourceId":""}}]} (EntityClientImpl.cpp.processEntitySyncResponse.1492)
20240131-192328.033: t=6d03: Info: ES::cosylib: Cosylib GetResourcesWithUnsyncedLocalChanges Count: 0 (EntityClientImpl.cpp.handleGetResourcesWithUnsyncedLocalChanges.1445)
20240131-192328.033: t=6d03: Info: ES::cosylib: Dispatch callback for : entitysync.out.response.resource.getresourceswithunsyncedlocalchanges (EntityClientImpl.cpp.processEntitySyncResponse.1580)
20240131-192331.632: t=5903: Info: ES::cosylib: EntityClientImpl::getResourcesWithUnsyncedLocalChanges :  (EntityClientImpl.cpp.getResourcesWithUnsyncedLocalChanges.790)
20240131-192331.634: t=5903: Info: ES::cosylib: RequestHandle : fe649502-2273-4df6-acf9-858482d447dc (EntityClientImpl.cpp.getResourcesWithUnsyncedLocalChanges.809)
20240131-192331.638: t=6d03: Info: ES::cosylib: messageType :entitysync.out.response.resource.getresourceswithunsyncedlocalchanges responseJSON :{"responses":[{"responseType":0,"statusCode":200,"payload":{"code":"","message":"","collectionId":"","resourceId":""}}]} (EntityClientImpl.cpp.processEntitySyncResponse.1492)
20240131-192331.638: t=6d03: Info: ES::cosylib: Cosylib GetResourcesWithUnsyncedLocalChanges Count: 0 (EntityClientImpl.cpp.handleGetResourcesWithUnsyncedLocalChanges.1445)
20240131-192331.638: t=6d03: Info: ES::cosylib: Dispatch callback for : entitysync.out.response.resource.getresourceswithunsyncedlocalchanges (EntityClientImpl.cpp.processEntitySyncResponse.1580)
20240131-220837.524: t=561b: Info: ES::cosylib: EntityClientImpl::getRegisteredLoginInfo :  (EntityClientImpl.cpp.getRegisteredLoginInfo.944)
20240131-220837.532: t=561b: Info: ES::cosylib: RequestHandle : 8d7ac0e0-aa4e-4f25-8c8f-8711c3b1aa8a (EntityClientImpl.cpp.getRegisteredLoginInfo.962)
20240131-220837.534: t=6d03: Info: ES::cosylib: messageType :entitysync.out.response.get.register.login.info responseJSON : (EntityClientImpl.cpp.processEntitySyncResponse.1492)
20240131-220837.534: t=6d03: Info: ES::cosylib: Dispatch callback for : entitysync.out.response.get.register.login.info (EntityClientImpl.cpp.processEntitySyncResponse.1580)
20240131-220837.535: t=561b: Info: ES::cosylib: EntityClientImpl::registerLoginInfo :  (EntityClientImpl.cpp.registerLoginInfo.866)
20240131-220837.536: t=561b: Info: ES::cosylib: RequestHandle : 60f96255-6b59-4f10-b856-3a69a4ba8195 (EntityClientImpl.cpp.registerLoginInfo.902)
20240131-220837.547: t=6d03: Info: ES::esprovider: DB initialized (EntityStoreController.cpp.registerLoginInfoHandler.969)
20240131-220837.549: t=6d03: Info: ES::cosylib: messageType :entitysync.out.response.register.login.info responseJSON : (EntityClientImpl.cpp.processEntitySyncResponse.1492)
20240131-220837.549: t=6d03: Info: ES::cosylib: Dispatch callback for : entitysync.out.response.register.login.info (EntityClientImpl.cpp.processEntitySyncResponse.1580)
