20240130-083832.002: t=5903: Info: ES::cosylib: EntityClientImpl::getResourcesWithUnsyncedLocalChanges :  (EntityClientImpl.cpp.getResourcesWithUnsyncedLocalChanges.790)
20240130-083832.009: t=5903: Info: ES::cosylib: RequestHandle : 01fd6eed-55b9-47b1-ba90-a28ee6564d79 (EntityClientImpl.cpp.getResourcesWithUnsyncedLocalChanges.809)
20240130-083832.014: t=6d03: Info: ES::cosylib: messageType :entitysync.out.response.resource.getresourceswithunsyncedlocalchanges responseJSON :{"responses":[{"responseType":0,"statusCode":200,"payload":{"code":"","message":"","collectionId":"","resourceId":""}}]} (EntityClientImpl.cpp.processEntitySyncResponse.1492)
20240130-083832.014: t=6d03: Info: ES::cosylib: Cosylib GetResourcesWithUnsyncedLocalChanges Count: 0 (EntityClientImpl.cpp.handleGetResourcesWithUnsyncedLocalChanges.1445)
20240130-083832.014: t=6d03: Info: ES::cosylib: Dispatch callback for : entitysync.out.response.resource.getresourceswithunsyncedlocalchanges (EntityClientImpl.cpp.processEntitySyncResponse.1580)
20240130-083836.015: t=5903: Info: ES::cosylib: EntityClientImpl::getResourcesWithUnsyncedLocalChanges :  (EntityClientImpl.cpp.getResourcesWithUnsyncedLocalChanges.790)
20240130-083836.017: t=5903: Info: ES::cosylib: RequestHandle : c67880e7-8b4b-4650-a93d-ff231a877a96 (EntityClientImpl.cpp.getResourcesWithUnsyncedLocalChanges.809)
20240130-083836.022: t=6d03: Info: ES::cosylib: messageType :entitysync.out.response.resource.getresourceswithunsyncedlocalchanges responseJSON :{"responses":[{"responseType":0,"statusCode":200,"payload":{"code":"","message":"","collectionId":"","resourceId":""}}]} (EntityClientImpl.cpp.processEntitySyncResponse.1492)
20240130-083836.022: t=6d03: Info: ES::cosylib: Cosylib GetResourcesWithUnsyncedLocalChanges Count: 0 (EntityClientImpl.cpp.handleGetResourcesWithUnsyncedLocalChanges.1445)
20240130-083836.022: t=6d03: Info: ES::cosylib: Dispatch callback for : entitysync.out.response.resource.getresourceswithunsyncedlocalchanges (EntityClientImpl.cpp.processEntitySyncResponse.1580)
20240130-083908.297: t=5903: Info: ES::cosylib: EntityClientImpl::getResourcesWithUnsyncedLocalChanges :  (EntityClientImpl.cpp.getResourcesWithUnsyncedLocalChanges.790)
20240130-083908.299: t=5903: Info: ES::cosylib: RequestHandle : 47b37f37-f78e-4d90-8e76-dc8a6165c6c8 (EntityClientImpl.cpp.getResourcesWithUnsyncedLocalChanges.809)
20240130-083908.304: t=6d03: Info: ES::cosylib: messageType :entitysync.out.response.resource.getresourceswithunsyncedlocalchanges responseJSON :{"responses":[{"responseType":0,"statusCode":200,"payload":{"code":"","message":"","collectionId":"","resourceId":""}}]} (EntityClientImpl.cpp.processEntitySyncResponse.1492)
20240130-083908.304: t=6d03: Info: ES::cosylib: Cosylib GetResourcesWithUnsyncedLocalChanges Count: 0 (EntityClientImpl.cpp.handleGetResourcesWithUnsyncedLocalChanges.1445)
20240130-083908.304: t=6d03: Info: ES::cosylib: Dispatch callback for : entitysync.out.response.resource.getresourceswithunsyncedlocalchanges (EntityClientImpl.cpp.processEntitySyncResponse.1580)
20240130-083913.070: t=5903: Info: ES::cosylib: EntityClientImpl::getResourcesWithUnsyncedLocalChanges :  (EntityClientImpl.cpp.getResourcesWithUnsyncedLocalChanges.790)
20240130-083913.071: t=5903: Info: ES::cosylib: RequestHandle : 958dd274-0eb4-47c2-92d6-79d120ec19a3 (EntityClientImpl.cpp.getResourcesWithUnsyncedLocalChanges.809)
20240130-083913.072: t=6d03: Info: ES::cosylib: messageType :entitysync.out.response.resource.getresourceswithunsyncedlocalchanges responseJSON :{"responses":[{"responseType":0,"statusCode":200,"payload":{"code":"","message":"","collectionId":"","resourceId":""}}]} (EntityClientImpl.cpp.processEntitySyncResponse.1492)
20240130-083913.072: t=6d03: Info: ES::cosylib: Cosylib GetResourcesWithUnsyncedLocalChanges Count: 0 (EntityClientImpl.cpp.handleGetResourcesWithUnsyncedLocalChanges.1445)
20240130-083913.072: t=6d03: Info: ES::cosylib: Dispatch callback for : entitysync.out.response.resource.getresourceswithunsyncedlocalchanges (EntityClientImpl.cpp.processEntitySyncResponse.1580)
20240130-083953.988: t=5903: Info: ES::cosylib: EntityClientImpl::getResourcesWithUnsyncedLocalChanges :  (EntityClientImpl.cpp.getResourcesWithUnsyncedLocalChanges.790)
20240130-083953.991: t=5903: Info: ES::cosylib: RequestHandle : 7c6a2216-c742-411b-85d5-15bd9815a92f (EntityClientImpl.cpp.getResourcesWithUnsyncedLocalChanges.809)
20240130-083953.996: t=6d03: Info: ES::cosylib: messageType :entitysync.out.response.resource.getresourceswithunsyncedlocalchanges responseJSON :{"responses":[{"responseType":0,"statusCode":200,"payload":{"code":"","message":"","collectionId":"","resourceId":""}}]} (EntityClientImpl.cpp.processEntitySyncResponse.1492)
20240130-083953.996: t=6d03: Info: ES::cosylib: Cosylib GetResourcesWithUnsyncedLocalChanges Count: 0 (EntityClientImpl.cpp.handleGetResourcesWithUnsyncedLocalChanges.1445)
20240130-083953.996: t=6d03: Info: ES::cosylib: Dispatch callback for : entitysync.out.response.resource.getresourceswithunsyncedlocalchanges (EntityClientImpl.cpp.processEntitySyncResponse.1580)
20240130-083958.264: t=5903: Info: ES::cosylib: EntityClientImpl::getResourcesWithUnsyncedLocalChanges :  (EntityClientImpl.cpp.getResourcesWithUnsyncedLocalChanges.790)
20240130-083958.268: t=5903: Info: ES::cosylib: RequestHandle : 4a2ba519-fc21-44cd-abe5-f4e2fdcc3b0d (EntityClientImpl.cpp.getResourcesWithUnsyncedLocalChanges.809)
20240130-083958.273: t=6d03: Info: ES::cosylib: messageType :entitysync.out.response.resource.getresourceswithunsyncedlocalchanges responseJSON :{"responses":[{"responseType":0,"statusCode":200,"payload":{"code":"","message":"","collectionId":"","resourceId":""}}]} (EntityClientImpl.cpp.processEntitySyncResponse.1492)
20240130-083958.273: t=6d03: Info: ES::cosylib: Cosylib GetResourcesWithUnsyncedLocalChanges Count: 0 (EntityClientImpl.cpp.handleGetResourcesWithUnsyncedLocalChanges.1445)
20240130-083958.273: t=6d03: Info: ES::cosylib: Dispatch callback for : entitysync.out.response.resource.getresourceswithunsyncedlocalchanges (EntityClientImpl.cpp.processEntitySyncResponse.1580)
20240130-084102.571: t=5903: Info: ES::cosylib: EntityClientImpl::getResourcesWithUnsyncedLocalChanges :  (EntityClientImpl.cpp.getResourcesWithUnsyncedLocalChanges.790)
20240130-084102.573: t=5903: Info: ES::cosylib: RequestHandle : d1d9142a-b40e-4221-bb15-f57912a5688d (EntityClientImpl.cpp.getResourcesWithUnsyncedLocalChanges.809)
20240130-084102.576: t=6d03: Info: ES::cosylib: messageType :entitysync.out.response.resource.getresourceswithunsyncedlocalchanges responseJSON :{"responses":[{"responseType":0,"statusCode":200,"payload":{"code":"","message":"","collectionId":"","resourceId":""}}]} (EntityClientImpl.cpp.processEntitySyncResponse.1492)
20240130-084102.576: t=6d03: Info: ES::cosylib: Cosylib GetResourcesWithUnsyncedLocalChanges Count: 0 (EntityClientImpl.cpp.handleGetResourcesWithUnsyncedLocalChanges.1445)
20240130-084102.576: t=6d03: Info: ES::cosylib: Dispatch callback for : entitysync.out.response.resource.getresourceswithunsyncedlocalchanges (EntityClientImpl.cpp.processEntitySyncResponse.1580)
20240130-085203.408: t=5903: Info: ES::cosylib: EntityClientImpl::getResourcesWithUnsyncedLocalChanges :  (EntityClientImpl.cpp.getResourcesWithUnsyncedLocalChanges.790)
20240130-085203.410: t=5903: Info: ES::cosylib: RequestHandle : 43321120-e979-4477-a1de-f81086617ce8 (EntityClientImpl.cpp.getResourcesWithUnsyncedLocalChanges.809)
20240130-085203.412: t=6d03: Info: ES::cosylib: messageType :entitysync.out.response.resource.getresourceswithunsyncedlocalchanges responseJSON :{"responses":[{"responseType":0,"statusCode":200,"payload":{"code":"","message":"","collectionId":"","resourceId":""}}]} (EntityClientImpl.cpp.processEntitySyncResponse.1492)
20240130-085203.413: t=6d03: Info: ES::cosylib: Cosylib GetResourcesWithUnsyncedLocalChanges Count: 0 (EntityClientImpl.cpp.handleGetResourcesWithUnsyncedLocalChanges.1445)
20240130-085203.413: t=6d03: Info: ES::cosylib: Dispatch callback for : entitysync.out.response.resource.getresourceswithunsyncedlocalchanges (EntityClientImpl.cpp.processEntitySyncResponse.1580)
20240130-113227.455: t=5903: Info: ES::cosylib: EntityClientImpl::getResourcesWithUnsyncedLocalChanges :  (EntityClientImpl.cpp.getResourcesWithUnsyncedLocalChanges.790)
20240130-113227.466: t=5903: Info: ES::cosylib: RequestHandle : d8c5d925-cc9b-4dce-9aa4-41f6833e7519 (EntityClientImpl.cpp.getResourcesWithUnsyncedLocalChanges.809)
20240130-113227.470: t=6d03: Info: ES::cosylib: messageType :entitysync.out.response.resource.getresourceswithunsyncedlocalchanges responseJSON :{"responses":[{"responseType":0,"statusCode":200,"payload":{"code":"","message":"","collectionId":"","resourceId":""}}]} (EntityClientImpl.cpp.processEntitySyncResponse.1492)
20240130-113227.471: t=6d03: Info: ES::cosylib: Cosylib GetResourcesWithUnsyncedLocalChanges Count: 0 (EntityClientImpl.cpp.handleGetResourcesWithUnsyncedLocalChanges.1445)
20240130-113227.471: t=6d03: Info: ES::cosylib: Dispatch callback for : entitysync.out.response.resource.getresourceswithunsyncedlocalchanges (EntityClientImpl.cpp.processEntitySyncResponse.1580)
20240130-113228.907: t=5903: Info: ES::cosylib: EntityClientImpl::getResourcesWithUnsyncedLocalChanges :  (EntityClientImpl.cpp.getResourcesWithUnsyncedLocalChanges.790)
20240130-113228.909: t=5903: Info: ES::cosylib: RequestHandle : cb8601bc-ced5-4569-88d4-a26a22e78995 (EntityClientImpl.cpp.getResourcesWithUnsyncedLocalChanges.809)
20240130-113228.913: t=6d03: Info: ES::cosylib: messageType :entitysync.out.response.resource.getresourceswithunsyncedlocalchanges responseJSON :{"responses":[{"responseType":0,"statusCode":200,"payload":{"code":"","message":"","collectionId":"","resourceId":""}}]} (EntityClientImpl.cpp.processEntitySyncResponse.1492)
20240130-113228.913: t=6d03: Info: ES::cosylib: Cosylib GetResourcesWithUnsyncedLocalChanges Count: 0 (EntityClientImpl.cpp.handleGetResourcesWithUnsyncedLocalChanges.1445)
20240130-113228.913: t=6d03: Info: ES::cosylib: Dispatch callback for : entitysync.out.response.resource.getresourceswithunsyncedlocalchanges (EntityClientImpl.cpp.processEntitySyncResponse.1580)
20240130-115114.326: t=5903: Info: ES::cosylib: EntityClientImpl::getResourcesWithUnsyncedLocalChanges :  (EntityClientImpl.cpp.getResourcesWithUnsyncedLocalChanges.790)
20240130-115114.328: t=5903: Info: ES::cosylib: RequestHandle : 0a5d2eaa-a990-49dd-965a-4daca58295c5 (EntityClientImpl.cpp.getResourcesWithUnsyncedLocalChanges.809)
20240130-115114.332: t=6d03: Info: ES::cosylib: messageType :entitysync.out.response.resource.getresourceswithunsyncedlocalchanges responseJSON :{"responses":[{"responseType":0,"statusCode":200,"payload":{"code":"","message":"","collectionId":"","resourceId":""}}]} (EntityClientImpl.cpp.processEntitySyncResponse.1492)
20240130-115114.332: t=6d03: Info: ES::cosylib: Cosylib GetResourcesWithUnsyncedLocalChanges Count: 0 (EntityClientImpl.cpp.handleGetResourcesWithUnsyncedLocalChanges.1445)
20240130-115114.332: t=6d03: Info: ES::cosylib: Dispatch callback for : entitysync.out.response.resource.getresourceswithunsyncedlocalchanges (EntityClientImpl.cpp.processEntitySyncResponse.1580)
20240130-115224.080: t=5903: Info: ES::cosylib: EntityClientImpl::getResourcesWithUnsyncedLocalChanges :  (EntityClientImpl.cpp.getResourcesWithUnsyncedLocalChanges.790)
20240130-115224.081: t=5903: Info: ES::cosylib: RequestHandle : 7668c988-aab5-4177-a7f1-7e0f2d4a65c9 (EntityClientImpl.cpp.getResourcesWithUnsyncedLocalChanges.809)
20240130-115224.084: t=6d03: Info: ES::cosylib: messageType :entitysync.out.response.resource.getresourceswithunsyncedlocalchanges responseJSON :{"responses":[{"responseType":0,"statusCode":200,"payload":{"code":"","message":"","collectionId":"","resourceId":""}}]} (EntityClientImpl.cpp.processEntitySyncResponse.1492)
20240130-115224.084: t=6d03: Info: ES::cosylib: Cosylib GetResourcesWithUnsyncedLocalChanges Count: 0 (EntityClientImpl.cpp.handleGetResourcesWithUnsyncedLocalChanges.1445)
20240130-115224.084: t=6d03: Info: ES::cosylib: Dispatch callback for : entitysync.out.response.resource.getresourceswithunsyncedlocalchanges (EntityClientImpl.cpp.processEntitySyncResponse.1580)
20240130-115322.432: t=5903: Info: ES::cosylib: EntityClientImpl::getResourcesWithUnsyncedLocalChanges :  (EntityClientImpl.cpp.getResourcesWithUnsyncedLocalChanges.790)
20240130-115322.434: t=5903: Info: ES::cosylib: RequestHandle : a06982b0-d84e-40e2-9259-b3d13232a70d (EntityClientImpl.cpp.getResourcesWithUnsyncedLocalChanges.809)
20240130-115322.437: t=6d03: Info: ES::cosylib: messageType :entitysync.out.response.resource.getresourceswithunsyncedlocalchanges responseJSON :{"responses":[{"responseType":0,"statusCode":200,"payload":{"code":"","message":"","collectionId":"","resourceId":""}}]} (EntityClientImpl.cpp.processEntitySyncResponse.1492)
20240130-115322.437: t=6d03: Info: ES::cosylib: Cosylib GetResourcesWithUnsyncedLocalChanges Count: 0 (EntityClientImpl.cpp.handleGetResourcesWithUnsyncedLocalChanges.1445)
20240130-115322.437: t=6d03: Info: ES::cosylib: Dispatch callback for : entitysync.out.response.resource.getresourceswithunsyncedlocalchanges (EntityClientImpl.cpp.processEntitySyncResponse.1580)
20240130-115847.040: t=5903: Info: ES::cosylib: EntityClientImpl::getResourcesWithUnsyncedLocalChanges :  (EntityClientImpl.cpp.getResourcesWithUnsyncedLocalChanges.790)
20240130-115847.042: t=5903: Info: ES::cosylib: RequestHandle : 0fa53106-52b9-49f7-975f-400e8510fb4d (EntityClientImpl.cpp.getResourcesWithUnsyncedLocalChanges.809)
20240130-115847.044: t=6d03: Info: ES::cosylib: messageType :entitysync.out.response.resource.getresourceswithunsyncedlocalchanges responseJSON :{"responses":[{"responseType":0,"statusCode":200,"payload":{"code":"","message":"","collectionId":"","resourceId":""}}]} (EntityClientImpl.cpp.processEntitySyncResponse.1492)
20240130-115847.045: t=6d03: Info: ES::cosylib: Cosylib GetResourcesWithUnsyncedLocalChanges Count: 0 (EntityClientImpl.cpp.handleGetResourcesWithUnsyncedLocalChanges.1445)
20240130-115847.045: t=6d03: Info: ES::cosylib: Dispatch callback for : entitysync.out.response.resource.getresourceswithunsyncedlocalchanges (EntityClientImpl.cpp.processEntitySyncResponse.1580)
20240130-145010.227: t=5903: Info: ES::cosylib: EntityClientImpl::getResourcesWithUnsyncedLocalChanges :  (EntityClientImpl.cpp.getResourcesWithUnsyncedLocalChanges.790)
20240130-145010.236: t=5903: Info: ES::cosylib: RequestHandle : 12769fc5-dcbf-41aa-bed4-2684a454842a (EntityClientImpl.cpp.getResourcesWithUnsyncedLocalChanges.809)
20240130-145010.241: t=6d03: Info: ES::cosylib: messageType :entitysync.out.response.resource.getresourceswithunsyncedlocalchanges responseJSON :{"responses":[{"responseType":0,"statusCode":200,"payload":{"code":"","message":"","collectionId":"","resourceId":""}}]} (EntityClientImpl.cpp.processEntitySyncResponse.1492)
20240130-145010.241: t=6d03: Info: ES::cosylib: Cosylib GetResourcesWithUnsyncedLocalChanges Count: 0 (EntityClientImpl.cpp.handleGetResourcesWithUnsyncedLocalChanges.1445)
20240130-145010.241: t=6d03: Info: ES::cosylib: Dispatch callback for : entitysync.out.response.resource.getresourceswithunsyncedlocalchanges (EntityClientImpl.cpp.processEntitySyncResponse.1580)
20240130-150759.386: t=5903: Info: ES::cosylib: EntityClientImpl::getResourcesWithUnsyncedLocalChanges :  (EntityClientImpl.cpp.getResourcesWithUnsyncedLocalChanges.790)
20240130-150759.387: t=5903: Info: ES::cosylib: RequestHandle : 75b4a756-1663-4fdd-965d-10b8c8565f3d (EntityClientImpl.cpp.getResourcesWithUnsyncedLocalChanges.809)
20240130-150759.391: t=6d03: Info: ES::cosylib: messageType :entitysync.out.response.resource.getresourceswithunsyncedlocalchanges responseJSON :{"responses":[{"responseType":0,"statusCode":200,"payload":{"code":"","message":"","collectionId":"","resourceId":""}}]} (EntityClientImpl.cpp.processEntitySyncResponse.1492)
20240130-150759.391: t=6d03: Info: ES::cosylib: Cosylib GetResourcesWithUnsyncedLocalChanges Count: 0 (EntityClientImpl.cpp.handleGetResourcesWithUnsyncedLocalChanges.1445)
20240130-150759.391: t=6d03: Info: ES::cosylib: Dispatch callback for : entitysync.out.response.resource.getresourceswithunsyncedlocalchanges (EntityClientImpl.cpp.processEntitySyncResponse.1580)
20240130-151847.671: t=5903: Info: ES::cosylib: EntityClientImpl::getResourcesWithUnsyncedLocalChanges :  (EntityClientImpl.cpp.getResourcesWithUnsyncedLocalChanges.790)
20240130-151847.673: t=5903: Info: ES::cosylib: RequestHandle : b7e8cfce-acfc-4331-aa34-ad7f649683c2 (EntityClientImpl.cpp.getResourcesWithUnsyncedLocalChanges.809)
20240130-151847.676: t=6d03: Info: ES::cosylib: messageType :entitysync.out.response.resource.getresourceswithunsyncedlocalchanges responseJSON :{"responses":[{"responseType":0,"statusCode":200,"payload":{"code":"","message":"","collectionId":"","resourceId":""}}]} (EntityClientImpl.cpp.processEntitySyncResponse.1492)
20240130-151847.676: t=6d03: Info: ES::cosylib: Cosylib GetResourcesWithUnsyncedLocalChanges Count: 0 (EntityClientImpl.cpp.handleGetResourcesWithUnsyncedLocalChanges.1445)
20240130-151847.676: t=6d03: Info: ES::cosylib: Dispatch callback for : entitysync.out.response.resource.getresourceswithunsyncedlocalchanges (EntityClientImpl.cpp.processEntitySyncResponse.1580)
20240130-195325.032: t=5903: Info: ES::cosylib: EntityClientImpl::getResourcesWithUnsyncedLocalChanges :  (EntityClientImpl.cpp.getResourcesWithUnsyncedLocalChanges.790)
20240130-195325.033: t=5903: Info: ES::cosylib: RequestHandle : 7dea5b22-1df3-4e1e-8a35-0bb02d707c4d (EntityClientImpl.cpp.getResourcesWithUnsyncedLocalChanges.809)
20240130-195325.037: t=6d03: Info: ES::cosylib: messageType :entitysync.out.response.resource.getresourceswithunsyncedlocalchanges responseJSON :{"responses":[{"responseType":0,"statusCode":200,"payload":{"code":"","message":"","collectionId":"","resourceId":""}}]} (EntityClientImpl.cpp.processEntitySyncResponse.1492)
20240130-195325.037: t=6d03: Info: ES::cosylib: Cosylib GetResourcesWithUnsyncedLocalChanges Count: 0 (EntityClientImpl.cpp.handleGetResourcesWithUnsyncedLocalChanges.1445)
20240130-195325.037: t=6d03: Info: ES::cosylib: Dispatch callback for : entitysync.out.response.resource.getresourceswithunsyncedlocalchanges (EntityClientImpl.cpp.processEntitySyncResponse.1580)
20240130-195346.318: t=5903: Info: ES::cosylib: EntityClientImpl::getResourcesWithUnsyncedLocalChanges :  (EntityClientImpl.cpp.getResourcesWithUnsyncedLocalChanges.790)
20240130-195346.320: t=5903: Info: ES::cosylib: RequestHandle : 69374142-2473-4611-95eb-a13ca9bed208 (EntityClientImpl.cpp.getResourcesWithUnsyncedLocalChanges.809)
20240130-195346.323: t=6d03: Info: ES::cosylib: messageType :entitysync.out.response.resource.getresourceswithunsyncedlocalchanges responseJSON :{"responses":[{"responseType":0,"statusCode":200,"payload":{"code":"","message":"","collectionId":"","resourceId":""}}]} (EntityClientImpl.cpp.processEntitySyncResponse.1492)
20240130-195346.323: t=6d03: Info: ES::cosylib: Cosylib GetResourcesWithUnsyncedLocalChanges Count: 0 (EntityClientImpl.cpp.handleGetResourcesWithUnsyncedLocalChanges.1445)
20240130-195346.323: t=6d03: Info: ES::cosylib: Dispatch callback for : entitysync.out.response.resource.getresourceswithunsyncedlocalchanges (EntityClientImpl.cpp.processEntitySyncResponse.1580)
20240130-195350.915: t=5903: Info: ES::cosylib: EntityClientImpl::getResourcesWithUnsyncedLocalChanges :  (EntityClientImpl.cpp.getResourcesWithUnsyncedLocalChanges.790)
20240130-195350.917: t=5903: Info: ES::cosylib: RequestHandle : 273efee2-8c04-4859-a48e-cfa4207ca3f8 (EntityClientImpl.cpp.getResourcesWithUnsyncedLocalChanges.809)
20240130-195350.919: t=6d03: Info: ES::cosylib: messageType :entitysync.out.response.resource.getresourceswithunsyncedlocalchanges responseJSON :{"responses":[{"responseType":0,"statusCode":200,"payload":{"code":"","message":"","collectionId":"","resourceId":""}}]} (EntityClientImpl.cpp.processEntitySyncResponse.1492)
20240130-195350.920: t=6d03: Info: ES::cosylib: Cosylib GetResourcesWithUnsyncedLocalChanges Count: 0 (EntityClientImpl.cpp.handleGetResourcesWithUnsyncedLocalChanges.1445)
20240130-195350.920: t=6d03: Info: ES::cosylib: Dispatch callback for : entitysync.out.response.resource.getresourceswithunsyncedlocalchanges (EntityClientImpl.cpp.processEntitySyncResponse.1580)
20240130-195431.389: t=5903: Info: ES::cosylib: EntityClientImpl::getResourcesWithUnsyncedLocalChanges :  (EntityClientImpl.cpp.getResourcesWithUnsyncedLocalChanges.790)
20240130-195431.392: t=5903: Info: ES::cosylib: RequestHandle : 2ebcc9c2-0f21-4bd5-9334-7c9fa1e5d543 (EntityClientImpl.cpp.getResourcesWithUnsyncedLocalChanges.809)
20240130-195431.396: t=6d03: Info: ES::cosylib: messageType :entitysync.out.response.resource.getresourceswithunsyncedlocalchanges responseJSON :{"responses":[{"responseType":0,"statusCode":200,"payload":{"code":"","message":"","collectionId":"","resourceId":""}}]} (EntityClientImpl.cpp.processEntitySyncResponse.1492)
20240130-195431.397: t=6d03: Info: ES::cosylib: Cosylib GetResourcesWithUnsyncedLocalChanges Count: 0 (EntityClientImpl.cpp.handleGetResourcesWithUnsyncedLocalChanges.1445)
20240130-195431.397: t=6d03: Info: ES::cosylib: Dispatch callback for : entitysync.out.response.resource.getresourceswithunsyncedlocalchanges (EntityClientImpl.cpp.processEntitySyncResponse.1580)
20240130-195435.437: t=5903: Info: ES::cosylib: EntityClientImpl::getResourcesWithUnsyncedLocalChanges :  (EntityClientImpl.cpp.getResourcesWithUnsyncedLocalChanges.790)
20240130-195435.439: t=5903: Info: ES::cosylib: RequestHandle : fdc412f4-4b8a-4227-9b64-b17e27a171d7 (EntityClientImpl.cpp.getResourcesWithUnsyncedLocalChanges.809)
20240130-195435.442: t=6d03: Info: ES::cosylib: messageType :entitysync.out.response.resource.getresourceswithunsyncedlocalchanges responseJSON :{"responses":[{"responseType":0,"statusCode":200,"payload":{"code":"","message":"","collectionId":"","resourceId":""}}]} (EntityClientImpl.cpp.processEntitySyncResponse.1492)
20240130-195435.442: t=6d03: Info: ES::cosylib: Cosylib GetResourcesWithUnsyncedLocalChanges Count: 0 (EntityClientImpl.cpp.handleGetResourcesWithUnsyncedLocalChanges.1445)
20240130-195435.442: t=6d03: Info: ES::cosylib: Dispatch callback for : entitysync.out.response.resource.getresourceswithunsyncedlocalchanges (EntityClientImpl.cpp.processEntitySyncResponse.1580)
