20240129-082906.420: t=5903: Info: ES::cosylib: EntityClientImpl::getResourcesWithUnsyncedLocalChanges :  (EntityClientImpl.cpp.getResourcesWithUnsyncedLocalChanges.790)
20240129-082906.434: t=5903: Info: ES::cosylib: RequestHandle : 0a643830-f980-4113-8422-2c912039c30c (EntityClientImpl.cpp.getResourcesWithUnsyncedLocalChanges.809)
20240129-082906.438: t=6d03: Info: ES::cosylib: messageType :entitysync.out.response.resource.getresourceswithunsyncedlocalchanges responseJSON :{"responses":[{"responseType":0,"statusCode":200,"payload":{"code":"","message":"","collectionId":"","resourceId":""}}]} (EntityClientImpl.cpp.processEntitySyncResponse.1492)
20240129-082906.439: t=6d03: Info: ES::cosylib: Cosylib GetResourcesWithUnsyncedLocalChanges Count: 0 (EntityClientImpl.cpp.handleGetResourcesWithUnsyncedLocalChanges.1445)
20240129-082906.439: t=6d03: Info: ES::cosylib: Dispatch callback for : entitysync.out.response.resource.getresourceswithunsyncedlocalchanges (EntityClientImpl.cpp.processEntitySyncResponse.1580)
20240129-082909.027: t=5903: Info: ES::cosylib: EntityClientImpl::getResourcesWithUnsyncedLocalChanges :  (EntityClientImpl.cpp.getResourcesWithUnsyncedLocalChanges.790)
20240129-082909.029: t=5903: Info: ES::cosylib: RequestHandle : d719cc8e-9324-4593-8539-eb0e1aeec30d (EntityClientImpl.cpp.getResourcesWithUnsyncedLocalChanges.809)
20240129-082909.032: t=6d03: Info: ES::cosylib: messageType :entitysync.out.response.resource.getresourceswithunsyncedlocalchanges responseJSON :{"responses":[{"responseType":0,"statusCode":200,"payload":{"code":"","message":"","collectionId":"","resourceId":""}}]} (EntityClientImpl.cpp.processEntitySyncResponse.1492)
20240129-082909.032: t=6d03: Info: ES::cosylib: Cosylib GetResourcesWithUnsyncedLocalChanges Count: 0 (EntityClientImpl.cpp.handleGetResourcesWithUnsyncedLocalChanges.1445)
20240129-082909.032: t=6d03: Info: ES::cosylib: Dispatch callback for : entitysync.out.response.resource.getresourceswithunsyncedlocalchanges (EntityClientImpl.cpp.processEntitySyncResponse.1580)
20240129-082937.418: t=5903: Info: ES::cosylib: EntityClientImpl::getResourcesWithUnsyncedLocalChanges :  (EntityClientImpl.cpp.getResourcesWithUnsyncedLocalChanges.790)
20240129-082937.420: t=5903: Info: ES::cosylib: RequestHandle : b08064f7-28e9-42fb-a4ee-21befe8c6c90 (EntityClientImpl.cpp.getResourcesWithUnsyncedLocalChanges.809)
20240129-082937.427: t=6d03: Info: ES::cosylib: messageType :entitysync.out.response.resource.getresourceswithunsyncedlocalchanges responseJSON :{"responses":[{"responseType":0,"statusCode":200,"payload":{"code":"","message":"","collectionId":"","resourceId":""}}]} (EntityClientImpl.cpp.processEntitySyncResponse.1492)
20240129-082937.427: t=6d03: Info: ES::cosylib: Cosylib GetResourcesWithUnsyncedLocalChanges Count: 0 (EntityClientImpl.cpp.handleGetResourcesWithUnsyncedLocalChanges.1445)
20240129-082937.427: t=6d03: Info: ES::cosylib: Dispatch callback for : entitysync.out.response.resource.getresourceswithunsyncedlocalchanges (EntityClientImpl.cpp.processEntitySyncResponse.1580)
20240129-082941.560: t=5903: Info: ES::cosylib: EntityClientImpl::getResourcesWithUnsyncedLocalChanges :  (EntityClientImpl.cpp.getResourcesWithUnsyncedLocalChanges.790)
20240129-082941.561: t=5903: Info: ES::cosylib: RequestHandle : 74b369cb-c93b-483d-bc43-7b5074631e3d (EntityClientImpl.cpp.getResourcesWithUnsyncedLocalChanges.809)
20240129-082941.565: t=6d03: Info: ES::cosylib: messageType :entitysync.out.response.resource.getresourceswithunsyncedlocalchanges responseJSON :{"responses":[{"responseType":0,"statusCode":200,"payload":{"code":"","message":"","collectionId":"","resourceId":""}}]} (EntityClientImpl.cpp.processEntitySyncResponse.1492)
20240129-082941.565: t=6d03: Info: ES::cosylib: Cosylib GetResourcesWithUnsyncedLocalChanges Count: 0 (EntityClientImpl.cpp.handleGetResourcesWithUnsyncedLocalChanges.1445)
20240129-082941.565: t=6d03: Info: ES::cosylib: Dispatch callback for : entitysync.out.response.resource.getresourceswithunsyncedlocalchanges (EntityClientImpl.cpp.processEntitySyncResponse.1580)
20240129-084249.725: t=5903: Info: ES::cosylib: EntityClientImpl::getResourcesWithUnsyncedLocalChanges :  (EntityClientImpl.cpp.getResourcesWithUnsyncedLocalChanges.790)
20240129-084249.727: t=5903: Info: ES::cosylib: RequestHandle : f964525d-1b63-4cf0-8b6a-55b7a6f32755 (EntityClientImpl.cpp.getResourcesWithUnsyncedLocalChanges.809)
20240129-084249.732: t=6d03: Info: ES::cosylib: messageType :entitysync.out.response.resource.getresourceswithunsyncedlocalchanges responseJSON :{"responses":[{"responseType":0,"statusCode":200,"payload":{"code":"","message":"","collectionId":"","resourceId":""}}]} (EntityClientImpl.cpp.processEntitySyncResponse.1492)
20240129-084249.732: t=6d03: Info: ES::cosylib: Cosylib GetResourcesWithUnsyncedLocalChanges Count: 0 (EntityClientImpl.cpp.handleGetResourcesWithUnsyncedLocalChanges.1445)
20240129-084249.732: t=6d03: Info: ES::cosylib: Dispatch callback for : entitysync.out.response.resource.getresourceswithunsyncedlocalchanges (EntityClientImpl.cpp.processEntitySyncResponse.1580)
20240129-084253.924: t=5903: Info: ES::cosylib: EntityClientImpl::getResourcesWithUnsyncedLocalChanges :  (EntityClientImpl.cpp.getResourcesWithUnsyncedLocalChanges.790)
20240129-084253.925: t=5903: Info: ES::cosylib: RequestHandle : d5f8f057-fe36-4807-9338-42183f6d19f3 (EntityClientImpl.cpp.getResourcesWithUnsyncedLocalChanges.809)
20240129-084253.929: t=6d03: Info: ES::cosylib: messageType :entitysync.out.response.resource.getresourceswithunsyncedlocalchanges responseJSON :{"responses":[{"responseType":0,"statusCode":200,"payload":{"code":"","message":"","collectionId":"","resourceId":""}}]} (EntityClientImpl.cpp.processEntitySyncResponse.1492)
20240129-084253.929: t=6d03: Info: ES::cosylib: Cosylib GetResourcesWithUnsyncedLocalChanges Count: 0 (EntityClientImpl.cpp.handleGetResourcesWithUnsyncedLocalChanges.1445)
20240129-084253.929: t=6d03: Info: ES::cosylib: Dispatch callback for : entitysync.out.response.resource.getresourceswithunsyncedlocalchanges (EntityClientImpl.cpp.processEntitySyncResponse.1580)
20240129-084313.617: t=5903: Info: ES::cosylib: EntityClientImpl::getResourcesWithUnsyncedLocalChanges :  (EntityClientImpl.cpp.getResourcesWithUnsyncedLocalChanges.790)
20240129-084313.619: t=5903: Info: ES::cosylib: RequestHandle : ce4192a5-249f-4b09-bae1-fe845ccfe463 (EntityClientImpl.cpp.getResourcesWithUnsyncedLocalChanges.809)
20240129-084313.622: t=6d03: Info: ES::cosylib: messageType :entitysync.out.response.resource.getresourceswithunsyncedlocalchanges responseJSON :{"responses":[{"responseType":0,"statusCode":200,"payload":{"code":"","message":"","collectionId":"","resourceId":""}}]} (EntityClientImpl.cpp.processEntitySyncResponse.1492)
20240129-084313.622: t=6d03: Info: ES::cosylib: Cosylib GetResourcesWithUnsyncedLocalChanges Count: 0 (EntityClientImpl.cpp.handleGetResourcesWithUnsyncedLocalChanges.1445)
20240129-084313.622: t=6d03: Info: ES::cosylib: Dispatch callback for : entitysync.out.response.resource.getresourceswithunsyncedlocalchanges (EntityClientImpl.cpp.processEntitySyncResponse.1580)
20240129-084317.743: t=5903: Info: ES::cosylib: EntityClientImpl::getResourcesWithUnsyncedLocalChanges :  (EntityClientImpl.cpp.getResourcesWithUnsyncedLocalChanges.790)
20240129-084317.746: t=5903: Info: ES::cosylib: RequestHandle : 6d91702b-d784-4a80-a93c-90f3ca7644a8 (EntityClientImpl.cpp.getResourcesWithUnsyncedLocalChanges.809)
20240129-084317.749: t=6d03: Info: ES::cosylib: messageType :entitysync.out.response.resource.getresourceswithunsyncedlocalchanges responseJSON :{"responses":[{"responseType":0,"statusCode":200,"payload":{"code":"","message":"","collectionId":"","resourceId":""}}]} (EntityClientImpl.cpp.processEntitySyncResponse.1492)
20240129-084317.749: t=6d03: Info: ES::cosylib: Cosylib GetResourcesWithUnsyncedLocalChanges Count: 0 (EntityClientImpl.cpp.handleGetResourcesWithUnsyncedLocalChanges.1445)
20240129-084317.749: t=6d03: Info: ES::cosylib: Dispatch callback for : entitysync.out.response.resource.getresourceswithunsyncedlocalchanges (EntityClientImpl.cpp.processEntitySyncResponse.1580)
20240129-084457.428: t=5903: Info: ES::cosylib: EntityClientImpl::getResourcesWithUnsyncedLocalChanges :  (EntityClientImpl.cpp.getResourcesWithUnsyncedLocalChanges.790)
20240129-084457.429: t=5903: Info: ES::cosylib: RequestHandle : ed2e5b05-230e-433a-9c14-81a15c7f1769 (EntityClientImpl.cpp.getResourcesWithUnsyncedLocalChanges.809)
20240129-084457.433: t=6d03: Info: ES::cosylib: messageType :entitysync.out.response.resource.getresourceswithunsyncedlocalchanges responseJSON :{"responses":[{"responseType":0,"statusCode":200,"payload":{"code":"","message":"","collectionId":"","resourceId":""}}]} (EntityClientImpl.cpp.processEntitySyncResponse.1492)
20240129-084457.433: t=6d03: Info: ES::cosylib: Cosylib GetResourcesWithUnsyncedLocalChanges Count: 0 (EntityClientImpl.cpp.handleGetResourcesWithUnsyncedLocalChanges.1445)
20240129-084457.433: t=6d03: Info: ES::cosylib: Dispatch callback for : entitysync.out.response.resource.getresourceswithunsyncedlocalchanges (EntityClientImpl.cpp.processEntitySyncResponse.1580)
20240129-084501.777: t=5903: Info: ES::cosylib: EntityClientImpl::getResourcesWithUnsyncedLocalChanges :  (EntityClientImpl.cpp.getResourcesWithUnsyncedLocalChanges.790)
20240129-084501.779: t=5903: Info: ES::cosylib: RequestHandle : 6a4ad447-7849-4e90-91d9-7995d3bb8899 (EntityClientImpl.cpp.getResourcesWithUnsyncedLocalChanges.809)
20240129-084501.782: t=6d03: Info: ES::cosylib: messageType :entitysync.out.response.resource.getresourceswithunsyncedlocalchanges responseJSON :{"responses":[{"responseType":0,"statusCode":200,"payload":{"code":"","message":"","collectionId":"","resourceId":""}}]} (EntityClientImpl.cpp.processEntitySyncResponse.1492)
20240129-084501.782: t=6d03: Info: ES::cosylib: Cosylib GetResourcesWithUnsyncedLocalChanges Count: 0 (EntityClientImpl.cpp.handleGetResourcesWithUnsyncedLocalChanges.1445)
20240129-084501.782: t=6d03: Info: ES::cosylib: Dispatch callback for : entitysync.out.response.resource.getresourceswithunsyncedlocalchanges (EntityClientImpl.cpp.processEntitySyncResponse.1580)
20240129-084557.231: t=5903: Info: ES::cosylib: EntityClientImpl::getResourcesWithUnsyncedLocalChanges :  (EntityClientImpl.cpp.getResourcesWithUnsyncedLocalChanges.790)
20240129-084557.232: t=5903: Info: ES::cosylib: RequestHandle : 1fd78c47-4b8b-4802-822d-ae94264f0f0f (EntityClientImpl.cpp.getResourcesWithUnsyncedLocalChanges.809)
20240129-084557.236: t=6d03: Info: ES::cosylib: messageType :entitysync.out.response.resource.getresourceswithunsyncedlocalchanges responseJSON :{"responses":[{"responseType":0,"statusCode":200,"payload":{"code":"","message":"","collectionId":"","resourceId":""}}]} (EntityClientImpl.cpp.processEntitySyncResponse.1492)
20240129-084557.236: t=6d03: Info: ES::cosylib: Cosylib GetResourcesWithUnsyncedLocalChanges Count: 0 (EntityClientImpl.cpp.handleGetResourcesWithUnsyncedLocalChanges.1445)
20240129-084557.236: t=6d03: Info: ES::cosylib: Dispatch callback for : entitysync.out.response.resource.getresourceswithunsyncedlocalchanges (EntityClientImpl.cpp.processEntitySyncResponse.1580)
20240129-084601.604: t=5903: Info: ES::cosylib: EntityClientImpl::getResourcesWithUnsyncedLocalChanges :  (EntityClientImpl.cpp.getResourcesWithUnsyncedLocalChanges.790)
20240129-084601.604: t=5903: Info: ES::cosylib: RequestHandle : b25d8122-d48d-4d80-8ed5-72a0bb6f3e8a (EntityClientImpl.cpp.getResourcesWithUnsyncedLocalChanges.809)
20240129-084601.606: t=6d03: Info: ES::cosylib: messageType :entitysync.out.response.resource.getresourceswithunsyncedlocalchanges responseJSON :{"responses":[{"responseType":0,"statusCode":200,"payload":{"code":"","message":"","collectionId":"","resourceId":""}}]} (EntityClientImpl.cpp.processEntitySyncResponse.1492)
20240129-084601.606: t=6d03: Info: ES::cosylib: Cosylib GetResourcesWithUnsyncedLocalChanges Count: 0 (EntityClientImpl.cpp.handleGetResourcesWithUnsyncedLocalChanges.1445)
20240129-084601.606: t=6d03: Info: ES::cosylib: Dispatch callback for : entitysync.out.response.resource.getresourceswithunsyncedlocalchanges (EntityClientImpl.cpp.processEntitySyncResponse.1580)
20240129-084631.474: t=5903: Info: ES::cosylib: EntityClientImpl::getResourcesWithUnsyncedLocalChanges :  (EntityClientImpl.cpp.getResourcesWithUnsyncedLocalChanges.790)
20240129-084631.475: t=5903: Info: ES::cosylib: RequestHandle : 44c0efe2-25bb-406c-9cc2-2d4f9e5b3132 (EntityClientImpl.cpp.getResourcesWithUnsyncedLocalChanges.809)
20240129-084631.478: t=6d03: Info: ES::cosylib: messageType :entitysync.out.response.resource.getresourceswithunsyncedlocalchanges responseJSON :{"responses":[{"responseType":0,"statusCode":200,"payload":{"code":"","message":"","collectionId":"","resourceId":""}}]} (EntityClientImpl.cpp.processEntitySyncResponse.1492)
20240129-084631.478: t=6d03: Info: ES::cosylib: Cosylib GetResourcesWithUnsyncedLocalChanges Count: 0 (EntityClientImpl.cpp.handleGetResourcesWithUnsyncedLocalChanges.1445)
20240129-084631.478: t=6d03: Info: ES::cosylib: Dispatch callback for : entitysync.out.response.resource.getresourceswithunsyncedlocalchanges (EntityClientImpl.cpp.processEntitySyncResponse.1580)
20240129-092103.300: t=5903: Info: ES::cosylib: EntityClientImpl::getResourcesWithUnsyncedLocalChanges :  (EntityClientImpl.cpp.getResourcesWithUnsyncedLocalChanges.790)
20240129-092103.303: t=5903: Info: ES::cosylib: RequestHandle : e8aa21c7-18b4-4581-b55c-9808a2581cca (EntityClientImpl.cpp.getResourcesWithUnsyncedLocalChanges.809)
20240129-092103.307: t=6d03: Info: ES::cosylib: messageType :entitysync.out.response.resource.getresourceswithunsyncedlocalchanges responseJSON :{"responses":[{"responseType":0,"statusCode":200,"payload":{"code":"","message":"","collectionId":"","resourceId":""}}]} (EntityClientImpl.cpp.processEntitySyncResponse.1492)
20240129-092103.307: t=6d03: Info: ES::cosylib: Cosylib GetResourcesWithUnsyncedLocalChanges Count: 0 (EntityClientImpl.cpp.handleGetResourcesWithUnsyncedLocalChanges.1445)
20240129-092103.307: t=6d03: Info: ES::cosylib: Dispatch callback for : entitysync.out.response.resource.getresourceswithunsyncedlocalchanges (EntityClientImpl.cpp.processEntitySyncResponse.1580)
20240129-093716.311: t=5903: Info: ES::cosylib: EntityClientImpl::getResourcesWithUnsyncedLocalChanges :  (EntityClientImpl.cpp.getResourcesWithUnsyncedLocalChanges.790)
20240129-093716.313: t=5903: Info: ES::cosylib: RequestHandle : 68bce935-89f9-418e-8690-0857ac4aa011 (EntityClientImpl.cpp.getResourcesWithUnsyncedLocalChanges.809)
20240129-093716.316: t=6d03: Info: ES::cosylib: messageType :entitysync.out.response.resource.getresourceswithunsyncedlocalchanges responseJSON :{"responses":[{"responseType":0,"statusCode":200,"payload":{"code":"","message":"","collectionId":"","resourceId":""}}]} (EntityClientImpl.cpp.processEntitySyncResponse.1492)
20240129-093716.316: t=6d03: Info: ES::cosylib: Cosylib GetResourcesWithUnsyncedLocalChanges Count: 0 (EntityClientImpl.cpp.handleGetResourcesWithUnsyncedLocalChanges.1445)
20240129-093716.316: t=6d03: Info: ES::cosylib: Dispatch callback for : entitysync.out.response.resource.getresourceswithunsyncedlocalchanges (EntityClientImpl.cpp.processEntitySyncResponse.1580)
20240129-101752.265: t=5903: Info: ES::cosylib: EntityClientImpl::getResourcesWithUnsyncedLocalChanges :  (EntityClientImpl.cpp.getResourcesWithUnsyncedLocalChanges.790)
20240129-101752.268: t=5903: Info: ES::cosylib: RequestHandle : 7666d920-3bf7-4833-9c7f-a29e8e6b4a89 (EntityClientImpl.cpp.getResourcesWithUnsyncedLocalChanges.809)
20240129-101752.272: t=6d03: Info: ES::cosylib: messageType :entitysync.out.response.resource.getresourceswithunsyncedlocalchanges responseJSON :{"responses":[{"responseType":0,"statusCode":200,"payload":{"code":"","message":"","collectionId":"","resourceId":""}}]} (EntityClientImpl.cpp.processEntitySyncResponse.1492)
20240129-101752.272: t=6d03: Info: ES::cosylib: Cosylib GetResourcesWithUnsyncedLocalChanges Count: 0 (EntityClientImpl.cpp.handleGetResourcesWithUnsyncedLocalChanges.1445)
20240129-101752.272: t=6d03: Info: ES::cosylib: Dispatch callback for : entitysync.out.response.resource.getresourceswithunsyncedlocalchanges (EntityClientImpl.cpp.processEntitySyncResponse.1580)
20240129-162425.357: t=5903: Info: ES::cosylib: EntityClientImpl::getResourcesWithUnsyncedLocalChanges :  (EntityClientImpl.cpp.getResourcesWithUnsyncedLocalChanges.790)
20240129-162425.358: t=5903: Info: ES::cosylib: RequestHandle : 57e68789-10a0-423c-a5dd-b0f17eb47def (EntityClientImpl.cpp.getResourcesWithUnsyncedLocalChanges.809)
20240129-162425.360: t=6d03: Info: ES::cosylib: messageType :entitysync.out.response.resource.getresourceswithunsyncedlocalchanges responseJSON :{"responses":[{"responseType":0,"statusCode":200,"payload":{"code":"","message":"","collectionId":"","resourceId":""}}]} (EntityClientImpl.cpp.processEntitySyncResponse.1492)
20240129-162425.360: t=6d03: Info: ES::cosylib: Cosylib GetResourcesWithUnsyncedLocalChanges Count: 0 (EntityClientImpl.cpp.handleGetResourcesWithUnsyncedLocalChanges.1445)
20240129-162425.360: t=6d03: Info: ES::cosylib: Dispatch callback for : entitysync.out.response.resource.getresourceswithunsyncedlocalchanges (EntityClientImpl.cpp.processEntitySyncResponse.1580)
20240129-162426.654: t=5903: Info: ES::cosylib: EntityClientImpl::getResourcesWithUnsyncedLocalChanges :  (EntityClientImpl.cpp.getResourcesWithUnsyncedLocalChanges.790)
20240129-162426.656: t=5903: Info: ES::cosylib: RequestHandle : a59f9170-7e95-4cec-aab2-94c9ec45e280 (EntityClientImpl.cpp.getResourcesWithUnsyncedLocalChanges.809)
20240129-162426.659: t=6d03: Info: ES::cosylib: messageType :entitysync.out.response.resource.getresourceswithunsyncedlocalchanges responseJSON :{"responses":[{"responseType":0,"statusCode":200,"payload":{"code":"","message":"","collectionId":"","resourceId":""}}]} (EntityClientImpl.cpp.processEntitySyncResponse.1492)
20240129-162426.659: t=6d03: Info: ES::cosylib: Cosylib GetResourcesWithUnsyncedLocalChanges Count: 0 (EntityClientImpl.cpp.handleGetResourcesWithUnsyncedLocalChanges.1445)
20240129-162426.659: t=6d03: Info: ES::cosylib: Dispatch callback for : entitysync.out.response.resource.getresourceswithunsyncedlocalchanges (EntityClientImpl.cpp.processEntitySyncResponse.1580)
20240129-162509.900: t=5903: Info: ES::cosylib: EntityClientImpl::getResourcesWithUnsyncedLocalChanges :  (EntityClientImpl.cpp.getResourcesWithUnsyncedLocalChanges.790)
20240129-162509.903: t=5903: Info: ES::cosylib: RequestHandle : f21a3625-6fab-4cc9-a293-37573ae65151 (EntityClientImpl.cpp.getResourcesWithUnsyncedLocalChanges.809)
20240129-162509.907: t=6d03: Info: ES::cosylib: messageType :entitysync.out.response.resource.getresourceswithunsyncedlocalchanges responseJSON :{"responses":[{"responseType":0,"statusCode":200,"payload":{"code":"","message":"","collectionId":"","resourceId":""}}]} (EntityClientImpl.cpp.processEntitySyncResponse.1492)
20240129-162509.907: t=6d03: Info: ES::cosylib: Cosylib GetResourcesWithUnsyncedLocalChanges Count: 0 (EntityClientImpl.cpp.handleGetResourcesWithUnsyncedLocalChanges.1445)
20240129-162509.907: t=6d03: Info: ES::cosylib: Dispatch callback for : entitysync.out.response.resource.getresourceswithunsyncedlocalchanges (EntityClientImpl.cpp.processEntitySyncResponse.1580)
20240129-162537.398: t=5903: Info: ES::cosylib: EntityClientImpl::getResourcesWithUnsyncedLocalChanges :  (EntityClientImpl.cpp.getResourcesWithUnsyncedLocalChanges.790)
20240129-162537.401: t=5903: Info: ES::cosylib: RequestHandle : e55f2d98-55ea-4244-bc8f-ee7f5d4c7c41 (EntityClientImpl.cpp.getResourcesWithUnsyncedLocalChanges.809)
20240129-162537.404: t=6d03: Info: ES::cosylib: messageType :entitysync.out.response.resource.getresourceswithunsyncedlocalchanges responseJSON :{"responses":[{"responseType":0,"statusCode":200,"payload":{"code":"","message":"","collectionId":"","resourceId":""}}]} (EntityClientImpl.cpp.processEntitySyncResponse.1492)
20240129-162537.404: t=6d03: Info: ES::cosylib: Cosylib GetResourcesWithUnsyncedLocalChanges Count: 0 (EntityClientImpl.cpp.handleGetResourcesWithUnsyncedLocalChanges.1445)
20240129-162537.404: t=6d03: Info: ES::cosylib: Dispatch callback for : entitysync.out.response.resource.getresourceswithunsyncedlocalchanges (EntityClientImpl.cpp.processEntitySyncResponse.1580)
20240129-162548.427: t=5903: Info: ES::cosylib: EntityClientImpl::getResourcesWithUnsyncedLocalChanges :  (EntityClientImpl.cpp.getResourcesWithUnsyncedLocalChanges.790)
20240129-162548.429: t=5903: Info: ES::cosylib: RequestHandle : 39b9949d-fd86-4003-b1d9-8b8b13e483d9 (EntityClientImpl.cpp.getResourcesWithUnsyncedLocalChanges.809)
20240129-162548.432: t=6d03: Info: ES::cosylib: messageType :entitysync.out.response.resource.getresourceswithunsyncedlocalchanges responseJSON :{"responses":[{"responseType":0,"statusCode":200,"payload":{"code":"","message":"","collectionId":"","resourceId":""}}]} (EntityClientImpl.cpp.processEntitySyncResponse.1492)
20240129-162548.432: t=6d03: Info: ES::cosylib: Cosylib GetResourcesWithUnsyncedLocalChanges Count: 0 (EntityClientImpl.cpp.handleGetResourcesWithUnsyncedLocalChanges.1445)
20240129-162548.432: t=6d03: Info: ES::cosylib: Dispatch callback for : entitysync.out.response.resource.getresourceswithunsyncedlocalchanges (EntityClientImpl.cpp.processEntitySyncResponse.1580)
20240129-164328.527: t=5903: Info: ES::cosylib: EntityClientImpl::getResourcesWithUnsyncedLocalChanges :  (EntityClientImpl.cpp.getResourcesWithUnsyncedLocalChanges.790)
20240129-164328.529: t=5903: Info: ES::cosylib: RequestHandle : 5556e4d8-1e48-4ec5-9e27-0f51838f6cfa (EntityClientImpl.cpp.getResourcesWithUnsyncedLocalChanges.809)
20240129-164328.532: t=6d03: Info: ES::cosylib: messageType :entitysync.out.response.resource.getresourceswithunsyncedlocalchanges responseJSON :{"responses":[{"responseType":0,"statusCode":200,"payload":{"code":"","message":"","collectionId":"","resourceId":""}}]} (EntityClientImpl.cpp.processEntitySyncResponse.1492)
20240129-164328.532: t=6d03: Info: ES::cosylib: Cosylib GetResourcesWithUnsyncedLocalChanges Count: 0 (EntityClientImpl.cpp.handleGetResourcesWithUnsyncedLocalChanges.1445)
20240129-164328.532: t=6d03: Info: ES::cosylib: Dispatch callback for : entitysync.out.response.resource.getresourceswithunsyncedlocalchanges (EntityClientImpl.cpp.processEntitySyncResponse.1580)
20240129-182006.915: t=5903: Info: ES::cosylib: EntityClientImpl::getResourcesWithUnsyncedLocalChanges :  (EntityClientImpl.cpp.getResourcesWithUnsyncedLocalChanges.790)
20240129-182006.917: t=5903: Info: ES::cosylib: RequestHandle : 6abde97c-7abf-4f81-af0c-654fdcc5ce69 (EntityClientImpl.cpp.getResourcesWithUnsyncedLocalChanges.809)
20240129-182006.920: t=6d03: Info: ES::cosylib: messageType :entitysync.out.response.resource.getresourceswithunsyncedlocalchanges responseJSON :{"responses":[{"responseType":0,"statusCode":200,"payload":{"code":"","message":"","collectionId":"","resourceId":""}}]} (EntityClientImpl.cpp.processEntitySyncResponse.1492)
20240129-182006.920: t=6d03: Info: ES::cosylib: Cosylib GetResourcesWithUnsyncedLocalChanges Count: 0 (EntityClientImpl.cpp.handleGetResourcesWithUnsyncedLocalChanges.1445)
20240129-182006.920: t=6d03: Info: ES::cosylib: Dispatch callback for : entitysync.out.response.resource.getresourceswithunsyncedlocalchanges (EntityClientImpl.cpp.processEntitySyncResponse.1580)
20240129-182010.866: t=5903: Info: ES::cosylib: EntityClientImpl::getResourcesWithUnsyncedLocalChanges :  (EntityClientImpl.cpp.getResourcesWithUnsyncedLocalChanges.790)
20240129-182010.868: t=5903: Info: ES::cosylib: RequestHandle : bb593241-179b-432d-bdf1-c66bb2629c87 (EntityClientImpl.cpp.getResourcesWithUnsyncedLocalChanges.809)
20240129-182010.876: t=6d03: Info: ES::cosylib: messageType :entitysync.out.response.resource.getresourceswithunsyncedlocalchanges responseJSON :{"responses":[{"responseType":0,"statusCode":200,"payload":{"code":"","message":"","collectionId":"","resourceId":""}}]} (EntityClientImpl.cpp.processEntitySyncResponse.1492)
20240129-182010.876: t=6d03: Info: ES::cosylib: Cosylib GetResourcesWithUnsyncedLocalChanges Count: 0 (EntityClientImpl.cpp.handleGetResourcesWithUnsyncedLocalChanges.1445)
20240129-182010.876: t=6d03: Info: ES::cosylib: Dispatch callback for : entitysync.out.response.resource.getresourceswithunsyncedlocalchanges (EntityClientImpl.cpp.processEntitySyncResponse.1580)
20240129-182037.947: t=5903: Info: ES::cosylib: EntityClientImpl::getResourcesWithUnsyncedLocalChanges :  (EntityClientImpl.cpp.getResourcesWithUnsyncedLocalChanges.790)
20240129-182037.949: t=5903: Info: ES::cosylib: RequestHandle : d04812cd-0188-4775-8452-9d9897efb776 (EntityClientImpl.cpp.getResourcesWithUnsyncedLocalChanges.809)
20240129-182037.952: t=6d03: Info: ES::cosylib: messageType :entitysync.out.response.resource.getresourceswithunsyncedlocalchanges responseJSON :{"responses":[{"responseType":0,"statusCode":200,"payload":{"code":"","message":"","collectionId":"","resourceId":""}}]} (EntityClientImpl.cpp.processEntitySyncResponse.1492)
20240129-182037.952: t=6d03: Info: ES::cosylib: Cosylib GetResourcesWithUnsyncedLocalChanges Count: 0 (EntityClientImpl.cpp.handleGetResourcesWithUnsyncedLocalChanges.1445)
20240129-182037.952: t=6d03: Info: ES::cosylib: Dispatch callback for : entitysync.out.response.resource.getresourceswithunsyncedlocalchanges (EntityClientImpl.cpp.processEntitySyncResponse.1580)
20240129-182047.777: t=5903: Info: ES::cosylib: EntityClientImpl::getResourcesWithUnsyncedLocalChanges :  (EntityClientImpl.cpp.getResourcesWithUnsyncedLocalChanges.790)
20240129-182047.778: t=5903: Info: ES::cosylib: RequestHandle : 3ed448ac-6963-4f59-9257-9e9ab77b326a (EntityClientImpl.cpp.getResourcesWithUnsyncedLocalChanges.809)
20240129-182047.781: t=6d03: Info: ES::cosylib: messageType :entitysync.out.response.resource.getresourceswithunsyncedlocalchanges responseJSON :{"responses":[{"responseType":0,"statusCode":200,"payload":{"code":"","message":"","collectionId":"","resourceId":""}}]} (EntityClientImpl.cpp.processEntitySyncResponse.1492)
20240129-182047.781: t=6d03: Info: ES::cosylib: Cosylib GetResourcesWithUnsyncedLocalChanges Count: 0 (EntityClientImpl.cpp.handleGetResourcesWithUnsyncedLocalChanges.1445)
20240129-182047.781: t=6d03: Info: ES::cosylib: Dispatch callback for : entitysync.out.response.resource.getresourceswithunsyncedlocalchanges (EntityClientImpl.cpp.processEntitySyncResponse.1580)
20240129-182152.745: t=5903: Info: ES::cosylib: EntityClientImpl::getResourcesWithUnsyncedLocalChanges :  (EntityClientImpl.cpp.getResourcesWithUnsyncedLocalChanges.790)
20240129-182152.747: t=5903: Info: ES::cosylib: RequestHandle : ec7c5742-7ece-401d-a5b8-3bf43447f9d1 (EntityClientImpl.cpp.getResourcesWithUnsyncedLocalChanges.809)
20240129-182152.750: t=6d03: Info: ES::cosylib: messageType :entitysync.out.response.resource.getresourceswithunsyncedlocalchanges responseJSON :{"responses":[{"responseType":0,"statusCode":200,"payload":{"code":"","message":"","collectionId":"","resourceId":""}}]} (EntityClientImpl.cpp.processEntitySyncResponse.1492)
20240129-182152.750: t=6d03: Info: ES::cosylib: Cosylib GetResourcesWithUnsyncedLocalChanges Count: 0 (EntityClientImpl.cpp.handleGetResourcesWithUnsyncedLocalChanges.1445)
20240129-182152.750: t=6d03: Info: ES::cosylib: Dispatch callback for : entitysync.out.response.resource.getresourceswithunsyncedlocalchanges (EntityClientImpl.cpp.processEntitySyncResponse.1580)
20240129-182347.305: t=5903: Info: ES::cosylib: EntityClientImpl::getResourcesWithUnsyncedLocalChanges :  (EntityClientImpl.cpp.getResourcesWithUnsyncedLocalChanges.790)
20240129-182347.308: t=5903: Info: ES::cosylib: RequestHandle : 76955ce7-daf1-437c-94da-dd09aa22e2fc (EntityClientImpl.cpp.getResourcesWithUnsyncedLocalChanges.809)
20240129-182347.312: t=6d03: Info: ES::cosylib: messageType :entitysync.out.response.resource.getresourceswithunsyncedlocalchanges responseJSON :{"responses":[{"responseType":0,"statusCode":200,"payload":{"code":"","message":"","collectionId":"","resourceId":""}}]} (EntityClientImpl.cpp.processEntitySyncResponse.1492)
20240129-182347.313: t=6d03: Info: ES::cosylib: Cosylib GetResourcesWithUnsyncedLocalChanges Count: 0 (EntityClientImpl.cpp.handleGetResourcesWithUnsyncedLocalChanges.1445)
20240129-182347.313: t=6d03: Info: ES::cosylib: Dispatch callback for : entitysync.out.response.resource.getresourceswithunsyncedlocalchanges (EntityClientImpl.cpp.processEntitySyncResponse.1580)
20240129-182403.221: t=5903: Info: ES::cosylib: EntityClientImpl::getResourcesWithUnsyncedLocalChanges :  (EntityClientImpl.cpp.getResourcesWithUnsyncedLocalChanges.790)
20240129-182403.223: t=5903: Info: ES::cosylib: RequestHandle : ac615a91-eddb-4735-9a37-d49476e3d628 (EntityClientImpl.cpp.getResourcesWithUnsyncedLocalChanges.809)
20240129-182403.226: t=6d03: Info: ES::cosylib: messageType :entitysync.out.response.resource.getresourceswithunsyncedlocalchanges responseJSON :{"responses":[{"responseType":0,"statusCode":200,"payload":{"code":"","message":"","collectionId":"","resourceId":""}}]} (EntityClientImpl.cpp.processEntitySyncResponse.1492)
20240129-182403.226: t=6d03: Info: ES::cosylib: Cosylib GetResourcesWithUnsyncedLocalChanges Count: 0 (EntityClientImpl.cpp.handleGetResourcesWithUnsyncedLocalChanges.1445)
20240129-182403.226: t=6d03: Info: ES::cosylib: Dispatch callback for : entitysync.out.response.resource.getresourceswithunsyncedlocalchanges (EntityClientImpl.cpp.processEntitySyncResponse.1580)
20240129-185642.590: t=5903: Info: ES::cosylib: EntityClientImpl::getResourcesWithUnsyncedLocalChanges :  (EntityClientImpl.cpp.getResourcesWithUnsyncedLocalChanges.790)
20240129-185642.592: t=5903: Info: ES::cosylib: RequestHandle : 5d1123be-b2c7-467c-92fc-277e6fa72dc3 (EntityClientImpl.cpp.getResourcesWithUnsyncedLocalChanges.809)
20240129-185642.594: t=6d03: Info: ES::cosylib: messageType :entitysync.out.response.resource.getresourceswithunsyncedlocalchanges responseJSON :{"responses":[{"responseType":0,"statusCode":200,"payload":{"code":"","message":"","collectionId":"","resourceId":""}}]} (EntityClientImpl.cpp.processEntitySyncResponse.1492)
20240129-185642.595: t=6d03: Info: ES::cosylib: Cosylib GetResourcesWithUnsyncedLocalChanges Count: 0 (EntityClientImpl.cpp.handleGetResourcesWithUnsyncedLocalChanges.1445)
20240129-185642.595: t=6d03: Info: ES::cosylib: Dispatch callback for : entitysync.out.response.resource.getresourceswithunsyncedlocalchanges (EntityClientImpl.cpp.processEntitySyncResponse.1580)
