20240126-121047.895: t=6403: Info: app: Begin Starting up (AppController.cpp.startHandler.305)
20240126-121047.895: t=6403: Info: app: End Starting up (AppController.cpp.startHandler.305)
20240126-121047.895: t=0103: Info: AppShell: End start (AppShell.cpp.startup.173)
20240126-121047.895: t=0103: Info: Cosylib: getContext	 baseUrl: https://comments.adobe.io/sync/ (CosyLibImpl.h.getContext.181)
20240126-121047.895: t=0103: Info: Cosylib: getContext	 baseUrl: https://comments.adobe.io/sync/ (CosyLibImpl.h.getContext.181)
20240126-121047.895: t=0103: Info: Cosylib: getEntityClient (CosyLibImpl.h.getEntityClient.166)
20240126-121047.899: t=0103: Info: ES::cosylib: EntityClientImpl::getRegisteredLoginInfo :  (EntityClientImpl.cpp.getRegisteredLoginInfo.944)
20240126-121047.900: t=0103: Info: ES::cosylib: RequestHandle : 3b331937-daa2-4973-987a-cc6d371d69ab (EntityClientImpl.cpp.getRegisteredLoginInfo.962)
20240126-121047.900: t=6d03: Info: ES::cosylib: messageType :entitysync.out.response.get.register.login.info responseJSON : (EntityClientImpl.cpp.processEntitySyncResponse.1492)
20240126-121047.900: t=6d03: Info: ES::cosylib: Dispatch callback for : entitysync.out.response.get.register.login.info (EntityClientImpl.cpp.processEntitySyncResponse.1580)
20240126-121047.901: t=0103: Info: ES::cosylib: EntityClientImpl::registerLoginInfo :  (EntityClientImpl.cpp.registerLoginInfo.866)
20240126-121047.901: t=0103: Info: ES::cosylib: RequestHandle : 1b31b76b-724e-48fb-aaa5-379c65dbeeaf (EntityClientImpl.cpp.registerLoginInfo.902)
20240126-121047.904: t=6d03: Info: ES::esprovider: DB initialized (EntityStoreController.cpp.registerLoginInfoHandler.969)
20240126-121047.906: t=6d03: Info: ES::cosylib: messageType :entitysync.out.response.register.login.info responseJSON : (EntityClientImpl.cpp.processEntitySyncResponse.1492)
20240126-121047.906: t=6d03: Info: ES::cosylib: Dispatch callback for : entitysync.out.response.register.login.info (EntityClientImpl.cpp.processEntitySyncResponse.1580)
20240126-121353.056: t=5903: Info: ES::cosylib: EntityClientImpl::getResourcesWithUnsyncedLocalChanges :  (EntityClientImpl.cpp.getResourcesWithUnsyncedLocalChanges.790)
20240126-121353.058: t=5903: Info: ES::cosylib: RequestHandle : 6ba277a2-2189-4cd5-9044-f04979ab545c (EntityClientImpl.cpp.getResourcesWithUnsyncedLocalChanges.809)
20240126-121353.063: t=6d03: Info: ES::cosylib: messageType :entitysync.out.response.resource.getresourceswithunsyncedlocalchanges responseJSON :{"responses":[{"responseType":0,"statusCode":200,"payload":{"code":"","message":"","collectionId":"","resourceId":""}}]} (EntityClientImpl.cpp.processEntitySyncResponse.1492)
20240126-121353.063: t=6d03: Info: ES::cosylib: Cosylib GetResourcesWithUnsyncedLocalChanges Count: 0 (EntityClientImpl.cpp.handleGetResourcesWithUnsyncedLocalChanges.1445)
20240126-121353.063: t=6d03: Info: ES::cosylib: Dispatch callback for : entitysync.out.response.resource.getresourceswithunsyncedlocalchanges (EntityClientImpl.cpp.processEntitySyncResponse.1580)
20240126-121355.946: t=5903: Info: ES::cosylib: EntityClientImpl::getResourcesWithUnsyncedLocalChanges :  (EntityClientImpl.cpp.getResourcesWithUnsyncedLocalChanges.790)
20240126-121355.948: t=5903: Info: ES::cosylib: RequestHandle : aa457303-2713-4ea3-877d-8961957acc54 (EntityClientImpl.cpp.getResourcesWithUnsyncedLocalChanges.809)
20240126-121355.952: t=6d03: Info: ES::cosylib: messageType :entitysync.out.response.resource.getresourceswithunsyncedlocalchanges responseJSON :{"responses":[{"responseType":0,"statusCode":200,"payload":{"code":"","message":"","collectionId":"","resourceId":""}}]} (EntityClientImpl.cpp.processEntitySyncResponse.1492)
20240126-121355.952: t=6d03: Info: ES::cosylib: Cosylib GetResourcesWithUnsyncedLocalChanges Count: 0 (EntityClientImpl.cpp.handleGetResourcesWithUnsyncedLocalChanges.1445)
20240126-121355.952: t=6d03: Info: ES::cosylib: Dispatch callback for : entitysync.out.response.resource.getresourceswithunsyncedlocalchanges (EntityClientImpl.cpp.processEntitySyncResponse.1580)
20240126-124102.807: t=5903: Info: ES::cosylib: EntityClientImpl::getResourcesWithUnsyncedLocalChanges :  (EntityClientImpl.cpp.getResourcesWithUnsyncedLocalChanges.790)
20240126-124102.809: t=5903: Info: ES::cosylib: RequestHandle : 1c2741bc-4a13-4923-90f8-27086dfa1164 (EntityClientImpl.cpp.getResourcesWithUnsyncedLocalChanges.809)
20240126-124102.812: t=6d03: Info: ES::cosylib: messageType :entitysync.out.response.resource.getresourceswithunsyncedlocalchanges responseJSON :{"responses":[{"responseType":0,"statusCode":200,"payload":{"code":"","message":"","collectionId":"","resourceId":""}}]} (EntityClientImpl.cpp.processEntitySyncResponse.1492)
20240126-124102.812: t=6d03: Info: ES::cosylib: Cosylib GetResourcesWithUnsyncedLocalChanges Count: 0 (EntityClientImpl.cpp.handleGetResourcesWithUnsyncedLocalChanges.1445)
20240126-124102.812: t=6d03: Info: ES::cosylib: Dispatch callback for : entitysync.out.response.resource.getresourceswithunsyncedlocalchanges (EntityClientImpl.cpp.processEntitySyncResponse.1580)
20240126-124104.431: t=5903: Info: ES::cosylib: EntityClientImpl::getResourcesWithUnsyncedLocalChanges :  (EntityClientImpl.cpp.getResourcesWithUnsyncedLocalChanges.790)
20240126-124104.433: t=5903: Info: ES::cosylib: RequestHandle : d87a2f0e-655c-4db0-9ed6-f1a2e873207d (EntityClientImpl.cpp.getResourcesWithUnsyncedLocalChanges.809)
20240126-124104.435: t=6d03: Info: ES::cosylib: messageType :entitysync.out.response.resource.getresourceswithunsyncedlocalchanges responseJSON :{"responses":[{"responseType":0,"statusCode":200,"payload":{"code":"","message":"","collectionId":"","resourceId":""}}]} (EntityClientImpl.cpp.processEntitySyncResponse.1492)
20240126-124104.435: t=6d03: Info: ES::cosylib: Cosylib GetResourcesWithUnsyncedLocalChanges Count: 0 (EntityClientImpl.cpp.handleGetResourcesWithUnsyncedLocalChanges.1445)
20240126-124104.435: t=6d03: Info: ES::cosylib: Dispatch callback for : entitysync.out.response.resource.getresourceswithunsyncedlocalchanges (EntityClientImpl.cpp.processEntitySyncResponse.1580)
20240126-124124.932: t=5903: Info: ES::cosylib: EntityClientImpl::getResourcesWithUnsyncedLocalChanges :  (EntityClientImpl.cpp.getResourcesWithUnsyncedLocalChanges.790)
20240126-124124.933: t=5903: Info: ES::cosylib: RequestHandle : 03c93d5d-975d-4072-a7ad-9a8afee9c12a (EntityClientImpl.cpp.getResourcesWithUnsyncedLocalChanges.809)
20240126-124124.935: t=6d03: Info: ES::cosylib: messageType :entitysync.out.response.resource.getresourceswithunsyncedlocalchanges responseJSON :{"responses":[{"responseType":0,"statusCode":200,"payload":{"code":"","message":"","collectionId":"","resourceId":""}}]} (EntityClientImpl.cpp.processEntitySyncResponse.1492)
20240126-124124.935: t=6d03: Info: ES::cosylib: Cosylib GetResourcesWithUnsyncedLocalChanges Count: 0 (EntityClientImpl.cpp.handleGetResourcesWithUnsyncedLocalChanges.1445)
20240126-124124.935: t=6d03: Info: ES::cosylib: Dispatch callback for : entitysync.out.response.resource.getresourceswithunsyncedlocalchanges (EntityClientImpl.cpp.processEntitySyncResponse.1580)
20240126-124129.328: t=5903: Info: ES::cosylib: EntityClientImpl::getResourcesWithUnsyncedLocalChanges :  (EntityClientImpl.cpp.getResourcesWithUnsyncedLocalChanges.790)
20240126-124129.330: t=5903: Info: ES::cosylib: RequestHandle : 6ab0bb30-0c97-4566-9c73-b12583100b69 (EntityClientImpl.cpp.getResourcesWithUnsyncedLocalChanges.809)
20240126-124129.334: t=6d03: Info: ES::cosylib: messageType :entitysync.out.response.resource.getresourceswithunsyncedlocalchanges responseJSON :{"responses":[{"responseType":0,"statusCode":200,"payload":{"code":"","message":"","collectionId":"","resourceId":""}}]} (EntityClientImpl.cpp.processEntitySyncResponse.1492)
20240126-124129.334: t=6d03: Info: ES::cosylib: Cosylib GetResourcesWithUnsyncedLocalChanges Count: 0 (EntityClientImpl.cpp.handleGetResourcesWithUnsyncedLocalChanges.1445)
20240126-124129.334: t=6d03: Info: ES::cosylib: Dispatch callback for : entitysync.out.response.resource.getresourceswithunsyncedlocalchanges (EntityClientImpl.cpp.processEntitySyncResponse.1580)
20240126-124245.401: t=5903: Info: ES::cosylib: EntityClientImpl::getResourcesWithUnsyncedLocalChanges :  (EntityClientImpl.cpp.getResourcesWithUnsyncedLocalChanges.790)
20240126-124245.402: t=5903: Info: ES::cosylib: RequestHandle : 090e3f37-3a6b-4c6a-88d6-e55123cb90ff (EntityClientImpl.cpp.getResourcesWithUnsyncedLocalChanges.809)
20240126-124245.404: t=6d03: Info: ES::cosylib: messageType :entitysync.out.response.resource.getresourceswithunsyncedlocalchanges responseJSON :{"responses":[{"responseType":0,"statusCode":200,"payload":{"code":"","message":"","collectionId":"","resourceId":""}}]} (EntityClientImpl.cpp.processEntitySyncResponse.1492)
20240126-124245.404: t=6d03: Info: ES::cosylib: Cosylib GetResourcesWithUnsyncedLocalChanges Count: 0 (EntityClientImpl.cpp.handleGetResourcesWithUnsyncedLocalChanges.1445)
20240126-124245.404: t=6d03: Info: ES::cosylib: Dispatch callback for : entitysync.out.response.resource.getresourceswithunsyncedlocalchanges (EntityClientImpl.cpp.processEntitySyncResponse.1580)
20240126-125109.627: t=5903: Info: ES::cosylib: EntityClientImpl::getResourcesWithUnsyncedLocalChanges :  (EntityClientImpl.cpp.getResourcesWithUnsyncedLocalChanges.790)
20240126-125109.628: t=5903: Info: ES::cosylib: RequestHandle : c897767a-a65d-4dbc-9d06-1e122c886079 (EntityClientImpl.cpp.getResourcesWithUnsyncedLocalChanges.809)
20240126-125109.630: t=6d03: Info: ES::cosylib: messageType :entitysync.out.response.resource.getresourceswithunsyncedlocalchanges responseJSON :{"responses":[{"responseType":0,"statusCode":200,"payload":{"code":"","message":"","collectionId":"","resourceId":""}}]} (EntityClientImpl.cpp.processEntitySyncResponse.1492)
20240126-125109.630: t=6d03: Info: ES::cosylib: Cosylib GetResourcesWithUnsyncedLocalChanges Count: 0 (EntityClientImpl.cpp.handleGetResourcesWithUnsyncedLocalChanges.1445)
20240126-125109.630: t=6d03: Info: ES::cosylib: Dispatch callback for : entitysync.out.response.resource.getresourceswithunsyncedlocalchanges (EntityClientImpl.cpp.processEntitySyncResponse.1580)
20240126-145503.532: t=5903: Info: ES::cosylib: EntityClientImpl::getResourcesWithUnsyncedLocalChanges :  (EntityClientImpl.cpp.getResourcesWithUnsyncedLocalChanges.790)
20240126-145503.540: t=5903: Info: ES::cosylib: RequestHandle : c1b7c087-3fc1-43e6-b0cd-a7ef0a4ceabf (EntityClientImpl.cpp.getResourcesWithUnsyncedLocalChanges.809)
20240126-145503.545: t=6d03: Info: ES::cosylib: messageType :entitysync.out.response.resource.getresourceswithunsyncedlocalchanges responseJSON :{"responses":[{"responseType":0,"statusCode":200,"payload":{"code":"","message":"","collectionId":"","resourceId":""}}]} (EntityClientImpl.cpp.processEntitySyncResponse.1492)
20240126-145503.545: t=6d03: Info: ES::cosylib: Cosylib GetResourcesWithUnsyncedLocalChanges Count: 0 (EntityClientImpl.cpp.handleGetResourcesWithUnsyncedLocalChanges.1445)
20240126-145503.545: t=6d03: Info: ES::cosylib: Dispatch callback for : entitysync.out.response.resource.getresourceswithunsyncedlocalchanges (EntityClientImpl.cpp.processEntitySyncResponse.1580)
20240126-145505.288: t=5903: Info: ES::cosylib: EntityClientImpl::getResourcesWithUnsyncedLocalChanges :  (EntityClientImpl.cpp.getResourcesWithUnsyncedLocalChanges.790)
20240126-145505.290: t=5903: Info: ES::cosylib: RequestHandle : 4d9e1efa-2d2c-49e3-86ae-57f9ea206c0a (EntityClientImpl.cpp.getResourcesWithUnsyncedLocalChanges.809)
20240126-145505.294: t=6d03: Info: ES::cosylib: messageType :entitysync.out.response.resource.getresourceswithunsyncedlocalchanges responseJSON :{"responses":[{"responseType":0,"statusCode":200,"payload":{"code":"","message":"","collectionId":"","resourceId":""}}]} (EntityClientImpl.cpp.processEntitySyncResponse.1492)
20240126-145505.294: t=6d03: Info: ES::cosylib: Cosylib GetResourcesWithUnsyncedLocalChanges Count: 0 (EntityClientImpl.cpp.handleGetResourcesWithUnsyncedLocalChanges.1445)
20240126-145505.295: t=6d03: Info: ES::cosylib: Dispatch callback for : entitysync.out.response.resource.getresourceswithunsyncedlocalchanges (EntityClientImpl.cpp.processEntitySyncResponse.1580)
20240126-145819.484: t=5903: Info: ES::cosylib: EntityClientImpl::getResourcesWithUnsyncedLocalChanges :  (EntityClientImpl.cpp.getResourcesWithUnsyncedLocalChanges.790)
20240126-145819.486: t=5903: Info: ES::cosylib: RequestHandle : ce7fabb3-6d87-4f8e-ac8e-05aef344aee8 (EntityClientImpl.cpp.getResourcesWithUnsyncedLocalChanges.809)
20240126-145819.490: t=6d03: Info: ES::cosylib: messageType :entitysync.out.response.resource.getresourceswithunsyncedlocalchanges responseJSON :{"responses":[{"responseType":0,"statusCode":200,"payload":{"code":"","message":"","collectionId":"","resourceId":""}}]} (EntityClientImpl.cpp.processEntitySyncResponse.1492)
20240126-145819.490: t=6d03: Info: ES::cosylib: Cosylib GetResourcesWithUnsyncedLocalChanges Count: 0 (EntityClientImpl.cpp.handleGetResourcesWithUnsyncedLocalChanges.1445)
20240126-145819.490: t=6d03: Info: ES::cosylib: Dispatch callback for : entitysync.out.response.resource.getresourceswithunsyncedlocalchanges (EntityClientImpl.cpp.processEntitySyncResponse.1580)
20240126-150524.166: t=5903: Info: ES::cosylib: EntityClientImpl::getResourcesWithUnsyncedLocalChanges :  (EntityClientImpl.cpp.getResourcesWithUnsyncedLocalChanges.790)
20240126-150524.168: t=5903: Info: ES::cosylib: RequestHandle : 02d63e76-5601-4972-8038-99686b60e9df (EntityClientImpl.cpp.getResourcesWithUnsyncedLocalChanges.809)
20240126-150524.171: t=6d03: Info: ES::cosylib: messageType :entitysync.out.response.resource.getresourceswithunsyncedlocalchanges responseJSON :{"responses":[{"responseType":0,"statusCode":200,"payload":{"code":"","message":"","collectionId":"","resourceId":""}}]} (EntityClientImpl.cpp.processEntitySyncResponse.1492)
20240126-150524.171: t=6d03: Info: ES::cosylib: Cosylib GetResourcesWithUnsyncedLocalChanges Count: 0 (EntityClientImpl.cpp.handleGetResourcesWithUnsyncedLocalChanges.1445)
20240126-150524.171: t=6d03: Info: ES::cosylib: Dispatch callback for : entitysync.out.response.resource.getresourceswithunsyncedlocalchanges (EntityClientImpl.cpp.processEntitySyncResponse.1580)
20240126-150538.097: t=5903: Info: ES::cosylib: EntityClientImpl::getResourcesWithUnsyncedLocalChanges :  (EntityClientImpl.cpp.getResourcesWithUnsyncedLocalChanges.790)
20240126-150538.099: t=5903: Info: ES::cosylib: RequestHandle : cbdaca6d-7501-4f7f-ab95-702d38e85ab9 (EntityClientImpl.cpp.getResourcesWithUnsyncedLocalChanges.809)
20240126-150538.102: t=6d03: Info: ES::cosylib: messageType :entitysync.out.response.resource.getresourceswithunsyncedlocalchanges responseJSON :{"responses":[{"responseType":0,"statusCode":200,"payload":{"code":"","message":"","collectionId":"","resourceId":""}}]} (EntityClientImpl.cpp.processEntitySyncResponse.1492)
20240126-150538.102: t=6d03: Info: ES::cosylib: Cosylib GetResourcesWithUnsyncedLocalChanges Count: 0 (EntityClientImpl.cpp.handleGetResourcesWithUnsyncedLocalChanges.1445)
20240126-150538.102: t=6d03: Info: ES::cosylib: Dispatch callback for : entitysync.out.response.resource.getresourceswithunsyncedlocalchanges (EntityClientImpl.cpp.processEntitySyncResponse.1580)
20240126-150541.969: t=5903: Info: ES::cosylib: EntityClientImpl::getResourcesWithUnsyncedLocalChanges :  (EntityClientImpl.cpp.getResourcesWithUnsyncedLocalChanges.790)
20240126-150541.971: t=5903: Info: ES::cosylib: RequestHandle : 2a79282d-009e-4202-93de-a092b539a22f (EntityClientImpl.cpp.getResourcesWithUnsyncedLocalChanges.809)
20240126-150541.974: t=6d03: Info: ES::cosylib: messageType :entitysync.out.response.resource.getresourceswithunsyncedlocalchanges responseJSON :{"responses":[{"responseType":0,"statusCode":200,"payload":{"code":"","message":"","collectionId":"","resourceId":""}}]} (EntityClientImpl.cpp.processEntitySyncResponse.1492)
20240126-150541.974: t=6d03: Info: ES::cosylib: Cosylib GetResourcesWithUnsyncedLocalChanges Count: 0 (EntityClientImpl.cpp.handleGetResourcesWithUnsyncedLocalChanges.1445)
20240126-150541.974: t=6d03: Info: ES::cosylib: Dispatch callback for : entitysync.out.response.resource.getresourceswithunsyncedlocalchanges (EntityClientImpl.cpp.processEntitySyncResponse.1580)
20240126-150611.827: t=5903: Info: ES::cosylib: EntityClientImpl::getResourcesWithUnsyncedLocalChanges :  (EntityClientImpl.cpp.getResourcesWithUnsyncedLocalChanges.790)
20240126-150611.829: t=5903: Info: ES::cosylib: RequestHandle : e8d83de9-15b7-43c0-a22a-42da591f01ea (EntityClientImpl.cpp.getResourcesWithUnsyncedLocalChanges.809)
20240126-150611.833: t=6d03: Info: ES::cosylib: messageType :entitysync.out.response.resource.getresourceswithunsyncedlocalchanges responseJSON :{"responses":[{"responseType":0,"statusCode":200,"payload":{"code":"","message":"","collectionId":"","resourceId":""}}]} (EntityClientImpl.cpp.processEntitySyncResponse.1492)
20240126-150611.833: t=6d03: Info: ES::cosylib: Cosylib GetResourcesWithUnsyncedLocalChanges Count: 0 (EntityClientImpl.cpp.handleGetResourcesWithUnsyncedLocalChanges.1445)
20240126-150611.833: t=6d03: Info: ES::cosylib: Dispatch callback for : entitysync.out.response.resource.getresourceswithunsyncedlocalchanges (EntityClientImpl.cpp.processEntitySyncResponse.1580)
20240126-150616.565: t=5903: Info: ES::cosylib: EntityClientImpl::getResourcesWithUnsyncedLocalChanges :  (EntityClientImpl.cpp.getResourcesWithUnsyncedLocalChanges.790)
20240126-150616.568: t=5903: Info: ES::cosylib: RequestHandle : dc87bc3a-7647-44cb-bca2-d82ebb230301 (EntityClientImpl.cpp.getResourcesWithUnsyncedLocalChanges.809)
20240126-150616.575: t=6d03: Info: ES::cosylib: messageType :entitysync.out.response.resource.getresourceswithunsyncedlocalchanges responseJSON :{"responses":[{"responseType":0,"statusCode":200,"payload":{"code":"","message":"","collectionId":"","resourceId":""}}]} (EntityClientImpl.cpp.processEntitySyncResponse.1492)
20240126-150616.575: t=6d03: Info: ES::cosylib: Cosylib GetResourcesWithUnsyncedLocalChanges Count: 0 (EntityClientImpl.cpp.handleGetResourcesWithUnsyncedLocalChanges.1445)
20240126-150616.575: t=6d03: Info: ES::cosylib: Dispatch callback for : entitysync.out.response.resource.getresourceswithunsyncedlocalchanges (EntityClientImpl.cpp.processEntitySyncResponse.1580)
20240126-150714.830: t=5903: Info: ES::cosylib: EntityClientImpl::getResourcesWithUnsyncedLocalChanges :  (EntityClientImpl.cpp.getResourcesWithUnsyncedLocalChanges.790)
20240126-150714.832: t=5903: Info: ES::cosylib: RequestHandle : e789d5b2-0bde-4789-aa55-6c596e586bb4 (EntityClientImpl.cpp.getResourcesWithUnsyncedLocalChanges.809)
20240126-150714.835: t=6d03: Info: ES::cosylib: messageType :entitysync.out.response.resource.getresourceswithunsyncedlocalchanges responseJSON :{"responses":[{"responseType":0,"statusCode":200,"payload":{"code":"","message":"","collectionId":"","resourceId":""}}]} (EntityClientImpl.cpp.processEntitySyncResponse.1492)
20240126-150714.835: t=6d03: Info: ES::cosylib: Cosylib GetResourcesWithUnsyncedLocalChanges Count: 0 (EntityClientImpl.cpp.handleGetResourcesWithUnsyncedLocalChanges.1445)
20240126-150714.835: t=6d03: Info: ES::cosylib: Dispatch callback for : entitysync.out.response.resource.getresourceswithunsyncedlocalchanges (EntityClientImpl.cpp.processEntitySyncResponse.1580)
20240126-150719.072: t=5903: Info: ES::cosylib: EntityClientImpl::getResourcesWithUnsyncedLocalChanges :  (EntityClientImpl.cpp.getResourcesWithUnsyncedLocalChanges.790)
20240126-150719.074: t=5903: Info: ES::cosylib: RequestHandle : dcd3ea0b-1526-422c-84c8-2c76165669b4 (EntityClientImpl.cpp.getResourcesWithUnsyncedLocalChanges.809)
20240126-150719.077: t=6d03: Info: ES::cosylib: messageType :entitysync.out.response.resource.getresourceswithunsyncedlocalchanges responseJSON :{"responses":[{"responseType":0,"statusCode":200,"payload":{"code":"","message":"","collectionId":"","resourceId":""}}]} (EntityClientImpl.cpp.processEntitySyncResponse.1492)
20240126-150719.077: t=6d03: Info: ES::cosylib: Cosylib GetResourcesWithUnsyncedLocalChanges Count: 0 (EntityClientImpl.cpp.handleGetResourcesWithUnsyncedLocalChanges.1445)
20240126-150719.077: t=6d03: Info: ES::cosylib: Dispatch callback for : entitysync.out.response.resource.getresourceswithunsyncedlocalchanges (EntityClientImpl.cpp.processEntitySyncResponse.1580)
