20240128-115632.163: t=a47b: Info: ES::cosylib: EntityClientImpl::getRegisteredLoginInfo :  (EntityClientImpl.cpp.getRegisteredLoginInfo.944)
20240128-115632.174: t=a47b: Info: ES::cosylib: RequestHandle : 7179a1a3-f6e7-46e4-a81d-7887bf414eac (EntityClientImpl.cpp.getRegisteredLoginInfo.962)
20240128-115632.177: t=6d03: Info: ES::cosylib: messageType :entitysync.out.response.get.register.login.info responseJSON : (EntityClientImpl.cpp.processEntitySyncResponse.1492)
20240128-115632.177: t=6d03: Info: ES::cosylib: Dispatch callback for : entitysync.out.response.get.register.login.info (EntityClientImpl.cpp.processEntitySyncResponse.1580)
20240128-115632.180: t=a47b: Info: ES::cosylib: EntityClientImpl::getResourcesWithUnsyncedLocalChanges :  (EntityClientImpl.cpp.getResourcesWithUnsyncedLocalChanges.790)
20240128-115632.181: t=a47b: Info: ES::cosylib: RequestHandle : f777b47c-7c1d-4577-9dd5-b604f91dbe19 (EntityClientImpl.cpp.getResourcesWithUnsyncedLocalChanges.809)
20240128-115632.183: t=6d03: Info: ES::cosylib: messageType :entitysync.out.response.resource.getresourceswithunsyncedlocalchanges responseJSON :{"responses":[{"responseType":0,"statusCode":200,"payload":{"code":"","message":"","collectionId":"","resourceId":""}}]} (EntityClientImpl.cpp.processEntitySyncResponse.1492)
20240128-115632.183: t=6d03: Info: ES::cosylib: Cosylib GetResourcesWithUnsyncedLocalChanges Count: 0 (EntityClientImpl.cpp.handleGetResourcesWithUnsyncedLocalChanges.1445)
20240128-115632.184: t=6d03: Info: ES::cosylib: Dispatch callback for : entitysync.out.response.resource.getresourceswithunsyncedlocalchanges (EntityClientImpl.cpp.processEntitySyncResponse.1580)
20240128-180921.811: t=5903: Info: ES::cosylib: EntityClientImpl::getResourcesWithUnsyncedLocalChanges :  (EntityClientImpl.cpp.getResourcesWithUnsyncedLocalChanges.790)
20240128-180921.821: t=5903: Info: ES::cosylib: RequestHandle : 199e5ab8-d84b-4e02-b304-2b6dd51a753f (EntityClientImpl.cpp.getResourcesWithUnsyncedLocalChanges.809)
20240128-180921.825: t=6d03: Info: ES::cosylib: messageType :entitysync.out.response.resource.getresourceswithunsyncedlocalchanges responseJSON :{"responses":[{"responseType":0,"statusCode":200,"payload":{"code":"","message":"","collectionId":"","resourceId":""}}]} (EntityClientImpl.cpp.processEntitySyncResponse.1492)
20240128-180921.825: t=6d03: Info: ES::cosylib: Cosylib GetResourcesWithUnsyncedLocalChanges Count: 0 (EntityClientImpl.cpp.handleGetResourcesWithUnsyncedLocalChanges.1445)
20240128-180921.825: t=6d03: Info: ES::cosylib: Dispatch callback for : entitysync.out.response.resource.getresourceswithunsyncedlocalchanges (EntityClientImpl.cpp.processEntitySyncResponse.1580)
20240128-180929.701: t=5903: Info: ES::cosylib: EntityClientImpl::getResourcesWithUnsyncedLocalChanges :  (EntityClientImpl.cpp.getResourcesWithUnsyncedLocalChanges.790)
20240128-180929.703: t=5903: Info: ES::cosylib: RequestHandle : 01a95448-7539-4581-83fd-9fb5d645a252 (EntityClientImpl.cpp.getResourcesWithUnsyncedLocalChanges.809)
20240128-180929.706: t=6d03: Info: ES::cosylib: messageType :entitysync.out.response.resource.getresourceswithunsyncedlocalchanges responseJSON :{"responses":[{"responseType":0,"statusCode":200,"payload":{"code":"","message":"","collectionId":"","resourceId":""}}]} (EntityClientImpl.cpp.processEntitySyncResponse.1492)
20240128-180929.706: t=6d03: Info: ES::cosylib: Cosylib GetResourcesWithUnsyncedLocalChanges Count: 0 (EntityClientImpl.cpp.handleGetResourcesWithUnsyncedLocalChanges.1445)
20240128-180929.706: t=6d03: Info: ES::cosylib: Dispatch callback for : entitysync.out.response.resource.getresourceswithunsyncedlocalchanges (EntityClientImpl.cpp.processEntitySyncResponse.1580)
20240128-193501.238: t=5903: Info: ES::cosylib: EntityClientImpl::getResourcesWithUnsyncedLocalChanges :  (EntityClientImpl.cpp.getResourcesWithUnsyncedLocalChanges.790)
20240128-193501.246: t=5903: Info: ES::cosylib: RequestHandle : 2aa058d6-dffb-4563-ab41-91af8042f7cc (EntityClientImpl.cpp.getResourcesWithUnsyncedLocalChanges.809)
20240128-193501.249: t=6d03: Info: ES::cosylib: messageType :entitysync.out.response.resource.getresourceswithunsyncedlocalchanges responseJSON :{"responses":[{"responseType":0,"statusCode":200,"payload":{"code":"","message":"","collectionId":"","resourceId":""}}]} (EntityClientImpl.cpp.processEntitySyncResponse.1492)
20240128-193501.249: t=6d03: Info: ES::cosylib: Cosylib GetResourcesWithUnsyncedLocalChanges Count: 0 (EntityClientImpl.cpp.handleGetResourcesWithUnsyncedLocalChanges.1445)
20240128-193501.249: t=6d03: Info: ES::cosylib: Dispatch callback for : entitysync.out.response.resource.getresourceswithunsyncedlocalchanges (EntityClientImpl.cpp.processEntitySyncResponse.1580)
20240128-201237.714: t=5903: Info: ES::cosylib: EntityClientImpl::getResourcesWithUnsyncedLocalChanges :  (EntityClientImpl.cpp.getResourcesWithUnsyncedLocalChanges.790)
20240128-201237.716: t=5903: Info: ES::cosylib: RequestHandle : e86d4d4c-429a-4731-9aca-0f3b4e34a803 (EntityClientImpl.cpp.getResourcesWithUnsyncedLocalChanges.809)
20240128-201237.720: t=6d03: Info: ES::cosylib: messageType :entitysync.out.response.resource.getresourceswithunsyncedlocalchanges responseJSON :{"responses":[{"responseType":0,"statusCode":200,"payload":{"code":"","message":"","collectionId":"","resourceId":""}}]} (EntityClientImpl.cpp.processEntitySyncResponse.1492)
20240128-201237.720: t=6d03: Info: ES::cosylib: Cosylib GetResourcesWithUnsyncedLocalChanges Count: 0 (EntityClientImpl.cpp.handleGetResourcesWithUnsyncedLocalChanges.1445)
20240128-201237.720: t=6d03: Info: ES::cosylib: Dispatch callback for : entitysync.out.response.resource.getresourceswithunsyncedlocalchanges (EntityClientImpl.cpp.processEntitySyncResponse.1580)
