%!Adobe-FontList 1.23
%Locale:0x409

%BeginFont
Handler:DirectoryHandler
FontType:CMap
CMapName:78-EUC-H
Registry:Adobe
Ordering:Japan1
OutlineFileName:/Applications/Adobe Photoshop 2023/Adobe Photoshop 2023.app/Contents/Required/typesupport/cmaps/78-EUC-H
FileLength:14796
FileModTime:696438524
%EndFont

%BeginFont
Handler:DirectoryHandler
FontType:CMap
CMapName:78-EUC-V
Registry:Adobe
Ordering:Japan1
UseCMap:78-EUC-H
OutlineFileName:/Applications/Adobe Photoshop 2023/Adobe Photoshop 2023.app/Contents/Required/typesupport/cmaps/78-EUC-V
FileLength:3222
FileModTime:696438524
%EndFont

%BeginFont
Handler:DirectoryHandler
FontType:CMap
CMapName:78-H
Registry:Adobe
Ordering:Japan1
OutlineFileName:/Applications/Adobe Photoshop 2023/Adobe Photoshop 2023.app/Contents/Required/typesupport/cmaps/78-H
FileLength:14673
FileModTime:696438524
%EndFont

%BeginFont
Handler:DirectoryHandler
FontType:CMap
CMapName:78-RKSJ-H
Registry:Adobe
Ordering:Japan1
OutlineFileName:/Applications/Adobe Photoshop 2023/Adobe Photoshop 2023.app/Contents/Required/typesupport/cmaps/78-RKSJ-H
FileLength:14827
FileModTime:696438524
%EndFont

%BeginFont
Handler:DirectoryHandler
FontType:CMap
CMapName:78-RKSJ-V
Registry:Adobe
Ordering:Japan1
UseCMap:78-RKSJ-H
OutlineFileName:/Applications/Adobe Photoshop 2023/Adobe Photoshop 2023.app/Contents/Required/typesupport/cmaps/78-RKSJ-V
FileLength:3228
FileModTime:696438524
%EndFont

%BeginFont
Handler:DirectoryHandler
FontType:CMap
CMapName:78-V
Registry:Adobe
Ordering:Japan1
UseCMap:78-H
OutlineFileName:/Applications/Adobe Photoshop 2023/Adobe Photoshop 2023.app/Contents/Required/typesupport/cmaps/78-V
FileLength:3198
FileModTime:696438524
%EndFont

%BeginFont
Handler:DirectoryHandler
FontType:CMap
CMapName:78ms-RKSJ-H
Registry:Adobe
Ordering:Japan1
OutlineFileName:/Applications/Adobe Photoshop 2023/Adobe Photoshop 2023.app/Contents/Required/typesupport/cmaps/78ms-RKSJ-H
FileLength:16500
FileModTime:696438524
%EndFont

%BeginFont
Handler:DirectoryHandler
FontType:CMap
CMapName:78ms-RKSJ-V
Registry:Adobe
Ordering:Japan1
UseCMap:78ms-RKSJ-H
OutlineFileName:/Applications/Adobe Photoshop 2023/Adobe Photoshop 2023.app/Contents/Required/typesupport/cmaps/78ms-RKSJ-V
FileLength:4209
FileModTime:696438524
%EndFont

%BeginFont
Handler:DirectoryHandler
FontType:CMap
CMapName:83pv-RKSJ-H
Registry:Adobe
Ordering:Japan1
OutlineFileName:/Applications/Adobe Photoshop 2023/Adobe Photoshop 2023.app/Contents/Required/typesupport/cmaps/83pv-RKSJ-H
FileLength:7080
FileModTime:696438524
%EndFont

%BeginFont
Handler:DirectoryHandler
FontType:CMap
CMapName:90ms-RKSJ-H
Registry:Adobe
Ordering:Japan1
OutlineFileName:/Applications/Adobe Photoshop 2023/Adobe Photoshop 2023.app/Contents/Required/typesupport/cmaps/90ms-RKSJ-H
FileLength:6070
FileModTime:696438524
%EndFont

%BeginFont
Handler:DirectoryHandler
FontType:CMap
CMapName:90ms-RKSJ-V
Registry:Adobe
Ordering:Japan1
UseCMap:90ms-RKSJ-H
OutlineFileName:/Applications/Adobe Photoshop 2023/Adobe Photoshop 2023.app/Contents/Required/typesupport/cmaps/90ms-RKSJ-V
FileLength:4229
FileModTime:696438524
%EndFont

%BeginFont
Handler:DirectoryHandler
FontType:CMap
CMapName:90msp-RKSJ-H
Registry:Adobe
Ordering:Japan1
OutlineFileName:/Applications/Adobe Photoshop 2023/Adobe Photoshop 2023.app/Contents/Required/typesupport/cmaps/90msp-RKSJ-H
FileLength:6001
FileModTime:696438524
%EndFont

%BeginFont
Handler:DirectoryHandler
FontType:CMap
CMapName:90msp-RKSJ-V
Registry:Adobe
Ordering:Japan1
UseCMap:90msp-RKSJ-H
OutlineFileName:/Applications/Adobe Photoshop 2023/Adobe Photoshop 2023.app/Contents/Required/typesupport/cmaps/90msp-RKSJ-V
FileLength:4212
FileModTime:696438524
%EndFont

%BeginFont
Handler:DirectoryHandler
FontType:CMap
CMapName:90pv-RKSJ-H
Registry:Adobe
Ordering:Japan1
OutlineFileName:/Applications/Adobe Photoshop 2023/Adobe Photoshop 2023.app/Contents/Required/typesupport/cmaps/90pv-RKSJ-H
FileLength:7815
FileModTime:696438524
%EndFont

%BeginFont
Handler:DirectoryHandler
FontType:CMap
CMapName:90pv-RKSJ-V
Registry:Adobe
Ordering:Japan1
UseCMap:90pv-RKSJ-H
OutlineFileName:/Applications/Adobe Photoshop 2023/Adobe Photoshop 2023.app/Contents/Required/typesupport/cmaps/90pv-RKSJ-V
FileLength:3715
FileModTime:696438524
%EndFont

%BeginFont
Handler:DirectoryHandler
FontType:CMap
CMapName:Add-H
Registry:Adobe
Ordering:Japan1
OutlineFileName:/Applications/Adobe Photoshop 2023/Adobe Photoshop 2023.app/Contents/Required/typesupport/cmaps/Add-H
FileLength:14854
FileModTime:696438524
%EndFont

%BeginFont
Handler:DirectoryHandler
FontType:CMap
CMapName:Add-RKSJ-H
Registry:Adobe
Ordering:Japan1
OutlineFileName:/Applications/Adobe Photoshop 2023/Adobe Photoshop 2023.app/Contents/Required/typesupport/cmaps/Add-RKSJ-H
FileLength:15038
FileModTime:696438524
%EndFont

%BeginFont
Handler:DirectoryHandler
FontType:CMap
CMapName:Add-RKSJ-V
Registry:Adobe
Ordering:Japan1
UseCMap:Add-RKSJ-H
OutlineFileName:/Applications/Adobe Photoshop 2023/Adobe Photoshop 2023.app/Contents/Required/typesupport/cmaps/Add-RKSJ-V
FileLength:3823
FileModTime:696438524
%EndFont

%BeginFont
Handler:DirectoryHandler
FontType:CMap
CMapName:Add-V
Registry:Adobe
Ordering:Japan1
UseCMap:Add-H
OutlineFileName:/Applications/Adobe Photoshop 2023/Adobe Photoshop 2023.app/Contents/Required/typesupport/cmaps/Add-V
FileLength:3793
FileModTime:696438524
%EndFont

%BeginFont
Handler:DirectoryHandler
FontType:CMap
CMapName:Adobe-CNS1-0
Registry:Adobe
Ordering:CNS1
OutlineFileName:/Applications/Adobe Photoshop 2023/Adobe Photoshop 2023.app/Contents/Required/typesupport/cmaps/Adobe-CNS1-0
FileLength:3829
FileModTime:696438524
%EndFont

%BeginFont
Handler:DirectoryHandler
FontType:CMap
CMapName:Adobe-CNS1-1
Registry:Adobe
Ordering:CNS1
OutlineFileName:/Applications/Adobe Photoshop 2023/Adobe Photoshop 2023.app/Contents/Required/typesupport/cmaps/Adobe-CNS1-1
FileLength:4002
FileModTime:696438524
%EndFont

%BeginFont
Handler:DirectoryHandler
FontType:CMap
CMapName:Adobe-CNS1-2
Registry:Adobe
Ordering:CNS1
OutlineFileName:/Applications/Adobe Photoshop 2023/Adobe Photoshop 2023.app/Contents/Required/typesupport/cmaps/Adobe-CNS1-2
FileLength:4022
FileModTime:696438524
%EndFont

%BeginFont
Handler:DirectoryHandler
FontType:CMap
CMapName:Adobe-CNS1-3
Registry:Adobe
Ordering:CNS1
OutlineFileName:/Applications/Adobe Photoshop 2023/Adobe Photoshop 2023.app/Contents/Required/typesupport/cmaps/Adobe-CNS1-3
FileLength:4122
FileModTime:696438524
%EndFont

%BeginFont
Handler:DirectoryHandler
FontType:CMap
CMapName:Adobe-CNS1-4
Registry:Adobe
Ordering:CNS1
OutlineFileName:/Applications/Adobe Photoshop 2023/Adobe Photoshop 2023.app/Contents/Required/typesupport/cmaps/Adobe-CNS1-4
FileLength:4142
FileModTime:696438524
%EndFont

%BeginFont
Handler:DirectoryHandler
FontType:CMap
CMapName:Adobe-CNS1-5
Registry:Adobe
Ordering:CNS1
OutlineFileName:/Applications/Adobe Photoshop 2023/Adobe Photoshop 2023.app/Contents/Required/typesupport/cmaps/Adobe-CNS1-5
FileLength:4142
FileModTime:696438524
%EndFont

%BeginFont
Handler:DirectoryHandler
FontType:CMap
CMapName:Adobe-CNS1-6
Registry:Adobe
Ordering:CNS1
OutlineFileName:/Applications/Adobe Photoshop 2023/Adobe Photoshop 2023.app/Contents/Required/typesupport/cmaps/Adobe-CNS1-6
FileLength:4142
FileModTime:696438524
%EndFont

%BeginFont
Handler:DirectoryHandler
FontType:CMap
CMapName:Adobe-GB1-0
Registry:Adobe
Ordering:GB1
OutlineFileName:/Applications/Adobe Photoshop 2023/Adobe Photoshop 2023.app/Contents/Required/typesupport/cmaps/Adobe-GB1-0
FileLength:3292
FileModTime:696438524
%EndFont

%BeginFont
Handler:DirectoryHandler
FontType:CMap
CMapName:Adobe-GB1-1
Registry:Adobe
Ordering:GB1
OutlineFileName:/Applications/Adobe Photoshop 2023/Adobe Photoshop 2023.app/Contents/Required/typesupport/cmaps/Adobe-GB1-1
FileLength:3446
FileModTime:696438524
%EndFont

%BeginFont
Handler:DirectoryHandler
FontType:CMap
CMapName:Adobe-GB1-2
Registry:Adobe
Ordering:GB1
OutlineFileName:/Applications/Adobe Photoshop 2023/Adobe Photoshop 2023.app/Contents/Required/typesupport/cmaps/Adobe-GB1-2
FileLength:4400
FileModTime:696438524
%EndFont

%BeginFont
Handler:DirectoryHandler
FontType:CMap
CMapName:Adobe-GB1-3
Registry:Adobe
Ordering:GB1
OutlineFileName:/Applications/Adobe Photoshop 2023/Adobe Photoshop 2023.app/Contents/Required/typesupport/cmaps/Adobe-GB1-3
FileLength:4399
FileModTime:696438524
%EndFont

%BeginFont
Handler:DirectoryHandler
FontType:CMap
CMapName:Adobe-GB1-4
Registry:Adobe
Ordering:GB1
OutlineFileName:/Applications/Adobe Photoshop 2023/Adobe Photoshop 2023.app/Contents/Required/typesupport/cmaps/Adobe-GB1-4
FileLength:4951
FileModTime:696438524
%EndFont

%BeginFont
Handler:DirectoryHandler
FontType:CMap
CMapName:Adobe-GB1-5
Registry:Adobe
Ordering:GB1
OutlineFileName:/Applications/Adobe Photoshop 2023/Adobe Photoshop 2023.app/Contents/Required/typesupport/cmaps/Adobe-GB1-5
FileLength:5051
FileModTime:696438524
%EndFont

%BeginFont
Handler:DirectoryHandler
FontType:CMap
CMapName:Adobe-Japan1-0
Registry:Adobe
Ordering:Japan1
OutlineFileName:/Applications/Adobe Photoshop 2023/Adobe Photoshop 2023.app/Contents/Required/typesupport/cmaps/Adobe-Japan1-0
FileLength:3341
FileModTime:696438524
%EndFont

%BeginFont
Handler:DirectoryHandler
FontType:CMap
CMapName:Adobe-Japan1-1
Registry:Adobe
Ordering:Japan1
OutlineFileName:/Applications/Adobe Photoshop 2023/Adobe Photoshop 2023.app/Contents/Required/typesupport/cmaps/Adobe-Japan1-1
FileLength:3342
FileModTime:696438524
%EndFont

%BeginFont
Handler:DirectoryHandler
FontType:CMap
CMapName:Adobe-Japan1-2
Registry:Adobe
Ordering:Japan1
OutlineFileName:/Applications/Adobe Photoshop 2023/Adobe Photoshop 2023.app/Contents/Required/typesupport/cmaps/Adobe-Japan1-2
FileLength:3380
FileModTime:696438524
%EndFont

%BeginFont
Handler:DirectoryHandler
FontType:CMap
CMapName:Adobe-Japan1-3
Registry:Adobe
Ordering:Japan1
OutlineFileName:/Applications/Adobe Photoshop 2023/Adobe Photoshop 2023.app/Contents/Required/typesupport/cmaps/Adobe-Japan1-3
FileLength:3390
FileModTime:696438524
%EndFont

%BeginFont
Handler:DirectoryHandler
FontType:CMap
CMapName:Adobe-Japan1-4
Registry:Adobe
Ordering:Japan1
OutlineFileName:/Applications/Adobe Photoshop 2023/Adobe Photoshop 2023.app/Contents/Required/typesupport/cmaps/Adobe-Japan1-4
FileLength:3868
FileModTime:696438524
%EndFont

%BeginFont
Handler:DirectoryHandler
FontType:CMap
CMapName:Adobe-Japan1-5
Registry:Adobe
Ordering:Japan1
OutlineFileName:/Applications/Adobe Photoshop 2023/Adobe Photoshop 2023.app/Contents/Required/typesupport/cmaps/Adobe-Japan1-5
FileLength:4248
FileModTime:696438524
%EndFont

%BeginFont
Handler:DirectoryHandler
FontType:CMap
CMapName:Adobe-Japan1-6
Registry:Adobe
Ordering:Japan1
OutlineFileName:/Applications/Adobe Photoshop 2023/Adobe Photoshop 2023.app/Contents/Required/typesupport/cmaps/Adobe-Japan1-6
FileLength:4468
FileModTime:696438524
%EndFont

%BeginFont
Handler:DirectoryHandler
FontType:CMap
CMapName:Adobe-Japan1-7
Registry:Adobe
Ordering:Japan1
OutlineFileName:/Applications/Adobe Photoshop 2023/Adobe Photoshop 2023.app/Contents/Required/typesupport/cmaps/Adobe-Japan1-7
FileLength:4444
FileModTime:696438524
%EndFont

%BeginFont
Handler:DirectoryHandler
FontType:CMap
CMapName:Adobe-Japan2-0
Registry:Adobe
Ordering:Japan2
OutlineFileName:/Applications/Adobe Photoshop 2023/Adobe Photoshop 2023.app/Contents/Required/typesupport/cmaps/Adobe-Japan2-0
FileLength:3168
FileModTime:696438524
%EndFont

%BeginFont
Handler:DirectoryHandler
FontType:CMap
CMapName:Adobe-KR-0
Registry:Adobe
Ordering:KR
OutlineFileName:/Applications/Adobe Photoshop 2023/Adobe Photoshop 2023.app/Contents/Required/typesupport/cmaps/Adobe-KR-0
FileLength:2879
FileModTime:696438524
%EndFont

%BeginFont
Handler:DirectoryHandler
FontType:CMap
CMapName:Adobe-KR-1
Registry:Adobe
Ordering:KR
OutlineFileName:/Applications/Adobe Photoshop 2023/Adobe Photoshop 2023.app/Contents/Required/typesupport/cmaps/Adobe-KR-1
FileLength:3012
FileModTime:696438524
%EndFont

%BeginFont
Handler:DirectoryHandler
FontType:CMap
CMapName:Adobe-KR-2
Registry:Adobe
Ordering:KR
OutlineFileName:/Applications/Adobe Photoshop 2023/Adobe Photoshop 2023.app/Contents/Required/typesupport/cmaps/Adobe-KR-2
FileLength:3512
FileModTime:696438524
%EndFont

%BeginFont
Handler:DirectoryHandler
FontType:CMap
CMapName:Adobe-KR-3
Registry:Adobe
Ordering:KR
OutlineFileName:/Applications/Adobe Photoshop 2023/Adobe Photoshop 2023.app/Contents/Required/typesupport/cmaps/Adobe-KR-3
FileLength:3532
FileModTime:696438524
%EndFont

%BeginFont
Handler:DirectoryHandler
FontType:CMap
CMapName:Adobe-KR-4
Registry:Adobe
Ordering:KR
OutlineFileName:/Applications/Adobe Photoshop 2023/Adobe Photoshop 2023.app/Contents/Required/typesupport/cmaps/Adobe-KR-4
FileLength:3552
FileModTime:696438524
%EndFont

%BeginFont
Handler:DirectoryHandler
FontType:CMap
CMapName:Adobe-KR-5
Registry:Adobe
Ordering:KR
OutlineFileName:/Applications/Adobe Photoshop 2023/Adobe Photoshop 2023.app/Contents/Required/typesupport/cmaps/Adobe-KR-5
FileLength:3572
FileModTime:696438524
%EndFont

%BeginFont
Handler:DirectoryHandler
FontType:CMap
CMapName:Adobe-KR-6
Registry:Adobe
Ordering:KR
OutlineFileName:/Applications/Adobe Photoshop 2023/Adobe Photoshop 2023.app/Contents/Required/typesupport/cmaps/Adobe-KR-6
FileLength:3732
FileModTime:696438524
%EndFont

%BeginFont
Handler:DirectoryHandler
FontType:CMap
CMapName:Adobe-KR-7
Registry:Adobe
Ordering:KR
OutlineFileName:/Applications/Adobe Photoshop 2023/Adobe Photoshop 2023.app/Contents/Required/typesupport/cmaps/Adobe-KR-7
FileLength:4092
FileModTime:696438524
%EndFont

%BeginFont
Handler:DirectoryHandler
FontType:CMap
CMapName:Adobe-KR-8
Registry:Adobe
Ordering:KR
OutlineFileName:/Applications/Adobe Photoshop 2023/Adobe Photoshop 2023.app/Contents/Required/typesupport/cmaps/Adobe-KR-8
FileLength:4372
FileModTime:696438524
%EndFont

%BeginFont
Handler:DirectoryHandler
FontType:CMap
CMapName:Adobe-KR-9
Registry:Adobe
Ordering:KR
OutlineFileName:/Applications/Adobe Photoshop 2023/Adobe Photoshop 2023.app/Contents/Required/typesupport/cmaps/Adobe-KR-9
FileLength:4412
FileModTime:696438524
%EndFont

%BeginFont
Handler:DirectoryHandler
FontType:CMap
CMapName:Adobe-Korea1-0
Registry:Adobe
Ordering:Korea1
OutlineFileName:/Applications/Adobe Photoshop 2023/Adobe Photoshop 2023.app/Contents/Required/typesupport/cmaps/Adobe-Korea1-0
FileLength:3433
FileModTime:696438524
%EndFont

%BeginFont
Handler:DirectoryHandler
FontType:CMap
CMapName:Adobe-Korea1-1
Registry:Adobe
Ordering:Korea1
OutlineFileName:/Applications/Adobe Photoshop 2023/Adobe Photoshop 2023.app/Contents/Required/typesupport/cmaps/Adobe-Korea1-1
FileLength:4089
FileModTime:696438524
%EndFont

%BeginFont
Handler:DirectoryHandler
FontType:CMap
CMapName:Adobe-Korea1-2
Registry:Adobe
Ordering:Korea1
OutlineFileName:/Applications/Adobe Photoshop 2023/Adobe Photoshop 2023.app/Contents/Required/typesupport/cmaps/Adobe-Korea1-2
FileLength:4088
FileModTime:696438524
%EndFont

%BeginFont
Handler:DirectoryHandler
FontType:CMap
CMapName:B5-H
Registry:Adobe
Ordering:CNS1
OutlineFileName:/Applications/Adobe Photoshop 2023/Adobe Photoshop 2023.app/Contents/Required/typesupport/cmaps/B5-H
FileLength:7493
FileModTime:696438524
%EndFont

%BeginFont
Handler:DirectoryHandler
FontType:CMap
CMapName:B5-V
Registry:Adobe
Ordering:CNS1
UseCMap:B5-H
OutlineFileName:/Applications/Adobe Photoshop 2023/Adobe Photoshop 2023.app/Contents/Required/typesupport/cmaps/B5-V
FileLength:2924
FileModTime:696438524
%EndFont

%BeginFont
Handler:DirectoryHandler
FontType:CMap
CMapName:B5pc-H
Registry:Adobe
Ordering:CNS1
OutlineFileName:/Applications/Adobe Photoshop 2023/Adobe Photoshop 2023.app/Contents/Required/typesupport/cmaps/B5pc-H
FileLength:7547
FileModTime:696438524
%EndFont

%BeginFont
Handler:DirectoryHandler
FontType:CMap
CMapName:B5pc-V
Registry:Adobe
Ordering:CNS1
UseCMap:B5pc-H
OutlineFileName:/Applications/Adobe Photoshop 2023/Adobe Photoshop 2023.app/Contents/Required/typesupport/cmaps/B5pc-V
FileLength:2936
FileModTime:696438524
%EndFont

%BeginFont
Handler:DirectoryHandler
FontType:CMap
CMapName:CNS-EUC-H
Registry:Adobe
Ordering:CNS1
OutlineFileName:/Applications/Adobe Photoshop 2023/Adobe Photoshop 2023.app/Contents/Required/typesupport/cmaps/CNS-EUC-H
FileLength:12246
FileModTime:696438524
%EndFont

%BeginFont
Handler:DirectoryHandler
FontType:CMap
CMapName:CNS-EUC-V
Registry:Adobe
Ordering:CNS1
OutlineFileName:/Applications/Adobe Photoshop 2023/Adobe Photoshop 2023.app/Contents/Required/typesupport/cmaps/CNS-EUC-V
FileLength:13278
FileModTime:696438524
%EndFont

%BeginFont
Handler:DirectoryHandler
FontType:CMap
CMapName:CNS1-H
Registry:Adobe
Ordering:CNS1
OutlineFileName:/Applications/Adobe Photoshop 2023/Adobe Photoshop 2023.app/Contents/Required/typesupport/cmaps/CNS1-H
FileLength:5611
FileModTime:696438524
%EndFont

%BeginFont
Handler:DirectoryHandler
FontType:CMap
CMapName:CNS1-V
Registry:Adobe
Ordering:CNS1
UseCMap:CNS1-H
OutlineFileName:/Applications/Adobe Photoshop 2023/Adobe Photoshop 2023.app/Contents/Required/typesupport/cmaps/CNS1-V
FileLength:2932
FileModTime:696438524
%EndFont

%BeginFont
Handler:DirectoryHandler
FontType:CMap
CMapName:CNS2-H
Registry:Adobe
Ordering:CNS1
OutlineFileName:/Applications/Adobe Photoshop 2023/Adobe Photoshop 2023.app/Contents/Required/typesupport/cmaps/CNS2-H
FileLength:4275
FileModTime:696438524
%EndFont

%BeginFont
Handler:DirectoryHandler
FontType:CMap
CMapName:CNS2-V
Registry:Adobe
Ordering:CNS1
UseCMap:CNS2-H
OutlineFileName:/Applications/Adobe Photoshop 2023/Adobe Photoshop 2023.app/Contents/Required/typesupport/cmaps/CNS2-V
FileLength:2683
FileModTime:696438524
%EndFont

%BeginFont
Handler:DirectoryHandler
FontType:CMap
CMapName:ETHK-B5-H
Registry:Adobe
Ordering:CNS1
OutlineFileName:/Applications/Adobe Photoshop 2023/Adobe Photoshop 2023.app/Contents/Required/typesupport/cmaps/ETHK-B5-H
FileLength:23202
FileModTime:696438524
%EndFont

%BeginFont
Handler:DirectoryHandler
FontType:CMap
CMapName:ETHK-B5-V
Registry:Adobe
Ordering:CNS1
UseCMap:ETHK-B5-H
OutlineFileName:/Applications/Adobe Photoshop 2023/Adobe Photoshop 2023.app/Contents/Required/typesupport/cmaps/ETHK-B5-V
FileLength:2955
FileModTime:696438524
%EndFont

%BeginFont
Handler:DirectoryHandler
FontType:CMap
CMapName:ETen-B5-H
Registry:Adobe
Ordering:CNS1
OutlineFileName:/Applications/Adobe Photoshop 2023/Adobe Photoshop 2023.app/Contents/Required/typesupport/cmaps/ETen-B5-H
FileLength:7703
FileModTime:696438524
%EndFont

%BeginFont
Handler:DirectoryHandler
FontType:CMap
CMapName:ETen-B5-V
Registry:Adobe
Ordering:CNS1
UseCMap:ETen-B5-H
OutlineFileName:/Applications/Adobe Photoshop 2023/Adobe Photoshop 2023.app/Contents/Required/typesupport/cmaps/ETen-B5-V
FileLength:2974
FileModTime:696438524
%EndFont

%BeginFont
Handler:DirectoryHandler
FontType:CMap
CMapName:ETenms-B5-H
Registry:Adobe
Ordering:CNS1
UseCMap:ETen-B5-H
OutlineFileName:/Applications/Adobe Photoshop 2023/Adobe Photoshop 2023.app/Contents/Required/typesupport/cmaps/ETenms-B5-H
FileLength:2729
FileModTime:696438524
%EndFont

%BeginFont
Handler:DirectoryHandler
FontType:CMap
CMapName:ETenms-B5-V
Registry:Adobe
Ordering:CNS1
UseCMap:ETenms-B5-H
OutlineFileName:/Applications/Adobe Photoshop 2023/Adobe Photoshop 2023.app/Contents/Required/typesupport/cmaps/ETenms-B5-V
FileLength:3041
FileModTime:696438524
%EndFont

%BeginFont
Handler:DirectoryHandler
FontType:CMap
CMapName:EUC-H
Registry:Adobe
Ordering:Japan1
OutlineFileName:/Applications/Adobe Photoshop 2023/Adobe Photoshop 2023.app/Contents/Required/typesupport/cmaps/EUC-H
FileLength:5075
FileModTime:696438524
%EndFont

%BeginFont
Handler:DirectoryHandler
FontType:CMap
CMapName:EUC-V
Registry:Adobe
Ordering:Japan1
UseCMap:EUC-H
OutlineFileName:/Applications/Adobe Photoshop 2023/Adobe Photoshop 2023.app/Contents/Required/typesupport/cmaps/EUC-V
FileLength:3223
FileModTime:696438524
%EndFont

%BeginFont
Handler:DirectoryHandler
FontType:CMap
CMapName:Ext-H
Registry:Adobe
Ordering:Japan1
OutlineFileName:/Applications/Adobe Photoshop 2023/Adobe Photoshop 2023.app/Contents/Required/typesupport/cmaps/Ext-H
FileLength:15424
FileModTime:696438524
%EndFont

%BeginFont
Handler:DirectoryHandler
FontType:CMap
CMapName:Ext-RKSJ-H
Registry:Adobe
Ordering:Japan1
OutlineFileName:/Applications/Adobe Photoshop 2023/Adobe Photoshop 2023.app/Contents/Required/typesupport/cmaps/Ext-RKSJ-H
FileLength:15607
FileModTime:696438524
%EndFont

%BeginFont
Handler:DirectoryHandler
FontType:CMap
CMapName:Ext-RKSJ-V
Registry:Adobe
Ordering:Japan1
UseCMap:Ext-RKSJ-H
OutlineFileName:/Applications/Adobe Photoshop 2023/Adobe Photoshop 2023.app/Contents/Required/typesupport/cmaps/Ext-RKSJ-V
FileLength:3481
FileModTime:696438524
%EndFont

%BeginFont
Handler:DirectoryHandler
FontType:CMap
CMapName:Ext-V
Registry:Adobe
Ordering:Japan1
UseCMap:Ext-H
OutlineFileName:/Applications/Adobe Photoshop 2023/Adobe Photoshop 2023.app/Contents/Required/typesupport/cmaps/Ext-V
FileLength:3451
FileModTime:696438524
%EndFont

%BeginFont
Handler:DirectoryHandler
FontType:CMap
CMapName:GB-EUC-H
Registry:Adobe
Ordering:GB1
OutlineFileName:/Applications/Adobe Photoshop 2023/Adobe Photoshop 2023.app/Contents/Required/typesupport/cmaps/GB-EUC-H
FileLength:4427
FileModTime:696438524
%EndFont

%BeginFont
Handler:DirectoryHandler
FontType:CMap
CMapName:GB-EUC-V
Registry:Adobe
Ordering:GB1
UseCMap:GB-EUC-H
OutlineFileName:/Applications/Adobe Photoshop 2023/Adobe Photoshop 2023.app/Contents/Required/typesupport/cmaps/GB-EUC-V
FileLength:3100
FileModTime:696438524
%EndFont

%BeginFont
Handler:DirectoryHandler
FontType:CMap
CMapName:GB-H
Registry:Adobe
Ordering:GB1
OutlineFileName:/Applications/Adobe Photoshop 2023/Adobe Photoshop 2023.app/Contents/Required/typesupport/cmaps/GB-H
FileLength:4322
FileModTime:696438524
%EndFont

%BeginFont
Handler:DirectoryHandler
FontType:CMap
CMapName:GB-V
Registry:Adobe
Ordering:GB1
UseCMap:GB-H
OutlineFileName:/Applications/Adobe Photoshop 2023/Adobe Photoshop 2023.app/Contents/Required/typesupport/cmaps/GB-V
FileLength:3076
FileModTime:696438524
%EndFont

%BeginFont
Handler:DirectoryHandler
FontType:CMap
CMapName:GBK-EUC-H
Registry:Adobe
Ordering:GB1
OutlineFileName:/Applications/Adobe Photoshop 2023/Adobe Photoshop 2023.app/Contents/Required/typesupport/cmaps/GBK-EUC-H
FileLength:83102
FileModTime:696438524
%EndFont

%BeginFont
Handler:DirectoryHandler
FontType:CMap
CMapName:GBK-EUC-V
Registry:Adobe
Ordering:GB1
UseCMap:GBK-EUC-H
OutlineFileName:/Applications/Adobe Photoshop 2023/Adobe Photoshop 2023.app/Contents/Required/typesupport/cmaps/GBK-EUC-V
FileLength:3089
FileModTime:696438524
%EndFont

%BeginFont
Handler:DirectoryHandler
FontType:CMap
CMapName:GBK2K-H
Registry:Adobe
Ordering:GB1
OutlineFileName:/Applications/Adobe Photoshop 2023/Adobe Photoshop 2023.app/Contents/Required/typesupport/cmaps/GBK2K-H
FileLength:90926
FileModTime:696438524
%EndFont

%BeginFont
Handler:DirectoryHandler
FontType:CMap
CMapName:GBK2K-V
Registry:Adobe
Ordering:GB1
UseCMap:GBK2K-H
OutlineFileName:/Applications/Adobe Photoshop 2023/Adobe Photoshop 2023.app/Contents/Required/typesupport/cmaps/GBK2K-V
FileLength:3482
FileModTime:696438524
%EndFont

%BeginFont
Handler:DirectoryHandler
FontType:CMap
CMapName:GBKp-EUC-H
Registry:Adobe
Ordering:GB1
OutlineFileName:/Applications/Adobe Photoshop 2023/Adobe Photoshop 2023.app/Contents/Required/typesupport/cmaps/GBKp-EUC-H
FileLength:83083
FileModTime:696438524
%EndFont

%BeginFont
Handler:DirectoryHandler
FontType:CMap
CMapName:GBKp-EUC-V
Registry:Adobe
Ordering:GB1
UseCMap:GBKp-EUC-H
OutlineFileName:/Applications/Adobe Photoshop 2023/Adobe Photoshop 2023.app/Contents/Required/typesupport/cmaps/GBKp-EUC-V
FileLength:3095
FileModTime:696438524
%EndFont

%BeginFont
Handler:DirectoryHandler
FontType:CMap
CMapName:GBT-EUC-H
Registry:Adobe
Ordering:GB1
OutlineFileName:/Applications/Adobe Photoshop 2023/Adobe Photoshop 2023.app/Contents/Required/typesupport/cmaps/GBT-EUC-H
FileLength:46773
FileModTime:696438524
%EndFont

%BeginFont
Handler:DirectoryHandler
FontType:CMap
CMapName:GBT-EUC-V
Registry:Adobe
Ordering:GB1
UseCMap:GBT-EUC-H
OutlineFileName:/Applications/Adobe Photoshop 2023/Adobe Photoshop 2023.app/Contents/Required/typesupport/cmaps/GBT-EUC-V
FileLength:3108
FileModTime:696438524
%EndFont

%BeginFont
Handler:DirectoryHandler
FontType:CMap
CMapName:GBT-H
Registry:Adobe
Ordering:GB1
OutlineFileName:/Applications/Adobe Photoshop 2023/Adobe Photoshop 2023.app/Contents/Required/typesupport/cmaps/GBT-H
FileLength:46668
FileModTime:696438524
%EndFont

%BeginFont
Handler:DirectoryHandler
FontType:CMap
CMapName:GBT-V
Registry:Adobe
Ordering:GB1
UseCMap:GBT-H
OutlineFileName:/Applications/Adobe Photoshop 2023/Adobe Photoshop 2023.app/Contents/Required/typesupport/cmaps/GBT-V
FileLength:3084
FileModTime:696438524
%EndFont

%BeginFont
Handler:DirectoryHandler
FontType:CMap
CMapName:GBTpc-EUC-H
Registry:Adobe
Ordering:GB1
OutlineFileName:/Applications/Adobe Photoshop 2023/Adobe Photoshop 2023.app/Contents/Required/typesupport/cmaps/GBTpc-EUC-H
FileLength:46803
FileModTime:696438524
%EndFont

%BeginFont
Handler:DirectoryHandler
FontType:CMap
CMapName:GBTpc-EUC-V
Registry:Adobe
Ordering:GB1
UseCMap:GBTpc-EUC-H
OutlineFileName:/Applications/Adobe Photoshop 2023/Adobe Photoshop 2023.app/Contents/Required/typesupport/cmaps/GBTpc-EUC-V
FileLength:3120
FileModTime:696438524
%EndFont

%BeginFont
Handler:DirectoryHandler
FontType:CMap
CMapName:GBpc-EUC-H
Registry:Adobe
Ordering:GB1
OutlineFileName:/Applications/Adobe Photoshop 2023/Adobe Photoshop 2023.app/Contents/Required/typesupport/cmaps/GBpc-EUC-H
FileLength:4455
FileModTime:696438524
%EndFont

%BeginFont
Handler:DirectoryHandler
FontType:CMap
CMapName:GBpc-EUC-V
Registry:Adobe
Ordering:GB1
UseCMap:GBpc-EUC-H
OutlineFileName:/Applications/Adobe Photoshop 2023/Adobe Photoshop 2023.app/Contents/Required/typesupport/cmaps/GBpc-EUC-V
FileLength:3112
FileModTime:696438524
%EndFont

%BeginFont
Handler:DirectoryHandler
FontType:CMap
CMapName:H
Registry:Adobe
Ordering:Japan1
OutlineFileName:/Applications/Adobe Photoshop 2023/Adobe Photoshop 2023.app/Contents/Required/typesupport/cmaps/H
FileLength:4941
FileModTime:696438524
%EndFont

%BeginFont
Handler:DirectoryHandler
FontType:CMap
CMapName:HKdla-B5-H
Registry:Adobe
Ordering:CNS1
OutlineFileName:/Applications/Adobe Photoshop 2023/Adobe Photoshop 2023.app/Contents/Required/typesupport/cmaps/HKdla-B5-H
FileLength:23268
FileModTime:696438524
%EndFont

%BeginFont
Handler:DirectoryHandler
FontType:CMap
CMapName:HKdla-B5-V
Registry:Adobe
Ordering:CNS1
UseCMap:HKdla-B5-H
OutlineFileName:/Applications/Adobe Photoshop 2023/Adobe Photoshop 2023.app/Contents/Required/typesupport/cmaps/HKdla-B5-V
FileLength:2941
FileModTime:696438524
%EndFont

%BeginFont
Handler:DirectoryHandler
FontType:CMap
CMapName:HKdlb-B5-H
Registry:Adobe
Ordering:CNS1
OutlineFileName:/Applications/Adobe Photoshop 2023/Adobe Photoshop 2023.app/Contents/Required/typesupport/cmaps/HKdlb-B5-H
FileLength:20928
FileModTime:696438524
%EndFont

%BeginFont
Handler:DirectoryHandler
FontType:CMap
CMapName:HKdlb-B5-V
Registry:Adobe
Ordering:CNS1
UseCMap:HKdlb-B5-H
OutlineFileName:/Applications/Adobe Photoshop 2023/Adobe Photoshop 2023.app/Contents/Required/typesupport/cmaps/HKdlb-B5-V
FileLength:2941
FileModTime:696438524
%EndFont

%BeginFont
Handler:DirectoryHandler
FontType:CMap
CMapName:HKgccs-B5-H
Registry:Adobe
Ordering:CNS1
OutlineFileName:/Applications/Adobe Photoshop 2023/Adobe Photoshop 2023.app/Contents/Required/typesupport/cmaps/HKgccs-B5-H
FileLength:13724
FileModTime:696438524
%EndFont

%BeginFont
Handler:DirectoryHandler
FontType:CMap
CMapName:HKgccs-B5-V
Registry:Adobe
Ordering:CNS1
UseCMap:HKgccs-B5-H
OutlineFileName:/Applications/Adobe Photoshop 2023/Adobe Photoshop 2023.app/Contents/Required/typesupport/cmaps/HKgccs-B5-V
FileLength:2947
FileModTime:696438524
%EndFont

%BeginFont
Handler:DirectoryHandler
FontType:CMap
CMapName:HKm314-B5-H
Registry:Adobe
Ordering:CNS1
OutlineFileName:/Applications/Adobe Photoshop 2023/Adobe Photoshop 2023.app/Contents/Required/typesupport/cmaps/HKm314-B5-H
FileLength:13537
FileModTime:696438524
%EndFont

%BeginFont
Handler:DirectoryHandler
FontType:CMap
CMapName:HKm314-B5-V
Registry:Adobe
Ordering:CNS1
UseCMap:HKm314-B5-H
OutlineFileName:/Applications/Adobe Photoshop 2023/Adobe Photoshop 2023.app/Contents/Required/typesupport/cmaps/HKm314-B5-V
FileLength:2947
FileModTime:696438524
%EndFont

%BeginFont
Handler:DirectoryHandler
FontType:CMap
CMapName:HKm471-B5-H
Registry:Adobe
Ordering:CNS1
OutlineFileName:/Applications/Adobe Photoshop 2023/Adobe Photoshop 2023.app/Contents/Required/typesupport/cmaps/HKm471-B5-H
FileLength:16507
FileModTime:696438524
%EndFont

%BeginFont
Handler:DirectoryHandler
FontType:CMap
CMapName:HKm471-B5-V
Registry:Adobe
Ordering:CNS1
UseCMap:HKm471-B5-H
OutlineFileName:/Applications/Adobe Photoshop 2023/Adobe Photoshop 2023.app/Contents/Required/typesupport/cmaps/HKm471-B5-V
FileLength:2947
FileModTime:696438524
%EndFont

%BeginFont
Handler:DirectoryHandler
FontType:CMap
CMapName:HKscs-B5-H
Registry:Adobe
Ordering:CNS1
OutlineFileName:/Applications/Adobe Photoshop 2023/Adobe Photoshop 2023.app/Contents/Required/typesupport/cmaps/HKscs-B5-H
FileLength:23253
FileModTime:696438524
%EndFont

%BeginFont
Handler:DirectoryHandler
FontType:CMap
CMapName:HKscs-B5-V
Registry:Adobe
Ordering:CNS1
UseCMap:HKscs-B5-H
OutlineFileName:/Applications/Adobe Photoshop 2023/Adobe Photoshop 2023.app/Contents/Required/typesupport/cmaps/HKscs-B5-V
FileLength:2961
FileModTime:696438524
%EndFont

%BeginFont
Handler:DirectoryHandler
FontType:CMap
CMapName:Hankaku
Registry:Adobe
Ordering:Japan1
OutlineFileName:/Applications/Adobe Photoshop 2023/Adobe Photoshop 2023.app/Contents/Required/typesupport/cmaps/Hankaku
FileLength:2821
FileModTime:696438524
%EndFont

%BeginFont
Handler:DirectoryHandler
FontType:CMap
CMapName:Hiragana
Registry:Adobe
Ordering:Japan1
OutlineFileName:/Applications/Adobe Photoshop 2023/Adobe Photoshop 2023.app/Contents/Required/typesupport/cmaps/Hiragana
FileLength:2795
FileModTime:696438524
%EndFont

%BeginFont
Handler:DirectoryHandler
FontType:CMap
CMapName:Hojo-EUC-H
Registry:Adobe
Ordering:Japan2
OutlineFileName:/Applications/Adobe Photoshop 2023/Adobe Photoshop 2023.app/Contents/Required/typesupport/cmaps/Hojo-EUC-H
FileLength:4626
FileModTime:696438524
%EndFont

%BeginFont
Handler:DirectoryHandler
FontType:CMap
CMapName:Hojo-EUC-V
Registry:Adobe
Ordering:Japan2
UseCMap:Hojo-EUC-H
OutlineFileName:/Applications/Adobe Photoshop 2023/Adobe Photoshop 2023.app/Contents/Required/typesupport/cmaps/Hojo-EUC-V
FileLength:2709
FileModTime:696438524
%EndFont

%BeginFont
Handler:DirectoryHandler
FontType:CMap
CMapName:Hojo-H
Registry:Adobe
Ordering:Japan2
OutlineFileName:/Applications/Adobe Photoshop 2023/Adobe Photoshop 2023.app/Contents/Required/typesupport/cmaps/Hojo-H
FileLength:4276
FileModTime:696438524
%EndFont

%BeginFont
Handler:DirectoryHandler
FontType:CMap
CMapName:Hojo-V
Registry:Adobe
Ordering:Japan2
UseCMap:Hojo-H
OutlineFileName:/Applications/Adobe Photoshop 2023/Adobe Photoshop 2023.app/Contents/Required/typesupport/cmaps/Hojo-V
FileLength:2685
FileModTime:696438524
%EndFont

%BeginFont
Handler:DirectoryHandler
FontType:CMap
CMapName:Identity-H
Registry:Adobe
Ordering:Identity
OutlineFileName:/Applications/Adobe Photoshop 2023/Adobe Photoshop 2023.app/Contents/Required/typesupport/cmaps/Identity-H
FileLength:7820
FileModTime:696438524
%EndFont

%BeginFont
Handler:DirectoryHandler
FontType:CMap
CMapName:Identity-V
Registry:Adobe
Ordering:Identity
UseCMap:Identity-H
OutlineFileName:/Applications/Adobe Photoshop 2023/Adobe Photoshop 2023.app/Contents/Required/typesupport/cmaps/Identity-V
FileLength:2619
FileModTime:696438524
%EndFont

%BeginFont
Handler:DirectoryHandler
FontType:CMap
CMapName:KSC-EUC-H
Registry:Adobe
Ordering:Korea1
OutlineFileName:/Applications/Adobe Photoshop 2023/Adobe Photoshop 2023.app/Contents/Required/typesupport/cmaps/KSC-EUC-H
FileLength:11728
FileModTime:696438524
%EndFont

%BeginFont
Handler:DirectoryHandler
FontType:CMap
CMapName:KSC-EUC-V
Registry:Adobe
Ordering:Korea1
UseCMap:KSC-EUC-H
OutlineFileName:/Applications/Adobe Photoshop 2023/Adobe Photoshop 2023.app/Contents/Required/typesupport/cmaps/KSC-EUC-V
FileLength:3036
FileModTime:696438524
%EndFont

%BeginFont
Handler:DirectoryHandler
FontType:CMap
CMapName:KSC-H
Registry:Adobe
Ordering:Korea1
OutlineFileName:/Applications/Adobe Photoshop 2023/Adobe Photoshop 2023.app/Contents/Required/typesupport/cmaps/KSC-H
FileLength:11637
FileModTime:696438524
%EndFont

%BeginFont
Handler:DirectoryHandler
FontType:CMap
CMapName:KSC-Johab-H
Registry:Adobe
Ordering:Korea1
OutlineFileName:/Applications/Adobe Photoshop 2023/Adobe Photoshop 2023.app/Contents/Required/typesupport/cmaps/KSC-Johab-H
FileLength:84250
FileModTime:696438524
%EndFont

%BeginFont
Handler:DirectoryHandler
FontType:CMap
CMapName:KSC-Johab-V
Registry:Adobe
Ordering:Korea1
UseCMap:KSC-Johab-H
OutlineFileName:/Applications/Adobe Photoshop 2023/Adobe Photoshop 2023.app/Contents/Required/typesupport/cmaps/KSC-Johab-V
FileLength:3050
FileModTime:696438524
%EndFont

%BeginFont
Handler:DirectoryHandler
FontType:CMap
CMapName:KSC-V
Registry:Adobe
Ordering:Korea1
UseCMap:KSC-H
OutlineFileName:/Applications/Adobe Photoshop 2023/Adobe Photoshop 2023.app/Contents/Required/typesupport/cmaps/KSC-V
FileLength:3012
FileModTime:696438524
%EndFont

%BeginFont
Handler:DirectoryHandler
FontType:CMap
CMapName:KSCms-UHC-H
Registry:Adobe
Ordering:Korea1
OutlineFileName:/Applications/Adobe Photoshop 2023/Adobe Photoshop 2023.app/Contents/Required/typesupport/cmaps/KSCms-UHC-H
FileLength:15940
FileModTime:696438524
%EndFont

%BeginFont
Handler:DirectoryHandler
FontType:CMap
CMapName:KSCms-UHC-HW-H
Registry:Adobe
Ordering:Korea1
OutlineFileName:/Applications/Adobe Photoshop 2023/Adobe Photoshop 2023.app/Contents/Required/typesupport/cmaps/KSCms-UHC-HW-H
FileLength:15936
FileModTime:696438524
%EndFont

%BeginFont
Handler:DirectoryHandler
FontType:CMap
CMapName:KSCms-UHC-HW-V
Registry:Adobe
Ordering:Korea1
UseCMap:KSCms-UHC-HW-H
OutlineFileName:/Applications/Adobe Photoshop 2023/Adobe Photoshop 2023.app/Contents/Required/typesupport/cmaps/KSCms-UHC-HW-V
FileLength:3049
FileModTime:696438524
%EndFont

%BeginFont
Handler:DirectoryHandler
FontType:CMap
CMapName:KSCms-UHC-V
Registry:Adobe
Ordering:Korea1
UseCMap:KSCms-UHC-H
OutlineFileName:/Applications/Adobe Photoshop 2023/Adobe Photoshop 2023.app/Contents/Required/typesupport/cmaps/KSCms-UHC-V
FileLength:3050
FileModTime:696438524
%EndFont

%BeginFont
Handler:DirectoryHandler
FontType:CMap
CMapName:KSCpc-EUC-H
Registry:Adobe
Ordering:Korea1
OutlineFileName:/Applications/Adobe Photoshop 2023/Adobe Photoshop 2023.app/Contents/Required/typesupport/cmaps/KSCpc-EUC-H
FileLength:12555
FileModTime:696438524
%EndFont

%BeginFont
Handler:DirectoryHandler
FontType:CMap
CMapName:KSCpc-EUC-V
Registry:Adobe
Ordering:Korea1
UseCMap:KSCpc-EUC-H
OutlineFileName:/Applications/Adobe Photoshop 2023/Adobe Photoshop 2023.app/Contents/Required/typesupport/cmaps/KSCpc-EUC-V
FileLength:3048
FileModTime:696438524
%EndFont

%BeginFont
Handler:DirectoryHandler
FontType:CMap
CMapName:Katakana
Registry:Adobe
Ordering:Japan1
OutlineFileName:/Applications/Adobe Photoshop 2023/Adobe Photoshop 2023.app/Contents/Required/typesupport/cmaps/Katakana
FileLength:2711
FileModTime:696438524
%EndFont

%BeginFont
Handler:DirectoryHandler
FontType:CMap
CMapName:NWP-H
Registry:Adobe
Ordering:Japan1
OutlineFileName:/Applications/Adobe Photoshop 2023/Adobe Photoshop 2023.app/Contents/Required/typesupport/cmaps/NWP-H
FileLength:17298
FileModTime:696438524
%EndFont

%BeginFont
Handler:DirectoryHandler
FontType:CMap
CMapName:NWP-V
Registry:Adobe
Ordering:Japan1
UseCMap:NWP-H
OutlineFileName:/Applications/Adobe Photoshop 2023/Adobe Photoshop 2023.app/Contents/Required/typesupport/cmaps/NWP-V
FileLength:3603
FileModTime:696438524
%EndFont

%BeginFont
Handler:DirectoryHandler
FontType:CMap
CMapName:RKSJ-H
Registry:Adobe
Ordering:Japan1
OutlineFileName:/Applications/Adobe Photoshop 2023/Adobe Photoshop 2023.app/Contents/Required/typesupport/cmaps/RKSJ-H
FileLength:5124
FileModTime:696438524
%EndFont

%BeginFont
Handler:DirectoryHandler
FontType:CMap
CMapName:RKSJ-V
Registry:Adobe
Ordering:Japan1
UseCMap:RKSJ-H
OutlineFileName:/Applications/Adobe Photoshop 2023/Adobe Photoshop 2023.app/Contents/Required/typesupport/cmaps/RKSJ-V
FileLength:3229
FileModTime:696438524
%EndFont

%BeginFont
Handler:DirectoryHandler
FontType:CMap
CMapName:Roman
Registry:Adobe
Ordering:Japan1
OutlineFileName:/Applications/Adobe Photoshop 2023/Adobe Photoshop 2023.app/Contents/Required/typesupport/cmaps/Roman
FileLength:2688
FileModTime:696438524
%EndFont

%BeginFont
Handler:DirectoryHandler
FontType:CMap
CMapName:UniAKR-UTF16-H
Registry:Adobe
Ordering:KR
OutlineFileName:/Applications/Adobe Photoshop 2023/Adobe Photoshop 2023.app/Contents/Required/typesupport/cmaps/UniAKR-UTF16-H
FileLength:186553
FileModTime:696438524
%EndFont

%BeginFont
Handler:DirectoryHandler
FontType:CMap
CMapName:UniAKR-UTF32-H
Registry:Adobe
Ordering:KR
OutlineFileName:/Applications/Adobe Photoshop 2023/Adobe Photoshop 2023.app/Contents/Required/typesupport/cmaps/UniAKR-UTF32-H
FileLength:250494
FileModTime:696438524
%EndFont

%BeginFont
Handler:DirectoryHandler
FontType:CMap
CMapName:UniAKR-UTF8-H
Registry:Adobe
Ordering:KR
OutlineFileName:/Applications/Adobe Photoshop 2023/Adobe Photoshop 2023.app/Contents/Required/typesupport/cmaps/UniAKR-UTF8-H
FileLength:220008
FileModTime:696438524
%EndFont

%BeginFont
Handler:DirectoryHandler
FontType:CMap
CMapName:UniCNS-UCS2-H
Registry:Adobe
Ordering:CNS1
OutlineFileName:/Applications/Adobe Photoshop 2023/Adobe Photoshop 2023.app/Contents/Required/typesupport/cmaps/UniCNS-UCS2-H
FileLength:326349
FileModTime:696438524
%EndFont

%BeginFont
Handler:DirectoryHandler
FontType:CMap
CMapName:UniCNS-UCS2-V
Registry:Adobe
Ordering:CNS1
UseCMap:UniCNS-UCS2-H
OutlineFileName:/Applications/Adobe Photoshop 2023/Adobe Photoshop 2023.app/Contents/Required/typesupport/cmaps/UniCNS-UCS2-V
FileLength:2971
FileModTime:696438524
%EndFont

%BeginFont
Handler:DirectoryHandler
FontType:CMap
CMapName:UniCNS-UTF16-H
Registry:Adobe
Ordering:CNS1
OutlineFileName:/Applications/Adobe Photoshop 2023/Adobe Photoshop 2023.app/Contents/Required/typesupport/cmaps/UniCNS-UTF16-H
FileLength:253253
FileModTime:696438524
%EndFont

%BeginFont
Handler:DirectoryHandler
FontType:CMap
CMapName:UniCNS-UTF16-V
Registry:Adobe
Ordering:CNS1
UseCMap:UniCNS-UTF16-H
OutlineFileName:/Applications/Adobe Photoshop 2023/Adobe Photoshop 2023.app/Contents/Required/typesupport/cmaps/UniCNS-UTF16-V
FileLength:2960
FileModTime:696438524
%EndFont

%BeginFont
Handler:DirectoryHandler
FontType:CMap
CMapName:UniCNS-UTF32-H
Registry:Adobe
Ordering:CNS1
OutlineFileName:/Applications/Adobe Photoshop 2023/Adobe Photoshop 2023.app/Contents/Required/typesupport/cmaps/UniCNS-UTF32-H
FileLength:324657
FileModTime:696438524
%EndFont

%BeginFont
Handler:DirectoryHandler
FontType:CMap
CMapName:UniCNS-UTF32-V
Registry:Adobe
Ordering:CNS1
UseCMap:UniCNS-UTF32-H
OutlineFileName:/Applications/Adobe Photoshop 2023/Adobe Photoshop 2023.app/Contents/Required/typesupport/cmaps/UniCNS-UTF32-V
FileLength:3040
FileModTime:696438524
%EndFont

%BeginFont
Handler:DirectoryHandler
FontType:CMap
CMapName:UniCNS-UTF8-H
Registry:Adobe
Ordering:CNS1
OutlineFileName:/Applications/Adobe Photoshop 2023/Adobe Photoshop 2023.app/Contents/Required/typesupport/cmaps/UniCNS-UTF8-H
FileLength:290056
FileModTime:696438524
%EndFont

%BeginFont
Handler:DirectoryHandler
FontType:CMap
CMapName:UniCNS-UTF8-V
Registry:Adobe
Ordering:CNS1
UseCMap:UniCNS-UTF8-H
OutlineFileName:/Applications/Adobe Photoshop 2023/Adobe Photoshop 2023.app/Contents/Required/typesupport/cmaps/UniCNS-UTF8-V
FileLength:2996
FileModTime:696438524
%EndFont

%BeginFont
Handler:DirectoryHandler
FontType:CMap
CMapName:UniGB-UCS2-H
Registry:Adobe
Ordering:GB1
OutlineFileName:/Applications/Adobe Photoshop 2023/Adobe Photoshop 2023.app/Contents/Required/typesupport/cmaps/UniGB-UCS2-H
FileLength:274383
FileModTime:696438524
%EndFont

%BeginFont
Handler:DirectoryHandler
FontType:CMap
CMapName:UniGB-UCS2-V
Registry:Adobe
Ordering:GB1
UseCMap:UniGB-UCS2-H
OutlineFileName:/Applications/Adobe Photoshop 2023/Adobe Photoshop 2023.app/Contents/Required/typesupport/cmaps/UniGB-UCS2-V
FileLength:3167
FileModTime:696438524
%EndFont

%BeginFont
Handler:DirectoryHandler
FontType:CMap
CMapName:UniGB-UTF16-H
Registry:Adobe
Ordering:GB1
OutlineFileName:/Applications/Adobe Photoshop 2023/Adobe Photoshop 2023.app/Contents/Required/typesupport/cmaps/UniGB-UTF16-H
FileLength:199981
FileModTime:696438524
%EndFont

%BeginFont
Handler:DirectoryHandler
FontType:CMap
CMapName:UniGB-UTF16-V
Registry:Adobe
Ordering:GB1
UseCMap:UniGB-UTF16-H
OutlineFileName:/Applications/Adobe Photoshop 2023/Adobe Photoshop 2023.app/Contents/Required/typesupport/cmaps/UniGB-UTF16-V
FileLength:3061
FileModTime:696438524
%EndFont

%BeginFont
Handler:DirectoryHandler
FontType:CMap
CMapName:UniGB-UTF32-H
Registry:Adobe
Ordering:GB1
OutlineFileName:/Applications/Adobe Photoshop 2023/Adobe Photoshop 2023.app/Contents/Required/typesupport/cmaps/UniGB-UTF32-H
FileLength:267909
FileModTime:696438524
%EndFont

%BeginFont
Handler:DirectoryHandler
FontType:CMap
CMapName:UniGB-UTF32-V
Registry:Adobe
Ordering:GB1
UseCMap:UniGB-UTF32-H
OutlineFileName:/Applications/Adobe Photoshop 2023/Adobe Photoshop 2023.app/Contents/Required/typesupport/cmaps/UniGB-UTF32-V
FileLength:3177
FileModTime:696438524
%EndFont

%BeginFont
Handler:DirectoryHandler
FontType:CMap
CMapName:UniGB-UTF8-H
Registry:Adobe
Ordering:GB1
OutlineFileName:/Applications/Adobe Photoshop 2023/Adobe Photoshop 2023.app/Contents/Required/typesupport/cmaps/UniGB-UTF8-H
FileLength:237834
FileModTime:696438524
%EndFont

%BeginFont
Handler:DirectoryHandler
FontType:CMap
CMapName:UniGB-UTF8-V
Registry:Adobe
Ordering:GB1
UseCMap:UniGB-UTF8-H
OutlineFileName:/Applications/Adobe Photoshop 2023/Adobe Photoshop 2023.app/Contents/Required/typesupport/cmaps/UniGB-UTF8-V
FileLength:3115
FileModTime:696438524
%EndFont

%BeginFont
Handler:DirectoryHandler
FontType:CMap
CMapName:UniHojo-UCS2-H
Registry:Adobe
Ordering:Japan2
OutlineFileName:/Applications/Adobe Photoshop 2023/Adobe Photoshop 2023.app/Contents/Required/typesupport/cmaps/UniHojo-UCS2-H
FileLength:83592
FileModTime:696438524
%EndFont

%BeginFont
Handler:DirectoryHandler
FontType:CMap
CMapName:UniHojo-UCS2-V
Registry:Adobe
Ordering:Japan2
UseCMap:UniHojo-UCS2-H
OutlineFileName:/Applications/Adobe Photoshop 2023/Adobe Photoshop 2023.app/Contents/Required/typesupport/cmaps/UniHojo-UCS2-V
FileLength:2714
FileModTime:696438524
%EndFont

%BeginFont
Handler:DirectoryHandler
FontType:CMap
CMapName:UniHojo-UTF16-H
Registry:Adobe
Ordering:Japan2
OutlineFileName:/Applications/Adobe Photoshop 2023/Adobe Photoshop 2023.app/Contents/Required/typesupport/cmaps/UniHojo-UTF16-H
FileLength:62948
FileModTime:696438524
%EndFont

%BeginFont
Handler:DirectoryHandler
FontType:CMap
CMapName:UniHojo-UTF16-V
Registry:Adobe
Ordering:Japan2
UseCMap:UniHojo-UTF16-H
OutlineFileName:/Applications/Adobe Photoshop 2023/Adobe Photoshop 2023.app/Contents/Required/typesupport/cmaps/UniHojo-UTF16-V
FileLength:2720
FileModTime:696438524
%EndFont

%BeginFont
Handler:DirectoryHandler
FontType:CMap
CMapName:UniHojo-UTF32-H
Registry:Adobe
Ordering:Japan2
OutlineFileName:/Applications/Adobe Photoshop 2023/Adobe Photoshop 2023.app/Contents/Required/typesupport/cmaps/UniHojo-UTF32-H
FileLength:84821
FileModTime:696438524
%EndFont

%BeginFont
Handler:DirectoryHandler
FontType:CMap
CMapName:UniHojo-UTF32-V
Registry:Adobe
Ordering:Japan2
UseCMap:UniHojo-UTF32-H
OutlineFileName:/Applications/Adobe Photoshop 2023/Adobe Photoshop 2023.app/Contents/Required/typesupport/cmaps/UniHojo-UTF32-V
FileLength:2720
FileModTime:696438524
%EndFont

%BeginFont
Handler:DirectoryHandler
FontType:CMap
CMapName:UniHojo-UTF8-H
Registry:Adobe
Ordering:Japan2
OutlineFileName:/Applications/Adobe Photoshop 2023/Adobe Photoshop 2023.app/Contents/Required/typesupport/cmaps/UniHojo-UTF8-H
FileLength:73701
FileModTime:696438524
%EndFont

%BeginFont
Handler:DirectoryHandler
FontType:CMap
CMapName:UniHojo-UTF8-V
Registry:Adobe
Ordering:Japan2
UseCMap:UniHojo-UTF8-H
OutlineFileName:/Applications/Adobe Photoshop 2023/Adobe Photoshop 2023.app/Contents/Required/typesupport/cmaps/UniHojo-UTF8-V
FileLength:2716
FileModTime:696438524
%EndFont

%BeginFont
Handler:DirectoryHandler
FontType:CMap
CMapName:UniJIS-UCS2-H
Registry:Adobe
Ordering:Japan1
OutlineFileName:/Applications/Adobe Photoshop 2023/Adobe Photoshop 2023.app/Contents/Required/typesupport/cmaps/UniJIS-UCS2-H
FileLength:168597
FileModTime:696438524
%EndFont

%BeginFont
Handler:DirectoryHandler
FontType:CMap
CMapName:UniJIS-UCS2-HW-H
Registry:Adobe
Ordering:Japan1
UseCMap:UniJIS-UCS2-H
OutlineFileName:/Applications/Adobe Photoshop 2023/Adobe Photoshop 2023.app/Contents/Required/typesupport/cmaps/UniJIS-UCS2-HW-H
FileLength:2820
FileModTime:696438524
%EndFont

%BeginFont
Handler:DirectoryHandler
FontType:CMap
CMapName:UniJIS-UCS2-HW-V
Registry:Adobe
Ordering:Japan1
UseCMap:UniJIS-UCS2-H
OutlineFileName:/Applications/Adobe Photoshop 2023/Adobe Photoshop 2023.app/Contents/Required/typesupport/cmaps/UniJIS-UCS2-HW-V
FileLength:6591
FileModTime:696438524
%EndFont

%BeginFont
Handler:DirectoryHandler
FontType:CMap
CMapName:UniJIS-UCS2-V
Registry:Adobe
Ordering:Japan1
UseCMap:UniJIS-UCS2-H
OutlineFileName:/Applications/Adobe Photoshop 2023/Adobe Photoshop 2023.app/Contents/Required/typesupport/cmaps/UniJIS-UCS2-V
FileLength:6509
FileModTime:696438524
%EndFont

%BeginFont
Handler:DirectoryHandler
FontType:CMap
CMapName:UniJIS-UTF16-H
Registry:Adobe
Ordering:Japan1
OutlineFileName:/Applications/Adobe Photoshop 2023/Adobe Photoshop 2023.app/Contents/Required/typesupport/cmaps/UniJIS-UTF16-H
FileLength:188084
FileModTime:696438524
%EndFont

%BeginFont
Handler:DirectoryHandler
FontType:CMap
CMapName:UniJIS-UTF16-V
Registry:Adobe
Ordering:Japan1
UseCMap:UniJIS-UTF16-H
OutlineFileName:/Applications/Adobe Photoshop 2023/Adobe Photoshop 2023.app/Contents/Required/typesupport/cmaps/UniJIS-UTF16-V
FileLength:5771
FileModTime:696438524
%EndFont

%BeginFont
Handler:DirectoryHandler
FontType:CMap
CMapName:UniJIS-UTF32-H
Registry:Adobe
Ordering:Japan1
OutlineFileName:/Applications/Adobe Photoshop 2023/Adobe Photoshop 2023.app/Contents/Required/typesupport/cmaps/UniJIS-UTF32-H
FileLength:245280
FileModTime:696438524
%EndFont

%BeginFont
Handler:DirectoryHandler
FontType:CMap
CMapName:UniJIS-UTF32-V
Registry:Adobe
Ordering:Japan1
UseCMap:UniJIS-UTF32-H
OutlineFileName:/Applications/Adobe Photoshop 2023/Adobe Photoshop 2023.app/Contents/Required/typesupport/cmaps/UniJIS-UTF32-V
FileLength:6803
FileModTime:696438524
%EndFont

%BeginFont
Handler:DirectoryHandler
FontType:CMap
CMapName:UniJIS-UTF8-H
Registry:Adobe
Ordering:Japan1
OutlineFileName:/Applications/Adobe Photoshop 2023/Adobe Photoshop 2023.app/Contents/Required/typesupport/cmaps/UniJIS-UTF8-H
FileLength:216315
FileModTime:696438524
%EndFont

%BeginFont
Handler:DirectoryHandler
FontType:CMap
CMapName:UniJIS-UTF8-V
Registry:Adobe
Ordering:Japan1
UseCMap:UniJIS-UTF8-H
OutlineFileName:/Applications/Adobe Photoshop 2023/Adobe Photoshop 2023.app/Contents/Required/typesupport/cmaps/UniJIS-UTF8-V
FileLength:6296
FileModTime:696438524
%EndFont

%BeginFont
Handler:DirectoryHandler
FontType:CMap
CMapName:UniJIS2004-UTF16-H
Registry:Adobe
Ordering:Japan1
OutlineFileName:/Applications/Adobe Photoshop 2023/Adobe Photoshop 2023.app/Contents/Required/typesupport/cmaps/UniJIS2004-UTF16-H
FileLength:188164
FileModTime:696438524
%EndFont

%BeginFont
Handler:DirectoryHandler
FontType:CMap
CMapName:UniJIS2004-UTF16-V
Registry:Adobe
Ordering:Japan1
UseCMap:UniJIS2004-UTF16-H
OutlineFileName:/Applications/Adobe Photoshop 2023/Adobe Photoshop 2023.app/Contents/Required/typesupport/cmaps/UniJIS2004-UTF16-V
FileLength:5795
FileModTime:696438524
%EndFont

%BeginFont
Handler:DirectoryHandler
FontType:CMap
CMapName:UniJIS2004-UTF32-H
Registry:Adobe
Ordering:Japan1
OutlineFileName:/Applications/Adobe Photoshop 2023/Adobe Photoshop 2023.app/Contents/Required/typesupport/cmaps/UniJIS2004-UTF32-H
FileLength:245360
FileModTime:696438524
%EndFont

%BeginFont
Handler:DirectoryHandler
FontType:CMap
CMapName:UniJIS2004-UTF32-V
Registry:Adobe
Ordering:Japan1
UseCMap:UniJIS2004-UTF32-H
OutlineFileName:/Applications/Adobe Photoshop 2023/Adobe Photoshop 2023.app/Contents/Required/typesupport/cmaps/UniJIS2004-UTF32-V
FileLength:6827
FileModTime:696438524
%EndFont

%BeginFont
Handler:DirectoryHandler
FontType:CMap
CMapName:UniJIS2004-UTF8-H
Registry:Adobe
Ordering:Japan1
OutlineFileName:/Applications/Adobe Photoshop 2023/Adobe Photoshop 2023.app/Contents/Required/typesupport/cmaps/UniJIS2004-UTF8-H
FileLength:216393
FileModTime:696438524
%EndFont

%BeginFont
Handler:DirectoryHandler
FontType:CMap
CMapName:UniJIS2004-UTF8-V
Registry:Adobe
Ordering:Japan1
UseCMap:UniJIS2004-UTF8-H
OutlineFileName:/Applications/Adobe Photoshop 2023/Adobe Photoshop 2023.app/Contents/Required/typesupport/cmaps/UniJIS2004-UTF8-V
FileLength:6318
FileModTime:696438524
%EndFont

%BeginFont
Handler:DirectoryHandler
FontType:CMap
CMapName:UniJISB-UCS2-H
Registry:Adobe
Ordering:Japan1
OutlineFileName:/Applications/Adobe Photoshop 2023/Adobe Photoshop 2023.app/Contents/Required/typesupport/cmaps/UniJISB-UCS2-H
FileLength:135930
FileModTime:696438524
%EndFont

%BeginFont
Handler:DirectoryHandler
FontType:CMap
CMapName:UniJISPro-UCS2-HW-V
Registry:Adobe
Ordering:Japan1
UseCMap:UniJIS-UCS2-H
OutlineFileName:/Applications/Adobe Photoshop 2023/Adobe Photoshop 2023.app/Contents/Required/typesupport/cmaps/UniJISPro-UCS2-HW-V
FileLength:6729
FileModTime:696438524
%EndFont

%BeginFont
Handler:DirectoryHandler
FontType:CMap
CMapName:UniJISPro-UCS2-V
Registry:Adobe
Ordering:Japan1
UseCMap:UniJIS-UCS2-H
OutlineFileName:/Applications/Adobe Photoshop 2023/Adobe Photoshop 2023.app/Contents/Required/typesupport/cmaps/UniJISPro-UCS2-V
FileLength:6618
FileModTime:696438524
%EndFont

%BeginFont
Handler:DirectoryHandler
FontType:CMap
CMapName:UniJISPro-UTF8-V
Registry:Adobe
Ordering:Japan1
UseCMap:UniJIS-UTF8-H
OutlineFileName:/Applications/Adobe Photoshop 2023/Adobe Photoshop 2023.app/Contents/Required/typesupport/cmaps/UniJISPro-UTF8-V
FileLength:7467
FileModTime:696438524
%EndFont

%BeginFont
Handler:DirectoryHandler
FontType:CMap
CMapName:UniJISX0213-UTF32-H
Registry:Adobe
Ordering:Japan1
OutlineFileName:/Applications/Adobe Photoshop 2023/Adobe Photoshop 2023.app/Contents/Required/typesupport/cmaps/UniJISX0213-UTF32-H
FileLength:245242
FileModTime:696438524
%EndFont

%BeginFont
Handler:DirectoryHandler
FontType:CMap
CMapName:UniJISX0213-UTF32-V
Registry:Adobe
Ordering:Japan1
UseCMap:UniJISX0213-UTF32-H
OutlineFileName:/Applications/Adobe Photoshop 2023/Adobe Photoshop 2023.app/Contents/Required/typesupport/cmaps/UniJISX0213-UTF32-V
FileLength:6769
FileModTime:696438524
%EndFont

%BeginFont
Handler:DirectoryHandler
FontType:CMap
CMapName:UniJISX02132004-UTF32-H
Registry:Adobe
Ordering:Japan1
OutlineFileName:/Applications/Adobe Photoshop 2023/Adobe Photoshop 2023.app/Contents/Required/typesupport/cmaps/UniJISX02132004-UTF32-H
FileLength:245350
FileModTime:696438524
%EndFont

%BeginFont
Handler:DirectoryHandler
FontType:CMap
CMapName:UniJISX02132004-UTF32-V
Registry:Adobe
Ordering:Japan1
UseCMap:UniJISX02132004-UTF32-H
OutlineFileName:/Applications/Adobe Photoshop 2023/Adobe Photoshop 2023.app/Contents/Required/typesupport/cmaps/UniJISX02132004-UTF32-V
FileLength:6793
FileModTime:696438524
%EndFont

%BeginFont
Handler:DirectoryHandler
FontType:CMap
CMapName:UniKS-UCS2-H
Registry:Adobe
Ordering:Korea1
OutlineFileName:/Applications/Adobe Photoshop 2023/Adobe Photoshop 2023.app/Contents/Required/typesupport/cmaps/UniKS-UCS2-H
FileLength:166009
FileModTime:696438524
%EndFont

%BeginFont
Handler:DirectoryHandler
FontType:CMap
CMapName:UniKS-UCS2-V
Registry:Adobe
Ordering:Korea1
UseCMap:UniKS-UCS2-H
OutlineFileName:/Applications/Adobe Photoshop 2023/Adobe Photoshop 2023.app/Contents/Required/typesupport/cmaps/UniKS-UCS2-V
FileLength:3076
FileModTime:696438524
%EndFont

%BeginFont
Handler:DirectoryHandler
FontType:CMap
CMapName:UniKS-UTF16-H
Registry:Adobe
Ordering:Korea1
OutlineFileName:/Applications/Adobe Photoshop 2023/Adobe Photoshop 2023.app/Contents/Required/typesupport/cmaps/UniKS-UTF16-H
FileLength:122938
FileModTime:696438524
%EndFont

%BeginFont
Handler:DirectoryHandler
FontType:CMap
CMapName:UniKS-UTF16-V
Registry:Adobe
Ordering:Korea1
UseCMap:UniKS-UTF16-H
OutlineFileName:/Applications/Adobe Photoshop 2023/Adobe Photoshop 2023.app/Contents/Required/typesupport/cmaps/UniKS-UTF16-V
FileLength:3030
FileModTime:696438524
%EndFont

%BeginFont
Handler:DirectoryHandler
FontType:CMap
CMapName:UniKS-UTF32-H
Registry:Adobe
Ordering:Korea1
OutlineFileName:/Applications/Adobe Photoshop 2023/Adobe Photoshop 2023.app/Contents/Required/typesupport/cmaps/UniKS-UTF32-H
FileLength:165010
FileModTime:696438524
%EndFont

%BeginFont
Handler:DirectoryHandler
FontType:CMap
CMapName:UniKS-UTF32-V
Registry:Adobe
Ordering:Korea1
UseCMap:UniKS-UTF32-H
OutlineFileName:/Applications/Adobe Photoshop 2023/Adobe Photoshop 2023.app/Contents/Required/typesupport/cmaps/UniKS-UTF32-V
FileLength:3130
FileModTime:696438524
%EndFont

%BeginFont
Handler:DirectoryHandler
FontType:CMap
CMapName:UniKS-UTF8-H
Registry:Adobe
Ordering:Korea1
OutlineFileName:/Applications/Adobe Photoshop 2023/Adobe Photoshop 2023.app/Contents/Required/typesupport/cmaps/UniKS-UTF8-H
FileLength:145845
FileModTime:696438524
%EndFont

%BeginFont
Handler:DirectoryHandler
FontType:CMap
CMapName:UniKS-UTF8-V
Registry:Adobe
Ordering:Korea1
UseCMap:UniKS-UTF8-H
OutlineFileName:/Applications/Adobe Photoshop 2023/Adobe Photoshop 2023.app/Contents/Required/typesupport/cmaps/UniKS-UTF8-V
FileLength:3076
FileModTime:696438524
%EndFont

%BeginFont
Handler:DirectoryHandler
FontType:CMap
CMapName:V
Registry:Adobe
Ordering:Japan1
UseCMap:H
OutlineFileName:/Applications/Adobe Photoshop 2023/Adobe Photoshop 2023.app/Contents/Required/typesupport/cmaps/V
FileLength:3199
FileModTime:696438524
%EndFont

%BeginFont
Handler:DirectoryHandler
FontType:CMap
CMapName:WP-Symbol
Registry:Adobe
Ordering:Japan1
OutlineFileName:/Applications/Adobe Photoshop 2023/Adobe Photoshop 2023.app/Contents/Required/typesupport/cmaps/WP-Symbol
FileLength:3093
FileModTime:696438524
%EndFont

