%!Adobe-FontList 1.23
%Locale:0x409

%BeginFont
Handler:DirectoryHandler
FontType:Type1
FontName:AdobeDevanagari-Bold
FamilyName:Adobe Devanagari
StyleName:Bold
MenuName:Adobe Devanagari
StyleBits:2
WeightClass:700
WidthClass:5
AngleClass:0
FullName:Adobe Devanagari Bold
WritingScript:Devanagari
OutlineFileName:/Applications/Adobe Photoshop 2023/Adobe Photoshop 2023.app/Contents/Required/typesupport/.f/.1
DataFormat:sfntData
UsesStandardEncoding:yes
isCFF:yes
hasSVG:no
VariableFontType:NonVariableFont
FileLength:335268
FileModTime:696438524
DesignSize:110
NameArray:0,Mac,4,Adobe Devanagari Bold
NameArray:0,Win,1,Adobe Devanagari
%EndFont

%BeginFont
Handler:DirectoryHandler
FontType:CID
FontName:KozGoPr6N-Regular
FamilyName:Kozuka Gothic Pr6N
StyleName:R
MenuName:Kozuka Gothic Pr6N R
StyleBits:0
WeightClass:400
WidthClass:5
AngleClass:0
FullName:KozGoPr6N-Regular
FamilyNameNative:小塚ゴシック Pr6N
StyleNameNative:R
FullNameNative:小塚ゴシック Pr6N R
WritingScript:Japanese
OutlineFileName:/Applications/Adobe Photoshop 2023/Adobe Photoshop 2023.app/Contents/Required/typesupport/.f/.10
DataFormat:sfntData
isCFF:yes
hasSVG:no
VariableFontType:NonVariableFont
FileLength:5590632
FileModTime:696438523
NameArray:1,Mac,4,小塚ゴシック Pr6N R
NameArray:0,Win,1,Kozuka Gothic Pr6N R
NameArray:0,Win,16,Kozuka Gothic Pr6N
NameArray:1,Win,1,小塚ゴシック Pr6N R
NameArray:1,Win,16,小塚ゴシック Pr6N
%EndFont

%BeginFont
Handler:DirectoryHandler
FontType:Type1
FontName:MyriadArabic-Bold
FamilyName:Myriad Arabic
StyleName:Bold
MenuName:Myriad Arabic
StyleBits:2
WeightClass:700
WidthClass:5
AngleClass:0
FullName:Myriad Arabic Bold
FamilyNameNative:Myriad عربي
StyleNameNative:Bold
FullNameNative:Myriad عربي Bold
WritingScript:Arabic
OutlineFileName:/Applications/Adobe Photoshop 2023/Adobe Photoshop 2023.app/Contents/Required/typesupport/.f/.11
DataFormat:sfntData
UsesStandardEncoding:yes
isCFF:yes
hasSVG:no
VariableFontType:NonVariableFont
FileLength:163876
FileModTime:696438523
DesignSize:120
NameArray:0,Mac,4,Myriad Arabic Bold
NameArray:4,Win,1,Myriad عربي
NameArray:0,Win,1,Myriad Arabic
NameArray:0,Win,1,Myriad عربي
NameArray:31,Win,1,Myriad عربي
NameArray:0,Win,1,Myriad عربي
%EndFont

%BeginFont
Handler:DirectoryHandler
FontType:Type1
FontName:MyriadArabic-BoldIt
FamilyName:Myriad Arabic
StyleName:Bold Italic
MenuName:Myriad Arabic
StyleBits:3
WeightClass:700
WidthClass:5
AngleClass:1
FullName:Myriad Arabic Bold Italic
FamilyNameNative:Myriad عربي
StyleNameNative:Bold Italic
FullNameNative:Myriad عربي Bold Italic
WritingScript:Arabic
OutlineFileName:/Applications/Adobe Photoshop 2023/Adobe Photoshop 2023.app/Contents/Required/typesupport/.f/.12
DataFormat:sfntData
UsesStandardEncoding:yes
isCFF:yes
hasSVG:no
VariableFontType:NonVariableFont
FileLength:185848
FileModTime:696438524
DesignSize:120
NameArray:0,Mac,4,Myriad Arabic Bold Italic
NameArray:4,Win,1,Myriad عربي
NameArray:0,Win,1,Myriad Arabic
NameArray:0,Win,1,Myriad عربي
NameArray:31,Win,1,Myriad عربي
NameArray:0,Win,1,Myriad عربي
%EndFont

%BeginFont
Handler:DirectoryHandler
FontType:Type1
FontName:MyriadArabic-It
FamilyName:Myriad Arabic
StyleName:Italic
MenuName:Myriad Arabic
StyleBits:1
WeightClass:400
WidthClass:5
AngleClass:1
FullName:Myriad Arabic Italic
FamilyNameNative:Myriad عربي
StyleNameNative:Italic
FullNameNative:Myriad عربي Italic
WritingScript:Arabic
OutlineFileName:/Applications/Adobe Photoshop 2023/Adobe Photoshop 2023.app/Contents/Required/typesupport/.f/.13
DataFormat:sfntData
UsesStandardEncoding:yes
isCFF:yes
hasSVG:no
VariableFontType:NonVariableFont
FileLength:182576
FileModTime:696438524
DesignSize:120
NameArray:0,Mac,4,Myriad Arabic Italic
NameArray:4,Win,1,Myriad عربي
NameArray:0,Win,1,Myriad Arabic
NameArray:0,Win,1,Myriad عربي
NameArray:31,Win,1,Myriad عربي
NameArray:0,Win,1,Myriad عربي
%EndFont

%BeginFont
Handler:DirectoryHandler
FontType:Type1
FontName:MyriadArabic-Regular
FamilyName:Myriad Arabic
StyleName:Regular
MenuName:Myriad Arabic
StyleBits:0
WeightClass:400
WidthClass:5
AngleClass:0
FullName:Myriad Arabic
FamilyNameNative:Myriad عربي
StyleNameNative:Regular
FullNameNative:Myriad عربي Regular
WritingScript:Arabic
OutlineFileName:/Applications/Adobe Photoshop 2023/Adobe Photoshop 2023.app/Contents/Required/typesupport/.f/.14
DataFormat:sfntData
UsesStandardEncoding:yes
isCFF:yes
hasSVG:no
VariableFontType:NonVariableFont
FileLength:158828
FileModTime:696438524
DesignSize:120
NameArray:0,Mac,4,Myriad Arabic
NameArray:4,Win,1,Myriad عربي
NameArray:0,Win,1,Myriad Arabic
NameArray:0,Win,1,Myriad عربي
NameArray:31,Win,1,Myriad عربي
NameArray:0,Win,1,Myriad عربي
%EndFont

%BeginFont
Handler:DirectoryHandler
FontType:Type1
FontName:MyriadHebrew-Bold
FamilyName:Myriad Hebrew
StyleName:Bold
MenuName:Myriad Hebrew
StyleBits:2
WeightClass:700
WidthClass:5
AngleClass:0
FullName:Myriad Hebrew Bold
FamilyNameNative:Myriad עברית
StyleNameNative:Bold
FullNameNative:Myriad עברית Bold
WritingScript:Hebrew
OutlineFileName:/Applications/Adobe Photoshop 2023/Adobe Photoshop 2023.app/Contents/Required/typesupport/.f/.15
DataFormat:sfntData
UsesStandardEncoding:yes
isCFF:yes
hasSVG:no
VariableFontType:NonVariableFont
FileLength:79640
FileModTime:696438524
DesignSize:120
NameArray:0,Mac,4,Myriad Hebrew Bold
NameArray:0,Win,1,Myriad Hebrew
NameArray:5,Win,1,Myriad עברית
%EndFont

%BeginFont
Handler:DirectoryHandler
FontType:Type1
FontName:MyriadHebrew-BoldIt
FamilyName:Myriad Hebrew
StyleName:Bold Italic
MenuName:Myriad Hebrew
StyleBits:3
WeightClass:700
WidthClass:5
AngleClass:1
FullName:Myriad Hebrew Bold Italic
FamilyNameNative:Myriad עברית
StyleNameNative:Bold Italic
FullNameNative:Myriad עברית Bold Italic
WritingScript:Hebrew
OutlineFileName:/Applications/Adobe Photoshop 2023/Adobe Photoshop 2023.app/Contents/Required/typesupport/.f/.16
DataFormat:sfntData
UsesStandardEncoding:yes
isCFF:yes
hasSVG:no
VariableFontType:NonVariableFont
FileLength:80804
FileModTime:696438523
DesignSize:120
NameArray:0,Mac,4,Myriad Hebrew Bold Italic
NameArray:0,Win,1,Myriad Hebrew
NameArray:5,Win,1,Myriad עברית
%EndFont

%BeginFont
Handler:DirectoryHandler
FontType:Type1
FontName:MyriadHebrew-It
FamilyName:Myriad Hebrew
StyleName:Italic
MenuName:Myriad Hebrew
StyleBits:1
WeightClass:400
WidthClass:5
AngleClass:1
FullName:Myriad Hebrew Italic
FamilyNameNative:Myriad עברית
StyleNameNative:Italic
FullNameNative:Myriad עברית Italic
WritingScript:Hebrew
OutlineFileName:/Applications/Adobe Photoshop 2023/Adobe Photoshop 2023.app/Contents/Required/typesupport/.f/.17
DataFormat:sfntData
UsesStandardEncoding:yes
isCFF:yes
hasSVG:no
VariableFontType:NonVariableFont
FileLength:80852
FileModTime:696438523
DesignSize:120
NameArray:0,Mac,4,Myriad Hebrew Italic
NameArray:0,Win,1,Myriad Hebrew
NameArray:5,Win,1,Myriad עברית
%EndFont

%BeginFont
Handler:DirectoryHandler
FontType:Type1
FontName:MyriadHebrew-Regular
FamilyName:Myriad Hebrew
StyleName:Regular
MenuName:Myriad Hebrew
StyleBits:0
WeightClass:400
WidthClass:5
AngleClass:0
FullName:Myriad Hebrew
FamilyNameNative:Myriad עברית
StyleNameNative:Regular
FullNameNative:Myriad עברית Regular
WritingScript:Hebrew
OutlineFileName:/Applications/Adobe Photoshop 2023/Adobe Photoshop 2023.app/Contents/Required/typesupport/.f/.18
DataFormat:sfntData
UsesStandardEncoding:yes
isCFF:yes
hasSVG:no
VariableFontType:NonVariableFont
FileLength:80464
FileModTime:696438523
DesignSize:120
NameArray:0,Mac,18,Myriad Hebrew Regular
NameArray:0,Mac,4,Myriad Hebrew
NameArray:0,Win,1,Myriad Hebrew
NameArray:5,Win,1,Myriad עברית
%EndFont

%BeginFont
Handler:DirectoryHandler
FontType:Type1
FontName:MyriadPro-Bold
FamilyName:Myriad Pro
StyleName:Bold
MenuName:Myriad Pro
StyleBits:2
WeightClass:700
WidthClass:5
AngleClass:0
FullName:Myriad Pro Bold
WritingScript:Roman
OutlineFileName:/Applications/Adobe Photoshop 2023/Adobe Photoshop 2023.app/Contents/Required/typesupport/.f/.19
DataFormat:sfntData
UsesStandardEncoding:yes
isCFF:yes
hasSVG:no
VariableFontType:NonVariableFont
FileLength:97300
FileModTime:696438522
DesignSize:110
NameArray:0,Mac,4,Myriad Pro Bold
NameArray:0,Win,1,Myriad Pro
%EndFont

%BeginFont
Handler:DirectoryHandler
FontType:Type1
FontName:AdobeDevanagari-BoldItalic
FamilyName:Adobe Devanagari
StyleName:Bold Italic
MenuName:Adobe Devanagari
StyleBits:3
WeightClass:700
WidthClass:5
AngleClass:1
FullName:Adobe Devanagari Bold Italic
WritingScript:Devanagari
OutlineFileName:/Applications/Adobe Photoshop 2023/Adobe Photoshop 2023.app/Contents/Required/typesupport/.f/.2
DataFormat:sfntData
UsesStandardEncoding:yes
isCFF:yes
hasSVG:no
VariableFontType:NonVariableFont
FileLength:341388
FileModTime:696438524
DesignSize:110
NameArray:0,Mac,4,Adobe Devanagari Bold Italic
NameArray:0,Win,1,Adobe Devanagari
%EndFont

%BeginFont
Handler:DirectoryHandler
FontType:Type1
FontName:MyriadPro-BoldIt
FamilyName:Myriad Pro
StyleName:Bold Italic
MenuName:Myriad Pro
StyleBits:3
WeightClass:700
WidthClass:5
AngleClass:1
FullName:Myriad Pro Bold Italic
WritingScript:Roman
OutlineFileName:/Applications/Adobe Photoshop 2023/Adobe Photoshop 2023.app/Contents/Required/typesupport/.f/.20
DataFormat:sfntData
UsesStandardEncoding:yes
isCFF:yes
hasSVG:no
VariableFontType:NonVariableFont
FileLength:99524
FileModTime:696438523
DesignSize:110
NameArray:0,Mac,18,Myriad Pro Bold It
NameArray:0,Mac,4,Myriad Pro Bold Italic
NameArray:0,Win,1,Myriad Pro
%EndFont

%BeginFont
Handler:DirectoryHandler
FontType:Type1
FontName:MyriadPro-It
FamilyName:Myriad Pro
StyleName:Italic
MenuName:Myriad Pro
StyleBits:1
WeightClass:400
WidthClass:5
AngleClass:1
FullName:Myriad Pro Italic
WritingScript:Roman
OutlineFileName:/Applications/Adobe Photoshop 2023/Adobe Photoshop 2023.app/Contents/Required/typesupport/.f/.21
DataFormat:sfntData
UsesStandardEncoding:yes
isCFF:yes
hasSVG:no
VariableFontType:NonVariableFont
FileLength:97840
FileModTime:696438522
DesignSize:110
NameArray:0,Mac,18,Myriad Pro It
NameArray:0,Mac,4,Myriad Pro Italic
NameArray:0,Win,1,Myriad Pro
%EndFont

%BeginFont
Handler:DirectoryHandler
FontType:Type1
FontName:MyriadPro-Regular
FamilyName:Myriad Pro
StyleName:Regular
MenuName:Myriad Pro
StyleBits:0
WeightClass:400
WidthClass:5
AngleClass:0
FullName:Myriad Pro
WritingScript:Roman
OutlineFileName:/Applications/Adobe Photoshop 2023/Adobe Photoshop 2023.app/Contents/Required/typesupport/.f/.22
DataFormat:sfntData
UsesStandardEncoding:yes
isCFF:yes
hasSVG:no
VariableFontType:NonVariableFont
FileLength:95752
FileModTime:696438524
DesignSize:110
NameArray:0,Mac,4,Myriad Pro
NameArray:0,Win,1,Myriad Pro
%EndFont

%BeginFont
Handler:DirectoryHandler
FontType:Type1
FontName:TrajanColor-Concept
FamilyName:Trajan Color
StyleName:Concept
MenuName:Trajan Color
StyleBits:0
WeightClass:400
WidthClass:5
AngleClass:0
FullName:Trajan Color
WritingScript:Roman
OutlineFileName:/Applications/Adobe Photoshop 2023/Adobe Photoshop 2023.app/Contents/Required/typesupport/.f/.24
DataFormat:sfntData
UsesStandardEncoding:yes
isCFF:yes
hasSVG:yes
VariableFontType:NonVariableFont
FileLength:8909580
FileModTime:696438524
DesignSize:360
NameArray:0,Mac,4,Trajan Color
NameArray:0,Win,1,Trajan Color
%EndFont

%BeginFont
Handler:DirectoryHandler
FontType:Type1
FontName:AcuminVariableConcept
FamilyName:Acumin Variable Concept
StyleName:Default
MenuName:Acumin Variable Concept
FamilyPrefix:AcuminConcept
StyleBits:0
WeightClass:275
WidthClass:5
AngleClass:0
FullName:Acumin Variable Concept Default
WritingScript:Roman
OutlineFileName:/Applications/Adobe Photoshop 2023/Adobe Photoshop 2023.app/Contents/Required/typesupport/.f/.25
DataFormat:sfntData
UsesStandardEncoding:yes
isCFF:yes
hasSVG:no
VariableFontType:CFF2VariableFont
FileLength:1029036
FileModTime:696438524
NameArray:0,Win,1,Acumin Variable Concept
%EndFont

%BeginFont
Handler:DirectoryHandler
FontType:Type1
FontName:MinionVariableConcept-Italic
FamilyName:Minion Variable Concept
StyleName:Italic
MenuName:Minion Variable Concept
FamilyPrefix:MinionConceptItalic
StyleBits:1
WeightClass:400
WidthClass:5
AngleClass:1
FullName:Minion Variable Concept Italic
WritingScript:Roman
OutlineFileName:/Applications/Adobe Photoshop 2023/Adobe Photoshop 2023.app/Contents/Required/typesupport/.f/.26
DataFormat:sfntData
UsesStandardEncoding:yes
isCFF:yes
hasSVG:no
VariableFontType:CFF2VariableFont
FileLength:209728
FileModTime:696438522
NameArray:0,Win,1,Minion Variable Concept
%EndFont

%BeginFont
Handler:DirectoryHandler
FontType:Type1
FontName:MinionVariableConcept-Roman
FamilyName:Minion Variable Concept
StyleName:Roman
MenuName:Minion Variable Concept
FamilyPrefix:MinionConceptRoman
StyleBits:0
WeightClass:400
WidthClass:5
AngleClass:0
FullName:Minion Variable Concept Roman
WritingScript:Roman
OutlineFileName:/Applications/Adobe Photoshop 2023/Adobe Photoshop 2023.app/Contents/Required/typesupport/.f/.27
DataFormat:sfntData
UsesStandardEncoding:yes
isCFF:yes
hasSVG:no
VariableFontType:CFF2VariableFont
FileLength:298864
FileModTime:696438523
NameArray:0,Win,1,Minion Variable Concept
%EndFont

%BeginFont
Handler:DirectoryHandler
FontType:Type1
FontName:MyriadVariableConcept-Italic
FamilyName:Myriad Variable Concept
StyleName:Italic
MenuName:Myriad Variable Concept
FamilyPrefix:MyriadConceptItalic
StyleBits:1
WeightClass:300
WidthClass:3
AngleClass:1
FullName:Myriad Variable Concept Italic
WritingScript:Roman
OutlineFileName:/Applications/Adobe Photoshop 2023/Adobe Photoshop 2023.app/Contents/Required/typesupport/.f/.28
DataFormat:sfntData
UsesStandardEncoding:yes
isCFF:yes
hasSVG:no
VariableFontType:CFF2VariableFont
FileLength:51792
FileModTime:696438523
NameArray:0,Win,1,Myriad Variable Concept
%EndFont

%BeginFont
Handler:DirectoryHandler
FontType:Type1
FontName:MyriadVariableConcept-Roman
FamilyName:Myriad Variable Concept
StyleName:Roman
MenuName:Myriad Variable Concept
FamilyPrefix:MyriadConceptRoman
StyleBits:0
WeightClass:300
WidthClass:3
AngleClass:0
FullName:Myriad Variable Concept Roman
WritingScript:Roman
OutlineFileName:/Applications/Adobe Photoshop 2023/Adobe Photoshop 2023.app/Contents/Required/typesupport/.f/.29
DataFormat:sfntData
UsesStandardEncoding:yes
isCFF:yes
hasSVG:no
VariableFontType:CFF2VariableFont
FileLength:48516
FileModTime:696438523
NameArray:0,Win,1,Myriad Variable Concept
%EndFont

%BeginFont
Handler:DirectoryHandler
FontType:Type1
FontName:AdobeDevanagari-Italic
FamilyName:Adobe Devanagari
StyleName:Italic
MenuName:Adobe Devanagari
StyleBits:1
WeightClass:400
WidthClass:5
AngleClass:1
FullName:Adobe Devanagari Italic
WritingScript:Devanagari
OutlineFileName:/Applications/Adobe Photoshop 2023/Adobe Photoshop 2023.app/Contents/Required/typesupport/.f/.3
DataFormat:sfntData
UsesStandardEncoding:yes
isCFF:yes
hasSVG:no
VariableFontType:NonVariableFont
FileLength:345548
FileModTime:696438524
DesignSize:110
NameArray:0,Mac,4,Adobe Devanagari Italic
NameArray:0,Win,1,Adobe Devanagari
%EndFont

%BeginFont
Handler:DirectoryHandler
FontType:Type1
FontName:SourceCodeProItalic-Master0
FamilyName:Source Code Pro
StyleName:Italic Master 0
MenuName:Source Code Pro
FamilyPrefix:SourceCodePro
StyleBits:0
WeightClass:200
WidthClass:5
AngleClass:1
FullName:Source Code Pro
WritingScript:Roman
OutlineFileName:/Applications/Adobe Photoshop 2023/Adobe Photoshop 2023.app/Contents/Required/typesupport/.f/.30
DataFormat:sfntData
UsesStandardEncoding:yes
isCFF:yes
hasSVG:no
VariableFontType:CFF2VariableFont
FileLength:289388
FileModTime:696438524
DesignSize:100
NameArray:0,Mac,4,Source Code Pro
NameArray:0,Win,1,Source Code Pro
%EndFont

%BeginFont
Handler:DirectoryHandler
FontType:Type1
FontName:SourceCodePro-Master0
FamilyName:Source Code Pro
StyleName:Master 0
MenuName:Source Code Pro
FamilyPrefix:SourceCodePro
StyleBits:0
WeightClass:200
WidthClass:5
AngleClass:0
FullName:Source Code Pro
WritingScript:Roman
OutlineFileName:/Applications/Adobe Photoshop 2023/Adobe Photoshop 2023.app/Contents/Required/typesupport/.f/.31
DataFormat:sfntData
UsesStandardEncoding:yes
isCFF:yes
hasSVG:no
VariableFontType:CFF2VariableFont
FileLength:323812
FileModTime:696438524
DesignSize:100
NameArray:0,Mac,4,Source Code Pro
NameArray:0,Win,1,Source Code Pro
%EndFont

%BeginFont
Handler:DirectoryHandler
FontType:Type1
FontName:SourceSansVariable-Italic
FamilyName:Source Sans Variable
StyleName:Italic
MenuName:Source Sans Variable
FamilyPrefix:SourceSansItalic
StyleBits:1
WeightClass:200
WidthClass:5
AngleClass:1
FullName:Source Sans Variable Italic
WritingScript:Roman
OutlineFileName:/Applications/Adobe Photoshop 2023/Adobe Photoshop 2023.app/Contents/Required/typesupport/.f/.32
DataFormat:sfntData
UsesStandardEncoding:yes
isCFF:yes
hasSVG:no
VariableFontType:CFF2VariableFont
FileLength:252284
FileModTime:696438524
DesignSize:100
NameArray:0,Win,1,Source Sans Variable
%EndFont

%BeginFont
Handler:DirectoryHandler
FontType:Type1
FontName:SourceSansVariable-Roman
FamilyName:Source Sans Variable
StyleName:Roman
MenuName:Source Sans Variable
FamilyPrefix:SourceSansRoman
StyleBits:0
WeightClass:200
WidthClass:5
AngleClass:0
FullName:Source Sans Variable Roman
WritingScript:Roman
OutlineFileName:/Applications/Adobe Photoshop 2023/Adobe Photoshop 2023.app/Contents/Required/typesupport/.f/.33
DataFormat:sfntData
UsesStandardEncoding:yes
isCFF:yes
hasSVG:no
VariableFontType:CFF2VariableFont
FileLength:467920
FileModTime:696438524
DesignSize:100
NameArray:0,Win,1,Source Sans Variable
%EndFont

%BeginFont
Handler:DirectoryHandler
FontType:Type1
FontName:SourceSerifVariable-Roman
FamilyName:Source Serif Variable
StyleName:Roman
MenuName:Source Serif Variable
FamilyPrefix:SourceSerifRoman
StyleBits:0
WeightClass:389
WidthClass:5
AngleClass:0
FullName:Source Serif Variable Roman
WritingScript:Roman
OutlineFileName:/Applications/Adobe Photoshop 2023/Adobe Photoshop 2023.app/Contents/Required/typesupport/.f/.34
DataFormat:sfntData
UsesStandardEncoding:yes
isCFF:yes
hasSVG:no
VariableFontType:CFF2VariableFont
FileLength:458404
FileModTime:696438524
DesignSize:100
NameArray:0,Win,1,Source Serif Variable
%EndFont

%BeginFont
Handler:DirectoryHandler
FontType:TrueType
FontName:NotoSansKhmer-Regular
FamilyName:Noto Sans Khmer
StyleName:Regular
MenuName:Noto Sans Khmer
StyleBits:0
WeightClass:400
WidthClass:5
AngleClass:0
FullName:Noto Sans Khmer Regular
WritingScript:Khmer
OutlineFileName:/Applications/Adobe Photoshop 2023/Adobe Photoshop 2023.app/Contents/Required/typesupport/.f/.35
DataFormat:sfntData
hasSVG:no
VariableFontType:NonVariableFont
FileLength:64648
FileModTime:696438524
NameArray:0,Win,1,Noto Sans Khmer
%EndFont

%BeginFont
Handler:DirectoryHandler
FontType:TrueType
FontName:NotoSansLao-Regular
FamilyName:Noto Sans Lao
StyleName:Regular
MenuName:Noto Sans Lao
StyleBits:0
WeightClass:400
WidthClass:5
AngleClass:0
FullName:Noto Sans Lao Regular
WritingScript:Laotian
OutlineFileName:/Applications/Adobe Photoshop 2023/Adobe Photoshop 2023.app/Contents/Required/typesupport/.f/.36
DataFormat:sfntData
hasSVG:no
VariableFontType:NonVariableFont
FileLength:31424
FileModTime:696438524
NameArray:0,Win,1,Noto Sans Lao
%EndFont

%BeginFont
Handler:DirectoryHandler
FontType:TrueType
FontName:NotoSansMyanmar-Regular
FamilyName:Noto Sans Myanmar
StyleName:Regular
MenuName:Noto Sans Myanmar
StyleBits:0
WeightClass:400
WidthClass:5
AngleClass:0
FullName:Noto Sans Myanmar Regular
WritingScript:Burmese
OutlineFileName:/Applications/Adobe Photoshop 2023/Adobe Photoshop 2023.app/Contents/Required/typesupport/.f/.37
DataFormat:sfntData
hasSVG:no
VariableFontType:NonVariableFont
FileLength:191228
FileModTime:696438524
NameArray:0,Win,1,Noto Sans Myanmar
%EndFont

%BeginFont
Handler:DirectoryHandler
FontType:TrueType
FontName:NotoSansSinhala-Regular
FamilyName:Noto Sans Sinhala
StyleName:Regular
MenuName:Noto Sans Sinhala
StyleBits:0
WeightClass:400
WidthClass:5
AngleClass:0
FullName:Noto Sans Sinhala Regular
WritingScript:Sinhalese
OutlineFileName:/Applications/Adobe Photoshop 2023/Adobe Photoshop 2023.app/Contents/Required/typesupport/.f/.38
DataFormat:sfntData
hasSVG:no
VariableFontType:NonVariableFont
FileLength:309444
FileModTime:696438524
NameArray:0,Win,1,Noto Sans Sinhala
%EndFont

%BeginFont
Handler:DirectoryHandler
FontType:Type1
FontName:AdobeThai-Regular
FamilyName:Adobe Thai
StyleName:Regular
MenuName:Adobe Thai
StyleBits:0
WeightClass:400
WidthClass:5
AngleClass:0
FullName:Adobe Thai
WritingScript:Thai
OutlineFileName:/Applications/Adobe Photoshop 2023/Adobe Photoshop 2023.app/Contents/Required/typesupport/.f/.39
DataFormat:sfntData
UsesStandardEncoding:yes
isCFF:yes
hasSVG:no
VariableFontType:NonVariableFont
FileLength:59736
FileModTime:696438524
DesignSize:110
NameArray:0,Mac,4,Adobe Thai
NameArray:0,Win,1,Adobe Thai
%EndFont

%BeginFont
Handler:DirectoryHandler
FontType:Type1
FontName:AdobeDevanagari-Regular
FamilyName:Adobe Devanagari
StyleName:Regular
MenuName:Adobe Devanagari
StyleBits:0
WeightClass:400
WidthClass:5
AngleClass:0
FullName:Adobe Devanagari
WritingScript:Devanagari
OutlineFileName:/Applications/Adobe Photoshop 2023/Adobe Photoshop 2023.app/Contents/Required/typesupport/.f/.4
DataFormat:sfntData
UsesStandardEncoding:yes
isCFF:yes
hasSVG:no
VariableFontType:NonVariableFont
FileLength:338928
FileModTime:696438524
DesignSize:110
NameArray:0,Mac,4,Adobe Devanagari
NameArray:0,Win,1,Adobe Devanagari
%EndFont

%BeginFont
Handler:DirectoryHandler
FontType:Type1
FontName:SourceSerifVariable-Italic
FamilyName:Source Serif Variable
StyleName:Italic
MenuName:Source Serif Variable
FamilyPrefix:SourceSerifItalic
StyleBits:1
WeightClass:389
WidthClass:5
AngleClass:1
FullName:Source Serif Variable Italic
WritingScript:Roman
OutlineFileName:/Applications/Adobe Photoshop 2023/Adobe Photoshop 2023.app/Contents/Required/typesupport/.f/.40
DataFormat:sfntData
UsesStandardEncoding:yes
isCFF:yes
hasSVG:no
VariableFontType:CFF2VariableFont
FileLength:296396
FileModTime:696438524
DesignSize:100
NameArray:0,Win,1,Source Serif Variable
%EndFont

%BeginFont
Handler:DirectoryHandler
FontType:Type1
FontName:SourceSans3VF-Roman
FamilyName:Source Sans 3 VF
StyleName:Roman
MenuName:Source Sans 3 VF
FamilyPrefix:SourceSans3Roman
StyleBits:0
WeightClass:200
WidthClass:5
AngleClass:0
FullName:Source Sans 3 VF
WritingScript:Roman
OutlineFileName:/Applications/Adobe Photoshop 2023/Adobe Photoshop 2023.app/Contents/Required/typesupport/.f/.41
DataFormat:sfntData
UsesStandardEncoding:yes
isCFF:yes
hasSVG:no
VariableFontType:CFF2VariableFont
FileLength:537360
FileModTime:696438524
DesignSize:100
NameArray:0,Mac,4,Source Sans 3 VF
NameArray:0,Win,1,Source Sans 3 VF
%EndFont

%BeginFont
Handler:DirectoryHandler
FontType:Type1
FontName:SourceSans3VF-Italic
FamilyName:Source Sans 3 VF
StyleName:Italic
MenuName:Source Sans 3 VF
FamilyPrefix:SourceSans3Italic
StyleBits:1
WeightClass:200
WidthClass:5
AngleClass:1
FullName:Source Sans 3 VF Italic
WritingScript:Roman
OutlineFileName:/Applications/Adobe Photoshop 2023/Adobe Photoshop 2023.app/Contents/Required/typesupport/.f/.42
DataFormat:sfntData
UsesStandardEncoding:yes
isCFF:yes
hasSVG:no
VariableFontType:CFF2VariableFont
FileLength:290340
FileModTime:696438523
DesignSize:100
NameArray:0,Mac,4,Source Sans 3 VF Italic
NameArray:0,Win,1,Source Sans 3 VF
%EndFont

%BeginFont
Handler:DirectoryHandler
FontType:Type1
FontName:SourceSerif4Variable-Roman
FamilyName:Source Serif 4 Variable
StyleName:Roman
MenuName:Source Serif 4 Variable
FamilyPrefix:SourceSerif4Roman
StyleBits:0
WeightClass:400
WidthClass:5
AngleClass:0
FullName:Source Serif 4 Variable Roman
WritingScript:Roman
OutlineFileName:/Applications/Adobe Photoshop 2023/Adobe Photoshop 2023.app/Contents/Required/typesupport/.f/.43
DataFormat:sfntData
UsesStandardEncoding:yes
isCFF:yes
hasSVG:no
VariableFontType:CFF2VariableFont
FileLength:927396
FileModTime:696438523
NameArray:0,Win,1,Source Serif 4 Variable
%EndFont

%BeginFont
Handler:DirectoryHandler
FontType:Type1
FontName:SourceSerif4Variable-Italic
FamilyName:Source Serif 4 Variable
StyleName:Italic
MenuName:Source Serif 4 Variable
FamilyPrefix:SourceSerif4Italic
StyleBits:1
WeightClass:400
WidthClass:5
AngleClass:1
FullName:Source Serif 4 Variable Italic
WritingScript:Roman
OutlineFileName:/Applications/Adobe Photoshop 2023/Adobe Photoshop 2023.app/Contents/Required/typesupport/.f/.44
DataFormat:sfntData
UsesStandardEncoding:yes
isCFF:yes
hasSVG:no
VariableFontType:CFF2VariableFont
FileLength:598348
FileModTime:696438523
NameArray:0,Win,1,Source Serif 4 Variable
%EndFont

%BeginFont
Handler:DirectoryHandler
FontType:Type1
FontName:NotoColorEmoji-SVG
FamilyName:Noto Color Emoji SVG
StyleName:Regular
MenuName:Noto Color Emoji SVG
StyleBits:0
WeightClass:400
WidthClass:5
AngleClass:0
FullName:Noto Color Emoji SVG
WritingScript:Emoji
OutlineFileName:/Applications/Adobe Photoshop 2023/Adobe Photoshop 2023.app/Contents/Required/typesupport/.f/.45
DataFormat:sfntData
UsesStandardEncoding:yes
isCFF:yes
hasSVG:yes
VariableFontType:NonVariableFont
FileLength:18088628
FileModTime:696438523
NameArray:0,Win,1,Noto Color Emoji SVG
%EndFont

%BeginFont
Handler:DirectoryHandler
FontType:CID
FontName:AdobeFanHeitiStd-Bold
FamilyName:Adobe Fan Heiti Std
StyleName:B
MenuName:Adobe Fan Heiti Std B
StyleBits:2
WeightClass:600
WidthClass:5
AngleClass:0
FullName:Adobe Fan Heiti Std B
FamilyNameNative:Adobe 繁黑體 Std
StyleNameNative:B
FullNameNative:Adobe 繁黑體 Std B
WritingScript:TraditionalChinese
OutlineFileName:/Applications/Adobe Photoshop 2023/Adobe Photoshop 2023.app/Contents/Required/typesupport/.f/.5
DataFormat:sfntData
isCFF:yes
hasSVG:no
VariableFontType:NonVariableFont
FileLength:5500356
FileModTime:696438524
NameArray:0,Mac,4,Adobe Fan Heiti Std B
NameArray:2,Mac,4,Adobe 繁黑體 Std B
NameArray:2,Win,1,Adobe 繁黑體 Std B
NameArray:2,Win,16,Adobe 繁黑體 Std
NameArray:0,Win,1,Adobe Fan Heiti Std B
NameArray:0,Win,16,Adobe Fan Heiti Std
NameArray:2,Win,1,Adobe 繁黑體 Std B
NameArray:2,Win,16,Adobe 繁黑體 Std
%EndFont

%BeginFont
Handler:DirectoryHandler
FontType:Type1
FontName:AdobeGurmukhi-Bold
FamilyName:Adobe Gurmukhi
StyleName:Bold
MenuName:Adobe Gurmukhi
StyleBits:2
WeightClass:700
WidthClass:5
AngleClass:0
FullName:Adobe Gurmukhi Bold
WritingScript:Gurmukhi
OutlineFileName:/Applications/Adobe Photoshop 2023/Adobe Photoshop 2023.app/Contents/Required/typesupport/.f/.6
DataFormat:sfntData
UsesStandardEncoding:yes
isCFF:yes
hasSVG:no
VariableFontType:NonVariableFont
FileLength:75812
FileModTime:696438524
DesignSize:110
NameArray:0,Mac,4,Adobe Gurmukhi Bold
NameArray:0,Win,1,Adobe Gurmukhi
NameArray:0,Win,1,Adobe ਗੁਰਮੁਖੀ
%EndFont

%BeginFont
Handler:DirectoryHandler
FontType:Type1
FontName:AdobeGurmukhi-Regular
FamilyName:Adobe Gurmukhi
StyleName:Regular
MenuName:Adobe Gurmukhi
StyleBits:0
WeightClass:400
WidthClass:5
AngleClass:0
FullName:Adobe Gurmukhi
WritingScript:Gurmukhi
OutlineFileName:/Applications/Adobe Photoshop 2023/Adobe Photoshop 2023.app/Contents/Required/typesupport/.f/.7
DataFormat:sfntData
UsesStandardEncoding:yes
isCFF:yes
hasSVG:no
VariableFontType:NonVariableFont
FileLength:74472
FileModTime:696438523
DesignSize:110
NameArray:0,Mac,4,Adobe Gurmukhi
NameArray:0,Win,1,Adobe Gurmukhi
NameArray:0,Win,1,Adobe ਗੁਰਮੁਖੀ
%EndFont

%BeginFont
Handler:DirectoryHandler
FontType:CID
FontName:AdobeHeitiStd-Regular
FamilyName:Adobe Heiti Std
StyleName:R
MenuName:Adobe Heiti Std R
StyleBits:0
WeightClass:400
WidthClass:5
AngleClass:0
FullName:Adobe Heiti Std R
FamilyNameNative:Adobe 黑体 Std
StyleNameNative:R
FullNameNative:Adobe 黑体 Std R
WritingScript:SimplifiedChinese
OutlineFileName:/Applications/Adobe Photoshop 2023/Adobe Photoshop 2023.app/Contents/Required/typesupport/.f/.8
DataFormat:sfntData
isCFF:yes
hasSVG:no
VariableFontType:NonVariableFont
FileLength:12264148
FileModTime:696438524
NameArray:0,Mac,4,Adobe Heiti Std R
NameArray:25,Mac,4,Adobe 黑体 Std R
NameArray:0,Win,1,Adobe Heiti Std R
NameArray:0,Win,16,Adobe Heiti Std
NameArray:25,Win,1,Adobe 黑体 Std R
NameArray:25,Win,16,Adobe 黑体 Std
%EndFont

%BeginFont
Handler:DirectoryHandler
FontType:CID
FontName:KozGoPr6N-Bold
FamilyName:Kozuka Gothic Pr6N
StyleName:B
MenuName:Kozuka Gothic Pr6N B
StyleBits:0
WeightClass:700
WidthClass:5
AngleClass:0
FullName:KozGoPr6N-Bold
FamilyNameNative:小塚ゴシック Pr6N
StyleNameNative:B
FullNameNative:小塚ゴシック Pr6N B
WritingScript:Japanese
OutlineFileName:/Applications/Adobe Photoshop 2023/Adobe Photoshop 2023.app/Contents/Required/typesupport/.f/.9
DataFormat:sfntData
isCFF:yes
hasSVG:no
VariableFontType:NonVariableFont
FileLength:5805236
FileModTime:696438523
NameArray:1,Mac,4,小塚ゴシック Pr6N B
NameArray:0,Win,1,Kozuka Gothic Pr6N B
NameArray:0,Win,16,Kozuka Gothic Pr6N
NameArray:1,Win,1,小塚ゴシック Pr6N B
NameArray:1,Win,16,小塚ゴシック Pr6N
%EndFont

